[2019/10/09-00:00:00.020] [info] [1396385390@jtp-default-1] [exa.log.rotation]	Rotating additional logs
[2019/10/09-08:58:51.300] [info] [1396385390@jtp-default-1] [bee.runtime]	Exiting on StopRuntime request
[2019/10/09-08:58:51.300] [info] [1396385390@jtp-default-1] [connectors]	Runtime is being stopped, aborting all connectors
[2019/10/09-08:58:51.301] [info] [shutdown-1173] [jaxb]	JAXB cache contains :sun.misc.Launcher$AppClassLoader@764c12b6__com.exalead.mercury.mami.resources.v10 (creation=840ms, hits=1)
[2019/10/09-08:58:51.301] [info] [shutdown-1173] [jaxb]	JAXB cache contains :SGLoader@null__exa.bee (creation=270ms, hits=481)
[2019/10/09-08:58:51.301] [info] [shutdown-1173] [jaxb]	JAXB cache contains :sun.misc.Launcher$AppClassLoader@764c12b6__com.exalead.mercury.mami.connect.v10 (creation=598ms, hits=1)
[2019/10/09-08:58:52.302] [info] [shutdown-1173] [bee.directory]	Stopping server 'default': HTTP server
[2019/10/09-08:58:52.309] [info] [shutdown-1173] [org.eclipse.jetty.server.AbstractConnector]	Stopped 16028@7c22d4f{HTTP/1.1,[http/1.1]}{0.0.0.0:16028}
[2019/10/09-08:58:52.311] [info] [shutdown-1173] [org.eclipse.jetty.server.handler.ContextHandler]	Stopped o.e.j.s.ServletContextHandler@5b6813df{/,resource:/exa/bee/net/http2/htdocs,UNAVAILABLE}
[2019/10/09-08:58:52.313] [info] [shutdown-1173] [org.eclipse.jetty.server.session]	node0 Stopped scavenging
[2019/10/09-08:58:52.329] [info] [shutdown-1173] [bee.directory]	Stopping server 'default': service 'connectors-java0'
[2019/10/09-08:58:52.329] [info] [shutdown-1173] [bee.directory]	Stopping server 'resourceshare_slave': service 'resourceshare'
[2019/10/09-08:58:52.329] [info] [shutdown-1173] [bee.directory]	Stopping server 'resourceshare': HTTP server
[2019/10/09-08:58:52.342] [info] [shutdown-1173] [org.eclipse.jetty.server.AbstractConnector]	Stopped 16029@739c4ee3{HTTP/1.1,[http/1.1]}{0.0.0.0:16029}
[2019/10/09-08:58:52.343] [info] [shutdown-1173] [org.eclipse.jetty.server.handler.ContextHandler]	Stopped o.e.j.s.ServletContextHandler@be35cd9{/,null,UNAVAILABLE}
[2019/10/09-08:58:52.343] [info] [shutdown-1173] [org.eclipse.jetty.server.session]	node0 Stopped scavenging
[2019/10/09-08:58:52.352] [info] [shutdown-1173] [bee.directory]	Stopping server 'resourceshare': service 'resourceshareservice'
[2019/10/09-08:58:52.352] [info] [shutdown-1173] [bee.directory]	Directory stopped
[2019/10/09-08:58:52.352] [info] [shutdown-1173] [bee]	Runtime stopped
[2019/10/09-08:58:52.352] [fatal] [shutdown-1173] [bee]	Exiting process
Exiting process now (Queen.java)
[2019/10/09-09:08:03.257] [info] [main] [exa.log]	Setting master level info
**********************************************************
[2019/10/09-09:08:03.302] [info] [main] [bee]	Process 24302 starting on mpllnx4032.mpl.michelin.com (mpllnx4032.mpl.michelin.com/10.216.104.82) as user dpmugbl0 with version V6R2019x.R2.99035
[2019/10/09-09:08:03.302] [info] [main] [bee]	 [args: java --key processName connectors-java0 --key hostname mpllnx4032.mpl.michelin.com --key installName cvdefault --key id -397421971 --ppid 24245 --configuration config:///version.xml --configuration config:///mercury.xml --key logToRunDir true ; directory: /busapps/dpmu/gbl0/3DSpaceIndex/linux_a64/cv/data/run/connectors-java0 ; architecture: amd64-linux ; kernel: "Linux version 3.10.0-1062.1.2.el7.x86_64 (mockbuild@x86-vm-27.build.eng.bos.redhat.com) (gcc version 4.8.5 20150623 (Red Hat 4.8.5-39) (GCC) ) #1 SMP Mon Sep 16 14:19:51 EDT 2019"]
[2019/10/09-09:08:03.358] [info] [main] [bee]	Loading root config file: config:///version.xml
[2019/10/09-09:08:03.404] [info] [main] [bee]	Loading root config file: config:///mercury.xml
Updating logging configuration
[2019/10/09-09:08:04.927] [info] [main] [exa.log]	Setting master level info
**********************************************************
[2019/10/09-09:08:04.928] [info] [main] [bee.directory]	Directory updated, reloading
[2019/10/09-09:08:04.929] [info] [main] [directory]	Loading directory
[2019/10/09-09:08:05.271] [info] [main] [bee.directory]	Directory loaded
[2019/10/09-09:08:05.271] [info] [main] [bee]	Configuration loaded, starting runtime
[2019/10/09-09:08:05.271] [info] [main] [directory]	Loading directory
[2019/10/09-09:08:05.340] [info] [main] [bee.directory]	Directory loaded
[2019/10/09-09:08:05.525] [info] [main] [org.eclipse.jetty.util.log]	Logging initialized @4747ms to org.eclipse.jetty.util.log.Slf4jLog
[2019/10/09-09:08:05.529] [info] [main] [bee.directory]	Configuring server 'resourceshare'
[2019/10/09-09:08:05.847] [info] [main] [bee.directory]	Mounting servlet 'com.exalead.ds.share2.http.ShareFLIS' on '/*'
[2019/10/09-09:08:05.895] [info] [main] [bee.directory]	Configuring server 'default'
[2019/10/09-09:08:05.896] [info] [main] [bee.directory]	Mounting Bee servlet 'com.exalead.connectors.server.ConnectorsServer' on '/connectors/connectors-java0/*'
[2019/10/09-09:08:05.921] [info] [main] [bee.directory]	Mounting servlet 'com.exalead.connectors.server.FetchServlet' on '/connectors/fetch/connectors-java0/*'
[2019/10/09-09:08:05.921] [info] [main] [bee.directory]	Mounting servlet 'com.exalead.bee.JavaRuntimeServlet' on '/java/*'
[2019/10/09-09:08:05.921] [info] [main] [bee.directory]	Mounting servlet 'com.exalead.bee.services.ProfilingServlet' on '/profiler/*'
[2019/10/09-09:08:05.921] [info] [main] [bee.directory]	Mounting servlet 'com.exalead.bee.services.IsAliveServlet' on '/isAlive/*'
[2019/10/09-09:08:05.921] [info] [main] [bee.directory]	Mounting Bee servlet 'com.exalead.bee.services.Log4EService' on '/log4e/mpllnx4032.mpl.michelin.com-cvdefault/connectors-java0/*'
[2019/10/09-09:08:05.925] [info] [main] [bee.directory]	Mounting Bee servlet 'com.exalead.bee.services.BeegistryUpdater' on '/beegistry/mpllnx4032.mpl.michelin.com-cvdefault/connectors-java0/*'
[2019/10/09-09:08:05.927] [info] [main] [bee.directory]	Configuring homepage
[2019/10/09-09:08:06.126] [info] [main] [bee.directory]	Starting server 'resourceshare': service 'resourceshareservice'
[2019/10/09-09:08:06.128] [info] [main] [bee.directory]	Starting server 'resourceshare': HTTP server on port 16029
[ShutdownMonitor] Not enabled (port < 0): -1
[2019/10/09-09:08:06.130] [info] [main] [org.eclipse.jetty.server.Server]	jetty-9.4.10.v20180503; built: 2018-05-03T15:56:21.710Z; git: daa59876e6f384329b122929e70a80934569428c; jvm 1.8.0_201-b09
[2019/10/09-09:08:06.154] [info] [main] [org.eclipse.jetty.server.session]	DefaultSessionIdManager workerName=node0
[2019/10/09-09:08:06.154] [info] [main] [org.eclipse.jetty.server.session]	No SessionScavenger set, using defaults
[2019/10/09-09:08:06.156] [info] [main] [org.eclipse.jetty.server.session]	node0 Scavenging every 600000ms
[2019/10/09-09:08:06.187] [warn] [main] [org.eclipse.jetty.security.SecurityHandler]	ServletContext@o.e.j.s.ServletContextHandler@3972a855{/,null,STARTING} has uncovered http methods for path: /
[2019/10/09-09:08:06.211] [info] [main] [org.eclipse.jetty.server.handler.ContextHandler]	Started o.e.j.s.ServletContextHandler@3972a855{/,null,AVAILABLE}
[2019/10/09-09:08:06.228] [info] [main] [org.eclipse.jetty.server.AbstractConnector]	Started 16029@3059cbc{HTTP/1.1,[http/1.1]}{0.0.0.0:16029}
[2019/10/09-09:08:06.228] [info] [main] [org.eclipse.jetty.server.Server]	Started @5452ms
[2019/10/09-09:08:06.229] [info] [main] [bee.directory]	Starting server 'resourceshare_slave': service 'resourceshare'
[2019/10/09-09:08:06.229] [info] [main] [resourceshare]	Starting ResourceShare
[2019/10/09-09:08:06.276] [info] [main] [resourceshare]	Check update of group  plugins at serial 1570546782812
[2019/10/09-09:08:06.276] [info] [main] [resourceshare]	Syncing groups
[2019/10/09-09:08:06.392] [info] [main] [resourceshare]	Master is not yet up on http://mpllnx4032.mpl.michelin.com:16007/resourcemanager (Connection refused (Connection refused)), waiting ...
[2019/10/09-09:08:07.394] [info] [main] [resourceshare]	Master is not yet up on http://mpllnx4032.mpl.michelin.com:16007/resourcemanager (Connection refused (Connection refused)), waiting ...
[2019/10/09-09:08:08.395] [info] [main] [resourceshare]	Master is not yet up on http://mpllnx4032.mpl.michelin.com:16007/resourcemanager (Connection refused (Connection refused)), waiting ...
[2019/10/09-09:08:09.396] [info] [main] [resourceshare]	Master is not yet up on http://mpllnx4032.mpl.michelin.com:16007/resourcemanager (Connection refused (Connection refused)), waiting ...
[2019/10/09-09:08:10.275] [info] [1376790324@jtp-resourceshare-1] [datashare]	share: Started datashare session on plugins
[2019/10/09-09:08:10.825] [info] [1376790324@jtp-resourceshare-1] [datashare]	share: Started datashare session on plugins
[2019/10/09-09:08:14.380] [info] [1605127388@jtp-resourceshare-46] [exa.io.datashare]	share: Switching DataShare to version 13
[2019/10/09-09:08:14.380] [info] [1605127388@jtp-resourceshare-46] [exa.io.datashare]	share: Garbage collecting datashare version 11
[2019/10/09-09:08:14.387] [info] [1605127388@jtp-resourceshare-46] [datashare]	share: Committed datashare session
[2019/10/09-09:08:14.391] [info] [main] [resourceshare]	Successfully synced groups
[2019/10/09-09:08:14.395] [info] [main] [resourceshare]	Loading plugins
[2019/10/09-09:08:14.396] [info] [main] [exa.plugins]	Refreshing plugins list
[2019/10/09-09:08:14.396] [info] [main] [plugins]	Listing plugins
[2019/10/09-09:08:14.396] [info] [main] [plugins]	NGRESOURCEPATH=/busapps/dpmu/gbl0/3DSpaceIndex/linux_a64/cv/data/bin/../resource/all-arch:/busapps/dpmu/gbl0/3DSpaceIndex/linux_a64/cv/tools/..//resource//all-arch:/busapps/dpmu/gbl0/3DSpaceIndex/linux_a64/cv/tools/..//resource//amd64-linux
[2019/10/09-09:08:14.396] [info] [main] [plugins]	scanning builtin plugins in /busapps/dpmu/gbl0/3DSpaceIndex/linux_a64/cv/data/bin/../resource/all-arch/builtin_plugins_deployed
[2019/10/09-09:08:14.442] [info] [main] [bee.directory]	Starting server 'default': service 'connectors-java0'
[2019/10/09-09:08:14.442] [info] [main] [connectors]	Starting
[2019/10/09-09:08:14.554] [info] [main] [connectors]	Configuring connectors server
[2019/10/09-09:08:15.785] [info] [main] [connectors]	Loaded connectors list: 0 connectors to load
[2019/10/09-09:08:15.785] [info] [main] [bee.directory]	Starting server 'default': HTTP server on port 16028
[ShutdownMonitor] Not enabled (port < 0): -1
[2019/10/09-09:08:15.786] [info] [main] [org.eclipse.jetty.server.Server]	jetty-9.4.10.v20180503; built: 2018-05-03T15:56:21.710Z; git: daa59876e6f384329b122929e70a80934569428c; jvm 1.8.0_201-b09
[2019/10/09-09:08:15.855] [info] [main] [org.eclipse.jetty.server.session]	DefaultSessionIdManager workerName=node0
[2019/10/09-09:08:15.855] [info] [main] [org.eclipse.jetty.server.session]	No SessionScavenger set, using defaults
[2019/10/09-09:08:15.855] [info] [main] [org.eclipse.jetty.server.session]	node0 Scavenging every 600000ms
[2019/10/09-09:08:15.856] [warn] [main] [org.eclipse.jetty.security.SecurityHandler]	ServletContext@o.e.j.s.ServletContextHandler@55795845{/,resource:/exa/bee/net/http2/htdocs,STARTING} has uncovered http methods for path: /
[2019/10/09-09:08:15.863] [info] [main] [org.eclipse.jetty.server.handler.ContextHandler]	Started o.e.j.s.ServletContextHandler@55795845{/,resource:/exa/bee/net/http2/htdocs,AVAILABLE}
[2019/10/09-09:08:15.864] [info] [main] [org.eclipse.jetty.server.AbstractConnector]	Started 16028@4e76dac{HTTP/1.1,[http/1.1]}{0.0.0.0:16028}
[2019/10/09-09:08:15.864] [info] [main] [org.eclipse.jetty.server.Server]	Started @15087ms
[2019/10/09-09:08:15.865] [info] [main] [bee]	Runtime is started
[2019/10/09-09:09:36.522] [info] [1981271580@jtp-resourceshare-71] [datashare]	share: Started datashare session on plugins
[2019/10/09-09:09:39.878] [info] [2005983587@jtp-resourceshare-47] [exa.io.datashare]	share: Switching DataShare to version 14
[2019/10/09-09:09:39.878] [info] [2005983587@jtp-resourceshare-47] [datashare]	share: Committed datashare session
[2019/10/09-09:09:58.862] [info] [1239160370@jtp-resourceshare-83] [datashare]	share: Started datashare session on plugins
[2019/10/09-09:10:01.288] [info] [1981271580@jtp-resourceshare-71] [exa.io.datashare]	share: Switching DataShare to version 15
[2019/10/09-09:10:01.288] [info] [1981271580@jtp-resourceshare-71] [exa.io.datashare]	share: Garbage collecting datashare version 14
[2019/10/09-09:10:01.298] [info] [1981271580@jtp-resourceshare-71] [datashare]	share: Committed datashare session
[2019/10/09-09:10:21.719] [info] [2122357625@jtp-default-1] [bee.runtime]	Exiting on StopRuntime request
[2019/10/09-09:10:21.720] [info] [2122357625@jtp-default-1] [connectors]	Runtime is being stopped, aborting all connectors
[2019/10/09-09:10:21.740] [info] [shutdown-191] [jaxb]	JAXB cache contains :sun.misc.Launcher$AppClassLoader@764c12b6__com.exalead.mercury.mami.resources.v10 (creation=375ms, hits=1)
[2019/10/09-09:10:21.740] [info] [shutdown-191] [jaxb]	JAXB cache contains :SGLoader@null__exa.bee (creation=122ms, hits=1)
[2019/10/09-09:10:21.740] [info] [shutdown-191] [jaxb]	JAXB cache contains :sun.misc.Launcher$AppClassLoader@764c12b6__com.exalead.mercury.mami.connect.v10 (creation=1218ms, hits=1)
[2019/10/09-09:10:22.740] [info] [shutdown-191] [bee.directory]	Stopping server 'default': HTTP server
[2019/10/09-09:10:22.744] [info] [shutdown-191] [org.eclipse.jetty.server.AbstractConnector]	Stopped 16028@4e76dac{HTTP/1.1,[http/1.1]}{0.0.0.0:16028}
[2019/10/09-09:10:22.746] [info] [shutdown-191] [org.eclipse.jetty.server.handler.ContextHandler]	Stopped o.e.j.s.ServletContextHandler@55795845{/,resource:/exa/bee/net/http2/htdocs,UNAVAILABLE}
[2019/10/09-09:10:22.746] [info] [shutdown-191] [org.eclipse.jetty.server.session]	node0 Stopped scavenging
[2019/10/09-09:10:22.850] [info] [shutdown-191] [bee.directory]	Stopping server 'default': service 'connectors-java0'
[2019/10/09-09:10:22.850] [info] [shutdown-191] [bee.directory]	Stopping server 'resourceshare_slave': service 'resourceshare'
[2019/10/09-09:10:22.850] [info] [shutdown-191] [bee.directory]	Stopping server 'resourceshare': HTTP server
[2019/10/09-09:10:22.853] [info] [shutdown-191] [org.eclipse.jetty.server.AbstractConnector]	Stopped 16029@3059cbc{HTTP/1.1,[http/1.1]}{0.0.0.0:16029}
[2019/10/09-09:10:22.853] [info] [shutdown-191] [org.eclipse.jetty.server.handler.ContextHandler]	Stopped o.e.j.s.ServletContextHandler@3972a855{/,null,UNAVAILABLE}
[2019/10/09-09:10:22.853] [info] [shutdown-191] [org.eclipse.jetty.server.session]	node0 Stopped scavenging
[2019/10/09-09:10:22.955] [info] [shutdown-191] [bee.directory]	Stopping server 'resourceshare': service 'resourceshareservice'
[2019/10/09-09:10:22.955] [info] [shutdown-191] [bee.directory]	Directory stopped
[2019/10/09-09:10:22.955] [info] [shutdown-191] [bee]	Runtime stopped
[2019/10/09-09:10:22.955] [fatal] [shutdown-191] [bee]	Exiting process
Exiting process now (Queen.java)
[2019/10/09-09:10:30.992] [info] [main] [exa.log]	Setting master level info
**********************************************************
[2019/10/09-09:10:31.011] [info] [main] [bee]	Process 28159 starting on mpllnx4032.mpl.michelin.com (mpllnx4032.mpl.michelin.com/10.216.104.82) as user dpmugbl0 with version V6R2019x.R2.99035
[2019/10/09-09:10:31.011] [info] [main] [bee]	 [args: java --key processName connectors-java0 --key hostname mpllnx4032.mpl.michelin.com --key installName cvdefault --key id -397421971 --ppid 28104 --configuration config:///version.xml --configuration config:///mercury.xml --key logToRunDir true ; directory: /busapps/dpmu/gbl0/3DSpaceIndex/linux_a64/cv/data/run/connectors-java0 ; architecture: amd64-linux ; kernel: "Linux version 3.10.0-1062.1.2.el7.x86_64 (mockbuild@x86-vm-27.build.eng.bos.redhat.com) (gcc version 4.8.5 20150623 (Red Hat 4.8.5-39) (GCC) ) #1 SMP Mon Sep 16 14:19:51 EDT 2019"]
[2019/10/09-09:10:31.051] [info] [main] [bee]	Loading root config file: config:///version.xml
[2019/10/09-09:10:31.101] [info] [main] [bee]	Loading root config file: config:///mercury.xml
Updating logging configuration
[2019/10/09-09:10:32.027] [info] [main] [exa.log]	Setting master level info
**********************************************************
[2019/10/09-09:10:32.028] [info] [main] [bee.directory]	Directory updated, reloading
[2019/10/09-09:10:32.029] [info] [main] [directory]	Loading directory
[2019/10/09-09:10:32.436] [info] [main] [bee.directory]	Directory loaded
[2019/10/09-09:10:32.436] [info] [main] [bee]	Configuration loaded, starting runtime
[2019/10/09-09:10:32.436] [info] [main] [directory]	Loading directory
[2019/10/09-09:10:32.477] [info] [main] [bee.directory]	Directory loaded
[2019/10/09-09:10:32.641] [info] [main] [org.eclipse.jetty.util.log]	Logging initialized @3237ms to org.eclipse.jetty.util.log.Slf4jLog
[2019/10/09-09:10:32.647] [info] [main] [bee.directory]	Configuring server 'resourceshare'
[2019/10/09-09:10:32.966] [info] [main] [bee.directory]	Mounting servlet 'com.exalead.ds.share2.http.ShareFLIS' on '/*'
[2019/10/09-09:10:33.031] [info] [main] [bee.directory]	Configuring server 'default'
[2019/10/09-09:10:33.032] [info] [main] [bee.directory]	Mounting Bee servlet 'com.exalead.connectors.server.ConnectorsServer' on '/connectors/connectors-java0/*'
[2019/10/09-09:10:33.074] [info] [main] [bee.directory]	Mounting servlet 'com.exalead.connectors.server.FetchServlet' on '/connectors/fetch/connectors-java0/*'
[2019/10/09-09:10:33.074] [info] [main] [bee.directory]	Mounting servlet 'com.exalead.bee.JavaRuntimeServlet' on '/java/*'
[2019/10/09-09:10:33.074] [info] [main] [bee.directory]	Mounting servlet 'com.exalead.bee.services.ProfilingServlet' on '/profiler/*'
[2019/10/09-09:10:33.074] [info] [main] [bee.directory]	Mounting servlet 'com.exalead.bee.services.IsAliveServlet' on '/isAlive/*'
[2019/10/09-09:10:33.074] [info] [main] [bee.directory]	Mounting Bee servlet 'com.exalead.bee.services.Log4EService' on '/log4e/mpllnx4032.mpl.michelin.com-cvdefault/connectors-java0/*'
[2019/10/09-09:10:33.090] [info] [main] [bee.directory]	Mounting Bee servlet 'com.exalead.bee.services.BeegistryUpdater' on '/beegistry/mpllnx4032.mpl.michelin.com-cvdefault/connectors-java0/*'
[2019/10/09-09:10:33.091] [info] [main] [bee.directory]	Configuring homepage
[2019/10/09-09:10:33.345] [info] [main] [bee.directory]	Starting server 'resourceshare': service 'resourceshareservice'
[2019/10/09-09:10:33.404] [info] [main] [bee.directory]	Starting server 'resourceshare': HTTP server on port 16029
[ShutdownMonitor] Not enabled (port < 0): -1
[2019/10/09-09:10:33.407] [info] [main] [org.eclipse.jetty.server.Server]	jetty-9.4.10.v20180503; built: 2018-05-03T15:56:21.710Z; git: daa59876e6f384329b122929e70a80934569428c; jvm 1.8.0_201-b09
[2019/10/09-09:10:33.622] [info] [main] [org.eclipse.jetty.server.session]	DefaultSessionIdManager workerName=node0
[2019/10/09-09:10:33.623] [info] [main] [org.eclipse.jetty.server.session]	No SessionScavenger set, using defaults
[2019/10/09-09:10:33.624] [info] [main] [org.eclipse.jetty.server.session]	node0 Scavenging every 600000ms
[2019/10/09-09:10:33.667] [warn] [main] [org.eclipse.jetty.security.SecurityHandler]	ServletContext@o.e.j.s.ServletContextHandler@482bce4f{/,null,STARTING} has uncovered http methods for path: /
[2019/10/09-09:10:33.715] [info] [main] [org.eclipse.jetty.server.handler.ContextHandler]	Started o.e.j.s.ServletContextHandler@482bce4f{/,null,AVAILABLE}
[2019/10/09-09:10:33.749] [info] [main] [org.eclipse.jetty.server.AbstractConnector]	Started 16029@15aab8c6{HTTP/1.1,[http/1.1]}{0.0.0.0:16029}
[2019/10/09-09:10:33.749] [info] [main] [org.eclipse.jetty.server.Server]	Started @4347ms
[2019/10/09-09:10:33.749] [info] [main] [bee.directory]	Starting server 'resourceshare_slave': service 'resourceshare'
[2019/10/09-09:10:33.749] [info] [main] [resourceshare]	Starting ResourceShare
[2019/10/09-09:10:33.781] [info] [main] [exa.io.datashare]	Garbage collecting datashare version 13
[2019/10/09-09:10:33.786] [info] [main] [resourceshare]	Check update of group  plugins at serial 1570604998868
[2019/10/09-09:10:33.786] [info] [main] [resourceshare]	Syncing groups
[2019/10/09-09:10:33.943] [info] [main] [resourceshare]	Master is not yet up on http://mpllnx4032.mpl.michelin.com:16007/resourcemanager (Connection refused (Connection refused)), waiting ...
[2019/10/09-09:10:34.945] [info] [main] [resourceshare]	Master is not yet up on http://mpllnx4032.mpl.michelin.com:16007/resourcemanager (Connection refused (Connection refused)), waiting ...
[2019/10/09-09:10:35.092] [info] [464676531@jtp-resourceshare-1] [datashare]	share: Started datashare session on plugins
[2019/10/09-09:10:36.475] [info] [1311146128@jtp-resourceshare-0] [datashare]	share: Started datashare session on plugins
[2019/10/09-09:10:39.595] [info] [1311146128@jtp-resourceshare-0] [exa.io.datashare]	share: Switching DataShare to version 17
[2019/10/09-09:10:39.596] [info] [1311146128@jtp-resourceshare-0] [exa.io.datashare]	share: Garbage collecting datashare version 15
[2019/10/09-09:10:39.600] [info] [1311146128@jtp-resourceshare-0] [datashare]	share: Committed datashare session
[2019/10/09-09:10:39.629] [info] [main] [resourceshare]	Successfully synced groups
[2019/10/09-09:10:39.632] [info] [main] [resourceshare]	Loading plugins
[2019/10/09-09:10:39.633] [info] [main] [exa.plugins]	Refreshing plugins list
[2019/10/09-09:10:39.633] [info] [main] [plugins]	Listing plugins
[2019/10/09-09:10:39.633] [info] [main] [plugins]	NGRESOURCEPATH=/busapps/dpmu/gbl0/3DSpaceIndex/linux_a64/cv/data/bin/../resource/all-arch:/busapps/dpmu/gbl0/3DSpaceIndex/linux_a64/cv/tools/..//resource//all-arch:/busapps/dpmu/gbl0/3DSpaceIndex/linux_a64/cv/tools/..//resource//amd64-linux
[2019/10/09-09:10:39.634] [info] [main] [plugins]	scanning builtin plugins in /busapps/dpmu/gbl0/3DSpaceIndex/linux_a64/cv/data/bin/../resource/all-arch/builtin_plugins_deployed
[2019/10/09-09:10:39.682] [info] [main] [bee.directory]	Starting server 'default': service 'connectors-java0'
[2019/10/09-09:10:39.682] [info] [main] [connectors]	Starting
[2019/10/09-09:10:39.780] [info] [main] [connectors]	Configuring connectors server
[2019/10/09-09:10:40.492] [info] [main] [connectors]	Loaded connectors list: 0 connectors to load
[2019/10/09-09:10:40.492] [info] [main] [bee.directory]	Starting server 'default': HTTP server on port 16028
[ShutdownMonitor] Not enabled (port < 0): -1
[2019/10/09-09:10:40.492] [info] [main] [org.eclipse.jetty.server.Server]	jetty-9.4.10.v20180503; built: 2018-05-03T15:56:21.710Z; git: daa59876e6f384329b122929e70a80934569428c; jvm 1.8.0_201-b09
[2019/10/09-09:10:40.587] [info] [main] [org.eclipse.jetty.server.session]	DefaultSessionIdManager workerName=node0
[2019/10/09-09:10:40.587] [info] [main] [org.eclipse.jetty.server.session]	No SessionScavenger set, using defaults
[2019/10/09-09:10:40.587] [info] [main] [org.eclipse.jetty.server.session]	node0 Scavenging every 600000ms
[2019/10/09-09:10:40.592] [warn] [main] [org.eclipse.jetty.security.SecurityHandler]	ServletContext@o.e.j.s.ServletContextHandler@3f2ef586{/,resource:/exa/bee/net/http2/htdocs,STARTING} has uncovered http methods for path: /
[2019/10/09-09:10:40.600] [info] [main] [org.eclipse.jetty.server.handler.ContextHandler]	Started o.e.j.s.ServletContextHandler@3f2ef586{/,resource:/exa/bee/net/http2/htdocs,AVAILABLE}
[2019/10/09-09:10:40.601] [info] [main] [org.eclipse.jetty.server.AbstractConnector]	Started 16028@18a3962d{HTTP/1.1,[http/1.1]}{0.0.0.0:16028}
[2019/10/09-09:10:40.601] [info] [main] [org.eclipse.jetty.server.Server]	Started @11199ms
[2019/10/09-09:10:40.602] [info] [main] [bee]	Runtime is started
[2019/10/09-09:10:55.673] [info] [375097969@jtp-default-4] [bee.runtime]	Exiting on StopRuntime request
[2019/10/09-09:10:55.673] [info] [375097969@jtp-default-4] [connectors]	Runtime is being stopped, aborting all connectors
[2019/10/09-09:10:55.678] [info] [shutdown-43] [jaxb]	JAXB cache contains :sun.misc.Launcher$AppClassLoader@764c12b6__com.exalead.mercury.mami.resources.v10 (creation=459ms, hits=1)
[2019/10/09-09:10:55.678] [info] [shutdown-43] [jaxb]	JAXB cache contains :sun.misc.Launcher$AppClassLoader@764c12b6__com.exalead.mercury.mami.connect.v10 (creation=699ms, hits=1)
[2019/10/09-09:10:56.678] [info] [shutdown-43] [bee.directory]	Stopping server 'default': HTTP server
[2019/10/09-09:10:56.698] [info] [shutdown-43] [org.eclipse.jetty.server.AbstractConnector]	Stopped 16028@18a3962d{HTTP/1.1,[http/1.1]}{0.0.0.0:16028}
[2019/10/09-09:10:56.701] [info] [shutdown-43] [org.eclipse.jetty.server.handler.ContextHandler]	Stopped o.e.j.s.ServletContextHandler@3f2ef586{/,resource:/exa/bee/net/http2/htdocs,UNAVAILABLE}
[2019/10/09-09:10:56.703] [info] [shutdown-43] [org.eclipse.jetty.server.session]	node0 Stopped scavenging
[2019/10/09-09:10:56.705] [info] [shutdown-43] [bee.directory]	Stopping server 'default': service 'connectors-java0'
[2019/10/09-09:10:56.705] [info] [shutdown-43] [bee.directory]	Stopping server 'resourceshare_slave': service 'resourceshare'
[2019/10/09-09:10:56.705] [info] [shutdown-43] [bee.directory]	Stopping server 'resourceshare': HTTP server
[2019/10/09-09:10:56.708] [info] [shutdown-43] [org.eclipse.jetty.server.AbstractConnector]	Stopped 16029@15aab8c6{HTTP/1.1,[http/1.1]}{0.0.0.0:16029}
[2019/10/09-09:10:56.708] [info] [shutdown-43] [org.eclipse.jetty.server.handler.ContextHandler]	Stopped o.e.j.s.ServletContextHandler@482bce4f{/,null,UNAVAILABLE}
[2019/10/09-09:10:56.708] [info] [shutdown-43] [org.eclipse.jetty.server.session]	node0 Stopped scavenging
[2019/10/09-09:10:56.712] [info] [shutdown-43] [bee.directory]	Stopping server 'resourceshare': service 'resourceshareservice'
[2019/10/09-09:10:56.712] [info] [shutdown-43] [bee.directory]	Directory stopped
[2019/10/09-09:10:56.712] [info] [shutdown-43] [bee]	Runtime stopped
[2019/10/09-09:10:56.713] [fatal] [shutdown-43] [bee]	Exiting process
Exiting process now (Queen.java)
[2019/10/09-09:11:44.779] [info] [main] [exa.log]	Setting master level info
**********************************************************
[2019/10/09-09:11:44.784] [info] [main] [bee]	Process 29942 starting on mpllnx4032.mpl.michelin.com (mpllnx4032.mpl.michelin.com/10.216.104.82) as user dpmugbl0 with version V6R2019x.R2.99035
[2019/10/09-09:11:44.784] [info] [main] [bee]	 [args: java --key processName connectors-java0 --key hostname mpllnx4032.mpl.michelin.com --key installName cvdefault --key id -397421971 --ppid 29902 --configuration config:///version.xml --configuration config:///mercury.xml --key logToRunDir true ; directory: /busapps/dpmu/gbl0/3DSpaceIndex/linux_a64/cv/data/run/connectors-java0 ; architecture: amd64-linux ; kernel: "Linux version 3.10.0-1062.1.2.el7.x86_64 (mockbuild@x86-vm-27.build.eng.bos.redhat.com) (gcc version 4.8.5 20150623 (Red Hat 4.8.5-39) (GCC) ) #1 SMP Mon Sep 16 14:19:51 EDT 2019"]
[2019/10/09-09:11:44.811] [info] [main] [bee]	Loading root config file: config:///version.xml
[2019/10/09-09:11:44.851] [info] [main] [bee]	Loading root config file: config:///mercury.xml
Updating logging configuration
[2019/10/09-09:11:45.828] [info] [main] [exa.log]	Setting master level info
**********************************************************
[2019/10/09-09:11:45.869] [info] [main] [bee.directory]	Directory updated, reloading
[2019/10/09-09:11:45.870] [info] [main] [directory]	Loading directory
[2019/10/09-09:11:46.086] [info] [main] [bee.directory]	Directory loaded
[2019/10/09-09:11:46.086] [info] [main] [bee]	Configuration loaded, starting runtime
[2019/10/09-09:11:46.086] [info] [main] [directory]	Loading directory
[2019/10/09-09:11:46.129] [info] [main] [bee.directory]	Directory loaded
[2019/10/09-09:11:46.198] [info] [main] [org.eclipse.jetty.util.log]	Logging initialized @3581ms to org.eclipse.jetty.util.log.Slf4jLog
[2019/10/09-09:11:46.202] [info] [main] [bee.directory]	Configuring server 'resourceshare'
[2019/10/09-09:11:46.487] [info] [main] [bee.directory]	Mounting servlet 'com.exalead.ds.share2.http.ShareFLIS' on '/*'
[2019/10/09-09:11:46.505] [info] [main] [bee.directory]	Configuring server 'default'
[2019/10/09-09:11:46.505] [info] [main] [bee.directory]	Mounting Bee servlet 'com.exalead.connectors.server.ConnectorsServer' on '/connectors/connectors-java0/*'
[2019/10/09-09:11:46.524] [info] [main] [bee.directory]	Mounting servlet 'com.exalead.connectors.server.FetchServlet' on '/connectors/fetch/connectors-java0/*'
[2019/10/09-09:11:46.524] [info] [main] [bee.directory]	Mounting servlet 'com.exalead.bee.JavaRuntimeServlet' on '/java/*'
[2019/10/09-09:11:46.525] [info] [main] [bee.directory]	Mounting servlet 'com.exalead.bee.services.ProfilingServlet' on '/profiler/*'
[2019/10/09-09:11:46.525] [info] [main] [bee.directory]	Mounting servlet 'com.exalead.bee.services.IsAliveServlet' on '/isAlive/*'
[2019/10/09-09:11:46.525] [info] [main] [bee.directory]	Mounting Bee servlet 'com.exalead.bee.services.Log4EService' on '/log4e/mpllnx4032.mpl.michelin.com-cvdefault/connectors-java0/*'
[2019/10/09-09:11:46.527] [info] [main] [bee.directory]	Mounting Bee servlet 'com.exalead.bee.services.BeegistryUpdater' on '/beegistry/mpllnx4032.mpl.michelin.com-cvdefault/connectors-java0/*'
[2019/10/09-09:11:46.529] [info] [main] [bee.directory]	Configuring homepage
[2019/10/09-09:11:46.673] [info] [main] [bee.directory]	Starting server 'resourceshare': service 'resourceshareservice'
[2019/10/09-09:11:46.677] [info] [main] [bee.directory]	Starting server 'resourceshare': HTTP server on port 16029
[ShutdownMonitor] Not enabled (port < 0): -1
[2019/10/09-09:11:46.687] [info] [main] [org.eclipse.jetty.server.Server]	jetty-9.4.10.v20180503; built: 2018-05-03T15:56:21.710Z; git: daa59876e6f384329b122929e70a80934569428c; jvm 1.8.0_201-b09
[2019/10/09-09:11:46.764] [info] [main] [org.eclipse.jetty.server.session]	DefaultSessionIdManager workerName=node0
[2019/10/09-09:11:46.764] [info] [main] [org.eclipse.jetty.server.session]	No SessionScavenger set, using defaults
[2019/10/09-09:11:46.765] [info] [main] [org.eclipse.jetty.server.session]	node0 Scavenging every 600000ms
[2019/10/09-09:11:46.827] [warn] [main] [org.eclipse.jetty.security.SecurityHandler]	ServletContext@o.e.j.s.ServletContextHandler@482bce4f{/,null,STARTING} has uncovered http methods for path: /
[2019/10/09-09:11:46.850] [info] [main] [org.eclipse.jetty.server.handler.ContextHandler]	Started o.e.j.s.ServletContextHandler@482bce4f{/,null,AVAILABLE}
[2019/10/09-09:11:46.877] [info] [main] [org.eclipse.jetty.server.AbstractConnector]	Started 16029@15aab8c6{HTTP/1.1,[http/1.1]}{0.0.0.0:16029}
[2019/10/09-09:11:46.877] [info] [main] [org.eclipse.jetty.server.Server]	Started @4265ms
[2019/10/09-09:11:46.877] [info] [main] [bee.directory]	Starting server 'resourceshare_slave': service 'resourceshare'
[2019/10/09-09:11:46.877] [info] [main] [resourceshare]	Starting ResourceShare
[2019/10/09-09:11:46.916] [info] [main] [resourceshare]	Check update of group  plugins at serial 1570605036507
[2019/10/09-09:11:46.916] [info] [main] [resourceshare]	Syncing groups
[2019/10/09-09:11:47.104] [info] [main] [resourceshare]	Master is not yet up on http://mpllnx4032.mpl.michelin.com:16007/resourcemanager (Connection refused (Connection refused)), waiting ...
[2019/10/09-09:11:48.106] [info] [main] [resourceshare]	Master is not yet up on http://mpllnx4032.mpl.michelin.com:16007/resourcemanager (Connection refused (Connection refused)), waiting ...
[2019/10/09-09:11:48.424] [info] [464676531@jtp-resourceshare-1] [datashare]	share: Started datashare session on plugins
[2019/10/09-09:11:49.664] [info] [1311146128@jtp-resourceshare-0] [datashare]	share: Started datashare session on plugins
[2019/10/09-09:11:52.534] [info] [467952734@jtp-resourceshare-8] [exa.io.datashare]	share: Switching DataShare to version 19
[2019/10/09-09:11:52.534] [info] [467952734@jtp-resourceshare-8] [exa.io.datashare]	share: Garbage collecting datashare version 17
[2019/10/09-09:11:52.538] [info] [467952734@jtp-resourceshare-8] [datashare]	share: Committed datashare session
[2019/10/09-09:11:52.606] [info] [main] [resourceshare]	Successfully synced groups
[2019/10/09-09:11:52.610] [info] [main] [resourceshare]	Loading plugins
[2019/10/09-09:11:52.610] [info] [main] [exa.plugins]	Refreshing plugins list
[2019/10/09-09:11:52.610] [info] [main] [plugins]	Listing plugins
[2019/10/09-09:11:52.610] [info] [main] [plugins]	NGRESOURCEPATH=/busapps/dpmu/gbl0/3DSpaceIndex/linux_a64/cv/data/bin/../resource/all-arch:/busapps/dpmu/gbl0/3DSpaceIndex/linux_a64/cv/tools/..//resource//all-arch:/busapps/dpmu/gbl0/3DSpaceIndex/linux_a64/cv/tools/..//resource//amd64-linux
[2019/10/09-09:11:52.611] [info] [main] [plugins]	scanning builtin plugins in /busapps/dpmu/gbl0/3DSpaceIndex/linux_a64/cv/data/bin/../resource/all-arch/builtin_plugins_deployed
[2019/10/09-09:11:52.726] [info] [main] [bee.directory]	Starting server 'default': service 'connectors-java0'
[2019/10/09-09:11:52.726] [info] [main] [connectors]	Starting
[2019/10/09-09:11:52.890] [info] [main] [connectors]	Configuring connectors server
[2019/10/09-09:11:53.737] [info] [main] [connectors]	Loaded connectors list: 0 connectors to load
[2019/10/09-09:11:53.737] [info] [main] [bee.directory]	Starting server 'default': HTTP server on port 16028
[ShutdownMonitor] Not enabled (port < 0): -1
[2019/10/09-09:11:53.738] [info] [main] [org.eclipse.jetty.server.Server]	jetty-9.4.10.v20180503; built: 2018-05-03T15:56:21.710Z; git: daa59876e6f384329b122929e70a80934569428c; jvm 1.8.0_201-b09
[2019/10/09-09:11:53.821] [info] [main] [org.eclipse.jetty.server.session]	DefaultSessionIdManager workerName=node0
[2019/10/09-09:11:53.821] [info] [main] [org.eclipse.jetty.server.session]	No SessionScavenger set, using defaults
[2019/10/09-09:11:53.821] [info] [main] [org.eclipse.jetty.server.session]	node0 Scavenging every 600000ms
[2019/10/09-09:11:53.853] [warn] [main] [org.eclipse.jetty.security.SecurityHandler]	ServletContext@o.e.j.s.ServletContextHandler@5cc126dc{/,resource:/exa/bee/net/http2/htdocs,STARTING} has uncovered http methods for path: /
[2019/10/09-09:11:53.861] [info] [main] [org.eclipse.jetty.server.handler.ContextHandler]	Started o.e.j.s.ServletContextHandler@5cc126dc{/,resource:/exa/bee/net/http2/htdocs,AVAILABLE}
[2019/10/09-09:11:53.862] [info] [main] [org.eclipse.jetty.server.AbstractConnector]	Started 16028@751d3241{HTTP/1.1,[http/1.1]}{0.0.0.0:16028}
[2019/10/09-09:11:53.862] [info] [main] [org.eclipse.jetty.server.Server]	Started @11250ms
[2019/10/09-09:11:53.863] [info] [main] [bee]	Runtime is started
[2019/10/09-09:12:10.217] [info] [1196963249@jtp-default-1] [bee.runtime]	Exiting on StopRuntime request
[2019/10/09-09:12:10.218] [info] [1196963249@jtp-default-1] [connectors]	Runtime is being stopped, aborting all connectors
[2019/10/09-09:12:10.221] [info] [shutdown-37] [jaxb]	JAXB cache contains :sun.misc.Launcher$AppClassLoader@764c12b6__com.exalead.mercury.mami.resources.v10 (creation=459ms, hits=1)
[2019/10/09-09:12:10.221] [info] [shutdown-37] [jaxb]	JAXB cache contains :sun.misc.Launcher$AppClassLoader@764c12b6__com.exalead.mercury.mami.connect.v10 (creation=821ms, hits=1)
[2019/10/09-09:12:11.222] [info] [shutdown-37] [bee.directory]	Stopping server 'default': HTTP server
[2019/10/09-09:12:11.226] [info] [shutdown-37] [org.eclipse.jetty.server.AbstractConnector]	Stopped 16028@751d3241{HTTP/1.1,[http/1.1]}{0.0.0.0:16028}
[2019/10/09-09:12:11.227] [info] [shutdown-37] [org.eclipse.jetty.server.handler.ContextHandler]	Stopped o.e.j.s.ServletContextHandler@5cc126dc{/,resource:/exa/bee/net/http2/htdocs,UNAVAILABLE}
[2019/10/09-09:12:11.233] [info] [shutdown-37] [org.eclipse.jetty.server.session]	node0 Stopped scavenging
[2019/10/09-09:12:11.237] [info] [shutdown-37] [bee.directory]	Stopping server 'default': service 'connectors-java0'
[2019/10/09-09:12:11.237] [info] [shutdown-37] [bee.directory]	Stopping server 'resourceshare_slave': service 'resourceshare'
[2019/10/09-09:12:11.237] [info] [shutdown-37] [bee.directory]	Stopping server 'resourceshare': HTTP server
[2019/10/09-09:12:11.239] [info] [shutdown-37] [org.eclipse.jetty.server.AbstractConnector]	Stopped 16029@15aab8c6{HTTP/1.1,[http/1.1]}{0.0.0.0:16029}
[2019/10/09-09:12:11.239] [info] [shutdown-37] [org.eclipse.jetty.server.handler.ContextHandler]	Stopped o.e.j.s.ServletContextHandler@482bce4f{/,null,UNAVAILABLE}
[2019/10/09-09:12:11.239] [info] [shutdown-37] [org.eclipse.jetty.server.session]	node0 Stopped scavenging
[2019/10/09-09:12:11.242] [info] [shutdown-37] [bee.directory]	Stopping server 'resourceshare': service 'resourceshareservice'
[2019/10/09-09:12:11.242] [info] [shutdown-37] [bee.directory]	Directory stopped
[2019/10/09-09:12:11.242] [info] [shutdown-37] [bee]	Runtime stopped
[2019/10/09-09:12:11.242] [fatal] [shutdown-37] [bee]	Exiting process
Exiting process now (Queen.java)
[2019/10/09-09:12:29.831] [info] [main] [exa.log]	Setting master level info
**********************************************************
[2019/10/09-09:12:29.838] [info] [main] [bee]	Process 31678 starting on mpllnx4032.mpl.michelin.com (mpllnx4032.mpl.michelin.com/10.216.104.82) as user dpmugbl0 with version V6R2019x.R2.99035
[2019/10/09-09:12:29.838] [info] [main] [bee]	 [args: java --key processName connectors-java0 --key hostname mpllnx4032.mpl.michelin.com --key installName cvdefault --key id -397421971 --ppid 31629 --configuration config:///version.xml --configuration config:///mercury.xml --key logToRunDir true ; directory: /busapps/dpmu/gbl0/3DSpaceIndex/linux_a64/cv/data/run/connectors-java0 ; architecture: amd64-linux ; kernel: "Linux version 3.10.0-1062.1.2.el7.x86_64 (mockbuild@x86-vm-27.build.eng.bos.redhat.com) (gcc version 4.8.5 20150623 (Red Hat 4.8.5-39) (GCC) ) #1 SMP Mon Sep 16 14:19:51 EDT 2019"]
[2019/10/09-09:12:29.866] [info] [main] [bee]	Loading root config file: config:///version.xml
[2019/10/09-09:12:29.909] [info] [main] [bee]	Loading root config file: config:///mercury.xml
Updating logging configuration
[2019/10/09-09:12:30.641] [info] [main] [exa.log]	Setting master level info
**********************************************************
[2019/10/09-09:12:30.642] [info] [main] [bee.directory]	Directory updated, reloading
[2019/10/09-09:12:30.643] [info] [main] [directory]	Loading directory
[2019/10/09-09:12:30.918] [info] [main] [bee.directory]	Directory loaded
[2019/10/09-09:12:30.918] [info] [main] [bee]	Configuration loaded, starting runtime
[2019/10/09-09:12:30.918] [info] [main] [directory]	Loading directory
[2019/10/09-09:12:31.073] [info] [main] [bee.directory]	Directory loaded
[2019/10/09-09:12:31.262] [info] [main] [org.eclipse.jetty.util.log]	Logging initialized @3480ms to org.eclipse.jetty.util.log.Slf4jLog
[2019/10/09-09:12:31.266] [info] [main] [bee.directory]	Configuring server 'resourceshare'
[2019/10/09-09:12:31.629] [info] [main] [bee.directory]	Mounting servlet 'com.exalead.ds.share2.http.ShareFLIS' on '/*'
[2019/10/09-09:12:31.789] [info] [main] [bee.directory]	Configuring server 'default'
[2019/10/09-09:12:31.789] [info] [main] [bee.directory]	Mounting Bee servlet 'com.exalead.connectors.server.ConnectorsServer' on '/connectors/connectors-java0/*'
[2019/10/09-09:12:31.852] [info] [main] [bee.directory]	Mounting servlet 'com.exalead.connectors.server.FetchServlet' on '/connectors/fetch/connectors-java0/*'
[2019/10/09-09:12:31.852] [info] [main] [bee.directory]	Mounting servlet 'com.exalead.bee.JavaRuntimeServlet' on '/java/*'
[2019/10/09-09:12:31.852] [info] [main] [bee.directory]	Mounting servlet 'com.exalead.bee.services.ProfilingServlet' on '/profiler/*'
[2019/10/09-09:12:31.852] [info] [main] [bee.directory]	Mounting servlet 'com.exalead.bee.services.IsAliveServlet' on '/isAlive/*'
[2019/10/09-09:12:31.852] [info] [main] [bee.directory]	Mounting Bee servlet 'com.exalead.bee.services.Log4EService' on '/log4e/mpllnx4032.mpl.michelin.com-cvdefault/connectors-java0/*'
[2019/10/09-09:12:31.855] [info] [main] [bee.directory]	Mounting Bee servlet 'com.exalead.bee.services.BeegistryUpdater' on '/beegistry/mpllnx4032.mpl.michelin.com-cvdefault/connectors-java0/*'
[2019/10/09-09:12:31.856] [info] [main] [bee.directory]	Configuring homepage
[2019/10/09-09:12:31.953] [info] [main] [bee.directory]	Starting server 'resourceshare': service 'resourceshareservice'
[2019/10/09-09:12:31.955] [info] [main] [bee.directory]	Starting server 'resourceshare': HTTP server on port 16029
[ShutdownMonitor] Not enabled (port < 0): -1
[2019/10/09-09:12:31.968] [info] [main] [org.eclipse.jetty.server.Server]	jetty-9.4.10.v20180503; built: 2018-05-03T15:56:21.710Z; git: daa59876e6f384329b122929e70a80934569428c; jvm 1.8.0_201-b09
[2019/10/09-09:12:32.011] [info] [main] [org.eclipse.jetty.server.session]	DefaultSessionIdManager workerName=node0
[2019/10/09-09:12:32.011] [info] [main] [org.eclipse.jetty.server.session]	No SessionScavenger set, using defaults
[2019/10/09-09:12:32.013] [info] [main] [org.eclipse.jetty.server.session]	node0 Scavenging every 660000ms
[2019/10/09-09:12:32.050] [warn] [main] [org.eclipse.jetty.security.SecurityHandler]	ServletContext@o.e.j.s.ServletContextHandler@482bce4f{/,null,STARTING} has uncovered http methods for path: /
[2019/10/09-09:12:32.069] [info] [main] [org.eclipse.jetty.server.handler.ContextHandler]	Started o.e.j.s.ServletContextHandler@482bce4f{/,null,AVAILABLE}
[2019/10/09-09:12:32.085] [info] [main] [org.eclipse.jetty.server.AbstractConnector]	Started 16029@15aab8c6{HTTP/1.1,[http/1.1]}{0.0.0.0:16029}
[2019/10/09-09:12:32.085] [info] [main] [org.eclipse.jetty.server.Server]	Started @4303ms
[2019/10/09-09:12:32.085] [info] [main] [bee.directory]	Starting server 'resourceshare_slave': service 'resourceshare'
[2019/10/09-09:12:32.085] [info] [main] [resourceshare]	Starting ResourceShare
[2019/10/09-09:12:32.115] [info] [main] [resourceshare]	Check update of group  plugins at serial 1570605109665
[2019/10/09-09:12:32.115] [info] [main] [resourceshare]	Syncing groups
[2019/10/09-09:12:32.249] [info] [main] [resourceshare]	Master is not yet up on http://mpllnx4032.mpl.michelin.com:16007/resourcemanager (Connection refused (Connection refused)), waiting ...
[2019/10/09-09:12:33.250] [info] [main] [resourceshare]	Master is not yet up on http://mpllnx4032.mpl.michelin.com:16007/resourcemanager (Connection refused (Connection refused)), waiting ...
[2019/10/09-09:12:33.699] [info] [464676531@jtp-resourceshare-1] [datashare]	share: Started datashare session on plugins
[2019/10/09-09:12:35.031] [info] [1311146128@jtp-resourceshare-0] [datashare]	share: Started datashare session on plugins
[2019/10/09-09:12:37.129] [info] [1311146128@jtp-resourceshare-0] [exa.io.datashare]	share: Switching DataShare to version 21
[2019/10/09-09:12:37.129] [info] [1311146128@jtp-resourceshare-0] [exa.io.datashare]	share: Garbage collecting datashare version 19
[2019/10/09-09:12:37.134] [info] [1311146128@jtp-resourceshare-0] [datashare]	share: Committed datashare session
[2019/10/09-09:12:37.174] [info] [main] [resourceshare]	Successfully synced groups
[2019/10/09-09:12:37.178] [info] [main] [resourceshare]	Loading plugins
[2019/10/09-09:12:37.178] [info] [main] [exa.plugins]	Refreshing plugins list
[2019/10/09-09:12:37.178] [info] [main] [plugins]	Listing plugins
[2019/10/09-09:12:37.179] [info] [main] [plugins]	NGRESOURCEPATH=/busapps/dpmu/gbl0/3DSpaceIndex/linux_a64/cv/data/bin/../resource/all-arch:/busapps/dpmu/gbl0/3DSpaceIndex/linux_a64/cv/tools/..//resource//all-arch:/busapps/dpmu/gbl0/3DSpaceIndex/linux_a64/cv/tools/..//resource//amd64-linux
[2019/10/09-09:12:37.179] [info] [main] [plugins]	scanning builtin plugins in /busapps/dpmu/gbl0/3DSpaceIndex/linux_a64/cv/data/bin/../resource/all-arch/builtin_plugins_deployed
[2019/10/09-09:12:37.256] [info] [main] [bee.directory]	Starting server 'default': service 'connectors-java0'
[2019/10/09-09:12:37.256] [info] [main] [connectors]	Starting
[2019/10/09-09:12:37.442] [info] [main] [connectors]	Configuring connectors server
[2019/10/09-09:12:38.207] [info] [main] [connectors]	Loaded connectors list: 0 connectors to load
[2019/10/09-09:12:38.207] [info] [main] [bee.directory]	Starting server 'default': HTTP server on port 16028
[ShutdownMonitor] Not enabled (port < 0): -1
[2019/10/09-09:12:38.208] [info] [main] [org.eclipse.jetty.server.Server]	jetty-9.4.10.v20180503; built: 2018-05-03T15:56:21.710Z; git: daa59876e6f384329b122929e70a80934569428c; jvm 1.8.0_201-b09
[2019/10/09-09:12:38.339] [info] [main] [org.eclipse.jetty.server.session]	DefaultSessionIdManager workerName=node0
[2019/10/09-09:12:38.339] [info] [main] [org.eclipse.jetty.server.session]	No SessionScavenger set, using defaults
[2019/10/09-09:12:38.339] [info] [main] [org.eclipse.jetty.server.session]	node0 Scavenging every 600000ms
[2019/10/09-09:12:38.369] [warn] [main] [org.eclipse.jetty.security.SecurityHandler]	ServletContext@o.e.j.s.ServletContextHandler@5cc126dc{/,resource:/exa/bee/net/http2/htdocs,STARTING} has uncovered http methods for path: /
[2019/10/09-09:12:38.377] [info] [main] [org.eclipse.jetty.server.handler.ContextHandler]	Started o.e.j.s.ServletContextHandler@5cc126dc{/,resource:/exa/bee/net/http2/htdocs,AVAILABLE}
[2019/10/09-09:12:38.377] [info] [main] [org.eclipse.jetty.server.AbstractConnector]	Started 16028@751d3241{HTTP/1.1,[http/1.1]}{0.0.0.0:16028}
[2019/10/09-09:12:38.378] [info] [main] [org.eclipse.jetty.server.Server]	Started @10596ms
[2019/10/09-09:12:38.378] [info] [main] [bee]	Runtime is started
[2019/10/09-09:12:58.223] [info] [1196963249@jtp-default-1] [bee.runtime]	Exiting on StopRuntime request
[2019/10/09-09:12:58.224] [info] [1196963249@jtp-default-1] [connectors]	Runtime is being stopped, aborting all connectors
[2019/10/09-09:12:58.227] [info] [shutdown-34] [jaxb]	JAXB cache contains :sun.misc.Launcher$AppClassLoader@764c12b6__com.exalead.mercury.mami.resources.v10 (creation=674ms, hits=1)
[2019/10/09-09:12:58.227] [info] [shutdown-34] [jaxb]	JAXB cache contains :sun.misc.Launcher$AppClassLoader@764c12b6__com.exalead.mercury.mami.connect.v10 (creation=695ms, hits=1)
[2019/10/09-09:12:59.227] [info] [shutdown-34] [bee.directory]	Stopping server 'default': HTTP server
[2019/10/09-09:12:59.253] [info] [shutdown-34] [org.eclipse.jetty.server.AbstractConnector]	Stopped 16028@751d3241{HTTP/1.1,[http/1.1]}{0.0.0.0:16028}
[2019/10/09-09:12:59.266] [info] [shutdown-34] [org.eclipse.jetty.server.handler.ContextHandler]	Stopped o.e.j.s.ServletContextHandler@5cc126dc{/,resource:/exa/bee/net/http2/htdocs,UNAVAILABLE}
[2019/10/09-09:12:59.267] [info] [shutdown-34] [org.eclipse.jetty.server.session]	node0 Stopped scavenging
[2019/10/09-09:12:59.367] [info] [shutdown-34] [bee.directory]	Stopping server 'default': service 'connectors-java0'
[2019/10/09-09:12:59.368] [info] [shutdown-34] [bee.directory]	Stopping server 'resourceshare_slave': service 'resourceshare'
[2019/10/09-09:12:59.368] [info] [shutdown-34] [bee.directory]	Stopping server 'resourceshare': HTTP server
[2019/10/09-09:12:59.378] [info] [shutdown-34] [org.eclipse.jetty.server.AbstractConnector]	Stopped 16029@15aab8c6{HTTP/1.1,[http/1.1]}{0.0.0.0:16029}
[2019/10/09-09:12:59.378] [info] [shutdown-34] [org.eclipse.jetty.server.handler.ContextHandler]	Stopped o.e.j.s.ServletContextHandler@482bce4f{/,null,UNAVAILABLE}
[2019/10/09-09:12:59.378] [info] [shutdown-34] [org.eclipse.jetty.server.session]	node0 Stopped scavenging
[2019/10/09-09:12:59.381] [info] [shutdown-34] [bee.directory]	Stopping server 'resourceshare': service 'resourceshareservice'
[2019/10/09-09:12:59.381] [info] [shutdown-34] [bee.directory]	Directory stopped
[2019/10/09-09:12:59.381] [info] [shutdown-34] [bee]	Runtime stopped
[2019/10/09-09:12:59.381] [fatal] [shutdown-34] [bee]	Exiting process
Exiting process now (Queen.java)
[2019/10/09-09:13:15.512] [info] [main] [exa.log]	Setting master level info
**********************************************************
[2019/10/09-09:13:15.518] [info] [main] [bee]	Process 33082 starting on mpllnx4032.mpl.michelin.com (mpllnx4032.mpl.michelin.com/10.216.104.82) as user dpmugbl0 with version V6R2019x.R2.99035
[2019/10/09-09:13:15.518] [info] [main] [bee]	 [args: java --key processName connectors-java0 --key hostname mpllnx4032.mpl.michelin.com --key installName cvdefault --key id -397421971 --ppid 33044 --configuration config:///version.xml --configuration config:///mercury.xml --key logToRunDir true ; directory: /busapps/dpmu/gbl0/3DSpaceIndex/linux_a64/cv/data/run/connectors-java0 ; architecture: amd64-linux ; kernel: "Linux version 3.10.0-1062.1.2.el7.x86_64 (mockbuild@x86-vm-27.build.eng.bos.redhat.com) (gcc version 4.8.5 20150623 (Red Hat 4.8.5-39) (GCC) ) #1 SMP Mon Sep 16 14:19:51 EDT 2019"]
[2019/10/09-09:13:15.569] [info] [main] [bee]	Loading root config file: config:///version.xml
[2019/10/09-09:13:15.589] [info] [main] [bee]	Loading root config file: config:///mercury.xml
Updating logging configuration
[2019/10/09-09:13:16.302] [info] [main] [exa.log]	Setting master level info
**********************************************************
[2019/10/09-09:13:16.315] [info] [main] [bee.directory]	Directory updated, reloading
[2019/10/09-09:13:16.317] [info] [main] [directory]	Loading directory
[2019/10/09-09:13:16.460] [info] [main] [bee.directory]	Directory loaded
[2019/10/09-09:13:16.460] [info] [main] [bee]	Configuration loaded, starting runtime
[2019/10/09-09:13:16.460] [info] [main] [directory]	Loading directory
[2019/10/09-09:13:16.567] [info] [main] [bee.directory]	Directory loaded
[2019/10/09-09:13:16.754] [info] [main] [org.eclipse.jetty.util.log]	Logging initialized @2848ms to org.eclipse.jetty.util.log.Slf4jLog
[2019/10/09-09:13:16.759] [info] [main] [bee.directory]	Configuring server 'resourceshare'
[2019/10/09-09:13:17.195] [info] [main] [bee.directory]	Mounting servlet 'com.exalead.ds.share2.http.ShareFLIS' on '/*'
[2019/10/09-09:13:17.208] [info] [main] [bee.directory]	Configuring server 'default'
[2019/10/09-09:13:17.209] [info] [main] [bee.directory]	Mounting Bee servlet 'com.exalead.connectors.server.ConnectorsServer' on '/connectors/connectors-java0/*'
[2019/10/09-09:13:17.351] [info] [main] [bee.directory]	Mounting servlet 'com.exalead.connectors.server.FetchServlet' on '/connectors/fetch/connectors-java0/*'
[2019/10/09-09:13:17.351] [info] [main] [bee.directory]	Mounting servlet 'com.exalead.bee.JavaRuntimeServlet' on '/java/*'
[2019/10/09-09:13:17.352] [info] [main] [bee.directory]	Mounting servlet 'com.exalead.bee.services.ProfilingServlet' on '/profiler/*'
[2019/10/09-09:13:17.352] [info] [main] [bee.directory]	Mounting servlet 'com.exalead.bee.services.IsAliveServlet' on '/isAlive/*'
[2019/10/09-09:13:17.352] [info] [main] [bee.directory]	Mounting Bee servlet 'com.exalead.bee.services.Log4EService' on '/log4e/mpllnx4032.mpl.michelin.com-cvdefault/connectors-java0/*'
[2019/10/09-09:13:17.354] [info] [main] [bee.directory]	Mounting Bee servlet 'com.exalead.bee.services.BeegistryUpdater' on '/beegistry/mpllnx4032.mpl.michelin.com-cvdefault/connectors-java0/*'
[2019/10/09-09:13:17.356] [info] [main] [bee.directory]	Configuring homepage
[2019/10/09-09:13:17.550] [info] [main] [bee.directory]	Starting server 'resourceshare': service 'resourceshareservice'
[2019/10/09-09:13:17.556] [info] [main] [bee.directory]	Starting server 'resourceshare': HTTP server on port 16029
[ShutdownMonitor] Not enabled (port < 0): -1
[2019/10/09-09:13:17.566] [info] [main] [org.eclipse.jetty.server.Server]	jetty-9.4.10.v20180503; built: 2018-05-03T15:56:21.710Z; git: daa59876e6f384329b122929e70a80934569428c; jvm 1.8.0_201-b09
[2019/10/09-09:13:17.636] [info] [main] [org.eclipse.jetty.server.session]	DefaultSessionIdManager workerName=node0
[2019/10/09-09:13:17.636] [info] [main] [org.eclipse.jetty.server.session]	No SessionScavenger set, using defaults
[2019/10/09-09:13:17.638] [info] [main] [org.eclipse.jetty.server.session]	node0 Scavenging every 600000ms
[2019/10/09-09:13:17.703] [warn] [main] [org.eclipse.jetty.security.SecurityHandler]	ServletContext@o.e.j.s.ServletContextHandler@482bce4f{/,null,STARTING} has uncovered http methods for path: /
[2019/10/09-09:13:17.771] [info] [main] [org.eclipse.jetty.server.handler.ContextHandler]	Started o.e.j.s.ServletContextHandler@482bce4f{/,null,AVAILABLE}
[2019/10/09-09:13:17.823] [info] [main] [org.eclipse.jetty.server.AbstractConnector]	Started 16029@7d7405cc{HTTP/1.1,[http/1.1]}{0.0.0.0:16029}
[2019/10/09-09:13:17.823] [info] [main] [org.eclipse.jetty.server.Server]	Started @3918ms
[2019/10/09-09:13:17.823] [info] [main] [bee.directory]	Starting server 'resourceshare_slave': service 'resourceshare'
[2019/10/09-09:13:17.823] [info] [main] [resourceshare]	Starting ResourceShare
[2019/10/09-09:13:17.853] [info] [main] [resourceshare]	Check update of group  plugins at serial 1570605155032
[2019/10/09-09:13:17.853] [info] [main] [resourceshare]	Syncing groups
[2019/10/09-09:13:18.075] [info] [main] [resourceshare]	Master is not yet up on http://mpllnx4032.mpl.michelin.com:16007/resourcemanager (Connection refused (Connection refused)), waiting ...
[2019/10/09-09:13:19.077] [info] [main] [resourceshare]	Master is not yet up on http://mpllnx4032.mpl.michelin.com:16007/resourcemanager (Connection refused (Connection refused)), waiting ...
[2019/10/09-09:13:19.703] [info] [464676531@jtp-resourceshare-1] [datashare]	share: Started datashare session on plugins
[2019/10/09-09:13:20.890] [info] [1311146128@jtp-resourceshare-0] [datashare]	share: Started datashare session on plugins
[2019/10/09-09:13:25.754] [info] [2084929986@jtp-resourceshare-56] [exa.io.datashare]	share: Switching DataShare to version 23
[2019/10/09-09:13:25.754] [info] [2084929986@jtp-resourceshare-56] [exa.io.datashare]	share: Garbage collecting datashare version 21
[2019/10/09-09:13:25.763] [info] [2084929986@jtp-resourceshare-56] [datashare]	share: Committed datashare session
[2019/10/09-09:13:25.822] [info] [main] [resourceshare]	Successfully synced groups
[2019/10/09-09:13:25.826] [info] [main] [resourceshare]	Loading plugins
[2019/10/09-09:13:25.826] [info] [main] [exa.plugins]	Refreshing plugins list
[2019/10/09-09:13:25.826] [info] [main] [plugins]	Listing plugins
[2019/10/09-09:13:25.826] [info] [main] [plugins]	NGRESOURCEPATH=/busapps/dpmu/gbl0/3DSpaceIndex/linux_a64/cv/data/bin/../resource/all-arch:/busapps/dpmu/gbl0/3DSpaceIndex/linux_a64/cv/tools/..//resource//all-arch:/busapps/dpmu/gbl0/3DSpaceIndex/linux_a64/cv/tools/..//resource//amd64-linux
[2019/10/09-09:13:25.827] [info] [main] [plugins]	scanning builtin plugins in /busapps/dpmu/gbl0/3DSpaceIndex/linux_a64/cv/data/bin/../resource/all-arch/builtin_plugins_deployed
[2019/10/09-09:13:25.955] [info] [main] [bee.directory]	Starting server 'default': service 'connectors-java0'
[2019/10/09-09:13:25.955] [info] [main] [connectors]	Starting
[2019/10/09-09:13:26.090] [info] [main] [connectors]	Configuring connectors server
[2019/10/09-09:13:26.809] [info] [main] [connectors]	Loaded connectors list: 0 connectors to load
[2019/10/09-09:13:26.809] [info] [main] [bee.directory]	Starting server 'default': HTTP server on port 16028
[ShutdownMonitor] Not enabled (port < 0): -1
[2019/10/09-09:13:26.809] [info] [main] [org.eclipse.jetty.server.Server]	jetty-9.4.10.v20180503; built: 2018-05-03T15:56:21.710Z; git: daa59876e6f384329b122929e70a80934569428c; jvm 1.8.0_201-b09
[2019/10/09-09:13:26.890] [info] [main] [org.eclipse.jetty.server.session]	DefaultSessionIdManager workerName=node0
[2019/10/09-09:13:26.890] [info] [main] [org.eclipse.jetty.server.session]	No SessionScavenger set, using defaults
[2019/10/09-09:13:26.890] [info] [main] [org.eclipse.jetty.server.session]	node0 Scavenging every 660000ms
[2019/10/09-09:13:26.891] [warn] [main] [org.eclipse.jetty.security.SecurityHandler]	ServletContext@o.e.j.s.ServletContextHandler@7e809b79{/,resource:/exa/bee/net/http2/htdocs,STARTING} has uncovered http methods for path: /
[2019/10/09-09:13:26.899] [info] [main] [org.eclipse.jetty.server.handler.ContextHandler]	Started o.e.j.s.ServletContextHandler@7e809b79{/,resource:/exa/bee/net/http2/htdocs,AVAILABLE}
[2019/10/09-09:13:26.900] [info] [main] [org.eclipse.jetty.server.AbstractConnector]	Started 16028@3f2ef586{HTTP/1.1,[http/1.1]}{0.0.0.0:16028}
[2019/10/09-09:13:26.900] [info] [main] [org.eclipse.jetty.server.Server]	Started @12995ms
[2019/10/09-09:13:26.900] [info] [main] [bee]	Runtime is started
[2019/10/09-10:04:51.717] [info] [1336775847@jtp-default-1] [bee.runtime]	Exiting on StopRuntime request
[2019/10/09-10:04:51.718] [info] [1336775847@jtp-default-1] [connectors]	Runtime is being stopped, aborting all connectors
[2019/10/09-10:04:51.725] [info] [shutdown-167] [jaxb]	JAXB cache contains :sun.misc.Launcher$AppClassLoader@764c12b6__com.exalead.mercury.mami.resources.v10 (creation=691ms, hits=1)
[2019/10/09-10:04:51.726] [info] [shutdown-167] [jaxb]	JAXB cache contains :SGLoader@null__exa.bee (creation=202ms, hits=26)
[2019/10/09-10:04:51.726] [info] [shutdown-167] [jaxb]	JAXB cache contains :sun.misc.Launcher$AppClassLoader@764c12b6__com.exalead.mercury.mami.connect.v10 (creation=699ms, hits=1)
[2019/10/09-10:04:52.727] [info] [shutdown-167] [bee.directory]	Stopping server 'default': HTTP server
[2019/10/09-10:04:52.736] [info] [shutdown-167] [org.eclipse.jetty.server.AbstractConnector]	Stopped 16028@3f2ef586{HTTP/1.1,[http/1.1]}{0.0.0.0:16028}
[2019/10/09-10:04:52.738] [info] [shutdown-167] [org.eclipse.jetty.server.handler.ContextHandler]	Stopped o.e.j.s.ServletContextHandler@7e809b79{/,resource:/exa/bee/net/http2/htdocs,UNAVAILABLE}
[2019/10/09-10:04:52.739] [info] [shutdown-167] [org.eclipse.jetty.server.session]	node0 Stopped scavenging
[2019/10/09-10:04:52.840] [info] [shutdown-167] [bee.directory]	Stopping server 'default': service 'connectors-java0'
[2019/10/09-10:04:52.841] [info] [shutdown-167] [bee.directory]	Stopping server 'resourceshare_slave': service 'resourceshare'
[2019/10/09-10:04:52.841] [info] [shutdown-167] [bee.directory]	Stopping server 'resourceshare': HTTP server
[2019/10/09-10:04:52.849] [info] [shutdown-167] [org.eclipse.jetty.server.AbstractConnector]	Stopped 16029@7d7405cc{HTTP/1.1,[http/1.1]}{0.0.0.0:16029}
[2019/10/09-10:04:52.849] [info] [shutdown-167] [org.eclipse.jetty.server.handler.ContextHandler]	Stopped o.e.j.s.ServletContextHandler@482bce4f{/,null,UNAVAILABLE}
[2019/10/09-10:04:52.849] [info] [shutdown-167] [org.eclipse.jetty.server.session]	node0 Stopped scavenging
[2019/10/09-10:04:52.950] [info] [shutdown-167] [bee.directory]	Stopping server 'resourceshare': service 'resourceshareservice'
[2019/10/09-10:04:52.950] [info] [shutdown-167] [bee.directory]	Directory stopped
[2019/10/09-10:04:52.950] [info] [shutdown-167] [bee]	Runtime stopped
[2019/10/09-10:04:52.950] [fatal] [shutdown-167] [bee]	Exiting process
Exiting process now (Queen.java)
[2019/10/09-10:07:08.585] [info] [main] [exa.log]	Setting master level info
**********************************************************
[2019/10/09-10:07:08.599] [info] [main] [bee]	Process 13951 starting on mpllnx4032.mpl.michelin.com (mpllnx4032.mpl.michelin.com/10.216.104.82) as user dpmugbl0 with version V6R2019x.R2.99035
[2019/10/09-10:07:08.599] [info] [main] [bee]	 [args: java --key processName connectors-java0 --key hostname mpllnx4032.mpl.michelin.com --key installName cvdefault --key id -397421971 --ppid 13896 --configuration config:///version.xml --configuration config:///mercury.xml --key logToRunDir true ; directory: /busdata/dpmu/gbl0/data/cv/run/connectors-java0 ; architecture: amd64-linux ; kernel: "Linux version 3.10.0-1062.1.2.el7.x86_64 (mockbuild@x86-vm-27.build.eng.bos.redhat.com) (gcc version 4.8.5 20150623 (Red Hat 4.8.5-39) (GCC) ) #1 SMP Mon Sep 16 14:19:51 EDT 2019"]
[2019/10/09-10:07:08.654] [info] [main] [bee]	Loading root config file: config:///version.xml
[2019/10/09-10:07:08.685] [info] [main] [bee]	Loading root config file: config:///mercury.xml
Updating logging configuration
[2019/10/09-10:07:09.768] [info] [main] [exa.log]	Setting master level info
**********************************************************
[2019/10/09-10:07:09.769] [info] [main] [bee.directory]	Directory updated, reloading
[2019/10/09-10:07:09.770] [info] [main] [directory]	Loading directory
[2019/10/09-10:07:10.045] [info] [main] [bee.directory]	Directory loaded
[2019/10/09-10:07:10.045] [info] [main] [bee]	Configuration loaded, starting runtime
[2019/10/09-10:07:10.045] [info] [main] [directory]	Loading directory
[2019/10/09-10:07:10.095] [info] [main] [bee.directory]	Directory loaded
[2019/10/09-10:07:10.150] [info] [main] [org.eclipse.jetty.util.log]	Logging initialized @3285ms to org.eclipse.jetty.util.log.Slf4jLog
[2019/10/09-10:07:10.154] [info] [main] [bee.directory]	Configuring server 'resourceshare'
[2019/10/09-10:07:10.534] [info] [main] [bee.directory]	Mounting servlet 'com.exalead.ds.share2.http.ShareFLIS' on '/*'
[2019/10/09-10:07:10.588] [info] [main] [bee.directory]	Configuring server 'default'
[2019/10/09-10:07:10.592] [info] [main] [bee.directory]	Mounting Bee servlet 'com.exalead.connectors.server.ConnectorsServer' on '/connectors/connectors-java0/*'
[2019/10/09-10:07:10.647] [info] [main] [bee.directory]	Mounting servlet 'com.exalead.connectors.server.FetchServlet' on '/connectors/fetch/connectors-java0/*'
[2019/10/09-10:07:10.647] [info] [main] [bee.directory]	Mounting servlet 'com.exalead.bee.JavaRuntimeServlet' on '/java/*'
[2019/10/09-10:07:10.647] [info] [main] [bee.directory]	Mounting servlet 'com.exalead.bee.services.ProfilingServlet' on '/profiler/*'
[2019/10/09-10:07:10.658] [info] [main] [bee.directory]	Mounting servlet 'com.exalead.bee.services.IsAliveServlet' on '/isAlive/*'
[2019/10/09-10:07:10.659] [info] [main] [bee.directory]	Mounting Bee servlet 'com.exalead.bee.services.Log4EService' on '/log4e/mpllnx4032.mpl.michelin.com-cvdefault/connectors-java0/*'
[2019/10/09-10:07:10.698] [info] [main] [bee.directory]	Mounting Bee servlet 'com.exalead.bee.services.BeegistryUpdater' on '/beegistry/mpllnx4032.mpl.michelin.com-cvdefault/connectors-java0/*'
[2019/10/09-10:07:10.702] [info] [main] [bee.directory]	Configuring homepage
[2019/10/09-10:07:10.819] [info] [main] [bee.directory]	Starting server 'resourceshare': service 'resourceshareservice'
[2019/10/09-10:07:10.826] [info] [main] [bee.directory]	Starting server 'resourceshare': HTTP server on port 16029
[ShutdownMonitor] Not enabled (port < 0): -1
[2019/10/09-10:07:10.839] [info] [main] [org.eclipse.jetty.server.Server]	jetty-9.4.10.v20180503; built: 2018-05-03T15:56:21.710Z; git: daa59876e6f384329b122929e70a80934569428c; jvm 1.8.0_201-b09
[2019/10/09-10:07:11.029] [info] [main] [org.eclipse.jetty.server.session]	DefaultSessionIdManager workerName=node0
[2019/10/09-10:07:11.029] [info] [main] [org.eclipse.jetty.server.session]	No SessionScavenger set, using defaults
[2019/10/09-10:07:11.031] [info] [main] [org.eclipse.jetty.server.session]	node0 Scavenging every 660000ms
[2019/10/09-10:07:11.061] [warn] [main] [org.eclipse.jetty.security.SecurityHandler]	ServletContext@o.e.j.s.ServletContextHandler@482bce4f{/,null,STARTING} has uncovered http methods for path: /
[2019/10/09-10:07:11.082] [info] [main] [org.eclipse.jetty.server.handler.ContextHandler]	Started o.e.j.s.ServletContextHandler@482bce4f{/,null,AVAILABLE}
[2019/10/09-10:07:11.096] [info] [main] [org.eclipse.jetty.server.AbstractConnector]	Started 16029@15aab8c6{HTTP/1.1,[http/1.1]}{0.0.0.0:16029}
[2019/10/09-10:07:11.096] [info] [main] [org.eclipse.jetty.server.Server]	Started @4232ms
[2019/10/09-10:07:11.096] [info] [main] [bee.directory]	Starting server 'resourceshare_slave': service 'resourceshare'
[2019/10/09-10:07:11.096] [info] [main] [resourceshare]	Starting ResourceShare
[2019/10/09-10:07:11.218] [info] [main] [resourceshare]	Check update of group  plugins at serial 1570605201030
[2019/10/09-10:07:11.218] [info] [main] [resourceshare]	Syncing groups
[2019/10/09-10:07:11.387] [info] [main] [resourceshare]	Master is not yet up on http://mpllnx4032.mpl.michelin.com:16007/resourcemanager (Connection refused (Connection refused)), waiting ...
[2019/10/09-10:07:12.388] [info] [main] [resourceshare]	Master is not yet up on http://mpllnx4032.mpl.michelin.com:16007/resourcemanager (Connection refused (Connection refused)), waiting ...
[2019/10/09-10:07:12.720] [info] [464676531@jtp-resourceshare-1] [datashare]	share: Started datashare session on plugins
[2019/10/09-10:07:14.268] [info] [1311146128@jtp-resourceshare-0] [datashare]	share: Started datashare session on plugins
[2019/10/09-10:07:16.491] [info] [1682841577@jtp-resourceshare-5] [exa.io.datashare]	share: Switching DataShare to version 25
[2019/10/09-10:07:16.492] [info] [1682841577@jtp-resourceshare-5] [exa.io.datashare]	share: Garbage collecting datashare version 23
[2019/10/09-10:07:16.500] [info] [1682841577@jtp-resourceshare-5] [datashare]	share: Committed datashare session
[2019/10/09-10:07:16.507] [info] [main] [resourceshare]	Successfully synced groups
[2019/10/09-10:07:16.512] [info] [main] [resourceshare]	Loading plugins
[2019/10/09-10:07:16.513] [info] [main] [exa.plugins]	Refreshing plugins list
[2019/10/09-10:07:16.513] [info] [main] [plugins]	Listing plugins
[2019/10/09-10:07:16.513] [info] [main] [plugins]	NGRESOURCEPATH=/busdata/dpmu/gbl0/data/cv/bin/../resource/all-arch:/busapps/dpmu/gbl0/3DSpaceIndex/linux_a64/cv/tools/..//resource//all-arch:/busapps/dpmu/gbl0/3DSpaceIndex/linux_a64/cv/tools/..//resource//amd64-linux
[2019/10/09-10:07:16.514] [info] [main] [plugins]	scanning builtin plugins in /busdata/dpmu/gbl0/data/cv/bin/../resource/all-arch/builtin_plugins_deployed
[2019/10/09-10:07:16.563] [info] [main] [bee.directory]	Starting server 'default': service 'connectors-java0'
[2019/10/09-10:07:16.563] [info] [main] [connectors]	Starting
[2019/10/09-10:07:16.676] [info] [main] [connectors]	Configuring connectors server
[2019/10/09-10:07:17.233] [info] [main] [connectors]	Loaded connectors list: 0 connectors to load
[2019/10/09-10:07:17.233] [info] [main] [bee.directory]	Starting server 'default': HTTP server on port 16028
[ShutdownMonitor] Not enabled (port < 0): -1
[2019/10/09-10:07:17.233] [info] [main] [org.eclipse.jetty.server.Server]	jetty-9.4.10.v20180503; built: 2018-05-03T15:56:21.710Z; git: daa59876e6f384329b122929e70a80934569428c; jvm 1.8.0_201-b09
[2019/10/09-10:07:17.350] [info] [main] [org.eclipse.jetty.server.session]	DefaultSessionIdManager workerName=node0
[2019/10/09-10:07:17.350] [info] [main] [org.eclipse.jetty.server.session]	No SessionScavenger set, using defaults
[2019/10/09-10:07:17.350] [info] [main] [org.eclipse.jetty.server.session]	node0 Scavenging every 660000ms
[2019/10/09-10:07:17.369] [warn] [main] [org.eclipse.jetty.security.SecurityHandler]	ServletContext@o.e.j.s.ServletContextHandler@5cc126dc{/,resource:/exa/bee/net/http2/htdocs,STARTING} has uncovered http methods for path: /
[2019/10/09-10:07:17.377] [info] [main] [org.eclipse.jetty.server.handler.ContextHandler]	Started o.e.j.s.ServletContextHandler@5cc126dc{/,resource:/exa/bee/net/http2/htdocs,AVAILABLE}
[2019/10/09-10:07:17.378] [info] [main] [org.eclipse.jetty.server.AbstractConnector]	Started 16028@751d3241{HTTP/1.1,[http/1.1]}{0.0.0.0:16028}
[2019/10/09-10:07:17.378] [info] [main] [org.eclipse.jetty.server.Server]	Started @10515ms
[2019/10/09-10:07:17.379] [info] [main] [bee]	Runtime is started
[2019/10/09-11:26:05.015] [info] [1196963249@jtp-default-1] [bee]	Dynamic config update starting
[2019/10/09-11:26:05.016] [info] [1196963249@jtp-default-1] [connectors]	Configuring connectors server
[2019/10/09-11:26:05.040] [info] [1196963249@jtp-default-1] [connectors]	Loaded connectors list: 0 connectors to load
[2019/10/09-11:26:05.040] [info] [1196963249@jtp-default-1] [bee]	Dynamic config update done in 25ms
[2019/10/09-11:27:29.758] [info] [1196963249@jtp-default-1] [bee]	Dynamic config update starting
[2019/10/09-11:27:29.759] [info] [1196963249@jtp-default-1] [connectors]	Configuring connectors server
[2019/10/09-11:27:29.761] [info] [1196963249@jtp-default-1] [connectors]	Loaded connectors list: 0 connectors to load
[2019/10/09-11:27:29.761] [info] [1196963249@jtp-default-1] [bee]	Dynamic config update done in 3ms
[2019/10/10-00:00:00.021] [info] [1196963249@jtp-default-1] [exa.log.rotation]	Rotating standard log
Log4NG: rotating logs now
