[2019/11/06-00:00:00.091] [info] [438151297@jtp-default-1] [exa.log.rotation]	Rotating additional logs
[2019/11/06-08:24:37.486] [info] [438151297@jtp-default-1] [bee.runtime]	Exiting on StopRuntime request
[2019/11/06-08:24:37.487] [info] [438151297@jtp-default-1] [connectors]	Runtime is being stopped, aborting all connectors
[2019/11/06-08:24:37.489] [info] [shutdown-3349] [jaxb]	JAXB cache contains :sun.misc.Launcher$AppClassLoader@764c12b6__com.exalead.mercury.mami.resources.v10 (creation=1705ms, hits=1)
[2019/11/06-08:24:37.489] [info] [shutdown-3349] [jaxb]	JAXB cache contains :SGLoader@null__exa.bee (creation=387ms, hits=1381)
[2019/11/06-08:24:37.489] [info] [shutdown-3349] [jaxb]	JAXB cache contains :sun.misc.Launcher$AppClassLoader@764c12b6__com.exalead.mercury.mami.connect.v10 (creation=1816ms, hits=1)
[2019/11/06-08:24:38.496] [info] [shutdown-3349] [bee.directory]	Stopping server 'default': HTTP server
[2019/11/06-08:24:38.573] [info] [shutdown-3349] [org.eclipse.jetty.server.AbstractConnector]	Stopped 16028@18a3962d{HTTP/1.1,[http/1.1]}{0.0.0.0:16028}
[2019/11/06-08:24:38.577] [info] [shutdown-3349] [org.eclipse.jetty.server.handler.ContextHandler]	Stopped o.e.j.s.ServletContextHandler@3f2ef586{/,resource:/exa/bee/net/http2/htdocs,UNAVAILABLE}
[2019/11/06-08:24:38.581] [info] [shutdown-3349] [org.eclipse.jetty.server.session]	node0 Stopped scavenging
[2019/11/06-08:24:38.684] [info] [shutdown-3349] [bee.directory]	Stopping server 'default': service 'connectors-java0'
[2019/11/06-08:24:38.685] [info] [shutdown-3349] [bee.directory]	Stopping server 'resourceshare_slave': service 'resourceshare'
[2019/11/06-08:24:38.685] [info] [shutdown-3349] [bee.directory]	Stopping server 'resourceshare': HTTP server
[2019/11/06-08:24:38.687] [info] [shutdown-3349] [org.eclipse.jetty.server.AbstractConnector]	Stopped 16029@15aab8c6{HTTP/1.1,[http/1.1]}{0.0.0.0:16029}
[2019/11/06-08:24:38.688] [info] [shutdown-3349] [org.eclipse.jetty.server.handler.ContextHandler]	Stopped o.e.j.s.ServletContextHandler@482bce4f{/,null,UNAVAILABLE}
[2019/11/06-08:24:38.688] [info] [shutdown-3349] [org.eclipse.jetty.server.session]	node0 Stopped scavenging
[2019/11/06-08:24:38.795] [info] [shutdown-3349] [bee.directory]	Stopping server 'resourceshare': service 'resourceshareservice'
[2019/11/06-08:24:38.796] [info] [shutdown-3349] [bee.directory]	Directory stopped
[2019/11/06-08:24:38.796] [info] [shutdown-3349] [bee]	Runtime stopped
[2019/11/06-08:24:38.796] [fatal] [shutdown-3349] [bee]	Exiting process
Exiting process now (Queen.java)
