[2019/11/01-00:00:00.219] [info] [1336775847@jtp-default-0] [exa.log.rotation]	Rotating additional logs
Unclean shutdown detected.
The thread which requested the exit appears to be 'SIGHUP handler'
Dump of all threads stacks:
RMI TCP Accept-16034 (11):
	java.net.PlainSocketImpl.socketAccept(Native Method)
	java.net.AbstractPlainSocketImpl.accept(AbstractPlainSocketImpl.java:409)
	java.net.ServerSocket.implAccept(ServerSocket.java:545)
	java.net.ServerSocket.accept(ServerSocket.java:513)
	sun.rmi.transport.tcp.TCPTransport$AcceptLoop.executeAcceptLoop(TCPTransport.java:405)
	sun.rmi.transport.tcp.TCPTransport$AcceptLoop.run(TCPTransport.java:377)
	java.lang.Thread.run(Thread.java:748)
SIGHUP handler (39217):
	java.lang.Shutdown.exit(Shutdown.java:212)
	java.lang.Terminator$1.handle(Terminator.java:52)
	sun.misc.Signal$1.run(Signal.java:212)
	java.lang.Thread.run(Thread.java:748)
Scheduler-893504292 (21):
	sun.misc.Unsafe.park(Native Method)
	java.util.concurrent.locks.LockSupport.parkNanos(LockSupport.java:215)
	java.util.concurrent.locks.AbstractQueuedSynchronizer$ConditionObject.awaitNanos(AbstractQueuedSynchronizer.java:2078)
	java.util.concurrent.ScheduledThreadPoolExecutor$DelayedWorkQueue.take(ScheduledThreadPoolExecutor.java:1093)
	java.util.concurrent.ScheduledThreadPoolExecutor$DelayedWorkQueue.take(ScheduledThreadPoolExecutor.java:809)
	java.util.concurrent.ThreadPoolExecutor.getTask(ThreadPoolExecutor.java:1074)
	java.util.concurrent.ThreadPoolExecutor.runWorker(ThreadPoolExecutor.java:1134)
	java.util.concurrent.ThreadPoolExecutor$Worker.run(ThreadPoolExecutor.java:624)
	java.lang.Thread.run(Thread.java:748)
RMI TCP Accept-0 (12):
	java.net.PlainSocketImpl.socketAccept(Native Method)
	java.net.AbstractPlainSocketImpl.accept(AbstractPlainSocketImpl.java:409)
	java.net.ServerSocket.implAccept(ServerSocket.java:545)
	java.net.ServerSocket.accept(ServerSocket.java:513)
	sun.management.jmxremote.LocalRMIServerSocketFactory$1.accept(LocalRMIServerSocketFactory.java:52)
	sun.rmi.transport.tcp.TCPTransport$AcceptLoop.executeAcceptLoop(TCPTransport.java:405)
	sun.rmi.transport.tcp.TCPTransport$AcceptLoop.run(TCPTransport.java:377)
	java.lang.Thread.run(Thread.java:748)
RMI Scheduler(0) (38):
	sun.misc.Unsafe.park(Native Method)
	java.util.concurrent.locks.LockSupport.parkNanos(LockSupport.java:215)
	java.util.concurrent.locks.AbstractQueuedSynchronizer$ConditionObject.awaitNanos(AbstractQueuedSynchronizer.java:2078)
	java.util.concurrent.ScheduledThreadPoolExecutor$DelayedWorkQueue.take(ScheduledThreadPoolExecutor.java:1093)
	java.util.concurrent.ScheduledThreadPoolExecutor$DelayedWorkQueue.take(ScheduledThreadPoolExecutor.java:809)
	java.util.concurrent.ThreadPoolExecutor.getTask(ThreadPoolExecutor.java:1074)
	java.util.concurrent.ThreadPoolExecutor.runWorker(ThreadPoolExecutor.java:1134)
	java.util.concurrent.ThreadPoolExecutor$Worker.run(ThreadPoolExecutor.java:624)
	java.lang.Thread.run(Thread.java:748)
RMI TCP Accept-0 (10):
	java.net.PlainSocketImpl.socketAccept(Native Method)
	java.net.AbstractPlainSocketImpl.accept(AbstractPlainSocketImpl.java:409)
	java.net.ServerSocket.implAccept(ServerSocket.java:545)
	java.net.ServerSocket.accept(ServerSocket.java:513)
	sun.rmi.transport.tcp.TCPTransport$AcceptLoop.executeAcceptLoop(TCPTransport.java:405)
	sun.rmi.transport.tcp.TCPTransport$AcceptLoop.run(TCPTransport.java:377)
	java.lang.Thread.run(Thread.java:748)
RMI TCP Connection(74434)-10.216.104.82 (39197):
	java.net.SocketInputStream.socketRead0(Native Method)
	java.net.SocketInputStream.socketRead(SocketInputStream.java:116)
	java.net.SocketInputStream.read(SocketInputStream.java:171)
	java.net.SocketInputStream.read(SocketInputStream.java:141)
	java.io.BufferedInputStream.fill(BufferedInputStream.java:246)
	java.io.BufferedInputStream.read(BufferedInputStream.java:265)
	java.io.FilterInputStream.read(FilterInputStream.java:83)
	sun.rmi.transport.tcp.TCPTransport.handleMessages(TCPTransport.java:555)
	sun.rmi.transport.tcp.TCPTransport$ConnectionHandler.run0(TCPTransport.java:834)
	sun.rmi.transport.tcp.TCPTransport$ConnectionHandler.lambda$run$0(TCPTransport.java:688)
	sun.rmi.transport.tcp.TCPTransport$ConnectionHandler$$Lambda$39/1725397141.run(Unknown Source)
	java.security.AccessController.doPrivileged(Native Method)
	sun.rmi.transport.tcp.TCPTransport$ConnectionHandler.run(TCPTransport.java:687)
	java.util.concurrent.ThreadPoolExecutor.runWorker(ThreadPoolExecutor.java:1149)
	java.util.concurrent.ThreadPoolExecutor$Worker.run(ThreadPoolExecutor.java:624)
	java.lang.Thread.run(Thread.java:748)
812446698@jtp-resourceshare-2-acceptor-0@7855a89-16029@15aab8c6{HTTP/1.1,[http/1.1]}{0.0.0.0:16029} (18):
	sun.nio.ch.ServerSocketChannelImpl.accept0(Native Method)
	sun.nio.ch.ServerSocketChannelImpl.accept(ServerSocketChannelImpl.java:422)
	sun.nio.ch.ServerSocketChannelImpl.accept(ServerSocketChannelImpl.java:250)
	org.eclipse.jetty.server.ServerConnector.accept(ServerConnector.java:378)
	org.eclipse.jetty.server.AbstractConnector$Acceptor.run(AbstractConnector.java:639)
	com.exalead.jetty.RegularSynchronizationQueuedThreadPool$PoolThread.run(RegularSynchronizationQueuedThreadPool.java:550)
parent pid 13896 watchdog (14):
	java.lang.Thread.sleep(Native Method)
	com.exalead.bee.Queen$1.run(Queen.java:611)
	java.lang.Thread.run(Thread.java:748)
1336775847@jtp-default-0 (29):
	java.nio.channels.spi.AbstractSelector.cancel(AbstractSelector.java:92)
	java.nio.channels.spi.AbstractSelectionKey.cancel(AbstractSelectionKey.java:73)
	java.nio.channels.spi.AbstractSelectableChannel.implCloseChannel(AbstractSelectableChannel.java:240)
	java.nio.channels.spi.AbstractInterruptibleChannel.close(AbstractInterruptibleChannel.java:115)
	org.eclipse.jetty.io.ChannelEndPoint.doClose(ChannelEndPoint.java:199)
	org.eclipse.jetty.io.AbstractEndPoint.doOnClose(AbstractEndPoint.java:220)
	org.eclipse.jetty.io.AbstractEndPoint.close(AbstractEndPoint.java:192)
	org.eclipse.jetty.io.AbstractEndPoint.close(AbstractEndPoint.java:175)
	org.eclipse.jetty.io.AbstractConnection.close(AbstractConnection.java:224)
	org.eclipse.jetty.server.HttpChannelOverHttp.earlyEOF(HttpChannelOverHttp.java:234)
	org.eclipse.jetty.http.HttpParser.parseNext(HttpParser.java:1476)
	org.eclipse.jetty.server.HttpConnection.parseRequestBuffer(HttpConnection.java:360)
	org.eclipse.jetty.server.HttpConnection.onFillable(HttpConnection.java:250)
	org.eclipse.jetty.io.AbstractConnection$ReadCallback.succeeded(AbstractConnection.java:281)
	org.eclipse.jetty.io.FillInterest.fillable(FillInterest.java:102)
	org.eclipse.jetty.io.ChannelEndPoint$2.run(ChannelEndPoint.java:118)
	com.exalead.jetty.RegularSynchronizationQueuedThreadPool$PoolThread.run(RegularSynchronizationQueuedThreadPool.java:550)
MultiThreadedHttpConnectionManager cleanup (22):
	java.lang.Object.wait(Native Method)
	java.lang.ref.ReferenceQueue.remove(ReferenceQueue.java:144)
	java.lang.ref.ReferenceQueue.remove(ReferenceQueue.java:165)
	org.apache.commons.httpclient.MultiThreadedHttpConnectionManager$ReferenceQueueThread.run(Unknown Source)
Finalizer (3):
	java.lang.Object.wait(Native Method)
	java.lang.ref.ReferenceQueue.remove(ReferenceQueue.java:144)
	java.lang.ref.ReferenceQueue.remove(ReferenceQueue.java:165)
	java.lang.ref.Finalizer$FinalizerThread.run(Finalizer.java:216)
Signal Dispatcher (4):
1642876322@jtp-resourceshare-14 (138):
	java.lang.Object.wait(Native Method)
	com.exalead.jetty.RegularSynchronizationQueuedThreadPool$PoolThread.run(RegularSynchronizationQueuedThreadPool.java:593)
1902801188@jtp-default-4 (33):
	sun.nio.ch.EPollArrayWrapper.epollWait(Native Method)
	sun.nio.ch.EPollArrayWrapper.poll(EPollArrayWrapper.java:269)
	sun.nio.ch.EPollSelectorImpl.doSelect(EPollSelectorImpl.java:93)
	sun.nio.ch.SelectorImpl.lockAndDoSelect(SelectorImpl.java:86)
	sun.nio.ch.SelectorImpl.select(SelectorImpl.java:97)
	sun.nio.ch.SelectorImpl.select(SelectorImpl.java:101)
	org.eclipse.jetty.io.ManagedSelector$SelectorProducer.select(ManagedSelector.java:396)
	org.eclipse.jetty.io.ManagedSelector$SelectorProducer.produce(ManagedSelector.java:333)
	org.eclipse.jetty.util.thread.strategy.EatWhatYouKill.produceTask(EatWhatYouKill.java:357)
	org.eclipse.jetty.util.thread.strategy.EatWhatYouKill.doProduce(EatWhatYouKill.java:181)
	org.eclipse.jetty.util.thread.strategy.EatWhatYouKill.tryProduce(EatWhatYouKill.java:168)
	org.eclipse.jetty.util.thread.strategy.EatWhatYouKill.produce(EatWhatYouKill.java:132)
	org.eclipse.jetty.io.ManagedSelector$$Lambda$19/702061917.run(Unknown Source)
	com.exalead.jetty.RegularSynchronizationQueuedThreadPool$PoolThread.run(RegularSynchronizationQueuedThreadPool.java:550)
737077247@jtp-resourceshare-3 (19):
	sun.nio.ch.EPollArrayWrapper.epollWait(Native Method)
	sun.nio.ch.EPollArrayWrapper.poll(EPollArrayWrapper.java:269)
	sun.nio.ch.EPollSelectorImpl.doSelect(EPollSelectorImpl.java:93)
	sun.nio.ch.SelectorImpl.lockAndDoSelect(SelectorImpl.java:86)
	sun.nio.ch.SelectorImpl.select(SelectorImpl.java:97)
	sun.nio.ch.SelectorImpl.select(SelectorImpl.java:101)
	org.eclipse.jetty.io.ManagedSelector$SelectorProducer.select(ManagedSelector.java:396)
	org.eclipse.jetty.io.ManagedSelector$SelectorProducer.produce(ManagedSelector.java:333)
	org.eclipse.jetty.util.thread.strategy.EatWhatYouKill.produceTask(EatWhatYouKill.java:357)
	org.eclipse.jetty.util.thread.strategy.EatWhatYouKill.doProduce(EatWhatYouKill.java:181)
	org.eclipse.jetty.util.thread.strategy.EatWhatYouKill.tryProduce(EatWhatYouKill.java:168)
	org.eclipse.jetty.util.thread.strategy.EatWhatYouKill.produce(EatWhatYouKill.java:132)
	org.eclipse.jetty.io.ManagedSelector$$Lambda$19/702061917.run(Unknown Source)
	com.exalead.jetty.RegularSynchronizationQueuedThreadPool$PoolThread.run(RegularSynchronizationQueuedThreadPool.java:550)
RMI TCP Connection(74433)-10.216.104.82 (39213):
	java.net.SocketInputStream.socketRead0(Native Method)
	java.net.SocketInputStream.socketRead(SocketInputStream.java:116)
	java.net.SocketInputStream.read(SocketInputStream.java:171)
	java.net.SocketInputStream.read(SocketInputStream.java:141)
	java.io.BufferedInputStream.fill(BufferedInputStream.java:246)
	java.io.BufferedInputStream.read(BufferedInputStream.java:265)
	java.io.FilterInputStream.read(FilterInputStream.java:83)
	sun.rmi.transport.tcp.TCPTransport.handleMessages(TCPTransport.java:555)
	sun.rmi.transport.tcp.TCPTransport$ConnectionHandler.run0(TCPTransport.java:834)
	sun.rmi.transport.tcp.TCPTransport$ConnectionHandler.lambda$run$0(TCPTransport.java:688)
	sun.rmi.transport.tcp.TCPTransport$ConnectionHandler$$Lambda$39/1725397141.run(Unknown Source)
	java.security.AccessController.doPrivileged(Native Method)
	sun.rmi.transport.tcp.TCPTransport$ConnectionHandler.run(TCPTransport.java:687)
	java.util.concurrent.ThreadPoolExecutor.runWorker(ThreadPoolExecutor.java:1149)
	java.util.concurrent.ThreadPoolExecutor$Worker.run(ThreadPoolExecutor.java:624)
	java.lang.Thread.run(Thread.java:748)
SIGTERM handler (39218):
	java.lang.Object.wait(Native Method)
	java.lang.Thread.join(Thread.java:1252)
	java.lang.Thread.join(Thread.java:1326)
	java.lang.ApplicationShutdownHooks.runHooks(ApplicationShutdownHooks.java:107)
	java.lang.ApplicationShutdownHooks$1.run(ApplicationShutdownHooks.java:46)
	java.lang.Shutdown.runHooks(Shutdown.java:123)
	java.lang.Shutdown.sequence(Shutdown.java:167)
	java.lang.Shutdown.exit(Shutdown.java:212)
	java.lang.Terminator$1.handle(Terminator.java:52)
	sun.misc.Signal$1.run(Signal.java:212)
	java.lang.Thread.run(Thread.java:748)
Scheduler-577127077 (34):
	sun.misc.Unsafe.park(Native Method)
	java.util.concurrent.locks.LockSupport.parkNanos(LockSupport.java:215)
	java.util.concurrent.locks.AbstractQueuedSynchronizer$ConditionObject.awaitNanos(AbstractQueuedSynchronizer.java:2078)
	java.util.concurrent.ScheduledThreadPoolExecutor$DelayedWorkQueue.take(ScheduledThreadPoolExecutor.java:1093)
	java.util.concurrent.ScheduledThreadPoolExecutor$DelayedWorkQueue.take(ScheduledThreadPoolExecutor.java:809)
	java.util.concurrent.ThreadPoolExecutor.getTask(ThreadPoolExecutor.java:1074)
	java.util.concurrent.ThreadPoolExecutor.runWorker(ThreadPoolExecutor.java:1134)
	java.util.concurrent.ThreadPoolExecutor$Worker.run(ThreadPoolExecutor.java:624)
	java.lang.Thread.run(Thread.java:748)
1663488386@jtp-default-2-acceptor-0@333bc0a5-16028@751d3241{HTTP/1.1,[http/1.1]}{0.0.0.0:16028} (31):
	sun.nio.ch.ServerSocketChannelImpl.accept0(Native Method)
	sun.nio.ch.ServerSocketChannelImpl.accept(ServerSocketChannelImpl.java:422)
	sun.nio.ch.ServerSocketChannelImpl.accept(ServerSocketChannelImpl.java:250)
	org.eclipse.jetty.server.ServerConnector.accept(ServerConnector.java:378)
	org.eclipse.jetty.server.AbstractConnector$Acceptor.run(AbstractConnector.java:639)
	com.exalead.jetty.RegularSynchronizationQueuedThreadPool$PoolThread.run(RegularSynchronizationQueuedThreadPool.java:550)
1362546706@jtp-resourceshare-4 (20):
	sun.nio.ch.EPollArrayWrapper.epollWait(Native Method)
	sun.nio.ch.EPollArrayWrapper.poll(EPollArrayWrapper.java:269)
	sun.nio.ch.EPollSelectorImpl.doSelect(EPollSelectorImpl.java:93)
	sun.nio.ch.SelectorImpl.lockAndDoSelect(SelectorImpl.java:86)
	sun.nio.ch.SelectorImpl.select(SelectorImpl.java:97)
	sun.nio.ch.SelectorImpl.select(SelectorImpl.java:101)
	org.eclipse.jetty.io.ManagedSelector$SelectorProducer.select(ManagedSelector.java:396)
	org.eclipse.jetty.io.ManagedSelector$SelectorProducer.produce(ManagedSelector.java:333)
	org.eclipse.jetty.util.thread.strategy.EatWhatYouKill.produceTask(EatWhatYouKill.java:357)
	org.eclipse.jetty.util.thread.strategy.EatWhatYouKill.doProduce(EatWhatYouKill.java:181)
	org.eclipse.jetty.util.thread.strategy.EatWhatYouKill.tryProduce(EatWhatYouKill.java:168)
	org.eclipse.jetty.util.thread.strategy.EatWhatYouKill.produce(EatWhatYouKill.java:132)
	org.eclipse.jetty.io.ManagedSelector$$Lambda$19/702061917.run(Unknown Source)
	com.exalead.jetty.RegularSynchronizationQueuedThreadPool$PoolThread.run(RegularSynchronizationQueuedThreadPool.java:550)
1380044647@jtp-default-3 (32):
	sun.nio.ch.EPollArrayWrapper.epollWait(Native Method)
	sun.nio.ch.EPollArrayWrapper.poll(EPollArrayWrapper.java:269)
	sun.nio.ch.EPollSelectorImpl.doSelect(EPollSelectorImpl.java:93)
	sun.nio.ch.SelectorImpl.lockAndDoSelect(SelectorImpl.java:86)
	sun.nio.ch.SelectorImpl.select(SelectorImpl.java:97)
	sun.nio.ch.SelectorImpl.select(SelectorImpl.java:101)
	org.eclipse.jetty.io.ManagedSelector$SelectorProducer.select(ManagedSelector.java:396)
	org.eclipse.jetty.io.ManagedSelector$SelectorProducer.produce(ManagedSelector.java:333)
	org.eclipse.jetty.util.thread.strategy.EatWhatYouKill.produceTask(EatWhatYouKill.java:357)
	org.eclipse.jetty.util.thread.strategy.EatWhatYouKill.doProduce(EatWhatYouKill.java:181)
	org.eclipse.jetty.util.thread.strategy.EatWhatYouKill.tryProduce(EatWhatYouKill.java:168)
	org.eclipse.jetty.util.thread.strategy.EatWhatYouKill.produce(EatWhatYouKill.java:132)
	org.eclipse.jetty.io.ManagedSelector$$Lambda$19/702061917.run(Unknown Source)
	com.exalead.jetty.RegularSynchronizationQueuedThreadPool$PoolThread.run(RegularSynchronizationQueuedThreadPool.java:550)
1196963249@jtp-default-1 (30):
	java.lang.Object.wait(Native Method)
	com.exalead.jetty.RegularSynchronizationQueuedThreadPool$PoolThread.run(RegularSynchronizationQueuedThreadPool.java:593)
GlobalLogFlusher-15 (15):
	sun.misc.Unsafe.park(Native Method)
	java.util.concurrent.locks.LockSupport.park(LockSupport.java:175)
	java.util.concurrent.locks.AbstractQueuedSynchronizer$ConditionObject.await(AbstractQueuedSynchronizer.java:2039)
	java.util.concurrent.ArrayBlockingQueue.take(ArrayBlockingQueue.java:403)
	com.exalead.util.GlobalLogHelper$Thread.run(GlobalLogHelper.java:88)
DestroyJavaVM (35):
1311146128@jtp-resourceshare-0 (16):
	java.lang.Object.wait(Native Method)
	com.exalead.jetty.RegularSynchronizationQueuedThreadPool$PoolThread.run(RegularSynchronizationQueuedThreadPool.java:593)
Scheduler-371439501 (23):
	sun.misc.Unsafe.park(Native Method)
	java.util.concurrent.locks.LockSupport.park(LockSupport.java:175)
	java.util.concurrent.locks.AbstractQueuedSynchronizer$ConditionObject.await(AbstractQueuedSynchronizer.java:2039)
	java.util.concurrent.ScheduledThreadPoolExecutor$DelayedWorkQueue.take(ScheduledThreadPoolExecutor.java:1081)
	java.util.concurrent.ScheduledThreadPoolExecutor$DelayedWorkQueue.take(ScheduledThreadPoolExecutor.java:809)
	java.util.concurrent.ThreadPoolExecutor.getTask(ThreadPoolExecutor.java:1074)
	java.util.concurrent.ThreadPoolExecutor.runWorker(ThreadPoolExecutor.java:1134)
	java.util.concurrent.ThreadPoolExecutor$Worker.run(ThreadPoolExecutor.java:624)
	java.lang.Thread.run(Thread.java:748)
Scheduler-1710989308 (36):
	sun.misc.Unsafe.park(Native Method)
	java.util.concurrent.locks.LockSupport.parkNanos(LockSupport.java:215)
	java.util.concurrent.locks.AbstractQueuedSynchronizer$ConditionObject.awaitNanos(AbstractQueuedSynchronizer.java:2078)
	java.util.concurrent.ScheduledThreadPoolExecutor$DelayedWorkQueue.take(ScheduledThreadPoolExecutor.java:1093)
	java.util.concurrent.ScheduledThreadPoolExecutor$DelayedWorkQueue.take(ScheduledThreadPoolExecutor.java:809)
	java.util.concurrent.ThreadPoolExecutor.getTask(ThreadPoolExecutor.java:1074)
	java.util.concurrent.ThreadPoolExecutor.runWorker(ThreadPoolExecutor.java:1134)
	java.util.concurrent.ThreadPoolExecutor$Worker.run(ThreadPoolExecutor.java:624)
	java.lang.Thread.run(Thread.java:748)
Reference Handler (2):
	java.lang.Object.wait(Native Method)
	java.lang.Object.wait(Object.java:502)
	java.lang.ref.Reference.tryHandlePending(Reference.java:191)
	java.lang.ref.Reference$ReferenceHandler.run(Reference.java:153)
[2019/11/04-10:26:45.332] [info] [main] [exa.log]	Setting master level info
**********************************************************
[2019/11/04-10:26:45.364] [info] [main] [bee]	Process 10710 starting on mpllnx4032.mpl.michelin.com (mpllnx4032.mpl.michelin.com/10.216.104.82) as user dpmugbl0 with version V6R2019x.R2.99035
[2019/11/04-10:26:45.364] [info] [main] [bee]	 [args: java --key processName connectors-java0 --key hostname mpllnx4032.mpl.michelin.com --key installName cvdefault --key id -397421971 --ppid 10654 --configuration config:///version.xml --configuration config:///mercury.xml --key logToRunDir true ; directory: /busdata/dpmu/gbl0/data/cv/run/connectors-java0 ; architecture: amd64-linux ; kernel: "Linux version 3.10.0-1062.4.1.el7.x86_64 (mockbuild@x86-vm-27.build.eng.bos.redhat.com) (gcc version 4.8.5 20150623 (Red Hat 4.8.5-39) (GCC) ) #1 SMP Wed Sep 25 09:42:57 EDT 2019"]
[2019/11/04-10:26:45.378] [info] [main] [bee]	Loading root config file: config:///version.xml
[2019/11/04-10:26:45.552] [info] [main] [bee]	Loading root config file: config:///mercury.xml
Updating logging configuration
[2019/11/04-10:26:47.165] [info] [main] [exa.log]	Setting master level info
**********************************************************
[2019/11/04-10:26:47.165] [info] [main] [bee.directory]	Directory updated, reloading
[2019/11/04-10:26:47.166] [info] [main] [directory]	Loading directory
[2019/11/04-10:26:47.354] [info] [main] [bee.directory]	Directory loaded
[2019/11/04-10:26:47.354] [info] [main] [bee]	Configuration loaded, starting runtime
[2019/11/04-10:26:47.354] [info] [main] [directory]	Loading directory
[2019/11/04-10:26:47.433] [info] [main] [bee.directory]	Directory loaded
[2019/11/04-10:26:47.489] [info] [main] [org.eclipse.jetty.util.log]	Logging initialized @6318ms to org.eclipse.jetty.util.log.Slf4jLog
[2019/11/04-10:26:47.492] [info] [main] [bee.directory]	Configuring server 'resourceshare'
[2019/11/04-10:26:47.662] [info] [main] [bee.directory]	Mounting servlet 'com.exalead.ds.share2.http.ShareFLIS' on '/*'
[2019/11/04-10:26:47.685] [info] [main] [bee.directory]	Configuring server 'default'
[2019/11/04-10:26:47.685] [info] [main] [bee.directory]	Mounting Bee servlet 'com.exalead.connectors.server.ConnectorsServer' on '/connectors/connectors-java0/*'
[2019/11/04-10:26:47.728] [info] [main] [bee.directory]	Mounting servlet 'com.exalead.connectors.server.FetchServlet' on '/connectors/fetch/connectors-java0/*'
[2019/11/04-10:26:47.728] [info] [main] [bee.directory]	Mounting servlet 'com.exalead.bee.JavaRuntimeServlet' on '/java/*'
[2019/11/04-10:26:47.728] [info] [main] [bee.directory]	Mounting servlet 'com.exalead.bee.services.ProfilingServlet' on '/profiler/*'
[2019/11/04-10:26:47.729] [info] [main] [bee.directory]	Mounting servlet 'com.exalead.bee.services.IsAliveServlet' on '/isAlive/*'
[2019/11/04-10:26:47.729] [info] [main] [bee.directory]	Mounting Bee servlet 'com.exalead.bee.services.Log4EService' on '/log4e/mpllnx4032.mpl.michelin.com-cvdefault/connectors-java0/*'
[2019/11/04-10:26:47.731] [info] [main] [bee.directory]	Mounting Bee servlet 'com.exalead.bee.services.BeegistryUpdater' on '/beegistry/mpllnx4032.mpl.michelin.com-cvdefault/connectors-java0/*'
[2019/11/04-10:26:47.732] [info] [main] [bee.directory]	Configuring homepage
[2019/11/04-10:26:47.999] [info] [main] [bee.directory]	Starting server 'resourceshare': service 'resourceshareservice'
[2019/11/04-10:26:48.002] [info] [main] [bee.directory]	Starting server 'resourceshare': HTTP server on port 16029
[ShutdownMonitor] Not enabled (port < 0): -1
[2019/11/04-10:26:48.080] [info] [main] [org.eclipse.jetty.server.Server]	jetty-9.4.10.v20180503; built: 2018-05-03T15:56:21.710Z; git: daa59876e6f384329b122929e70a80934569428c; jvm 1.8.0_201-b09
[2019/11/04-10:26:48.431] [info] [main] [org.eclipse.jetty.server.session]	DefaultSessionIdManager workerName=node0
[2019/11/04-10:26:48.431] [info] [main] [org.eclipse.jetty.server.session]	No SessionScavenger set, using defaults
[2019/11/04-10:26:48.435] [info] [main] [org.eclipse.jetty.server.session]	node0 Scavenging every 600000ms
[2019/11/04-10:26:48.526] [warn] [main] [org.eclipse.jetty.security.SecurityHandler]	ServletContext@o.e.j.s.ServletContextHandler@482bce4f{/,null,STARTING} has uncovered http methods for path: /
[2019/11/04-10:26:48.572] [info] [main] [org.eclipse.jetty.server.handler.ContextHandler]	Started o.e.j.s.ServletContextHandler@482bce4f{/,null,AVAILABLE}
[2019/11/04-10:26:48.636] [info] [main] [org.eclipse.jetty.server.AbstractConnector]	Started 16029@15aab8c6{HTTP/1.1,[http/1.1]}{0.0.0.0:16029}
[2019/11/04-10:26:48.636] [info] [main] [org.eclipse.jetty.server.Server]	Started @7466ms
[2019/11/04-10:26:48.636] [info] [main] [bee.directory]	Starting server 'resourceshare_slave': service 'resourceshare'
[2019/11/04-10:26:48.636] [info] [main] [resourceshare]	Starting ResourceShare
[2019/11/04-10:26:48.813] [info] [main] [resourceshare]	Check update of group  plugins at serial 1570608434269
[2019/11/04-10:26:48.813] [info] [main] [resourceshare]	Syncing groups
[2019/11/04-10:26:49.278] [info] [main] [resourceshare]	Master is not yet up on http://mpllnx4032.mpl.michelin.com:16007/resourcemanager (Connection refused (Connection refused)), waiting ...
[2019/11/04-10:26:50.280] [info] [main] [resourceshare]	Master is not yet up on http://mpllnx4032.mpl.michelin.com:16007/resourcemanager (Connection refused (Connection refused)), waiting ...
[2019/11/04-10:26:51.281] [info] [main] [resourceshare]	Master is not yet up on http://mpllnx4032.mpl.michelin.com:16007/resourcemanager (Connection refused (Connection refused)), waiting ...
[2019/11/04-10:26:52.283] [info] [main] [resourceshare]	Master is not yet up on http://mpllnx4032.mpl.michelin.com:16007/resourcemanager (Connection refused (Connection refused)), waiting ...
[2019/11/04-10:26:52.443] [info] [464676531@jtp-resourceshare-1] [datashare]	share: Started datashare session on plugins
[2019/11/04-10:26:55.132] [info] [1311146128@jtp-resourceshare-0] [datashare]	share: Started datashare session on plugins
[2019/11/04-10:26:58.560] [info] [662679077@jtp-resourceshare-8] [exa.io.datashare]	share: Switching DataShare to version 27
[2019/11/04-10:26:58.560] [info] [662679077@jtp-resourceshare-8] [exa.io.datashare]	share: Garbage collecting datashare version 25
[2019/11/04-10:26:58.575] [info] [662679077@jtp-resourceshare-8] [datashare]	share: Committed datashare session
[2019/11/04-10:26:58.584] [info] [main] [resourceshare]	Successfully synced groups
[2019/11/04-10:26:58.587] [info] [main] [resourceshare]	Loading plugins
[2019/11/04-10:26:58.587] [info] [main] [exa.plugins]	Refreshing plugins list
[2019/11/04-10:26:58.587] [info] [main] [plugins]	Listing plugins
[2019/11/04-10:26:58.588] [info] [main] [plugins]	NGRESOURCEPATH=/busdata/dpmu/gbl0/data/cv/bin/../resource/all-arch:/busapps/dpmu/gbl0/3DSpaceIndex/linux_a64/cv/tools/..//resource//all-arch:/busapps/dpmu/gbl0/3DSpaceIndex/linux_a64/cv/tools/..//resource//amd64-linux
[2019/11/04-10:26:58.589] [info] [main] [plugins]	scanning builtin plugins in /busdata/dpmu/gbl0/data/cv/bin/../resource/all-arch/builtin_plugins_deployed
[2019/11/04-10:26:59.053] [info] [main] [bee.directory]	Starting server 'default': service 'connectors-java0'
[2019/11/04-10:26:59.053] [info] [main] [connectors]	Starting
[2019/11/04-10:26:59.424] [info] [main] [connectors]	Configuring connectors server
[2019/11/04-10:27:01.277] [info] [main] [connectors]	Loaded connectors list: 0 connectors to load
[2019/11/04-10:27:01.277] [info] [main] [bee.directory]	Starting server 'default': HTTP server on port 16028
[ShutdownMonitor] Not enabled (port < 0): -1
[2019/11/04-10:27:01.277] [info] [main] [org.eclipse.jetty.server.Server]	jetty-9.4.10.v20180503; built: 2018-05-03T15:56:21.710Z; git: daa59876e6f384329b122929e70a80934569428c; jvm 1.8.0_201-b09
[2019/11/04-10:27:01.450] [info] [main] [org.eclipse.jetty.server.session]	DefaultSessionIdManager workerName=node0
[2019/11/04-10:27:01.450] [info] [main] [org.eclipse.jetty.server.session]	No SessionScavenger set, using defaults
[2019/11/04-10:27:01.451] [info] [main] [org.eclipse.jetty.server.session]	node0 Scavenging every 660000ms
[2019/11/04-10:27:01.479] [warn] [main] [org.eclipse.jetty.security.SecurityHandler]	ServletContext@o.e.j.s.ServletContextHandler@3f2ef586{/,resource:/exa/bee/net/http2/htdocs,STARTING} has uncovered http methods for path: /
[2019/11/04-10:27:01.513] [info] [main] [org.eclipse.jetty.server.handler.ContextHandler]	Started o.e.j.s.ServletContextHandler@3f2ef586{/,resource:/exa/bee/net/http2/htdocs,AVAILABLE}
[2019/11/04-10:27:01.514] [info] [main] [org.eclipse.jetty.server.AbstractConnector]	Started 16028@18a3962d{HTTP/1.1,[http/1.1]}{0.0.0.0:16028}
[2019/11/04-10:27:01.514] [info] [main] [org.eclipse.jetty.server.Server]	Started @20344ms
[2019/11/04-10:27:01.583] [info] [main] [bee]	Runtime is started
[2019/11/05-00:00:00.116] [info] [438151297@jtp-default-1] [exa.log.rotation]	Rotating standard log
Log4NG: rotating logs now
