[2019/10/08-16:54:25.271] [info] [main] [exa.log]	Setting master level info
**********************************************************
[2019/10/08-16:54:25.277] [info] [main] [bee]	Process 34133 starting on mpllnx4032.mpl.michelin.com (mpllnx4032.mpl.michelin.com/10.216.104.82) as user dpmugbl0 with version V6R2019x.93173
[2019/10/08-16:54:25.277] [info] [main] [bee]	 [args: java --key processName connectors-java0 --key hostname mpllnx4032.mpl.michelin.com --key installName cvdefault --key id -397421971 --ppid 34087 --configuration config:///version.xml --configuration config:///mercury.xml --key logToRunDir true ; directory: /busapps/dpmu/gbl0/3DSpaceIndex/linux_a64/cv/data/run/connectors-java0 ; architecture: amd64-linux ; kernel: "Linux version 3.10.0-1062.1.2.el7.x86_64 (mockbuild@x86-vm-27.build.eng.bos.redhat.com) (gcc version 4.8.5 20150623 (Red Hat 4.8.5-39) (GCC) ) #1 SMP Mon Sep 16 14:19:51 EDT 2019"]
[2019/10/08-16:54:25.300] [info] [main] [bee]	Loading root config file: config:///version.xml
[2019/10/08-16:54:25.319] [info] [main] [bee]	Loading root config file: config:///mercury.xml
Updating logging configuration
[2019/10/08-16:54:25.762] [info] [main] [exa.log]	Setting master level info
**********************************************************
[2019/10/08-16:54:25.763] [info] [main] [bee.directory]	Directory updated, reloading
[2019/10/08-16:54:25.764] [info] [main] [directory]	Loading directory
[2019/10/08-16:54:25.867] [info] [main] [bee.directory]	Directory loaded
[2019/10/08-16:54:25.867] [info] [main] [bee]	Configuration loaded, starting runtime
[2019/10/08-16:54:25.867] [info] [main] [directory]	Loading directory
[2019/10/08-16:54:25.929] [info] [main] [bee.directory]	Directory loaded
[2019/10/08-16:54:26.067] [info] [main] [org.eclipse.jetty.util.log]	Logging initialized @2404ms to org.eclipse.jetty.util.log.Slf4jLog
[2019/10/08-16:54:26.075] [info] [main] [bee.directory]	Configuring server 'resourceshare'
[2019/10/08-16:54:26.318] [info] [main] [bee.directory]	Mounting servlet 'com.exalead.ds.share2.http.ShareFLIS' on '/*'
[2019/10/08-16:54:26.372] [info] [main] [bee.directory]	Configuring server 'default'
[2019/10/08-16:54:26.389] [info] [main] [bee.directory]	Mounting Bee servlet 'com.exalead.connectors.server.ConnectorsServer' on '/connectors/connectors-java0/*'
[2019/10/08-16:54:26.435] [info] [main] [bee.directory]	Mounting servlet 'com.exalead.connectors.server.FetchServlet' on '/connectors/fetch/connectors-java0/*'
[2019/10/08-16:54:26.435] [info] [main] [bee.directory]	Mounting servlet 'com.exalead.bee.JavaRuntimeServlet' on '/java/*'
[2019/10/08-16:54:26.435] [info] [main] [bee.directory]	Mounting servlet 'com.exalead.bee.services.ProfilingServlet' on '/profiler/*'
[2019/10/08-16:54:26.446] [info] [main] [bee.directory]	Mounting servlet 'com.exalead.bee.services.IsAliveServlet' on '/isAlive/*'
[2019/10/08-16:54:26.446] [info] [main] [bee.directory]	Mounting Bee servlet 'com.exalead.bee.services.Log4EService' on '/log4e/mpllnx4032.mpl.michelin.com-cvdefault/connectors-java0/*'
[2019/10/08-16:54:26.459] [info] [main] [bee.directory]	Mounting Bee servlet 'com.exalead.bee.services.BeegistryUpdater' on '/beegistry/mpllnx4032.mpl.michelin.com-cvdefault/connectors-java0/*'
[2019/10/08-16:54:26.482] [info] [main] [bee.directory]	Configuring homepage
[2019/10/08-16:54:26.693] [info] [main] [bee.directory]	Starting server 'resourceshare': service 'resourceshareservice'
[2019/10/08-16:54:26.707] [info] [main] [bee.directory]	Starting server 'resourceshare': HTTP server on port 16025
[ShutdownMonitor] Not enabled (port < 0): -1
[2019/10/08-16:54:26.709] [info] [main] [org.eclipse.jetty.server.Server]	jetty-9.4.10.v20180503; built: 2018-05-03T15:56:21.710Z; git: daa59876e6f384329b122929e70a80934569428c; jvm 1.8.0_152-b16
[2019/10/08-16:54:26.894] [info] [main] [org.eclipse.jetty.server.session]	DefaultSessionIdManager workerName=node0
[2019/10/08-16:54:26.894] [info] [main] [org.eclipse.jetty.server.session]	No SessionScavenger set, using defaults
[2019/10/08-16:54:26.896] [info] [main] [org.eclipse.jetty.server.session]	node0 Scavenging every 600000ms
[2019/10/08-16:54:26.926] [warn] [main] [org.eclipse.jetty.security.SecurityHandler]	ServletContext@o.e.j.s.ServletContextHandler@29e495ff{/,null,STARTING} has uncovered http methods for path: /
[2019/10/08-16:54:26.939] [info] [main] [org.eclipse.jetty.server.handler.ContextHandler]	Started o.e.j.s.ServletContextHandler@29e495ff{/,null,AVAILABLE}
[2019/10/08-16:54:26.958] [info] [main] [org.eclipse.jetty.server.AbstractConnector]	Started 16025@383bfa16{HTTP/1.1,[http/1.1]}{0.0.0.0:16025}
[2019/10/08-16:54:26.958] [info] [main] [org.eclipse.jetty.server.Server]	Started @3296ms
[2019/10/08-16:54:26.958] [info] [main] [bee.directory]	Starting server 'resourceshare_slave': service 'resourceshare'
[2019/10/08-16:54:26.958] [info] [main] [resourceshare]	Starting ResourceShare
[2019/10/08-16:54:26.959] [info] [main] [resourceshare]	Syncing groups
[2019/10/08-16:54:27.208] [info] [main] [resourceshare]	Master is not yet up on http://mpllnx4032.mpl.michelin.com:16006/resourcemanager (Connection refused (Connection refused)), waiting ...
[2019/10/08-16:54:28.209] [info] [main] [resourceshare]	Master is not yet up on http://mpllnx4032.mpl.michelin.com:16006/resourcemanager (Connection refused (Connection refused)), waiting ...
[2019/10/08-16:54:29.210] [info] [main] [resourceshare]	Master is not yet up on http://mpllnx4032.mpl.michelin.com:16006/resourcemanager (Connection refused (Connection refused)), waiting ...
[2019/10/08-16:54:30.212] [info] [main] [resourceshare]	Master is not yet up on http://mpllnx4032.mpl.michelin.com:16006/resourcemanager (Connection refused (Connection refused)), waiting ...
[2019/10/08-16:54:32.223] [info] [777379084@jtp-resourceshare-1] [datashare]	share: Started datashare session on plugins
[2019/10/08-16:54:32.374] [info] [777379084@jtp-resourceshare-1] [exa.io.datashare]	share: Switching DataShare to version 1
[2019/10/08-16:54:32.375] [info] [777379084@jtp-resourceshare-1] [datashare]	share: Committed datashare session
[2019/10/08-16:54:32.385] [info] [main] [resourceshare]	Successfully synced groups
[2019/10/08-16:54:32.389] [info] [main] [resourceshare]	Loading plugins
[2019/10/08-16:54:32.389] [info] [main] [exa.plugins]	Refreshing plugins list
[2019/10/08-16:54:32.389] [info] [main] [plugins]	Listing plugins
[2019/10/08-16:54:32.397] [info] [main] [plugins]	NGRESOURCEPATH=/busapps/dpmu/gbl0/3DSpaceIndex/linux_a64/cv/data/bin/../resource/all-arch:/busapps/dpmu/gbl0/3DSpaceIndex/linux_a64/cv//resource//all-arch:/busapps/dpmu/gbl0/3DSpaceIndex/linux_a64/cv//resource//amd64-linux
[2019/10/08-16:54:32.397] [info] [main] [plugins]	scanning builtin plugins in /busapps/dpmu/gbl0/3DSpaceIndex/linux_a64/cv/data/bin/../resource/all-arch/builtin_plugins_deployed
[2019/10/08-16:54:32.471] [info] [main] [bee.directory]	Starting server 'default': service 'connectors-java0'
[2019/10/08-16:54:32.471] [info] [main] [connectors]	Starting
[2019/10/08-16:54:32.627] [info] [main] [connectors]	Configuring connectors server
[2019/10/08-16:54:33.125] [info] [main] [connectors]	Loaded connectors list: 0 connectors to load
[2019/10/08-16:54:33.125] [info] [main] [bee.directory]	Starting server 'default': HTTP server on port 16024
[ShutdownMonitor] Not enabled (port < 0): -1
[2019/10/08-16:54:33.125] [info] [main] [org.eclipse.jetty.server.Server]	jetty-9.4.10.v20180503; built: 2018-05-03T15:56:21.710Z; git: daa59876e6f384329b122929e70a80934569428c; jvm 1.8.0_152-b16
[2019/10/08-16:54:33.226] [info] [main] [org.eclipse.jetty.server.session]	DefaultSessionIdManager workerName=node0
[2019/10/08-16:54:33.226] [info] [main] [org.eclipse.jetty.server.session]	No SessionScavenger set, using defaults
[2019/10/08-16:54:33.226] [info] [main] [org.eclipse.jetty.server.session]	node0 Scavenging every 660000ms
[2019/10/08-16:54:33.235] [warn] [main] [org.eclipse.jetty.security.SecurityHandler]	ServletContext@o.e.j.s.ServletContextHandler@4fad94a7{/,resource:/exa/bee/net/http2/htdocs,STARTING} has uncovered http methods for path: /
[2019/10/08-16:54:33.272] [info] [main] [org.eclipse.jetty.server.handler.ContextHandler]	Started o.e.j.s.ServletContextHandler@4fad94a7{/,resource:/exa/bee/net/http2/htdocs,AVAILABLE}
[2019/10/08-16:54:33.273] [info] [main] [org.eclipse.jetty.server.AbstractConnector]	Started 16024@1a1da881{HTTP/1.1,[http/1.1]}{0.0.0.0:16024}
[2019/10/08-16:54:33.273] [info] [main] [org.eclipse.jetty.server.Server]	Started @9612ms
[2019/10/08-16:54:33.274] [info] [main] [bee]	Runtime is started
[2019/10/08-16:54:57.865] [info] [1687627235@jtp-default-1] [bee.runtime]	Exiting on StopRuntime request
[2019/10/08-16:54:57.865] [info] [1687627235@jtp-default-1] [connectors]	Runtime is being stopped, aborting all connectors
[2019/10/08-16:54:57.866] [info] [shutdown-36] [jaxb]	JAXB cache contains :sun.misc.Launcher$AppClassLoader@764c12b6__com.exalead.mercury.mami.resources.v10 (creation=411ms, hits=1)
[2019/10/08-16:54:57.866] [info] [shutdown-36] [jaxb]	JAXB cache contains :sun.misc.Launcher$AppClassLoader@764c12b6__com.exalead.mercury.mami.connect.v10 (creation=447ms, hits=1)
[2019/10/08-16:54:58.873] [info] [shutdown-36] [bee.directory]	Stopping server 'default': HTTP server
[2019/10/08-16:54:58.886] [info] [shutdown-36] [org.eclipse.jetty.server.AbstractConnector]	Stopped 16024@1a1da881{HTTP/1.1,[http/1.1]}{0.0.0.0:16024}
[2019/10/08-16:54:58.897] [info] [shutdown-36] [org.eclipse.jetty.server.handler.ContextHandler]	Stopped o.e.j.s.ServletContextHandler@4fad94a7{/,resource:/exa/bee/net/http2/htdocs,UNAVAILABLE}
[2019/10/08-16:54:58.899] [info] [shutdown-36] [org.eclipse.jetty.server.session]	node0 Stopped scavenging
[2019/10/08-16:54:58.904] [info] [shutdown-36] [bee.directory]	Stopping server 'default': service 'connectors-java0'
[2019/10/08-16:54:58.904] [info] [shutdown-36] [bee.directory]	Stopping server 'resourceshare_slave': service 'resourceshare'
[2019/10/08-16:54:58.904] [info] [shutdown-36] [bee.directory]	Stopping server 'resourceshare': HTTP server
[2019/10/08-16:54:58.917] [info] [shutdown-36] [org.eclipse.jetty.server.AbstractConnector]	Stopped 16025@383bfa16{HTTP/1.1,[http/1.1]}{0.0.0.0:16025}
[2019/10/08-16:54:58.917] [info] [shutdown-36] [org.eclipse.jetty.server.handler.ContextHandler]	Stopped o.e.j.s.ServletContextHandler@29e495ff{/,null,UNAVAILABLE}
[2019/10/08-16:54:58.917] [info] [shutdown-36] [org.eclipse.jetty.server.session]	node0 Stopped scavenging
[2019/10/08-16:54:58.920] [info] [shutdown-36] [bee.directory]	Stopping server 'resourceshare': service 'resourceshareservice'
[2019/10/08-16:54:58.920] [info] [shutdown-36] [bee.directory]	Directory stopped
[2019/10/08-16:54:58.920] [info] [shutdown-36] [bee]	Runtime stopped
[2019/10/08-16:54:58.920] [fatal] [shutdown-36] [bee]	Exiting process
Exiting process now (Queen.java)
[2019/10/08-16:55:09.117] [info] [main] [exa.log]	Setting master level info
**********************************************************
[2019/10/08-16:55:09.122] [info] [main] [bee]	Process 34993 starting on mpllnx4032.mpl.michelin.com (mpllnx4032.mpl.michelin.com/10.216.104.82) as user dpmugbl0 with version V6R2019x.93173
[2019/10/08-16:55:09.122] [info] [main] [bee]	 [args: java --key processName connectors-java0 --key hostname mpllnx4032.mpl.michelin.com --key installName cvdefault --key id -397421971 --ppid 34954 --configuration config:///version.xml --configuration config:///mercury.xml --key logToRunDir true ; directory: /busapps/dpmu/gbl0/3DSpaceIndex/linux_a64/cv/data/run/connectors-java0 ; architecture: amd64-linux ; kernel: "Linux version 3.10.0-1062.1.2.el7.x86_64 (mockbuild@x86-vm-27.build.eng.bos.redhat.com) (gcc version 4.8.5 20150623 (Red Hat 4.8.5-39) (GCC) ) #1 SMP Mon Sep 16 14:19:51 EDT 2019"]
[2019/10/08-16:55:09.123] [info] [main] [bee]	Loading root config file: config:///version.xml
[2019/10/08-16:55:09.180] [info] [main] [bee]	Loading root config file: config:///mercury.xml
Updating logging configuration
[2019/10/08-16:55:09.915] [info] [main] [exa.log]	Setting master level info
**********************************************************
[2019/10/08-16:55:09.916] [info] [main] [bee.directory]	Directory updated, reloading
[2019/10/08-16:55:09.917] [info] [main] [directory]	Loading directory
[2019/10/08-16:55:10.305] [info] [main] [bee.directory]	Directory loaded
[2019/10/08-16:55:10.305] [info] [main] [bee]	Configuration loaded, starting runtime
[2019/10/08-16:55:10.305] [info] [main] [directory]	Loading directory
[2019/10/08-16:55:10.378] [info] [main] [bee.directory]	Directory loaded
[2019/10/08-16:55:10.584] [info] [main] [org.eclipse.jetty.util.log]	Logging initialized @3490ms to org.eclipse.jetty.util.log.Slf4jLog
[2019/10/08-16:55:10.589] [info] [main] [bee.directory]	Configuring server 'resourceshare'
[2019/10/08-16:55:10.911] [info] [main] [bee.directory]	Mounting servlet 'com.exalead.ds.share2.http.ShareFLIS' on '/*'
[2019/10/08-16:55:10.954] [info] [main] [bee.directory]	Configuring server 'default'
[2019/10/08-16:55:10.954] [info] [main] [bee.directory]	Mounting Bee servlet 'com.exalead.connectors.server.ConnectorsServer' on '/connectors/connectors-java0/*'
[2019/10/08-16:55:10.995] [info] [main] [bee.directory]	Mounting servlet 'com.exalead.connectors.server.FetchServlet' on '/connectors/fetch/connectors-java0/*'
[2019/10/08-16:55:10.995] [info] [main] [bee.directory]	Mounting servlet 'com.exalead.bee.JavaRuntimeServlet' on '/java/*'
[2019/10/08-16:55:10.995] [info] [main] [bee.directory]	Mounting servlet 'com.exalead.bee.services.ProfilingServlet' on '/profiler/*'
[2019/10/08-16:55:10.995] [info] [main] [bee.directory]	Mounting servlet 'com.exalead.bee.services.IsAliveServlet' on '/isAlive/*'
[2019/10/08-16:55:10.996] [info] [main] [bee.directory]	Mounting Bee servlet 'com.exalead.bee.services.Log4EService' on '/log4e/mpllnx4032.mpl.michelin.com-cvdefault/connectors-java0/*'
[2019/10/08-16:55:10.998] [info] [main] [bee.directory]	Mounting Bee servlet 'com.exalead.bee.services.BeegistryUpdater' on '/beegistry/mpllnx4032.mpl.michelin.com-cvdefault/connectors-java0/*'
[2019/10/08-16:55:11.000] [info] [main] [bee.directory]	Configuring homepage
[2019/10/08-16:55:11.128] [info] [main] [bee.directory]	Starting server 'resourceshare': service 'resourceshareservice'
[2019/10/08-16:55:11.137] [info] [main] [bee.directory]	Starting server 'resourceshare': HTTP server on port 16029
[ShutdownMonitor] Not enabled (port < 0): -1
[2019/10/08-16:55:11.139] [info] [main] [org.eclipse.jetty.server.Server]	jetty-9.4.10.v20180503; built: 2018-05-03T15:56:21.710Z; git: daa59876e6f384329b122929e70a80934569428c; jvm 1.8.0_152-b16
[2019/10/08-16:55:11.464] [info] [main] [org.eclipse.jetty.server.session]	DefaultSessionIdManager workerName=node0
[2019/10/08-16:55:11.464] [info] [main] [org.eclipse.jetty.server.session]	No SessionScavenger set, using defaults
[2019/10/08-16:55:11.466] [info] [main] [org.eclipse.jetty.server.session]	node0 Scavenging every 600000ms
[2019/10/08-16:55:11.504] [warn] [main] [org.eclipse.jetty.security.SecurityHandler]	ServletContext@o.e.j.s.ServletContextHandler@be35cd9{/,null,STARTING} has uncovered http methods for path: /
[2019/10/08-16:55:11.522] [info] [main] [org.eclipse.jetty.server.handler.ContextHandler]	Started o.e.j.s.ServletContextHandler@be35cd9{/,null,AVAILABLE}
[2019/10/08-16:55:11.538] [info] [main] [org.eclipse.jetty.server.AbstractConnector]	Started 16029@53fdffa1{HTTP/1.1,[http/1.1]}{0.0.0.0:16029}
[2019/10/08-16:55:11.538] [info] [main] [org.eclipse.jetty.server.Server]	Started @4445ms
[2019/10/08-16:55:11.538] [info] [main] [bee.directory]	Starting server 'resourceshare_slave': service 'resourceshare'
[2019/10/08-16:55:11.538] [info] [main] [resourceshare]	Starting ResourceShare
[2019/10/08-16:55:11.568] [info] [main] [resourceshare]	Check update of group  plugins at serial 1570546472256
[2019/10/08-16:55:11.568] [info] [main] [resourceshare]	Syncing groups
[2019/10/08-16:55:11.676] [info] [main] [resourceshare]	Master is not yet up on http://mpllnx4032.mpl.michelin.com:16007/resourcemanager (Connection refused (Connection refused)), waiting ...
[2019/10/08-16:55:13.620] [info] [243194708@jtp-resourceshare-1] [datashare]	share: Started datashare session on plugins
[2019/10/08-16:55:13.941] [info] [243194708@jtp-resourceshare-1] [exa.io.datashare]	share: Switching DataShare to version 2
[2019/10/08-16:55:13.941] [info] [243194708@jtp-resourceshare-1] [exa.io.datashare]	share: Garbage collecting datashare version 1
[2019/10/08-16:55:13.942] [info] [243194708@jtp-resourceshare-1] [datashare]	share: Committed datashare session
[2019/10/08-16:55:13.984] [info] [main] [resourceshare]	Successfully synced groups
[2019/10/08-16:55:13.988] [info] [main] [resourceshare]	Loading plugins
[2019/10/08-16:55:13.988] [info] [main] [exa.plugins]	Refreshing plugins list
[2019/10/08-16:55:13.988] [info] [main] [plugins]	Listing plugins
[2019/10/08-16:55:13.989] [info] [main] [plugins]	NGRESOURCEPATH=/busapps/dpmu/gbl0/3DSpaceIndex/linux_a64/cv/data/bin/../resource/all-arch:/busapps/dpmu/gbl0/3DSpaceIndex/linux_a64/cv//resource//all-arch:/busapps/dpmu/gbl0/3DSpaceIndex/linux_a64/cv//resource//amd64-linux
[2019/10/08-16:55:13.989] [info] [main] [plugins]	scanning builtin plugins in /busapps/dpmu/gbl0/3DSpaceIndex/linux_a64/cv/data/bin/../resource/all-arch/builtin_plugins_deployed
[2019/10/08-16:55:14.040] [info] [main] [bee.directory]	Starting server 'default': service 'connectors-java0'
[2019/10/08-16:55:14.040] [info] [main] [connectors]	Starting
[2019/10/08-16:55:14.175] [info] [main] [connectors]	Configuring connectors server
[2019/10/08-16:55:14.995] [info] [main] [connectors]	Loaded connectors list: 0 connectors to load
[2019/10/08-16:55:14.995] [info] [main] [bee.directory]	Starting server 'default': HTTP server on port 16028
[ShutdownMonitor] Not enabled (port < 0): -1
[2019/10/08-16:55:14.995] [info] [main] [org.eclipse.jetty.server.Server]	jetty-9.4.10.v20180503; built: 2018-05-03T15:56:21.710Z; git: daa59876e6f384329b122929e70a80934569428c; jvm 1.8.0_152-b16
[2019/10/08-16:55:14.997] [info] [main] [org.eclipse.jetty.server.session]	DefaultSessionIdManager workerName=node0
[2019/10/08-16:55:14.997] [info] [main] [org.eclipse.jetty.server.session]	No SessionScavenger set, using defaults
[2019/10/08-16:55:14.997] [info] [main] [org.eclipse.jetty.server.session]	node0 Scavenging every 600000ms
[2019/10/08-16:55:15.002] [warn] [main] [org.eclipse.jetty.security.SecurityHandler]	ServletContext@o.e.j.s.ServletContextHandler@5f2606b{/,resource:/exa/bee/net/http2/htdocs,STARTING} has uncovered http methods for path: /
[2019/10/08-16:55:15.009] [info] [main] [org.eclipse.jetty.server.handler.ContextHandler]	Started o.e.j.s.ServletContextHandler@5f2606b{/,resource:/exa/bee/net/http2/htdocs,AVAILABLE}
[2019/10/08-16:55:15.010] [info] [main] [org.eclipse.jetty.server.AbstractConnector]	Started 16028@5f59185e{HTTP/1.1,[http/1.1]}{0.0.0.0:16028}
[2019/10/08-16:55:15.010] [info] [main] [org.eclipse.jetty.server.Server]	Started @7917ms
[2019/10/08-16:55:15.011] [info] [main] [bee]	Runtime is started
[2019/10/08-16:55:32.874] [info] [114414807@jtp-default-1] [bee.runtime]	Exiting on StopRuntime request
[2019/10/08-16:55:32.875] [info] [114414807@jtp-default-1] [connectors]	Runtime is being stopped, aborting all connectors
[2019/10/08-16:55:32.876] [info] [shutdown-32] [jaxb]	JAXB cache contains :sun.misc.Launcher$AppClassLoader@764c12b6__com.exalead.mercury.mami.resources.v10 (creation=342ms, hits=1)
[2019/10/08-16:55:32.876] [info] [shutdown-32] [jaxb]	JAXB cache contains :sun.misc.Launcher$AppClassLoader@764c12b6__com.exalead.mercury.mami.connect.v10 (creation=793ms, hits=1)
[2019/10/08-16:55:33.876] [info] [shutdown-32] [bee.directory]	Stopping server 'default': HTTP server
[2019/10/08-16:55:33.881] [info] [shutdown-32] [org.eclipse.jetty.server.AbstractConnector]	Stopped 16028@5f59185e{HTTP/1.1,[http/1.1]}{0.0.0.0:16028}
[2019/10/08-16:55:33.884] [info] [shutdown-32] [org.eclipse.jetty.server.handler.ContextHandler]	Stopped o.e.j.s.ServletContextHandler@5f2606b{/,resource:/exa/bee/net/http2/htdocs,UNAVAILABLE}
[2019/10/08-16:55:33.889] [info] [shutdown-32] [org.eclipse.jetty.server.session]	node0 Stopped scavenging
[2019/10/08-16:55:33.989] [info] [shutdown-32] [bee.directory]	Stopping server 'default': service 'connectors-java0'
[2019/10/08-16:55:33.990] [info] [shutdown-32] [bee.directory]	Stopping server 'resourceshare_slave': service 'resourceshare'
[2019/10/08-16:55:33.990] [info] [shutdown-32] [bee.directory]	Stopping server 'resourceshare': HTTP server
[2019/10/08-16:55:33.993] [info] [shutdown-32] [org.eclipse.jetty.server.AbstractConnector]	Stopped 16029@53fdffa1{HTTP/1.1,[http/1.1]}{0.0.0.0:16029}
[2019/10/08-16:55:33.994] [info] [shutdown-32] [org.eclipse.jetty.server.handler.ContextHandler]	Stopped o.e.j.s.ServletContextHandler@be35cd9{/,null,UNAVAILABLE}
[2019/10/08-16:55:33.994] [info] [shutdown-32] [org.eclipse.jetty.server.session]	node0 Stopped scavenging
[2019/10/08-16:55:34.094] [info] [shutdown-32] [bee.directory]	Stopping server 'resourceshare': service 'resourceshareservice'
[2019/10/08-16:55:34.094] [info] [shutdown-32] [bee.directory]	Directory stopped
[2019/10/08-16:55:34.094] [info] [shutdown-32] [bee]	Runtime stopped
[2019/10/08-16:55:34.094] [fatal] [shutdown-32] [bee]	Exiting process
Exiting process now (Queen.java)
[2019/10/08-16:55:43.712] [info] [main] [exa.log]	Setting master level info
**********************************************************
[2019/10/08-16:55:43.755] [info] [main] [bee]	Process 35852 starting on mpllnx4032.mpl.michelin.com (mpllnx4032.mpl.michelin.com/10.216.104.82) as user dpmugbl0 with version V6R2019x.93173
[2019/10/08-16:55:43.755] [info] [main] [bee]	 [args: java --key processName connectors-java0 --key hostname mpllnx4032.mpl.michelin.com --key installName cvdefault --key id -397421971 --ppid 35799 --configuration config:///version.xml --configuration config:///mercury.xml --key logToRunDir true ; directory: /busapps/dpmu/gbl0/3DSpaceIndex/linux_a64/cv/data/run/connectors-java0 ; architecture: amd64-linux ; kernel: "Linux version 3.10.0-1062.1.2.el7.x86_64 (mockbuild@x86-vm-27.build.eng.bos.redhat.com) (gcc version 4.8.5 20150623 (Red Hat 4.8.5-39) (GCC) ) #1 SMP Mon Sep 16 14:19:51 EDT 2019"]
[2019/10/08-16:55:43.809] [info] [main] [bee]	Loading root config file: config:///version.xml
[2019/10/08-16:55:43.830] [info] [main] [bee]	Loading root config file: config:///mercury.xml
Updating logging configuration
[2019/10/08-16:55:44.786] [info] [main] [exa.log]	Setting master level info
**********************************************************
[2019/10/08-16:55:44.787] [info] [main] [bee.directory]	Directory updated, reloading
[2019/10/08-16:55:44.788] [info] [main] [directory]	Loading directory
[2019/10/08-16:55:45.165] [info] [main] [bee.directory]	Directory loaded
[2019/10/08-16:55:45.165] [info] [main] [bee]	Configuration loaded, starting runtime
[2019/10/08-16:55:45.165] [info] [main] [directory]	Loading directory
[2019/10/08-16:55:45.232] [info] [main] [bee.directory]	Directory loaded
[2019/10/08-16:55:45.368] [info] [main] [org.eclipse.jetty.util.log]	Logging initialized @3629ms to org.eclipse.jetty.util.log.Slf4jLog
[2019/10/08-16:55:45.375] [info] [main] [bee.directory]	Configuring server 'resourceshare'
[2019/10/08-16:55:45.546] [info] [main] [bee.directory]	Mounting servlet 'com.exalead.ds.share2.http.ShareFLIS' on '/*'
[2019/10/08-16:55:45.641] [info] [main] [bee.directory]	Configuring server 'default'
[2019/10/08-16:55:45.641] [info] [main] [bee.directory]	Mounting Bee servlet 'com.exalead.connectors.server.ConnectorsServer' on '/connectors/connectors-java0/*'
[2019/10/08-16:55:45.789] [info] [main] [bee.directory]	Mounting servlet 'com.exalead.connectors.server.FetchServlet' on '/connectors/fetch/connectors-java0/*'
[2019/10/08-16:55:45.789] [info] [main] [bee.directory]	Mounting servlet 'com.exalead.bee.JavaRuntimeServlet' on '/java/*'
[2019/10/08-16:55:45.790] [info] [main] [bee.directory]	Mounting servlet 'com.exalead.bee.services.ProfilingServlet' on '/profiler/*'
[2019/10/08-16:55:45.790] [info] [main] [bee.directory]	Mounting servlet 'com.exalead.bee.services.IsAliveServlet' on '/isAlive/*'
[2019/10/08-16:55:45.790] [info] [main] [bee.directory]	Mounting Bee servlet 'com.exalead.bee.services.Log4EService' on '/log4e/mpllnx4032.mpl.michelin.com-cvdefault/connectors-java0/*'
[2019/10/08-16:55:45.792] [info] [main] [bee.directory]	Mounting Bee servlet 'com.exalead.bee.services.BeegistryUpdater' on '/beegistry/mpllnx4032.mpl.michelin.com-cvdefault/connectors-java0/*'
[2019/10/08-16:55:45.794] [info] [main] [bee.directory]	Configuring homepage
[2019/10/08-16:55:46.108] [info] [main] [bee.directory]	Starting server 'resourceshare': service 'resourceshareservice'
[2019/10/08-16:55:46.111] [info] [main] [bee.directory]	Starting server 'resourceshare': HTTP server on port 16029
[ShutdownMonitor] Not enabled (port < 0): -1
[2019/10/08-16:55:46.113] [info] [main] [org.eclipse.jetty.server.Server]	jetty-9.4.10.v20180503; built: 2018-05-03T15:56:21.710Z; git: daa59876e6f384329b122929e70a80934569428c; jvm 1.8.0_152-b16
[2019/10/08-16:55:46.312] [info] [main] [org.eclipse.jetty.server.session]	DefaultSessionIdManager workerName=node0
[2019/10/08-16:55:46.312] [info] [main] [org.eclipse.jetty.server.session]	No SessionScavenger set, using defaults
[2019/10/08-16:55:46.314] [info] [main] [org.eclipse.jetty.server.session]	node0 Scavenging every 600000ms
[2019/10/08-16:55:46.368] [warn] [main] [org.eclipse.jetty.security.SecurityHandler]	ServletContext@o.e.j.s.ServletContextHandler@be35cd9{/,null,STARTING} has uncovered http methods for path: /
[2019/10/08-16:55:46.385] [info] [main] [org.eclipse.jetty.server.handler.ContextHandler]	Started o.e.j.s.ServletContextHandler@be35cd9{/,null,AVAILABLE}
[2019/10/08-16:55:46.401] [info] [main] [org.eclipse.jetty.server.AbstractConnector]	Started 16029@53fdffa1{HTTP/1.1,[http/1.1]}{0.0.0.0:16029}
[2019/10/08-16:55:46.401] [info] [main] [org.eclipse.jetty.server.Server]	Started @4664ms
[2019/10/08-16:55:46.401] [info] [main] [bee.directory]	Starting server 'resourceshare_slave': service 'resourceshare'
[2019/10/08-16:55:46.401] [info] [main] [resourceshare]	Starting ResourceShare
[2019/10/08-16:55:46.431] [info] [main] [resourceshare]	Check update of group  plugins at serial 1570546513636
[2019/10/08-16:55:46.431] [info] [main] [resourceshare]	Syncing groups
[2019/10/08-16:55:46.502] [info] [main] [resourceshare]	Master is not yet up on http://mpllnx4032.mpl.michelin.com:16007/resourcemanager (Connection refused (Connection refused)), waiting ...
[2019/10/08-16:55:48.741] [info] [243194708@jtp-resourceshare-1] [datashare]	share: Started datashare session on plugins
[2019/10/08-16:55:49.138] [info] [243194708@jtp-resourceshare-1] [exa.io.datashare]	share: Switching DataShare to version 3
[2019/10/08-16:55:49.138] [info] [243194708@jtp-resourceshare-1] [exa.io.datashare]	share: Garbage collecting datashare version 2
[2019/10/08-16:55:49.138] [info] [243194708@jtp-resourceshare-1] [datashare]	share: Committed datashare session
[2019/10/08-16:55:49.191] [info] [main] [resourceshare]	Successfully synced groups
[2019/10/08-16:55:49.195] [info] [main] [resourceshare]	Loading plugins
[2019/10/08-16:55:49.195] [info] [main] [exa.plugins]	Refreshing plugins list
[2019/10/08-16:55:49.195] [info] [main] [plugins]	Listing plugins
[2019/10/08-16:55:49.196] [info] [main] [plugins]	NGRESOURCEPATH=/busapps/dpmu/gbl0/3DSpaceIndex/linux_a64/cv/data/bin/../resource/all-arch:/busapps/dpmu/gbl0/3DSpaceIndex/linux_a64/cv//resource//all-arch:/busapps/dpmu/gbl0/3DSpaceIndex/linux_a64/cv//resource//amd64-linux
[2019/10/08-16:55:49.196] [info] [main] [plugins]	scanning builtin plugins in /busapps/dpmu/gbl0/3DSpaceIndex/linux_a64/cv/data/bin/../resource/all-arch/builtin_plugins_deployed
[2019/10/08-16:55:49.243] [info] [main] [bee.directory]	Starting server 'default': service 'connectors-java0'
[2019/10/08-16:55:49.243] [info] [main] [connectors]	Starting
[2019/10/08-16:55:49.485] [info] [main] [connectors]	Configuring connectors server
[2019/10/08-16:55:50.377] [info] [main] [connectors]	Loaded connectors list: 0 connectors to load
[2019/10/08-16:55:50.377] [info] [main] [bee.directory]	Starting server 'default': HTTP server on port 16028
[ShutdownMonitor] Not enabled (port < 0): -1
[2019/10/08-16:55:50.377] [info] [main] [org.eclipse.jetty.server.Server]	jetty-9.4.10.v20180503; built: 2018-05-03T15:56:21.710Z; git: daa59876e6f384329b122929e70a80934569428c; jvm 1.8.0_152-b16
[2019/10/08-16:55:50.391] [info] [main] [org.eclipse.jetty.server.session]	DefaultSessionIdManager workerName=node0
[2019/10/08-16:55:50.391] [info] [main] [org.eclipse.jetty.server.session]	No SessionScavenger set, using defaults
[2019/10/08-16:55:50.391] [info] [main] [org.eclipse.jetty.server.session]	node0 Scavenging every 600000ms
[2019/10/08-16:55:50.431] [warn] [main] [org.eclipse.jetty.security.SecurityHandler]	ServletContext@o.e.j.s.ServletContextHandler@5f2606b{/,resource:/exa/bee/net/http2/htdocs,STARTING} has uncovered http methods for path: /
[2019/10/08-16:55:50.439] [info] [main] [org.eclipse.jetty.server.handler.ContextHandler]	Started o.e.j.s.ServletContextHandler@5f2606b{/,resource:/exa/bee/net/http2/htdocs,AVAILABLE}
[2019/10/08-16:55:50.440] [info] [main] [org.eclipse.jetty.server.AbstractConnector]	Started 16028@5f59185e{HTTP/1.1,[http/1.1]}{0.0.0.0:16028}
[2019/10/08-16:55:50.440] [info] [main] [org.eclipse.jetty.server.Server]	Started @8703ms
[2019/10/08-16:55:50.441] [info] [main] [bee]	Runtime is started
[2019/10/08-16:56:11.389] [info] [1950701640@jtp-resourceshare-0] [datashare]	share: Started datashare session on plugins
[2019/10/08-16:56:13.498] [info] [243194708@jtp-resourceshare-1] [exa.io.datashare]	share: Switching DataShare to version 4
[2019/10/08-16:56:13.498] [info] [243194708@jtp-resourceshare-1] [datashare]	share: Committed datashare session
[2019/10/08-16:56:32.561] [info] [243194708@jtp-resourceshare-1] [datashare]	share: Started datashare session on plugins
[2019/10/08-16:56:34.873] [info] [1455424928@jtp-resourceshare-5] [exa.io.datashare]	share: Switching DataShare to version 5
[2019/10/08-16:56:34.873] [info] [1455424928@jtp-resourceshare-5] [exa.io.datashare]	share: Garbage collecting datashare version 4
[2019/10/08-16:56:34.875] [info] [1455424928@jtp-resourceshare-5] [datashare]	share: Committed datashare session
[2019/10/08-16:56:54.069] [info] [144699438@jtp-default-2] [bee.runtime]	Exiting on StopRuntime request
[2019/10/08-16:56:54.070] [info] [144699438@jtp-default-2] [connectors]	Runtime is being stopped, aborting all connectors
[2019/10/08-16:56:54.073] [info] [shutdown-42] [jaxb]	JAXB cache contains :sun.misc.Launcher$AppClassLoader@764c12b6__com.exalead.mercury.mami.resources.v10 (creation=655ms, hits=1)
[2019/10/08-16:56:54.073] [info] [shutdown-42] [jaxb]	JAXB cache contains :sun.misc.Launcher$AppClassLoader@764c12b6__com.exalead.mercury.mami.connect.v10 (creation=875ms, hits=1)
[2019/10/08-16:56:55.074] [info] [shutdown-42] [bee.directory]	Stopping server 'default': HTTP server
[2019/10/08-16:56:55.079] [info] [shutdown-42] [org.eclipse.jetty.server.AbstractConnector]	Stopped 16028@5f59185e{HTTP/1.1,[http/1.1]}{0.0.0.0:16028}
[2019/10/08-16:56:55.081] [info] [shutdown-42] [org.eclipse.jetty.server.handler.ContextHandler]	Stopped o.e.j.s.ServletContextHandler@5f2606b{/,resource:/exa/bee/net/http2/htdocs,UNAVAILABLE}
[2019/10/08-16:56:55.082] [info] [shutdown-42] [org.eclipse.jetty.server.session]	node0 Stopped scavenging
[2019/10/08-16:56:55.090] [info] [shutdown-42] [bee.directory]	Stopping server 'default': service 'connectors-java0'
[2019/10/08-16:56:55.091] [info] [shutdown-42] [bee.directory]	Stopping server 'resourceshare_slave': service 'resourceshare'
[2019/10/08-16:56:55.091] [info] [shutdown-42] [bee.directory]	Stopping server 'resourceshare': HTTP server
[2019/10/08-16:56:55.094] [info] [shutdown-42] [org.eclipse.jetty.server.AbstractConnector]	Stopped 16029@53fdffa1{HTTP/1.1,[http/1.1]}{0.0.0.0:16029}
[2019/10/08-16:56:55.094] [info] [shutdown-42] [org.eclipse.jetty.server.handler.ContextHandler]	Stopped o.e.j.s.ServletContextHandler@be35cd9{/,null,UNAVAILABLE}
[2019/10/08-16:56:55.094] [info] [shutdown-42] [org.eclipse.jetty.server.session]	node0 Stopped scavenging
[2019/10/08-16:56:55.196] [info] [shutdown-42] [bee.directory]	Stopping server 'resourceshare': service 'resourceshareservice'
[2019/10/08-16:56:55.196] [info] [shutdown-42] [bee.directory]	Directory stopped
[2019/10/08-16:56:55.197] [info] [shutdown-42] [bee]	Runtime stopped
[2019/10/08-16:56:55.197] [fatal] [shutdown-42] [bee]	Exiting process
Exiting process now (Queen.java)
[2019/10/08-16:57:04.682] [info] [main] [exa.log]	Setting master level info
**********************************************************
[2019/10/08-16:57:04.686] [info] [main] [bee]	Process 37866 starting on mpllnx4032.mpl.michelin.com (mpllnx4032.mpl.michelin.com/10.216.104.82) as user dpmugbl0 with version V6R2019x.93173
[2019/10/08-16:57:04.686] [info] [main] [bee]	 [args: java --key processName connectors-java0 --key hostname mpllnx4032.mpl.michelin.com --key installName cvdefault --key id -397421971 --ppid 37802 --configuration config:///version.xml --configuration config:///mercury.xml --key logToRunDir true ; directory: /busapps/dpmu/gbl0/3DSpaceIndex/linux_a64/cv/data/run/connectors-java0 ; architecture: amd64-linux ; kernel: "Linux version 3.10.0-1062.1.2.el7.x86_64 (mockbuild@x86-vm-27.build.eng.bos.redhat.com) (gcc version 4.8.5 20150623 (Red Hat 4.8.5-39) (GCC) ) #1 SMP Mon Sep 16 14:19:51 EDT 2019"]
[2019/10/08-16:57:04.798] [info] [main] [bee]	Loading root config file: config:///version.xml
[2019/10/08-16:57:04.896] [info] [main] [bee]	Loading root config file: config:///mercury.xml
Updating logging configuration
[2019/10/08-16:57:05.863] [info] [main] [exa.log]	Setting master level info
**********************************************************
[2019/10/08-16:57:05.864] [info] [main] [bee.directory]	Directory updated, reloading
[2019/10/08-16:57:05.865] [info] [main] [directory]	Loading directory
[2019/10/08-16:57:06.162] [info] [main] [bee.directory]	Directory loaded
[2019/10/08-16:57:06.163] [info] [main] [bee]	Configuration loaded, starting runtime
[2019/10/08-16:57:06.163] [info] [main] [directory]	Loading directory
[2019/10/08-16:57:06.236] [info] [main] [bee.directory]	Directory loaded
[2019/10/08-16:57:06.390] [info] [main] [org.eclipse.jetty.util.log]	Logging initialized @3850ms to org.eclipse.jetty.util.log.Slf4jLog
[2019/10/08-16:57:06.394] [info] [main] [bee.directory]	Configuring server 'resourceshare'
[2019/10/08-16:57:06.926] [info] [main] [bee.directory]	Mounting servlet 'com.exalead.ds.share2.http.ShareFLIS' on '/*'
[2019/10/08-16:57:06.975] [info] [main] [bee.directory]	Configuring server 'default'
[2019/10/08-16:57:06.976] [info] [main] [bee.directory]	Mounting Bee servlet 'com.exalead.connectors.server.ConnectorsServer' on '/connectors/connectors-java0/*'
[2019/10/08-16:57:07.036] [info] [main] [bee.directory]	Mounting servlet 'com.exalead.connectors.server.FetchServlet' on '/connectors/fetch/connectors-java0/*'
[2019/10/08-16:57:07.037] [info] [main] [bee.directory]	Mounting servlet 'com.exalead.bee.JavaRuntimeServlet' on '/java/*'
[2019/10/08-16:57:07.037] [info] [main] [bee.directory]	Mounting servlet 'com.exalead.bee.services.ProfilingServlet' on '/profiler/*'
[2019/10/08-16:57:07.037] [info] [main] [bee.directory]	Mounting servlet 'com.exalead.bee.services.IsAliveServlet' on '/isAlive/*'
[2019/10/08-16:57:07.037] [info] [main] [bee.directory]	Mounting Bee servlet 'com.exalead.bee.services.Log4EService' on '/log4e/mpllnx4032.mpl.michelin.com-cvdefault/connectors-java0/*'
[2019/10/08-16:57:07.039] [info] [main] [bee.directory]	Mounting Bee servlet 'com.exalead.bee.services.BeegistryUpdater' on '/beegistry/mpllnx4032.mpl.michelin.com-cvdefault/connectors-java0/*'
[2019/10/08-16:57:07.046] [info] [main] [bee.directory]	Configuring homepage
[2019/10/08-16:57:07.214] [info] [main] [bee.directory]	Starting server 'resourceshare': service 'resourceshareservice'
[2019/10/08-16:57:07.216] [info] [main] [bee.directory]	Starting server 'resourceshare': HTTP server on port 16029
[ShutdownMonitor] Not enabled (port < 0): -1
[2019/10/08-16:57:07.218] [info] [main] [org.eclipse.jetty.server.Server]	jetty-9.4.10.v20180503; built: 2018-05-03T15:56:21.710Z; git: daa59876e6f384329b122929e70a80934569428c; jvm 1.8.0_152-b16
[2019/10/08-16:57:07.252] [info] [main] [org.eclipse.jetty.server.session]	DefaultSessionIdManager workerName=node0
[2019/10/08-16:57:07.252] [info] [main] [org.eclipse.jetty.server.session]	No SessionScavenger set, using defaults
[2019/10/08-16:57:07.254] [info] [main] [org.eclipse.jetty.server.session]	node0 Scavenging every 600000ms
[2019/10/08-16:57:07.278] [warn] [main] [org.eclipse.jetty.security.SecurityHandler]	ServletContext@o.e.j.s.ServletContextHandler@be35cd9{/,null,STARTING} has uncovered http methods for path: /
[2019/10/08-16:57:07.294] [info] [main] [org.eclipse.jetty.server.handler.ContextHandler]	Started o.e.j.s.ServletContextHandler@be35cd9{/,null,AVAILABLE}
[2019/10/08-16:57:07.308] [info] [main] [org.eclipse.jetty.server.AbstractConnector]	Started 16029@53fdffa1{HTTP/1.1,[http/1.1]}{0.0.0.0:16029}
[2019/10/08-16:57:07.308] [info] [main] [org.eclipse.jetty.server.Server]	Started @4770ms
[2019/10/08-16:57:07.308] [info] [main] [bee.directory]	Starting server 'resourceshare_slave': service 'resourceshare'
[2019/10/08-16:57:07.308] [info] [main] [resourceshare]	Starting ResourceShare
[2019/10/08-16:57:07.336] [info] [main] [exa.io.datashare]	Garbage collecting datashare version 3
[2019/10/08-16:57:07.337] [info] [main] [resourceshare]	Check update of group  plugins at serial 1570546592566
[2019/10/08-16:57:07.337] [info] [main] [resourceshare]	Syncing groups
[2019/10/08-16:57:07.471] [info] [main] [resourceshare]	Master is not yet up on http://mpllnx4032.mpl.michelin.com:16007/resourcemanager (Connection refused (Connection refused)), waiting ...
[2019/10/08-16:57:09.343] [info] [main] [resourceshare]	Successfully synced groups
[2019/10/08-16:57:09.347] [info] [main] [resourceshare]	Loading plugins
[2019/10/08-16:57:09.347] [info] [main] [exa.plugins]	Refreshing plugins list
[2019/10/08-16:57:09.347] [info] [main] [plugins]	Listing plugins
[2019/10/08-16:57:09.348] [info] [main] [plugins]	NGRESOURCEPATH=/busapps/dpmu/gbl0/3DSpaceIndex/linux_a64/cv/data/bin/../resource/all-arch:/busapps/dpmu/gbl0/3DSpaceIndex/linux_a64/cv//resource//all-arch:/busapps/dpmu/gbl0/3DSpaceIndex/linux_a64/cv//resource//amd64-linux
[2019/10/08-16:57:09.348] [info] [main] [plugins]	scanning builtin plugins in /busapps/dpmu/gbl0/3DSpaceIndex/linux_a64/cv/data/bin/../resource/all-arch/builtin_plugins_deployed
[2019/10/08-16:57:09.446] [info] [main] [bee.directory]	Starting server 'default': service 'connectors-java0'
[2019/10/08-16:57:09.446] [info] [main] [connectors]	Starting
[2019/10/08-16:57:09.855] [info] [main] [connectors]	Configuring connectors server
[2019/10/08-16:57:10.453] [info] [main] [connectors]	Loaded connectors list: 0 connectors to load
[2019/10/08-16:57:10.454] [info] [main] [bee.directory]	Starting server 'default': HTTP server on port 16028
[ShutdownMonitor] Not enabled (port < 0): -1
[2019/10/08-16:57:10.454] [info] [main] [org.eclipse.jetty.server.Server]	jetty-9.4.10.v20180503; built: 2018-05-03T15:56:21.710Z; git: daa59876e6f384329b122929e70a80934569428c; jvm 1.8.0_152-b16
[2019/10/08-16:57:10.474] [info] [main] [org.eclipse.jetty.server.session]	DefaultSessionIdManager workerName=node0
[2019/10/08-16:57:10.474] [info] [main] [org.eclipse.jetty.server.session]	No SessionScavenger set, using defaults
[2019/10/08-16:57:10.474] [info] [main] [org.eclipse.jetty.server.session]	node0 Scavenging every 660000ms
[2019/10/08-16:57:10.475] [warn] [main] [org.eclipse.jetty.security.SecurityHandler]	ServletContext@o.e.j.s.ServletContextHandler@5f2606b{/,resource:/exa/bee/net/http2/htdocs,STARTING} has uncovered http methods for path: /
[2019/10/08-16:57:10.484] [info] [main] [org.eclipse.jetty.server.handler.ContextHandler]	Started o.e.j.s.ServletContextHandler@5f2606b{/,resource:/exa/bee/net/http2/htdocs,AVAILABLE}
[2019/10/08-16:57:10.484] [info] [main] [org.eclipse.jetty.server.AbstractConnector]	Started 16028@495083a0{HTTP/1.1,[http/1.1]}{0.0.0.0:16028}
[2019/10/08-16:57:10.485] [info] [main] [org.eclipse.jetty.server.Server]	Started @7946ms
[2019/10/08-16:57:10.488] [info] [main] [bee]	Runtime is started
[2019/10/08-16:57:26.169] [info] [114414807@jtp-default-1] [bee.runtime]	Exiting on StopRuntime request
[2019/10/08-16:57:26.169] [info] [114414807@jtp-default-1] [connectors]	Runtime is being stopped, aborting all connectors
[2019/10/08-16:57:26.170] [info] [shutdown-31] [jaxb]	JAXB cache contains :sun.misc.Launcher$AppClassLoader@764c12b6__com.exalead.mercury.mami.resources.v10 (creation=774ms, hits=1)
[2019/10/08-16:57:26.171] [info] [shutdown-31] [jaxb]	JAXB cache contains :sun.misc.Launcher$AppClassLoader@764c12b6__com.exalead.mercury.mami.connect.v10 (creation=575ms, hits=1)
[2019/10/08-16:57:27.180] [info] [shutdown-31] [bee.directory]	Stopping server 'default': HTTP server
[2019/10/08-16:57:27.192] [info] [shutdown-31] [org.eclipse.jetty.server.AbstractConnector]	Stopped 16028@495083a0{HTTP/1.1,[http/1.1]}{0.0.0.0:16028}
[2019/10/08-16:57:27.195] [info] [shutdown-31] [org.eclipse.jetty.server.handler.ContextHandler]	Stopped o.e.j.s.ServletContextHandler@5f2606b{/,resource:/exa/bee/net/http2/htdocs,UNAVAILABLE}
[2019/10/08-16:57:27.195] [info] [shutdown-31] [org.eclipse.jetty.server.session]	node0 Stopped scavenging
[2019/10/08-16:57:27.197] [info] [shutdown-31] [bee.directory]	Stopping server 'default': service 'connectors-java0'
[2019/10/08-16:57:27.197] [info] [shutdown-31] [bee.directory]	Stopping server 'resourceshare_slave': service 'resourceshare'
[2019/10/08-16:57:27.197] [info] [shutdown-31] [bee.directory]	Stopping server 'resourceshare': HTTP server
[2019/10/08-16:57:27.200] [info] [shutdown-31] [org.eclipse.jetty.server.AbstractConnector]	Stopped 16029@53fdffa1{HTTP/1.1,[http/1.1]}{0.0.0.0:16029}
[2019/10/08-16:57:27.200] [info] [shutdown-31] [org.eclipse.jetty.server.handler.ContextHandler]	Stopped o.e.j.s.ServletContextHandler@be35cd9{/,null,UNAVAILABLE}
[2019/10/08-16:57:27.200] [info] [shutdown-31] [org.eclipse.jetty.server.session]	node0 Stopped scavenging
[2019/10/08-16:57:27.302] [info] [shutdown-31] [bee.directory]	Stopping server 'resourceshare': service 'resourceshareservice'
[2019/10/08-16:57:27.302] [info] [shutdown-31] [bee.directory]	Directory stopped
[2019/10/08-16:57:27.302] [info] [shutdown-31] [bee]	Runtime stopped
[2019/10/08-16:57:27.302] [fatal] [shutdown-31] [bee]	Exiting process
Exiting process now (Queen.java)
[2019/10/08-16:58:08.770] [info] [main] [exa.log]	Setting master level info
**********************************************************
[2019/10/08-16:58:08.805] [info] [main] [bee]	Process 39903 starting on mpllnx4032.mpl.michelin.com (mpllnx4032.mpl.michelin.com/10.216.104.82) as user dpmugbl0 with version V6R2019x.93173
[2019/10/08-16:58:08.805] [info] [main] [bee]	 [args: java --key processName connectors-java0 --key hostname mpllnx4032.mpl.michelin.com --key installName cvdefault --key id -397421971 --ppid 39847 --configuration config:///version.xml --configuration config:///mercury.xml --key logToRunDir true ; directory: /busapps/dpmu/gbl0/3DSpaceIndex/linux_a64/cv/data/run/connectors-java0 ; architecture: amd64-linux ; kernel: "Linux version 3.10.0-1062.1.2.el7.x86_64 (mockbuild@x86-vm-27.build.eng.bos.redhat.com) (gcc version 4.8.5 20150623 (Red Hat 4.8.5-39) (GCC) ) #1 SMP Mon Sep 16 14:19:51 EDT 2019"]
[2019/10/08-16:58:08.861] [info] [main] [bee]	Loading root config file: config:///version.xml
[2019/10/08-16:58:08.881] [info] [main] [bee]	Loading root config file: config:///mercury.xml
Updating logging configuration
[2019/10/08-16:58:09.877] [info] [main] [exa.log]	Setting master level info
**********************************************************
[2019/10/08-16:58:09.878] [info] [main] [bee.directory]	Directory updated, reloading
[2019/10/08-16:58:09.879] [info] [main] [directory]	Loading directory
[2019/10/08-16:58:10.155] [info] [main] [bee.directory]	Directory loaded
[2019/10/08-16:58:10.155] [info] [main] [bee]	Configuration loaded, starting runtime
[2019/10/08-16:58:10.155] [info] [main] [directory]	Loading directory
[2019/10/08-16:58:10.178] [info] [main] [bee.directory]	Directory loaded
[2019/10/08-16:58:10.333] [info] [main] [org.eclipse.jetty.util.log]	Logging initialized @3672ms to org.eclipse.jetty.util.log.Slf4jLog
[2019/10/08-16:58:10.349] [info] [main] [bee.directory]	Configuring server 'resourceshare'
[2019/10/08-16:58:10.662] [info] [main] [bee.directory]	Mounting servlet 'com.exalead.ds.share2.http.ShareFLIS' on '/*'
[2019/10/08-16:58:10.680] [info] [main] [bee.directory]	Configuring server 'default'
[2019/10/08-16:58:10.681] [info] [main] [bee.directory]	Mounting Bee servlet 'com.exalead.connectors.server.ConnectorsServer' on '/connectors/connectors-java0/*'
[2019/10/08-16:58:10.700] [info] [main] [bee.directory]	Mounting servlet 'com.exalead.connectors.server.FetchServlet' on '/connectors/fetch/connectors-java0/*'
[2019/10/08-16:58:10.700] [info] [main] [bee.directory]	Mounting servlet 'com.exalead.bee.JavaRuntimeServlet' on '/java/*'
[2019/10/08-16:58:10.700] [info] [main] [bee.directory]	Mounting servlet 'com.exalead.bee.services.ProfilingServlet' on '/profiler/*'
[2019/10/08-16:58:10.701] [info] [main] [bee.directory]	Mounting servlet 'com.exalead.bee.services.IsAliveServlet' on '/isAlive/*'
[2019/10/08-16:58:10.701] [info] [main] [bee.directory]	Mounting Bee servlet 'com.exalead.bee.services.Log4EService' on '/log4e/mpllnx4032.mpl.michelin.com-cvdefault/connectors-java0/*'
[2019/10/08-16:58:10.720] [info] [main] [bee.directory]	Mounting Bee servlet 'com.exalead.bee.services.BeegistryUpdater' on '/beegistry/mpllnx4032.mpl.michelin.com-cvdefault/connectors-java0/*'
[2019/10/08-16:58:10.722] [info] [main] [bee.directory]	Configuring homepage
[2019/10/08-16:58:11.027] [info] [main] [bee.directory]	Starting server 'resourceshare': service 'resourceshareservice'
[2019/10/08-16:58:11.030] [info] [main] [bee.directory]	Starting server 'resourceshare': HTTP server on port 16029
[ShutdownMonitor] Not enabled (port < 0): -1
[2019/10/08-16:58:11.032] [info] [main] [org.eclipse.jetty.server.Server]	jetty-9.4.10.v20180503; built: 2018-05-03T15:56:21.710Z; git: daa59876e6f384329b122929e70a80934569428c; jvm 1.8.0_152-b16
[2019/10/08-16:58:11.127] [info] [main] [org.eclipse.jetty.server.session]	DefaultSessionIdManager workerName=node0
[2019/10/08-16:58:11.127] [info] [main] [org.eclipse.jetty.server.session]	No SessionScavenger set, using defaults
[2019/10/08-16:58:11.129] [info] [main] [org.eclipse.jetty.server.session]	node0 Scavenging every 660000ms
[2019/10/08-16:58:11.186] [warn] [main] [org.eclipse.jetty.security.SecurityHandler]	ServletContext@o.e.j.s.ServletContextHandler@be35cd9{/,null,STARTING} has uncovered http methods for path: /
[2019/10/08-16:58:11.212] [info] [main] [org.eclipse.jetty.server.handler.ContextHandler]	Started o.e.j.s.ServletContextHandler@be35cd9{/,null,AVAILABLE}
[2019/10/08-16:58:11.227] [info] [main] [org.eclipse.jetty.server.AbstractConnector]	Started 16029@53fdffa1{HTTP/1.1,[http/1.1]}{0.0.0.0:16029}
[2019/10/08-16:58:11.227] [info] [main] [org.eclipse.jetty.server.Server]	Started @4567ms
[2019/10/08-16:58:11.227] [info] [main] [bee.directory]	Starting server 'resourceshare_slave': service 'resourceshare'
[2019/10/08-16:58:11.227] [info] [main] [resourceshare]	Starting ResourceShare
[2019/10/08-16:58:11.253] [info] [main] [resourceshare]	Check update of group  plugins at serial 1570546592566
[2019/10/08-16:58:11.254] [info] [main] [resourceshare]	Syncing groups
[2019/10/08-16:58:11.358] [info] [main] [resourceshare]	Master is not yet up on http://mpllnx4032.mpl.michelin.com:16007/resourcemanager (Connection refused (Connection refused)), waiting ...
[2019/10/08-16:58:12.360] [info] [main] [resourceshare]	Master is not yet up on http://mpllnx4032.mpl.michelin.com:16007/resourcemanager (Connection refused (Connection refused)), waiting ...
[2019/10/08-16:58:12.374] [info] [931480286@jtp-resourceshare-2] [datashare]	share: Started datashare session on plugins
[2019/10/08-16:58:13.971] [info] [1950701640@jtp-resourceshare-0] [datashare]	share: Started datashare session on plugins
[2019/10/08-16:58:16.148] [info] [993267999@jtp-resourceshare-6] [exa.io.datashare]	share: Switching DataShare to version 7
[2019/10/08-16:58:16.148] [info] [993267999@jtp-resourceshare-6] [exa.io.datashare]	share: Garbage collecting datashare version 5
[2019/10/08-16:58:16.151] [info] [993267999@jtp-resourceshare-6] [datashare]	share: Committed datashare session
[2019/10/08-16:58:16.168] [info] [main] [resourceshare]	Successfully synced groups
[2019/10/08-16:58:16.171] [info] [main] [resourceshare]	Loading plugins
[2019/10/08-16:58:16.172] [info] [main] [exa.plugins]	Refreshing plugins list
[2019/10/08-16:58:16.172] [info] [main] [plugins]	Listing plugins
[2019/10/08-16:58:16.172] [info] [main] [plugins]	NGRESOURCEPATH=/busapps/dpmu/gbl0/3DSpaceIndex/linux_a64/cv/data/bin/../resource/all-arch:/busapps/dpmu/gbl0/3DSpaceIndex/linux_a64/cv//resource//all-arch:/busapps/dpmu/gbl0/3DSpaceIndex/linux_a64/cv//resource//amd64-linux
[2019/10/08-16:58:16.172] [info] [main] [plugins]	scanning builtin plugins in /busapps/dpmu/gbl0/3DSpaceIndex/linux_a64/cv/data/bin/../resource/all-arch/builtin_plugins_deployed
[2019/10/08-16:58:16.340] [info] [main] [bee.directory]	Starting server 'default': service 'connectors-java0'
[2019/10/08-16:58:16.340] [info] [main] [connectors]	Starting
[2019/10/08-16:58:16.733] [info] [main] [connectors]	Configuring connectors server
[2019/10/08-16:58:17.344] [info] [main] [connectors]	Loaded connectors list: 0 connectors to load
[2019/10/08-16:58:17.344] [info] [main] [bee.directory]	Starting server 'default': HTTP server on port 16028
[ShutdownMonitor] Not enabled (port < 0): -1
[2019/10/08-16:58:17.344] [info] [main] [org.eclipse.jetty.server.Server]	jetty-9.4.10.v20180503; built: 2018-05-03T15:56:21.710Z; git: daa59876e6f384329b122929e70a80934569428c; jvm 1.8.0_152-b16
[2019/10/08-16:58:17.434] [info] [main] [org.eclipse.jetty.server.session]	DefaultSessionIdManager workerName=node0
[2019/10/08-16:58:17.434] [info] [main] [org.eclipse.jetty.server.session]	No SessionScavenger set, using defaults
[2019/10/08-16:58:17.434] [info] [main] [org.eclipse.jetty.server.session]	node0 Scavenging every 660000ms
[2019/10/08-16:58:17.474] [warn] [main] [org.eclipse.jetty.security.SecurityHandler]	ServletContext@o.e.j.s.ServletContextHandler@5f2606b{/,resource:/exa/bee/net/http2/htdocs,STARTING} has uncovered http methods for path: /
[2019/10/08-16:58:17.482] [info] [main] [org.eclipse.jetty.server.handler.ContextHandler]	Started o.e.j.s.ServletContextHandler@5f2606b{/,resource:/exa/bee/net/http2/htdocs,AVAILABLE}
[2019/10/08-16:58:17.483] [info] [main] [org.eclipse.jetty.server.AbstractConnector]	Started 16028@5f59185e{HTTP/1.1,[http/1.1]}{0.0.0.0:16028}
[2019/10/08-16:58:17.483] [info] [main] [org.eclipse.jetty.server.Server]	Started @10823ms
[2019/10/08-16:58:17.484] [info] [main] [bee]	Runtime is started
[2019/10/08-16:58:33.799] [info] [114414807@jtp-default-1] [bee.runtime]	Exiting on StopRuntime request
[2019/10/08-16:58:33.799] [info] [114414807@jtp-default-1] [connectors]	Runtime is being stopped, aborting all connectors
[2019/10/08-16:58:33.802] [info] [shutdown-34] [jaxb]	JAXB cache contains :sun.misc.Launcher$AppClassLoader@764c12b6__com.exalead.mercury.mami.resources.v10 (creation=549ms, hits=1)
[2019/10/08-16:58:33.802] [info] [shutdown-34] [jaxb]	JAXB cache contains :sun.misc.Launcher$AppClassLoader@764c12b6__com.exalead.mercury.mami.connect.v10 (creation=544ms, hits=1)
[2019/10/08-16:58:34.803] [info] [shutdown-34] [bee.directory]	Stopping server 'default': HTTP server
[2019/10/08-16:58:34.811] [info] [shutdown-34] [org.eclipse.jetty.server.AbstractConnector]	Stopped 16028@5f59185e{HTTP/1.1,[http/1.1]}{0.0.0.0:16028}
[2019/10/08-16:58:34.813] [info] [shutdown-34] [org.eclipse.jetty.server.handler.ContextHandler]	Stopped o.e.j.s.ServletContextHandler@5f2606b{/,resource:/exa/bee/net/http2/htdocs,UNAVAILABLE}
[2019/10/08-16:58:34.816] [info] [shutdown-34] [org.eclipse.jetty.server.session]	node0 Stopped scavenging
[2019/10/08-16:58:34.829] [info] [shutdown-34] [bee.directory]	Stopping server 'default': service 'connectors-java0'
[2019/10/08-16:58:34.829] [info] [shutdown-34] [bee.directory]	Stopping server 'resourceshare_slave': service 'resourceshare'
[2019/10/08-16:58:34.829] [info] [shutdown-34] [bee.directory]	Stopping server 'resourceshare': HTTP server
[2019/10/08-16:58:34.832] [info] [shutdown-34] [org.eclipse.jetty.server.AbstractConnector]	Stopped 16029@53fdffa1{HTTP/1.1,[http/1.1]}{0.0.0.0:16029}
[2019/10/08-16:58:34.832] [info] [shutdown-34] [org.eclipse.jetty.server.handler.ContextHandler]	Stopped o.e.j.s.ServletContextHandler@be35cd9{/,null,UNAVAILABLE}
[2019/10/08-16:58:34.833] [info] [shutdown-34] [org.eclipse.jetty.server.session]	node0 Stopped scavenging
[2019/10/08-16:58:34.935] [info] [shutdown-34] [bee.directory]	Stopping server 'resourceshare': service 'resourceshareservice'
[2019/10/08-16:58:34.935] [info] [shutdown-34] [bee.directory]	Directory stopped
[2019/10/08-16:58:34.935] [info] [shutdown-34] [bee]	Runtime stopped
[2019/10/08-16:58:34.935] [fatal] [shutdown-34] [bee]	Exiting process
Exiting process now (Queen.java)
[2019/10/08-16:58:53.553] [info] [main] [exa.log]	Setting master level info
**********************************************************
[2019/10/08-16:58:53.558] [info] [main] [bee]	Process 41370 starting on mpllnx4032.mpl.michelin.com (mpllnx4032.mpl.michelin.com/10.216.104.82) as user dpmugbl0 with version V6R2019x.93173
[2019/10/08-16:58:53.558] [info] [main] [bee]	 [args: java --key processName connectors-java0 --key hostname mpllnx4032.mpl.michelin.com --key installName cvdefault --key id -397421971 --ppid 41316 --configuration config:///version.xml --configuration config:///mercury.xml --key logToRunDir true ; directory: /busapps/dpmu/gbl0/3DSpaceIndex/linux_a64/cv/data/run/connectors-java0 ; architecture: amd64-linux ; kernel: "Linux version 3.10.0-1062.1.2.el7.x86_64 (mockbuild@x86-vm-27.build.eng.bos.redhat.com) (gcc version 4.8.5 20150623 (Red Hat 4.8.5-39) (GCC) ) #1 SMP Mon Sep 16 14:19:51 EDT 2019"]
[2019/10/08-16:58:53.584] [info] [main] [bee]	Loading root config file: config:///version.xml
[2019/10/08-16:58:53.646] [info] [main] [bee]	Loading root config file: config:///mercury.xml
Updating logging configuration
[2019/10/08-16:58:54.545] [info] [main] [exa.log]	Setting master level info
**********************************************************
[2019/10/08-16:58:54.549] [info] [main] [bee.directory]	Directory updated, reloading
[2019/10/08-16:58:54.553] [info] [main] [directory]	Loading directory
[2019/10/08-16:58:54.901] [info] [main] [bee.directory]	Directory loaded
[2019/10/08-16:58:54.901] [info] [main] [bee]	Configuration loaded, starting runtime
[2019/10/08-16:58:54.901] [info] [main] [directory]	Loading directory
[2019/10/08-16:58:54.949] [info] [main] [bee.directory]	Directory loaded
[2019/10/08-16:58:55.028] [info] [main] [org.eclipse.jetty.util.log]	Logging initialized @3460ms to org.eclipse.jetty.util.log.Slf4jLog
[2019/10/08-16:58:55.032] [info] [main] [bee.directory]	Configuring server 'resourceshare'
[2019/10/08-16:58:55.337] [info] [main] [bee.directory]	Mounting servlet 'com.exalead.ds.share2.http.ShareFLIS' on '/*'
[2019/10/08-16:58:55.385] [info] [main] [bee.directory]	Configuring server 'default'
[2019/10/08-16:58:55.386] [info] [main] [bee.directory]	Mounting Bee servlet 'com.exalead.connectors.server.ConnectorsServer' on '/connectors/connectors-java0/*'
[2019/10/08-16:58:55.405] [info] [main] [bee.directory]	Mounting servlet 'com.exalead.connectors.server.FetchServlet' on '/connectors/fetch/connectors-java0/*'
[2019/10/08-16:58:55.405] [info] [main] [bee.directory]	Mounting servlet 'com.exalead.bee.JavaRuntimeServlet' on '/java/*'
[2019/10/08-16:58:55.405] [info] [main] [bee.directory]	Mounting servlet 'com.exalead.bee.services.ProfilingServlet' on '/profiler/*'
[2019/10/08-16:58:55.406] [info] [main] [bee.directory]	Mounting servlet 'com.exalead.bee.services.IsAliveServlet' on '/isAlive/*'
[2019/10/08-16:58:55.406] [info] [main] [bee.directory]	Mounting Bee servlet 'com.exalead.bee.services.Log4EService' on '/log4e/mpllnx4032.mpl.michelin.com-cvdefault/connectors-java0/*'
[2019/10/08-16:58:55.433] [info] [main] [bee.directory]	Mounting Bee servlet 'com.exalead.bee.services.BeegistryUpdater' on '/beegistry/mpllnx4032.mpl.michelin.com-cvdefault/connectors-java0/*'
[2019/10/08-16:58:55.435] [info] [main] [bee.directory]	Configuring homepage
[2019/10/08-16:58:55.628] [info] [main] [bee.directory]	Starting server 'resourceshare': service 'resourceshareservice'
[2019/10/08-16:58:55.631] [info] [main] [bee.directory]	Starting server 'resourceshare': HTTP server on port 16029
[ShutdownMonitor] Not enabled (port < 0): -1
[2019/10/08-16:58:55.633] [info] [main] [org.eclipse.jetty.server.Server]	jetty-9.4.10.v20180503; built: 2018-05-03T15:56:21.710Z; git: daa59876e6f384329b122929e70a80934569428c; jvm 1.8.0_152-b16
[2019/10/08-16:58:55.718] [info] [main] [org.eclipse.jetty.server.session]	DefaultSessionIdManager workerName=node0
[2019/10/08-16:58:55.719] [info] [main] [org.eclipse.jetty.server.session]	No SessionScavenger set, using defaults
[2019/10/08-16:58:55.721] [info] [main] [org.eclipse.jetty.server.session]	node0 Scavenging every 660000ms
[2019/10/08-16:58:55.755] [warn] [main] [org.eclipse.jetty.security.SecurityHandler]	ServletContext@o.e.j.s.ServletContextHandler@be35cd9{/,null,STARTING} has uncovered http methods for path: /
[2019/10/08-16:58:55.772] [info] [main] [org.eclipse.jetty.server.handler.ContextHandler]	Started o.e.j.s.ServletContextHandler@be35cd9{/,null,AVAILABLE}
[2019/10/08-16:58:55.792] [info] [main] [org.eclipse.jetty.server.AbstractConnector]	Started 16029@53fdffa1{HTTP/1.1,[http/1.1]}{0.0.0.0:16029}
[2019/10/08-16:58:55.792] [info] [main] [org.eclipse.jetty.server.Server]	Started @4227ms
[2019/10/08-16:58:55.793] [info] [main] [bee.directory]	Starting server 'resourceshare_slave': service 'resourceshare'
[2019/10/08-16:58:55.793] [info] [main] [resourceshare]	Starting ResourceShare
[2019/10/08-16:58:55.822] [info] [main] [resourceshare]	Check update of group  plugins at serial 1570546693998
[2019/10/08-16:58:55.822] [info] [main] [resourceshare]	Syncing groups
[2019/10/08-16:58:55.910] [info] [main] [resourceshare]	Master is not yet up on http://mpllnx4032.mpl.michelin.com:16007/resourcemanager (Connection refused (Connection refused)), waiting ...
[2019/10/08-16:58:56.911] [info] [main] [resourceshare]	Master is not yet up on http://mpllnx4032.mpl.michelin.com:16007/resourcemanager (Connection refused (Connection refused)), waiting ...
[2019/10/08-16:58:57.605] [info] [243194708@jtp-resourceshare-1] [datashare]	share: Started datashare session on plugins
[2019/10/08-16:58:58.511] [info] [1950701640@jtp-resourceshare-0] [datashare]	share: Started datashare session on plugins
[2019/10/08-16:59:01.215] [info] [103694439@jtp-resourceshare-6] [exa.io.datashare]	share: Switching DataShare to version 9
[2019/10/08-16:59:01.215] [info] [103694439@jtp-resourceshare-6] [exa.io.datashare]	share: Garbage collecting datashare version 7
[2019/10/08-16:59:01.219] [info] [103694439@jtp-resourceshare-6] [datashare]	share: Committed datashare session
[2019/10/08-16:59:01.260] [info] [main] [resourceshare]	Successfully synced groups
[2019/10/08-16:59:01.263] [info] [main] [resourceshare]	Loading plugins
[2019/10/08-16:59:01.264] [info] [main] [exa.plugins]	Refreshing plugins list
[2019/10/08-16:59:01.264] [info] [main] [plugins]	Listing plugins
[2019/10/08-16:59:01.264] [info] [main] [plugins]	NGRESOURCEPATH=/busapps/dpmu/gbl0/3DSpaceIndex/linux_a64/cv/data/bin/../resource/all-arch:/busapps/dpmu/gbl0/3DSpaceIndex/linux_a64/cv//resource//all-arch:/busapps/dpmu/gbl0/3DSpaceIndex/linux_a64/cv//resource//amd64-linux
[2019/10/08-16:59:01.264] [info] [main] [plugins]	scanning builtin plugins in /busapps/dpmu/gbl0/3DSpaceIndex/linux_a64/cv/data/bin/../resource/all-arch/builtin_plugins_deployed
[2019/10/08-16:59:01.344] [info] [main] [bee.directory]	Starting server 'default': service 'connectors-java0'
[2019/10/08-16:59:01.344] [info] [main] [connectors]	Starting
[2019/10/08-16:59:01.577] [info] [main] [connectors]	Configuring connectors server
[2019/10/08-16:59:02.417] [info] [main] [connectors]	Loaded connectors list: 0 connectors to load
[2019/10/08-16:59:02.417] [info] [main] [bee.directory]	Starting server 'default': HTTP server on port 16028
[ShutdownMonitor] Not enabled (port < 0): -1
[2019/10/08-16:59:02.417] [info] [main] [org.eclipse.jetty.server.Server]	jetty-9.4.10.v20180503; built: 2018-05-03T15:56:21.710Z; git: daa59876e6f384329b122929e70a80934569428c; jvm 1.8.0_152-b16
[2019/10/08-16:59:02.532] [info] [main] [org.eclipse.jetty.server.session]	DefaultSessionIdManager workerName=node0
[2019/10/08-16:59:02.532] [info] [main] [org.eclipse.jetty.server.session]	No SessionScavenger set, using defaults
[2019/10/08-16:59:02.532] [info] [main] [org.eclipse.jetty.server.session]	node0 Scavenging every 660000ms
[2019/10/08-16:59:02.537] [warn] [main] [org.eclipse.jetty.security.SecurityHandler]	ServletContext@o.e.j.s.ServletContextHandler@5f2606b{/,resource:/exa/bee/net/http2/htdocs,STARTING} has uncovered http methods for path: /
[2019/10/08-16:59:02.546] [info] [main] [org.eclipse.jetty.server.handler.ContextHandler]	Started o.e.j.s.ServletContextHandler@5f2606b{/,resource:/exa/bee/net/http2/htdocs,AVAILABLE}
[2019/10/08-16:59:02.575] [info] [main] [org.eclipse.jetty.server.AbstractConnector]	Started 16028@5f59185e{HTTP/1.1,[http/1.1]}{0.0.0.0:16028}
[2019/10/08-16:59:02.575] [info] [main] [org.eclipse.jetty.server.Server]	Started @11010ms
[2019/10/08-16:59:02.577] [info] [main] [bee]	Runtime is started
[2019/10/08-16:59:21.624] [info] [114414807@jtp-default-1] [bee.runtime]	Exiting on StopRuntime request
[2019/10/08-16:59:21.624] [info] [114414807@jtp-default-1] [connectors]	Runtime is being stopped, aborting all connectors
[2019/10/08-16:59:21.626] [info] [shutdown-35] [jaxb]	JAXB cache contains :sun.misc.Launcher$AppClassLoader@764c12b6__com.exalead.mercury.mami.resources.v10 (creation=462ms, hits=1)
[2019/10/08-16:59:21.626] [info] [shutdown-35] [jaxb]	JAXB cache contains :sun.misc.Launcher$AppClassLoader@764c12b6__com.exalead.mercury.mami.connect.v10 (creation=811ms, hits=1)
[2019/10/08-16:59:22.627] [info] [shutdown-35] [bee.directory]	Stopping server 'default': HTTP server
[2019/10/08-16:59:22.635] [info] [shutdown-35] [org.eclipse.jetty.server.AbstractConnector]	Stopped 16028@5f59185e{HTTP/1.1,[http/1.1]}{0.0.0.0:16028}
[2019/10/08-16:59:22.637] [info] [shutdown-35] [org.eclipse.jetty.server.handler.ContextHandler]	Stopped o.e.j.s.ServletContextHandler@5f2606b{/,resource:/exa/bee/net/http2/htdocs,UNAVAILABLE}
[2019/10/08-16:59:22.637] [info] [shutdown-35] [org.eclipse.jetty.server.session]	node0 Stopped scavenging
[2019/10/08-16:59:22.638] [info] [shutdown-35] [bee.directory]	Stopping server 'default': service 'connectors-java0'
[2019/10/08-16:59:22.639] [info] [shutdown-35] [bee.directory]	Stopping server 'resourceshare_slave': service 'resourceshare'
[2019/10/08-16:59:22.639] [info] [shutdown-35] [bee.directory]	Stopping server 'resourceshare': HTTP server
[2019/10/08-16:59:22.645] [info] [shutdown-35] [org.eclipse.jetty.server.AbstractConnector]	Stopped 16029@53fdffa1{HTTP/1.1,[http/1.1]}{0.0.0.0:16029}
[2019/10/08-16:59:22.646] [info] [shutdown-35] [org.eclipse.jetty.server.handler.ContextHandler]	Stopped o.e.j.s.ServletContextHandler@be35cd9{/,null,UNAVAILABLE}
[2019/10/08-16:59:22.646] [info] [shutdown-35] [org.eclipse.jetty.server.session]	node0 Stopped scavenging
[2019/10/08-16:59:22.762] [info] [shutdown-35] [bee.directory]	Stopping server 'resourceshare': service 'resourceshareservice'
[2019/10/08-16:59:22.762] [info] [shutdown-35] [bee.directory]	Directory stopped
[2019/10/08-16:59:22.763] [info] [shutdown-35] [bee]	Runtime stopped
[2019/10/08-16:59:22.763] [fatal] [shutdown-35] [bee]	Exiting process
Exiting process now (Queen.java)
[2019/10/08-16:59:36.992] [info] [main] [exa.log]	Setting master level info
**********************************************************
[2019/10/08-16:59:36.997] [info] [main] [bee]	Process 42793 starting on mpllnx4032.mpl.michelin.com (mpllnx4032.mpl.michelin.com/10.216.104.82) as user dpmugbl0 with version V6R2019x.93173
[2019/10/08-16:59:36.997] [info] [main] [bee]	 [args: java --key processName connectors-java0 --key hostname mpllnx4032.mpl.michelin.com --key installName cvdefault --key id -397421971 --ppid 42755 --configuration config:///version.xml --configuration config:///mercury.xml --key logToRunDir true ; directory: /busapps/dpmu/gbl0/3DSpaceIndex/linux_a64/cv/data/run/connectors-java0 ; architecture: amd64-linux ; kernel: "Linux version 3.10.0-1062.1.2.el7.x86_64 (mockbuild@x86-vm-27.build.eng.bos.redhat.com) (gcc version 4.8.5 20150623 (Red Hat 4.8.5-39) (GCC) ) #1 SMP Mon Sep 16 14:19:51 EDT 2019"]
[2019/10/08-16:59:37.003] [info] [main] [bee]	Loading root config file: config:///version.xml
[2019/10/08-16:59:37.033] [info] [main] [bee]	Loading root config file: config:///mercury.xml
Updating logging configuration
[2019/10/08-16:59:38.169] [info] [main] [exa.log]	Setting master level info
**********************************************************
[2019/10/08-16:59:38.170] [info] [main] [bee.directory]	Directory updated, reloading
[2019/10/08-16:59:38.171] [info] [main] [directory]	Loading directory
[2019/10/08-16:59:38.522] [info] [main] [bee.directory]	Directory loaded
[2019/10/08-16:59:38.522] [info] [main] [bee]	Configuration loaded, starting runtime
[2019/10/08-16:59:38.522] [info] [main] [directory]	Loading directory
[2019/10/08-16:59:38.624] [info] [main] [bee.directory]	Directory loaded
[2019/10/08-16:59:38.782] [info] [main] [org.eclipse.jetty.util.log]	Logging initialized @3636ms to org.eclipse.jetty.util.log.Slf4jLog
[2019/10/08-16:59:38.875] [info] [main] [bee.directory]	Configuring server 'resourceshare'
[2019/10/08-16:59:39.311] [info] [main] [bee.directory]	Mounting servlet 'com.exalead.ds.share2.http.ShareFLIS' on '/*'
[2019/10/08-16:59:39.375] [info] [main] [bee.directory]	Configuring server 'default'
[2019/10/08-16:59:39.376] [info] [main] [bee.directory]	Mounting Bee servlet 'com.exalead.connectors.server.ConnectorsServer' on '/connectors/connectors-java0/*'
[2019/10/08-16:59:39.395] [info] [main] [bee.directory]	Mounting servlet 'com.exalead.connectors.server.FetchServlet' on '/connectors/fetch/connectors-java0/*'
[2019/10/08-16:59:39.396] [info] [main] [bee.directory]	Mounting servlet 'com.exalead.bee.JavaRuntimeServlet' on '/java/*'
[2019/10/08-16:59:39.396] [info] [main] [bee.directory]	Mounting servlet 'com.exalead.bee.services.ProfilingServlet' on '/profiler/*'
[2019/10/08-16:59:39.396] [info] [main] [bee.directory]	Mounting servlet 'com.exalead.bee.services.IsAliveServlet' on '/isAlive/*'
[2019/10/08-16:59:39.396] [info] [main] [bee.directory]	Mounting Bee servlet 'com.exalead.bee.services.Log4EService' on '/log4e/mpllnx4032.mpl.michelin.com-cvdefault/connectors-java0/*'
[2019/10/08-16:59:39.399] [info] [main] [bee.directory]	Mounting Bee servlet 'com.exalead.bee.services.BeegistryUpdater' on '/beegistry/mpllnx4032.mpl.michelin.com-cvdefault/connectors-java0/*'
[2019/10/08-16:59:39.400] [info] [main] [bee.directory]	Configuring homepage
[2019/10/08-16:59:39.591] [info] [main] [bee.directory]	Starting server 'resourceshare': service 'resourceshareservice'
[2019/10/08-16:59:39.593] [info] [main] [bee.directory]	Starting server 'resourceshare': HTTP server on port 16029
[ShutdownMonitor] Not enabled (port < 0): -1
[2019/10/08-16:59:39.595] [info] [main] [org.eclipse.jetty.server.Server]	jetty-9.4.10.v20180503; built: 2018-05-03T15:56:21.710Z; git: daa59876e6f384329b122929e70a80934569428c; jvm 1.8.0_152-b16
[2019/10/08-16:59:39.612] [info] [main] [org.eclipse.jetty.server.session]	DefaultSessionIdManager workerName=node0
[2019/10/08-16:59:39.612] [info] [main] [org.eclipse.jetty.server.session]	No SessionScavenger set, using defaults
[2019/10/08-16:59:39.614] [info] [main] [org.eclipse.jetty.server.session]	node0 Scavenging every 600000ms
[2019/10/08-16:59:39.711] [warn] [main] [org.eclipse.jetty.security.SecurityHandler]	ServletContext@o.e.j.s.ServletContextHandler@be35cd9{/,null,STARTING} has uncovered http methods for path: /
[2019/10/08-16:59:39.727] [info] [main] [org.eclipse.jetty.server.handler.ContextHandler]	Started o.e.j.s.ServletContextHandler@be35cd9{/,null,AVAILABLE}
[2019/10/08-16:59:39.769] [info] [main] [org.eclipse.jetty.server.AbstractConnector]	Started 16029@739c4ee3{HTTP/1.1,[http/1.1]}{0.0.0.0:16029}
[2019/10/08-16:59:39.769] [info] [main] [org.eclipse.jetty.server.Server]	Started @4624ms
[2019/10/08-16:59:39.769] [info] [main] [bee.directory]	Starting server 'resourceshare_slave': service 'resourceshare'
[2019/10/08-16:59:39.769] [info] [main] [resourceshare]	Starting ResourceShare
[2019/10/08-16:59:39.802] [info] [main] [resourceshare]	Check update of group  plugins at serial 1570546738519
[2019/10/08-16:59:39.802] [info] [main] [resourceshare]	Syncing groups
[2019/10/08-16:59:39.882] [info] [main] [resourceshare]	Master is not yet up on http://mpllnx4032.mpl.michelin.com:16007/resourcemanager (Connection refused (Connection refused)), waiting ...
[2019/10/08-16:59:40.885] [info] [main] [resourceshare]	Master is not yet up on http://mpllnx4032.mpl.michelin.com:16007/resourcemanager (Connection refused (Connection refused)), waiting ...
[2019/10/08-16:59:40.960] [info] [243194708@jtp-resourceshare-1] [datashare]	share: Started datashare session on plugins
[2019/10/08-16:59:42.800] [info] [1950701640@jtp-resourceshare-0] [datashare]	share: Started datashare session on plugins
[2019/10/08-16:59:46.096] [info] [916227360@jtp-resourceshare-6] [exa.io.datashare]	share: Switching DataShare to version 11
[2019/10/08-16:59:46.096] [info] [916227360@jtp-resourceshare-6] [exa.io.datashare]	share: Garbage collecting datashare version 9
[2019/10/08-16:59:46.100] [info] [916227360@jtp-resourceshare-6] [datashare]	share: Committed datashare session
[2019/10/08-16:59:46.111] [info] [main] [resourceshare]	Successfully synced groups
[2019/10/08-16:59:46.115] [info] [main] [resourceshare]	Loading plugins
[2019/10/08-16:59:46.115] [info] [main] [exa.plugins]	Refreshing plugins list
[2019/10/08-16:59:46.115] [info] [main] [plugins]	Listing plugins
[2019/10/08-16:59:46.116] [info] [main] [plugins]	NGRESOURCEPATH=/busapps/dpmu/gbl0/3DSpaceIndex/linux_a64/cv/data/bin/../resource/all-arch:/busapps/dpmu/gbl0/3DSpaceIndex/linux_a64/cv//resource//all-arch:/busapps/dpmu/gbl0/3DSpaceIndex/linux_a64/cv//resource//amd64-linux
[2019/10/08-16:59:46.116] [info] [main] [plugins]	scanning builtin plugins in /busapps/dpmu/gbl0/3DSpaceIndex/linux_a64/cv/data/bin/../resource/all-arch/builtin_plugins_deployed
[2019/10/08-16:59:46.241] [info] [main] [bee.directory]	Starting server 'default': service 'connectors-java0'
[2019/10/08-16:59:46.241] [info] [main] [connectors]	Starting
[2019/10/08-16:59:46.362] [info] [main] [connectors]	Configuring connectors server
[2019/10/08-16:59:46.981] [info] [main] [connectors]	Loaded connectors list: 0 connectors to load
[2019/10/08-16:59:46.981] [info] [main] [bee.directory]	Starting server 'default': HTTP server on port 16028
[ShutdownMonitor] Not enabled (port < 0): -1
[2019/10/08-16:59:46.981] [info] [main] [org.eclipse.jetty.server.Server]	jetty-9.4.10.v20180503; built: 2018-05-03T15:56:21.710Z; git: daa59876e6f384329b122929e70a80934569428c; jvm 1.8.0_152-b16
[2019/10/08-16:59:47.012] [info] [main] [org.eclipse.jetty.server.session]	DefaultSessionIdManager workerName=node0
[2019/10/08-16:59:47.012] [info] [main] [org.eclipse.jetty.server.session]	No SessionScavenger set, using defaults
[2019/10/08-16:59:47.012] [info] [main] [org.eclipse.jetty.server.session]	node0 Scavenging every 660000ms
[2019/10/08-16:59:47.013] [warn] [main] [org.eclipse.jetty.security.SecurityHandler]	ServletContext@o.e.j.s.ServletContextHandler@5b6813df{/,resource:/exa/bee/net/http2/htdocs,STARTING} has uncovered http methods for path: /
[2019/10/08-16:59:47.021] [info] [main] [org.eclipse.jetty.server.handler.ContextHandler]	Started o.e.j.s.ServletContextHandler@5b6813df{/,resource:/exa/bee/net/http2/htdocs,AVAILABLE}
[2019/10/08-16:59:47.021] [info] [main] [org.eclipse.jetty.server.AbstractConnector]	Started 16028@7c22d4f{HTTP/1.1,[http/1.1]}{0.0.0.0:16028}
[2019/10/08-16:59:47.022] [info] [main] [org.eclipse.jetty.server.Server]	Started @11877ms
[2019/10/08-16:59:47.022] [info] [main] [bee]	Runtime is started
[2019/10/09-00:00:00.019] [info] [1396385390@jtp-default-1] [exa.log.rotation]	Rotating standard log
Log4NG: rotating logs now
