[2019/10/28-00:00:00.105] [info] [exa.bee.BeeJob 6] [legacy]	Rotating additional logs
[2019/10/28-03:00:00.279] [info] [exa.bee.BeeJob 8] [GLcomponent.suggest]	0: build starting
[2019/10/28-03:00:00.701] [info] [exa.bee.BeeJob 8] [GLcomponent.suggest]	0: Suggest OnPremise_securedSuggest_ds6w_58_label successfully built
[2019/10/28-14:58:10.691] [info] [exa.bee.BeeJob 8] [GLcomponent.indexing.sxibg0.analysis.perSlice]	0: Job 1572271090554 successfully analyzed (51 adds, 47 deletions, 2 updates, 4 checkpoints, 34.385KB) - Duration: 49.000ms
[2019/10/28-14:58:10.693] [info] [exa.bee.BeeJob 8] [GLcomponent.indexing.sxibg0]	0: Beginning import
[2019/10/28-14:58:10.705] [info] [exa.bee.BeeJob 8] [GLcomponent.indexing.sxibg0]	0: No content in current transaction, commit is discarded. [checkAnalysisJobStarted='true', serial='-1']
[2019/10/28-14:58:10.707] [info] [exa.bee.BeeJob 8] [GLcomponent.indexing.sxibg0]	0: No content in current transaction, commit is discarded. [checkAnalysisJobStarted='true', serial='-1']
[2019/10/28-14:58:10.709] [info] [exa.bee.BeeJob 8] [GLcomponent.indexing.sxibg0]	0: No content in current transaction, commit is discarded. [checkAnalysisJobStarted='true', serial='-1']
[2019/10/28-14:58:10.744] [info] [exa.bee.BeeJob 8] [GLcomponent.indexing.sxibg0.analysis.perSlice]	0: Job 1572271090711 successfully analyzed (0 add, 0 deletion, 0 update, 0 checkpoint, 0B) - Duration: 1.000ms
[2019/10/28-14:58:10.822] [info] [exa.bee.BeeJob 8] [GLcomponent.indexing.sxibg0]	0: Successfully imported (from MergedBuffers - 1) - Duration: 127.925ms
[2019/10/28-14:58:10.835] [info] [exa.bee.BeeJob 8] [GLcomponent.indexing.sxibg0]	0: Beginning import
[2019/10/28-14:58:10.864] [info] [exa.bee.BeeJob 8] [GLcomponent.indexing.sxibg0]	0: Successfully imported (from MergedBuffers - 1) - Duration: 33.496ms
[2019/10/28-14:58:10.868] [info] [exa.bee.BeeJob 8] [GLcomponent.indexing.sxibg0]	0: No content in current transaction, commit is discarded. [checkAnalysisJobStarted='true', serial='-1']
[2019/10/28-16:30:39.703] [info] [exa.bee.BeeJob 8] [GLcomponent.indexing.sxibg0.analysis.perSlice]	0: Job 1572276639597 successfully analyzed (1 add, 47 deletions, 5 updates, 1 checkpoint, 23.078KB) - Duration: 39.000ms
[2019/10/28-16:30:39.705] [info] [exa.bee.BeeJob 8] [GLcomponent.indexing.sxibg0]	0: Beginning import
[2019/10/28-16:30:39.710] [info] [exa.bee.BeeJob 8] [GLcomponent.indexing.sxibg0]	0: No content in current transaction, commit is discarded. [checkAnalysisJobStarted='true', serial='-1']
[2019/10/28-16:30:39.712] [info] [exa.bee.BeeJob 8] [GLcomponent.indexing.sxibg0]	0: No content in current transaction, commit is discarded. [checkAnalysisJobStarted='true', serial='-1']
[2019/10/28-16:30:39.713] [info] [exa.bee.BeeJob 8] [GLcomponent.indexing.sxibg0]	0: No content in current transaction, commit is discarded. [checkAnalysisJobStarted='true', serial='-1']
[2019/10/28-16:30:39.754] [info] [exa.bee.BeeJob 8] [GLcomponent.indexing.sxibg0.analysis.perSlice]	0: Job 1572276639726 successfully analyzed (0 add, 0 deletion, 0 update, 0 checkpoint, 0B) - Duration: 1.000ms
[2019/10/28-16:30:39.791] [info] [exa.bee.BeeJob 8] [GLcomponent.indexing.sxibg0]	0: Successfully imported (from MergedBuffers - 1) - Duration: 77.249ms
[2019/10/28-16:30:39.793] [info] [exa.bee.BeeJob 8] [GLcomponent.indexing.sxibg0]	0: Beginning import
[2019/10/28-16:30:39.822] [info] [exa.bee.BeeJob 8] [GLcomponent.indexing.sxibg0]	0: Successfully imported (from MergedBuffers - 1) - Duration: 27.958ms
[2019/10/28-16:30:39.826] [info] [exa.bee.BeeJob 8] [GLcomponent.indexing.sxibg0]	0: No content in current transaction, commit is discarded. [checkAnalysisJobStarted='true', serial='-1']
[2019/10/28-16:30:48.179] [info] [exa.bee.BeeJob 8] [GLcomponent.indexing.sxibg0.analysis.perSlice]	0: Job 1572276648106 successfully analyzed (48 adds, 0 deletion, 1 update, 3 checkpoints, 15.423KB) - Duration: 37.000ms
[2019/10/28-16:30:48.181] [info] [exa.bee.BeeJob 8] [GLcomponent.indexing.sxibg0]	0: Beginning import
[2019/10/28-16:30:48.183] [info] [exa.bee.BeeJob 8] [GLcomponent.indexing.sxibg0]	0: No content in current transaction, commit is discarded. [checkAnalysisJobStarted='true', serial='-1']
[2019/10/28-16:30:48.186] [info] [exa.bee.BeeJob 8] [GLcomponent.indexing.sxibg0]	0: No content in current transaction, commit is discarded. [checkAnalysisJobStarted='true', serial='-1']
[2019/10/28-16:30:48.189] [info] [exa.bee.BeeJob 8] [GLcomponent.indexing.sxibg0]	0: No content in current transaction, commit is discarded. [checkAnalysisJobStarted='true', serial='-1']
[2019/10/28-16:30:48.236] [info] [exa.bee.BeeJob 8] [GLcomponent.indexing.sxibg0.analysis.perSlice]	0: Job 1572276648206 successfully analyzed (0 add, 0 deletion, 0 update, 0 checkpoint, 0B) - Duration: 1.000ms
[2019/10/28-16:30:48.260] [info] [exa.bee.BeeJob 8] [GLcomponent.indexing.sxibg0]	0: Successfully imported (from MergedBuffers - 1) - Duration: 72.092ms
[2019/10/28-16:30:48.272] [info] [exa.bee.BeeJob 8] [GLcomponent.indexing.sxibg0]	0: Beginning import
[2019/10/28-16:30:48.303] [info] [exa.bee.BeeJob 8] [GLcomponent.indexing.sxibg0]	0: Successfully imported (from MergedBuffers - 1) - Duration: 37.849ms
[2019/10/28-16:30:48.305] [info] [exa.bee.BeeJob 8] [GLcomponent.indexing.sxibg0]	0: No content in current transaction, commit is discarded. [checkAnalysisJobStarted='true', serial='-1']
[2019/10/29-00:00:00.106] [info] [exa.bee.BeeJob 6] [legacy]	Rotating standard log
