[2019/11/06-00:00:00.153] [info] [exa.bee.BeeJob 6] [legacy]	Rotating additional logs
[2019/11/06-03:00:00.359] [info] [exa.bee.BeeJob 5] [GLcomponent.suggest]	0: build starting
[2019/11/06-03:00:01.705] [info] [exa.bee.BeeJob 5] [GLcomponent.suggest]	0: Suggest OnPremise_securedSuggest_ds6w_58_label successfully built
[2019/11/06-08:24:37.486] [info] [exa.bee.BeeJob 7] [bee]	runtime stopping...
[2019/11/06-08:24:37.486] [info] [exa.bee.BeeJob 7] [bee.directory]	Pre-Stopping public bee server
[2019/11/06-08:24:37.486] [info] [exa.bee.BeeJob 7] [bee.directory]	Pre-Stopping public bee /GL
[2019/11/06-08:24:37.486] [info] [exa.bee.BeeJob 7] [bee.directory]	Pre-Stopping public bee /beegistry/mpllnx4032.mpl.michelin.com-cvdefault/master
[2019/11/06-08:24:37.486] [info] [exa.bee.BeeJob 7] [bee.directory]	Pre-Stopping public bee /log4e/mpllnx4032.mpl.michelin.com-cvdefault/master
[2019/11/06-08:24:37.486] [info] [exa.bee.BeeJob 7] [bee.directory]	Pre-Stopping public bee dynamicData
[2019/11/06-08:24:37.486] [info] [exa.bee.BeeJob 7] [bee.directory]	Pre-Stopping public bee profiler
[2019/11/06-08:24:37.486] [info] [exa.bee.BeeJob 7] [bee.directory]	Pre-Stopping public bee exascript
[2019/11/06-08:24:37.486] [info] [exa.bee.BeeJob 7] [bee.directory]	Pre-Stopping public bee /mami/fetch
[2019/11/06-08:24:37.486] [info] [exa.bee.BeeJob 7] [bee.directory]	Pre-Stopping public bee /mami/crawl
[2019/11/06-08:24:37.486] [info] [exa.bee.BeeJob 7] [bee.directory]	Pre-Stopping public bee /mami/deploy
[2019/11/06-08:24:37.486] [info] [exa.bee.BeeJob 7] [bee.directory]	Pre-Stopping public bee /directory
[2019/11/06-08:24:37.486] [info] [exa.bee.BeeJob 7] [bee.directory]	Stopping public bee server
[2019/11/06-08:24:37.486] [info] [exa.bee.BeeJob 7] [bee.server]	server: stop
[2019/11/06-08:24:37.488] [info] [exa.bee.BeeJob 7] [bee.directory]	Stopping public bee /GL
[2019/11/06-08:24:37.488] [info] [exa.bee.BeeJob 7] [globallog.server]	Syncing global logs generation 13
[2019/11/06-08:24:37.496] [info] [exa.bee.BeeJob 7] [bee.directory]	Stopping public bee /beegistry/mpllnx4032.mpl.michelin.com-cvdefault/master
[2019/11/06-08:24:37.496] [info] [exa.bee.BeeJob 7] [bee.directory]	Stopping public bee /log4e/mpllnx4032.mpl.michelin.com-cvdefault/master
[2019/11/06-08:24:37.496] [info] [exa.bee.BeeJob 7] [bee.directory]	Stopping public bee dynamicData
[2019/11/06-08:24:37.497] [info] [exa.bee.BeeJob 7] [bee.directory]	Stopping public bee profiler
[2019/11/06-08:24:37.497] [info] [exa.bee.BeeJob 7] [bee.directory]	Stopping public bee exascript
[2019/11/06-08:24:37.497] [info] [exa.bee.BeeJob 7] [bee.directory]	Stopping public bee /mami/fetch
[2019/11/06-08:24:37.497] [info] [exa.bee.BeeJob 7] [bee.directory]	Stopping public bee /mami/crawl
[2019/11/06-08:24:37.497] [info] [exa.bee.BeeJob 7] [bee.directory]	Stopping public bee /mami/deploy
[2019/11/06-08:24:37.497] [info] [exa.bee.BeeJob 7] [bee.directory]	Stopping public bee /directory
[2019/11/06-08:24:37.497] [info] [exa.bee.BeeJob 7] [bee.directory]	Directory stopped
[2019/11/06-08:24:37.497] [info] [main] [legacy]	Bye
[2019/11/06-08:24:37.597] [info] [exa.bee.BeeJob 8] [bee]	Process stopped
[2019/11/06-08:24:37.597] [info] [exa.bee.BeeJob 8] [bee]	----------------------------------------------------------
