[2019/11/06-00:00:00.150] [info] [1628998132@jtp-default-2] [exa.log.rotation]	Rotating additional logs
[2019/11/06-08:24:37.489] [info] [1628998132@jtp-default-2] [bee.runtime]	Exiting on StopRuntime request
[2019/11/06-08:24:37.490] [info] [shutdown-2805] [jaxb]	JAXB cache contains :SGLoader@null__exa.bee (creation=810ms, hits=9655)
[2019/11/06-08:24:38.493] [info] [shutdown-2805] [bee.directory]	Stopping server 'default': HTTP server
[2019/11/06-08:24:38.562] [info] [shutdown-2805] [org.eclipse.jetty.server.AbstractConnector]	Stopped 16016@537f60bf{HTTP/1.1,[http/1.1]}{0.0.0.0:16016}
[2019/11/06-08:24:38.565] [info] [shutdown-2805] [org.eclipse.jetty.server.handler.ContextHandler]	Stopped o.e.j.s.ServletContextHandler@58695725{/,resource:/exa/bee/net/http2/htdocs,UNAVAILABLE}
[2019/11/06-08:24:38.567] [info] [shutdown-2805] [org.eclipse.jetty.server.session]	node0 Stopped scavenging
[2019/11/06-08:24:38.682] [info] [shutdown-2805] [bee.directory]	Stopping server 'default': service 'services.index6.sxibg0.0.sxii0'
[2019/11/06-08:24:38.683] [info] [shutdown-2805] [index.client]	slice 0: inst sxii0: Stopping...
[2019/11/06-08:24:38.683] [info] [shutdown-2805] [index.client]	slice 0: inst sxii0: Waiting for initializer thread
[2019/11/06-08:24:38.683] [info] [shutdown-2805] [index.client]	slice 0: inst sxii0: stopping search server
[2019/11/06-08:24:38.683] [info] [140041239062272] [exa.tick.server]	slice 0: inst sxii0: slice 0: Stopping server
[2019/11/06-08:24:38.683] [info] [BoundTickServer/0.0.0.0:16017] [exa.tick.server]	Interrupting server loop
[2019/11/06-08:24:38.685] [info] [shutdown-2805] [index.client]	slice 0: inst sxii0: stopping downloaders
[2019/11/06-08:24:38.864] [info] [shutdown-2805] [index.client]	slice 0: inst sxii0: stopping generation server
[2019/11/06-08:24:38.884] [info] [shutdown-2805] [index.client]	slice 0: inst sxii0: Stopped.
[2019/11/06-08:24:38.884] [info] [shutdown-2805] [bee.directory]	Directory stopped
[2019/11/06-08:24:38.884] [info] [shutdown-2805] [bee]	Runtime stopped
[2019/11/06-08:24:38.884] [fatal] [shutdown-2805] [bee]	Exiting process
Exiting process now (Queen.java)
