[2019/10/12-00:00:00.042] [info] [391384406@jtp-default-15] [exa.log.rotation]	Rotating additional logs
[2019/10/12-00:10:00.001] [info] [DefaultQuartzScheduler_Worker-2] [exa.scheduling]	Triggering scheduled generation of static application report job for application 'null'
[2019/10/12-00:10:00.005] [info] [233629233@jtp-gateway-3541] [reporting.manager]	Generating static application report
[2019/10/12-00:10:00.007] [info] [1664456838@jtp-default-9] [exa.reporting.sqlite.server]	rotating collection: queries
[2019/10/12-00:10:00.027] [info] [1664456838@jtp-default-9] [exa.reporting.sqlite.server]	rotating collection: opendocs
[2019/10/12-00:10:00.040] [info] [pool-1-thread-1] [reporting.manager]	Generating static report for application undefined_appid
[2019/10/12-00:10:00.045] [info] [984016193@jtp-resourcemanager-5] [resourcemanager]	Add an internal resource undefined_appid in group staticreport_undefined_appid
[2019/10/12-00:10:00.147] [info] [984016193@jtp-resourcemanager-5] [resourcemanager]	Comitting prepared version of resource: undefined_appid
[2019/10/12-00:10:00.150] [info] [984016193@jtp-resourcemanager-5] [resourcemanager]	Publishing group staticreport_undefined_appid
[2019/10/12-00:10:00.150] [info] [984016193@jtp-resourcemanager-5] [resourcemanager]	Building resource undefined_appid
[2019/10/12-00:10:00.151] [info] [984016193@jtp-resourcemanager-5] [resourcemanager]	Resource undefined_appid (version 3) successfully compiled
[2019/10/12-00:10:00.151] [info] [984016193@jtp-resourcemanager-5] [resourcemanager]	Will publish to: resourceshare.urls.gateway.gateway -> http://mpllnx4032.mpl.michelin.com:16008/
[2019/10/12-00:10:00.153] [info] [109889614@jtp-resourceshare-79] [datashare]	share: Started datashare session on staticreport_undefined_appid
[2019/10/12-00:10:00.155] [info] [984016193@jtp-resourcemanager-5] [resourcemanager]	Publishing undefined_appid...
[2019/10/12-00:10:00.210] [info] [1905193939@jtp-resourceshare-74] [exa.io.datashare]	share: Switching DataShare to version 4
[2019/10/12-00:10:00.210] [info] [1905193939@jtp-resourceshare-74] [exa.io.datashare]	share: Garbage collecting datashare version 3
[2019/10/12-00:10:00.210] [info] [1905193939@jtp-resourceshare-74] [datashare]	share: Committed datashare session
[2019/10/12-00:10:00.211] [info] [984016193@jtp-resourcemanager-5] [resourcemanager]	staticreport_undefined_appid sucessfully published
[2019/10/12-00:10:00.215] [info] [pool-1-thread-1] [reporting.manager]	Generating static report for application default
[2019/10/12-00:10:00.219] [info] [984016193@jtp-resourcemanager-5] [resourcemanager]	Add an internal resource default in group staticreport_default
[2019/10/12-00:10:00.299] [info] [984016193@jtp-resourcemanager-5] [resourcemanager]	Comitting prepared version of resource: default
[2019/10/12-00:10:00.310] [info] [984016193@jtp-resourcemanager-5] [resourcemanager]	Publishing group staticreport_default
[2019/10/12-00:10:00.310] [info] [984016193@jtp-resourcemanager-5] [resourcemanager]	Building resource default
[2019/10/12-00:10:00.312] [info] [984016193@jtp-resourcemanager-5] [resourcemanager]	Resource default (version 3) successfully compiled
[2019/10/12-00:10:00.312] [info] [984016193@jtp-resourcemanager-5] [resourcemanager]	Will publish to: resourceshare.urls.gateway.gateway -> http://mpllnx4032.mpl.michelin.com:16008/
[2019/10/12-00:10:00.314] [info] [1905193939@jtp-resourceshare-74] [datashare]	share: Started datashare session on staticreport_default
[2019/10/12-00:10:00.316] [info] [984016193@jtp-resourcemanager-5] [resourcemanager]	Publishing default...
[2019/10/12-00:10:00.368] [info] [109889614@jtp-resourceshare-79] [exa.io.datashare]	share: Switching DataShare to version 4
[2019/10/12-00:10:00.368] [info] [109889614@jtp-resourceshare-79] [exa.io.datashare]	share: Garbage collecting datashare version 3
[2019/10/12-00:10:00.369] [info] [109889614@jtp-resourceshare-79] [datashare]	share: Committed datashare session
[2019/10/12-00:10:00.369] [info] [984016193@jtp-resourcemanager-5] [resourcemanager]	staticreport_default sucessfully published
[2019/10/12-04:00:00.001] [info] [DefaultQuartzScheduler_Worker-2] [exa.scheduling]	Triggering scheduled build of suggest 'OnPremise_securedSuggest_ds6w_58_label'
[2019/10/12-04:00:00.010] [info] [984016193@jtp-resourcemanager-5] [resourcemanager]	Add an internal resource OnPremise_securedSuggest_ds6w_58_label in group autosuggest_OnPremise_securedSuggest_ds6w_58_label
[2019/10/12-04:00:01.346] [info] [984016193@jtp-resourcemanager-5] [resourcemanager]	Comitting prepared version of resource: OnPremise_securedSuggest_ds6w_58_label
[2019/10/12-04:00:01.351] [info] [984016193@jtp-resourcemanager-5] [resourcemanager]	Publishing group autosuggest_OnPremise_securedSuggest_ds6w_58_label
[2019/10/12-04:00:01.351] [info] [984016193@jtp-resourcemanager-5] [resourcemanager]	Building resource OnPremise_securedSuggest_ds6w_58_label
[2019/10/12-04:00:01.354] [info] [984016193@jtp-resourcemanager-5] [resourcemanager]	Resource OnPremise_securedSuggest_ds6w_58_label (version 2) successfully compiled
[2019/10/12-04:00:01.354] [info] [984016193@jtp-resourcemanager-5] [resourcemanager]	Will publish to: resourceshare.urls.searcher.searchserver-ss0 -> http://mpllnx4032.mpl.michelin.com:16024/
[2019/10/12-04:00:01.364] [info] [984016193@jtp-resourcemanager-5] [resourcemanager]	Will publish to: resourceshare.urls.gateway.gateway -> http://mpllnx4032.mpl.michelin.com:16008/
[2019/10/12-04:00:01.366] [info] [126888713@jtp-resourceshare-88] [datashare]	share: Started datashare session on autosuggest_OnPremise_securedSuggest_ds6w_58_label
[2019/10/12-04:00:01.375] [info] [984016193@jtp-resourcemanager-5] [resourcemanager]	Publishing OnPremise_securedSuggest_ds6w_58_label...
[2019/10/12-04:00:01.432] [info] [450515017@jtp-resourceshare-90] [exa.io.datashare]	share: Switching DataShare to version 3
[2019/10/12-04:00:01.433] [info] [450515017@jtp-resourceshare-90] [exa.io.datashare]	share: Garbage collecting datashare version 2
[2019/10/12-04:00:01.433] [info] [450515017@jtp-resourceshare-90] [datashare]	share: Committed datashare session
[2019/10/12-04:00:01.463] [info] [984016193@jtp-resourcemanager-5] [resourcemanager]	autosuggest_OnPremise_securedSuggest_ds6w_58_label sucessfully published
[2019/10/13-00:00:00.000] [info] [DefaultQuartzScheduler_Worker-2] [exa.logging]	Rotating logs (scheduled)
[2019/10/13-00:00:00.002] [info] [DefaultQuartzScheduler_Worker-10] [exa.scheduling]	Triggering scheduled rotation job of schema 'mashup-ui'
[2019/10/13-00:00:00.002] [info] [DefaultQuartzScheduler_Worker-4] [exa.scheduling]	Triggering scheduled rotation job of schema 'opendocs'
[2019/10/13-00:00:00.003] [info] [DefaultQuartzScheduler_Worker-7] [exa.scheduling]	Triggering scheduled rotation job of schema 'mashup-api'
[2019/10/13-00:00:00.003] [info] [DefaultQuartzScheduler_Worker-6] [exa.scheduling]	Triggering scheduled rotation job of schema 'queries'
[2019/10/13-00:00:00.004] [info] [DefaultQuartzScheduler_Worker-9] [exa.scheduling]	Triggering scheduled rotation job of schema 'suggests'
[2019/10/13-00:00:00.005] [info] [1664456838@jtp-default-9] [exa.reporting.sqlite.server]	rotating collection: mashup-ui
[2019/10/13-00:00:00.005] [info] [1956826195@jtp-default-8] [exa.reporting.sqlite.server]	rotating collection: opendocs
[2019/10/13-00:00:00.005] [info] [910993884@jtp-default-16] [exa.reporting.sqlite.server]	rotating collection: queries
[2019/10/13-00:00:00.016] [info] [1636963208@jtp-default-17] [exa.reporting.sqlite.server]	rotating collection: mashup-api
[2019/10/13-00:00:00.029] [info] [1485543816@jtp-default-18] [exa.reporting.sqlite.server]	rotating collection: suggests
[2019/10/13-00:00:00.035] [info] [190220174@jtp-default-19] [exa.log.rotation]	Rotating standard log
Log4NG: rotating logs now
