[2019/10/11-00:00:00.045] [info] [1008120797@jtp-default-11] [exa.log.rotation]	Rotating additional logs
[2019/10/11-00:10:00.000] [info] [DefaultQuartzScheduler_Worker-1] [exa.scheduling]	Triggering scheduled generation of static application report job for application 'null'
[2019/10/11-00:10:00.003] [info] [1035634188@jtp-gateway-2145] [reporting.manager]	Generating static application report
[2019/10/11-00:10:00.004] [info] [1956826195@jtp-default-8] [exa.reporting.sqlite.server]	rotating collection: queries
[2019/10/11-00:10:00.018] [info] [1956826195@jtp-default-8] [exa.reporting.sqlite.server]	rotating collection: opendocs
[2019/10/11-00:10:00.028] [info] [pool-1-thread-1] [reporting.manager]	Generating static report for application undefined_appid
[2019/10/11-00:10:00.034] [info] [984016193@jtp-resourcemanager-5] [resourcemanager]	Add an internal resource undefined_appid in group staticreport_undefined_appid
[2019/10/11-00:10:00.069] [info] [984016193@jtp-resourcemanager-5] [resourcemanager]	Comitting prepared version of resource: undefined_appid
[2019/10/11-00:10:00.072] [info] [984016193@jtp-resourcemanager-5] [resourcemanager]	Publishing group staticreport_undefined_appid
[2019/10/11-00:10:00.072] [info] [984016193@jtp-resourcemanager-5] [resourcemanager]	Building resource undefined_appid
[2019/10/11-00:10:00.073] [info] [984016193@jtp-resourcemanager-5] [resourcemanager]	Resource undefined_appid (version 2) successfully compiled
[2019/10/11-00:10:00.073] [info] [984016193@jtp-resourcemanager-5] [resourcemanager]	Will publish to: resourceshare.urls.gateway.gateway -> http://mpllnx4032.mpl.michelin.com:16008/
[2019/10/11-00:10:00.081] [info] [2015820069@jtp-resourceshare-41] [datashare]	share: Started datashare session on staticreport_undefined_appid
[2019/10/11-00:10:00.083] [info] [984016193@jtp-resourcemanager-5] [resourcemanager]	Publishing undefined_appid...
[2019/10/11-00:10:00.112] [info] [602491563@jtp-resourceshare-33] [exa.io.datashare]	share: Switching DataShare to version 3
[2019/10/11-00:10:00.113] [info] [602491563@jtp-resourceshare-33] [exa.io.datashare]	share: Garbage collecting datashare version 2
[2019/10/11-00:10:00.113] [info] [602491563@jtp-resourceshare-33] [datashare]	share: Committed datashare session
[2019/10/11-00:10:00.113] [info] [984016193@jtp-resourcemanager-5] [resourcemanager]	staticreport_undefined_appid sucessfully published
[2019/10/11-00:10:00.116] [info] [pool-1-thread-1] [reporting.manager]	Generating static report for application default
[2019/10/11-00:10:00.120] [info] [984016193@jtp-resourcemanager-5] [resourcemanager]	Add an internal resource default in group staticreport_default
[2019/10/11-00:10:00.152] [info] [984016193@jtp-resourcemanager-5] [resourcemanager]	Comitting prepared version of resource: default
[2019/10/11-00:10:00.154] [info] [984016193@jtp-resourcemanager-5] [resourcemanager]	Publishing group staticreport_default
[2019/10/11-00:10:00.155] [info] [984016193@jtp-resourcemanager-5] [resourcemanager]	Building resource default
[2019/10/11-00:10:00.156] [info] [984016193@jtp-resourcemanager-5] [resourcemanager]	Resource default (version 2) successfully compiled
[2019/10/11-00:10:00.156] [info] [984016193@jtp-resourcemanager-5] [resourcemanager]	Will publish to: resourceshare.urls.gateway.gateway -> http://mpllnx4032.mpl.michelin.com:16008/
[2019/10/11-00:10:00.156] [info] [602491563@jtp-resourceshare-33] [datashare]	share: Started datashare session on staticreport_default
[2019/10/11-00:10:00.157] [info] [984016193@jtp-resourcemanager-5] [resourcemanager]	Publishing default...
[2019/10/11-00:10:00.184] [info] [2015820069@jtp-resourceshare-41] [exa.io.datashare]	share: Switching DataShare to version 3
[2019/10/11-00:10:00.184] [info] [2015820069@jtp-resourceshare-41] [exa.io.datashare]	share: Garbage collecting datashare version 2
[2019/10/11-00:10:00.184] [info] [2015820069@jtp-resourceshare-41] [datashare]	share: Committed datashare session
[2019/10/11-00:10:00.185] [info] [984016193@jtp-resourcemanager-5] [resourcemanager]	staticreport_default sucessfully published
[2019/10/11-01:53:19.857] [info] [984016193@jtp-resourcemanager-5] [resourcemanager]	Add an internal resource sxidict in group dictionary-sxidict
[2019/10/11-01:53:19.876] [info] [984016193@jtp-resourcemanager-5] [resourcemanager]	Comitting prepared version of resource: sxidict
[2019/10/11-01:53:19.880] [info] [984016193@jtp-resourcemanager-5] [resourcemanager]	Publishing group dictionary-sxidict
[2019/10/11-01:53:19.880] [info] [984016193@jtp-resourcemanager-5] [resourcemanager]	Building resource sxidict
[2019/10/11-01:53:19.882] [info] [984016193@jtp-resourcemanager-5] [resourcemanager]	Resource sxidict (version 2) successfully compiled
[2019/10/11-01:53:19.882] [info] [984016193@jtp-resourcemanager-5] [resourcemanager]	Will publish to: resourceshare.urls.gateway.gateway -> http://mpllnx4032.mpl.michelin.com:16008/
[2019/10/11-01:53:19.883] [info] [1141618337@jtp-resourceshare-62] [datashare]	share: Started datashare session on dictionary-sxidict
[2019/10/11-01:53:19.883] [info] [984016193@jtp-resourcemanager-5] [resourcemanager]	Will publish to: resourceshare.urls.analyzer.indexingserver-sxibg0 -> http://mpllnx4032.mpl.michelin.com:16014/
[2019/10/11-01:53:19.886] [info] [984016193@jtp-resourcemanager-5] [resourcemanager]	Will publish to: resourceshare.urls.searcher.searchserver-ss0 -> http://mpllnx4032.mpl.michelin.com:16024/
[2019/10/11-01:53:19.891] [info] [984016193@jtp-resourcemanager-5] [resourcemanager]	Publishing sxidict...
[2019/10/11-01:53:19.926] [info] [1541263750@jtp-resourceshare-69] [exa.io.datashare]	share: Switching DataShare to version 3
[2019/10/11-01:53:19.926] [info] [1541263750@jtp-resourceshare-69] [exa.io.datashare]	share: Garbage collecting datashare version 2
[2019/10/11-01:53:19.927] [info] [1541263750@jtp-resourceshare-69] [datashare]	share: Committed datashare session
[2019/10/11-01:53:20.015] [info] [984016193@jtp-resourcemanager-5] [resourcemanager]	dictionary-sxidict sucessfully published
[2019/10/11-04:00:00.000] [info] [DefaultQuartzScheduler_Worker-1] [exa.scheduling]	Triggering scheduled build of suggest 'OnPremise_securedSuggest_ds6w_58_label'
[2019/10/11-04:00:00.008] [info] [984016193@jtp-resourcemanager-5] [resourcemanager]	Add an internal resource OnPremise_securedSuggest_ds6w_58_label in group autosuggest_OnPremise_securedSuggest_ds6w_58_label
[2019/10/11-04:00:01.100] [info] [984016193@jtp-resourcemanager-5] [resourcemanager]	Comitting prepared version of resource: OnPremise_securedSuggest_ds6w_58_label
[2019/10/11-04:00:01.112] [info] [984016193@jtp-resourcemanager-5] [resourcemanager]	Publishing group autosuggest_OnPremise_securedSuggest_ds6w_58_label
[2019/10/11-04:00:01.112] [info] [984016193@jtp-resourcemanager-5] [resourcemanager]	Building resource OnPremise_securedSuggest_ds6w_58_label
[2019/10/11-04:00:01.114] [info] [984016193@jtp-resourcemanager-5] [resourcemanager]	Resource OnPremise_securedSuggest_ds6w_58_label (version 1) successfully compiled
[2019/10/11-04:00:01.114] [info] [984016193@jtp-resourcemanager-5] [resourcemanager]	Will publish to: resourceshare.urls.searcher.searchserver-ss0 -> http://mpllnx4032.mpl.michelin.com:16024/
[2019/10/11-04:00:01.116] [info] [984016193@jtp-resourcemanager-5] [resourcemanager]	Will publish to: resourceshare.urls.gateway.gateway -> http://mpllnx4032.mpl.michelin.com:16008/
[2019/10/11-04:00:01.119] [info] [1541263750@jtp-resourceshare-69] [datashare]	share: Started datashare session on autosuggest_OnPremise_securedSuggest_ds6w_58_label
[2019/10/11-04:00:01.120] [info] [984016193@jtp-resourcemanager-5] [resourcemanager]	Publishing OnPremise_securedSuggest_ds6w_58_label...
[2019/10/11-04:00:01.178] [info] [486062870@jtp-resourceshare-73] [exa.io.datashare]	share: Switching DataShare to version 2
[2019/10/11-04:00:01.178] [info] [486062870@jtp-resourceshare-73] [exa.io.datashare]	share: Garbage collecting datashare version 1
[2019/10/11-04:00:01.179] [info] [486062870@jtp-resourceshare-73] [datashare]	share: Committed datashare session
[2019/10/11-04:00:01.208] [info] [984016193@jtp-resourcemanager-5] [resourcemanager]	autosuggest_OnPremise_securedSuggest_ds6w_58_label sucessfully published
[2019/10/12-00:00:00.001] [info] [DefaultQuartzScheduler_Worker-1] [exa.logging]	Rotating logs (scheduled)
[2019/10/12-00:00:00.001] [info] [DefaultQuartzScheduler_Worker-4] [exa.scheduling]	Triggering scheduled rotation job of schema 'mashup-ui'
[2019/10/12-00:00:00.001] [info] [DefaultQuartzScheduler_Worker-8] [exa.scheduling]	Triggering scheduled rotation job of schema 'mashup-api'
[2019/10/12-00:00:00.001] [info] [DefaultQuartzScheduler_Worker-2] [exa.scheduling]	Triggering scheduled rotation job of schema 'queries'
[2019/10/12-00:00:00.002] [info] [DefaultQuartzScheduler_Worker-9] [exa.scheduling]	Triggering scheduled rotation job of schema 'suggests'
[2019/10/12-00:00:00.001] [info] [DefaultQuartzScheduler_Worker-6] [exa.scheduling]	Triggering scheduled rotation job of schema 'opendocs'
[2019/10/12-00:00:00.004] [info] [1664456838@jtp-default-9] [exa.reporting.sqlite.server]	rotating collection: queries
[2019/10/12-00:00:00.004] [info] [1956826195@jtp-default-8] [exa.reporting.sqlite.server]	rotating collection: mashup-ui
[2019/10/12-00:00:00.008] [info] [98860893@jtp-default-12] [exa.reporting.sqlite.server]	rotating collection: suggests
[2019/10/12-00:00:00.010] [info] [839022447@jtp-default-13] [exa.reporting.sqlite.server]	rotating collection: opendocs
[2019/10/12-00:00:00.010] [info] [1352725800@jtp-default-14] [exa.reporting.sqlite.server]	rotating collection: mashup-api
[2019/10/12-00:00:00.042] [info] [391384406@jtp-default-15] [exa.log.rotation]	Rotating standard log
Log4NG: rotating logs now
