[2019/10/14-00:00:00.046] [info] [781442404@jtp-default-23] [exa.log.rotation]	Rotating additional logs
[2019/10/14-00:10:00.001] [info] [DefaultQuartzScheduler_Worker-4] [exa.scheduling]	Triggering scheduled generation of static application report job for application 'null'
[2019/10/14-00:10:00.004] [info] [1621261321@jtp-gateway-6328] [reporting.manager]	Generating static application report
[2019/10/14-00:10:00.006] [info] [1863207185@jtp-default-21] [exa.reporting.sqlite.server]	rotating collection: queries
[2019/10/14-00:10:00.022] [info] [1863207185@jtp-default-21] [exa.reporting.sqlite.server]	rotating collection: opendocs
[2019/10/14-00:10:00.047] [info] [pool-1-thread-1] [reporting.manager]	Generating static report for application undefined_appid
[2019/10/14-00:10:00.054] [info] [984016193@jtp-resourcemanager-5] [resourcemanager]	Add an internal resource undefined_appid in group staticreport_undefined_appid
[2019/10/14-00:10:00.136] [info] [984016193@jtp-resourcemanager-5] [resourcemanager]	Comitting prepared version of resource: undefined_appid
[2019/10/14-00:10:00.146] [info] [984016193@jtp-resourcemanager-5] [resourcemanager]	Publishing group staticreport_undefined_appid
[2019/10/14-00:10:00.146] [info] [984016193@jtp-resourcemanager-5] [resourcemanager]	Building resource undefined_appid
[2019/10/14-00:10:00.148] [info] [984016193@jtp-resourcemanager-5] [resourcemanager]	Resource undefined_appid (version 5) successfully compiled
[2019/10/14-00:10:00.149] [info] [984016193@jtp-resourcemanager-5] [resourcemanager]	Will publish to: resourceshare.urls.gateway.gateway -> http://mpllnx4032.mpl.michelin.com:16008/
[2019/10/14-00:10:00.156] [info] [309466430@jtp-resourceshare-102] [datashare]	share: Started datashare session on staticreport_undefined_appid
[2019/10/14-00:10:00.158] [info] [984016193@jtp-resourcemanager-5] [resourcemanager]	Publishing undefined_appid...
[2019/10/14-00:10:00.194] [info] [1561844465@jtp-resourceshare-100] [exa.io.datashare]	share: Switching DataShare to version 6
[2019/10/14-00:10:00.195] [info] [1561844465@jtp-resourceshare-100] [exa.io.datashare]	share: Garbage collecting datashare version 5
[2019/10/14-00:10:00.195] [info] [1561844465@jtp-resourceshare-100] [datashare]	share: Committed datashare session
[2019/10/14-00:10:00.196] [info] [984016193@jtp-resourcemanager-5] [resourcemanager]	staticreport_undefined_appid sucessfully published
[2019/10/14-00:10:00.202] [info] [pool-1-thread-1] [reporting.manager]	Generating static report for application default
[2019/10/14-00:10:00.208] [info] [984016193@jtp-resourcemanager-5] [resourcemanager]	Add an internal resource default in group staticreport_default
[2019/10/14-00:10:00.293] [info] [984016193@jtp-resourcemanager-5] [resourcemanager]	Comitting prepared version of resource: default
[2019/10/14-00:10:00.297] [info] [984016193@jtp-resourcemanager-5] [resourcemanager]	Publishing group staticreport_default
[2019/10/14-00:10:00.297] [info] [984016193@jtp-resourcemanager-5] [resourcemanager]	Building resource default
[2019/10/14-00:10:00.298] [info] [984016193@jtp-resourcemanager-5] [resourcemanager]	Resource default (version 5) successfully compiled
[2019/10/14-00:10:00.299] [info] [984016193@jtp-resourcemanager-5] [resourcemanager]	Will publish to: resourceshare.urls.gateway.gateway -> http://mpllnx4032.mpl.michelin.com:16008/
[2019/10/14-00:10:00.301] [info] [1561844465@jtp-resourceshare-100] [datashare]	share: Started datashare session on staticreport_default
[2019/10/14-00:10:00.303] [info] [984016193@jtp-resourcemanager-5] [resourcemanager]	Publishing default...
[2019/10/14-00:10:00.333] [info] [309466430@jtp-resourceshare-102] [exa.io.datashare]	share: Switching DataShare to version 6
[2019/10/14-00:10:00.333] [info] [309466430@jtp-resourceshare-102] [exa.io.datashare]	share: Garbage collecting datashare version 5
[2019/10/14-00:10:00.333] [info] [309466430@jtp-resourceshare-102] [datashare]	share: Committed datashare session
[2019/10/14-00:10:00.334] [info] [984016193@jtp-resourcemanager-5] [resourcemanager]	staticreport_default sucessfully published
[2019/10/14-04:00:00.001] [info] [DefaultQuartzScheduler_Worker-4] [exa.scheduling]	Triggering scheduled build of suggest 'OnPremise_securedSuggest_ds6w_58_label'
[2019/10/14-04:00:00.011] [info] [984016193@jtp-resourcemanager-5] [resourcemanager]	Add an internal resource OnPremise_securedSuggest_ds6w_58_label in group autosuggest_OnPremise_securedSuggest_ds6w_58_label
[2019/10/14-04:00:01.215] [info] [984016193@jtp-resourcemanager-5] [resourcemanager]	Comitting prepared version of resource: OnPremise_securedSuggest_ds6w_58_label
[2019/10/14-04:00:01.220] [info] [984016193@jtp-resourcemanager-5] [resourcemanager]	Publishing group autosuggest_OnPremise_securedSuggest_ds6w_58_label
[2019/10/14-04:00:01.220] [info] [984016193@jtp-resourcemanager-5] [resourcemanager]	Building resource OnPremise_securedSuggest_ds6w_58_label
[2019/10/14-04:00:01.228] [info] [984016193@jtp-resourcemanager-5] [resourcemanager]	Resource OnPremise_securedSuggest_ds6w_58_label (version 4) successfully compiled
[2019/10/14-04:00:01.228] [info] [984016193@jtp-resourcemanager-5] [resourcemanager]	Will publish to: resourceshare.urls.searcher.searchserver-ss0 -> http://mpllnx4032.mpl.michelin.com:16024/
[2019/10/14-04:00:01.231] [info] [984016193@jtp-resourcemanager-5] [resourcemanager]	Will publish to: resourceshare.urls.gateway.gateway -> http://mpllnx4032.mpl.michelin.com:16008/
[2019/10/14-04:00:01.233] [info] [309466430@jtp-resourceshare-102] [datashare]	share: Started datashare session on autosuggest_OnPremise_securedSuggest_ds6w_58_label
[2019/10/14-04:00:01.240] [info] [984016193@jtp-resourcemanager-5] [resourcemanager]	Publishing OnPremise_securedSuggest_ds6w_58_label...
[2019/10/14-04:00:01.331] [info] [653558166@jtp-resourceshare-106] [exa.io.datashare]	share: Switching DataShare to version 5
[2019/10/14-04:00:01.332] [info] [653558166@jtp-resourceshare-106] [exa.io.datashare]	share: Garbage collecting datashare version 4
[2019/10/14-04:00:01.333] [info] [653558166@jtp-resourceshare-106] [datashare]	share: Committed datashare session
[2019/10/14-04:00:01.340] [info] [984016193@jtp-resourcemanager-5] [resourcemanager]	autosuggest_OnPremise_securedSuggest_ds6w_58_label sucessfully published
[2019/10/14-17:18:37.625] [info] [984016193@jtp-resourcemanager-5] [resourcemanager]	Add an internal resource sxidict in group dictionary-sxidict
[2019/10/14-17:18:37.646] [info] [984016193@jtp-resourcemanager-5] [resourcemanager]	Comitting prepared version of resource: sxidict
[2019/10/14-17:18:37.652] [info] [984016193@jtp-resourcemanager-5] [resourcemanager]	Publishing group dictionary-sxidict
[2019/10/14-17:18:37.652] [info] [984016193@jtp-resourcemanager-5] [resourcemanager]	Building resource sxidict
[2019/10/14-17:18:37.657] [info] [984016193@jtp-resourcemanager-5] [resourcemanager]	Resource sxidict (version 3) successfully compiled
[2019/10/14-17:18:37.658] [info] [984016193@jtp-resourcemanager-5] [resourcemanager]	Will publish to: resourceshare.urls.gateway.gateway -> http://mpllnx4032.mpl.michelin.com:16008/
[2019/10/14-17:18:37.660] [info] [653558166@jtp-resourceshare-106] [datashare]	share: Started datashare session on dictionary-sxidict
[2019/10/14-17:18:37.660] [info] [984016193@jtp-resourcemanager-5] [resourcemanager]	Will publish to: resourceshare.urls.analyzer.indexingserver-sxibg0 -> http://mpllnx4032.mpl.michelin.com:16014/
[2019/10/14-17:18:37.666] [info] [984016193@jtp-resourcemanager-5] [resourcemanager]	Will publish to: resourceshare.urls.searcher.searchserver-ss0 -> http://mpllnx4032.mpl.michelin.com:16024/
[2019/10/14-17:18:37.675] [info] [984016193@jtp-resourcemanager-5] [resourcemanager]	Publishing sxidict...
[2019/10/14-17:18:37.745] [info] [1449891440@jtp-resourceshare-117] [exa.io.datashare]	share: Switching DataShare to version 4
[2019/10/14-17:18:37.746] [info] [1449891440@jtp-resourceshare-117] [exa.io.datashare]	share: Garbage collecting datashare version 3
[2019/10/14-17:18:37.746] [info] [1449891440@jtp-resourceshare-117] [datashare]	share: Committed datashare session
[2019/10/14-17:18:37.898] [info] [984016193@jtp-resourcemanager-5] [resourcemanager]	dictionary-sxidict sucessfully published
[2019/10/15-00:00:00.001] [info] [DefaultQuartzScheduler_Worker-4] [exa.logging]	Rotating logs (scheduled)
[2019/10/15-00:00:00.001] [info] [DefaultQuartzScheduler_Worker-7] [exa.scheduling]	Triggering scheduled rotation job of schema 'opendocs'
[2019/10/15-00:00:00.001] [info] [DefaultQuartzScheduler_Worker-9] [exa.scheduling]	Triggering scheduled rotation job of schema 'mashup-ui'
[2019/10/15-00:00:00.002] [info] [DefaultQuartzScheduler_Worker-8] [exa.scheduling]	Triggering scheduled rotation job of schema 'queries'
[2019/10/15-00:00:00.002] [info] [DefaultQuartzScheduler_Worker-6] [exa.scheduling]	Triggering scheduled rotation job of schema 'suggests'
[2019/10/15-00:00:00.002] [info] [DefaultQuartzScheduler_Worker-5] [exa.scheduling]	Triggering scheduled rotation job of schema 'mashup-api'
[2019/10/15-00:00:00.004] [info] [781442404@jtp-default-23] [exa.reporting.sqlite.server]	rotating collection: opendocs
[2019/10/15-00:00:00.006] [info] [27952664@jtp-default-24] [exa.reporting.sqlite.server]	rotating collection: suggests
[2019/10/15-00:00:00.007] [info] [1863207185@jtp-default-21] [exa.reporting.sqlite.server]	rotating collection: queries
[2019/10/15-00:00:00.009] [info] [556042140@jtp-default-25] [exa.reporting.sqlite.server]	rotating collection: mashup-api
[2019/10/15-00:00:00.011] [info] [1704397274@jtp-default-26] [exa.reporting.sqlite.server]	rotating collection: mashup-ui
[2019/10/15-00:00:00.046] [info] [1704397274@jtp-default-26] [exa.log.rotation]	Rotating standard log
Log4NG: rotating logs now
