[2019/10/10-00:00:00.038] [info] [781103026@jtp-default-1] [exa.log.rotation]	Rotating additional logs
[2019/10/10-00:00:00.050] [info] [781103026@jtp-default-1] [exa.reporting.sqlite.server]	rotating collection: mashup-ui
[2019/10/10-00:00:00.050] [info] [1262168655@jtp-default-0] [exa.reporting.sqlite.server]	rotating collection: queries
[2019/10/10-00:00:00.053] [info] [1707835410@jtp-default-6] [exa.reporting.sqlite.server]	rotating collection: opendocs
[2019/10/10-00:00:00.059] [info] [1154690093@jtp-default-7] [exa.reporting.sqlite.server]	rotating collection: mashup-api
[2019/10/10-00:00:00.061] [info] [1378715680@jtp-default-5] [exa.reporting.sqlite.server]	rotating collection: suggests
[2019/10/10-00:10:00.001] [info] [DefaultQuartzScheduler_Worker-1] [exa.scheduling]	Triggering scheduled generation of static application report job for application 'null'
[2019/10/10-00:10:00.004] [info] [523994023@jtp-gateway-748] [reporting.manager]	Generating static application report
[2019/10/10-00:10:00.005] [info] [781103026@jtp-default-1] [exa.reporting.sqlite.server]	rotating collection: queries
[2019/10/10-00:10:00.070] [info] [781103026@jtp-default-1] [exa.reporting.sqlite.server]	rotating collection: opendocs
[2019/10/10-00:10:00.099] [info] [pool-1-thread-1] [reporting.manager]	Generating static report for application undefined_appid
[2019/10/10-00:10:00.105] [info] [984016193@jtp-resourcemanager-5] [resourcemanager]	Add an internal resource undefined_appid in group staticreport_undefined_appid
[2019/10/10-00:10:00.214] [info] [984016193@jtp-resourcemanager-5] [resourcemanager]	Comitting prepared version of resource: undefined_appid
[2019/10/10-00:10:00.217] [info] [984016193@jtp-resourcemanager-5] [resourcemanager]	Publishing group staticreport_undefined_appid
[2019/10/10-00:10:00.217] [info] [984016193@jtp-resourcemanager-5] [resourcemanager]	Building resource undefined_appid
[2019/10/10-00:10:00.218] [info] [984016193@jtp-resourcemanager-5] [resourcemanager]	Resource undefined_appid (version 1) successfully compiled
[2019/10/10-00:10:00.218] [info] [984016193@jtp-resourcemanager-5] [resourcemanager]	Will publish to: resourceshare.urls.gateway.gateway -> http://mpllnx4032.mpl.michelin.com:16008/
[2019/10/10-00:10:00.221] [info] [1231763221@jtp-resourceshare-22] [datashare]	share: Started datashare session on staticreport_undefined_appid
[2019/10/10-00:10:00.226] [info] [984016193@jtp-resourcemanager-5] [resourcemanager]	Publishing undefined_appid...
[2019/10/10-00:10:00.302] [info] [792006585@jtp-resourceshare-20] [exa.io.datashare]	share: Switching DataShare to version 2
[2019/10/10-00:10:00.303] [info] [792006585@jtp-resourceshare-20] [exa.io.datashare]	share: Garbage collecting datashare version 1
[2019/10/10-00:10:00.303] [info] [792006585@jtp-resourceshare-20] [datashare]	share: Committed datashare session
[2019/10/10-00:10:00.303] [info] [984016193@jtp-resourcemanager-5] [resourcemanager]	staticreport_undefined_appid sucessfully published
[2019/10/10-00:10:00.307] [info] [pool-1-thread-1] [reporting.manager]	Generating static report for application default
[2019/10/10-00:10:00.311] [info] [984016193@jtp-resourcemanager-5] [resourcemanager]	Add an internal resource default in group staticreport_default
[2019/10/10-00:10:00.346] [info] [984016193@jtp-resourcemanager-5] [resourcemanager]	Comitting prepared version of resource: default
[2019/10/10-00:10:00.349] [info] [984016193@jtp-resourcemanager-5] [resourcemanager]	Publishing group staticreport_default
[2019/10/10-00:10:00.349] [info] [984016193@jtp-resourcemanager-5] [resourcemanager]	Building resource default
[2019/10/10-00:10:00.350] [info] [984016193@jtp-resourcemanager-5] [resourcemanager]	Resource default (version 1) successfully compiled
[2019/10/10-00:10:00.350] [info] [984016193@jtp-resourcemanager-5] [resourcemanager]	Will publish to: resourceshare.urls.gateway.gateway -> http://mpllnx4032.mpl.michelin.com:16008/
[2019/10/10-00:10:00.351] [info] [792006585@jtp-resourceshare-20] [datashare]	share: Started datashare session on staticreport_default
[2019/10/10-00:10:00.352] [info] [984016193@jtp-resourcemanager-5] [resourcemanager]	Publishing default...
[2019/10/10-00:10:00.379] [info] [1231763221@jtp-resourceshare-22] [exa.io.datashare]	share: Switching DataShare to version 2
[2019/10/10-00:10:00.379] [info] [1231763221@jtp-resourceshare-22] [exa.io.datashare]	share: Garbage collecting datashare version 1
[2019/10/10-00:10:00.380] [info] [1231763221@jtp-resourceshare-22] [datashare]	share: Committed datashare session
[2019/10/10-00:10:00.380] [info] [984016193@jtp-resourcemanager-5] [resourcemanager]	staticreport_default sucessfully published
[2019/10/10-04:00:00.001] [info] [DefaultQuartzScheduler_Worker-1] [exa.scheduling]	Triggering scheduled build of suggest 'OnPremise_securedSuggest_ds6w_58_label'
[2019/10/10-04:00:01.640] [info] [984016193@jtp-resourcemanager-5] [resourcemanager]	Add internal group autosuggest_OnPremise_securedSuggest_ds6w_58_label
[2019/10/10-04:00:01.646] [info] [984016193@jtp-resourcemanager-5] [resourcemanager]	Add an internal resource OnPremise_securedSuggest_ds6w_58_label in group autosuggest_OnPremise_securedSuggest_ds6w_58_label
[2019/10/10-04:00:13.374] [info] [984016193@jtp-resourcemanager-5] [resourcemanager]	Comitting prepared version of resource: OnPremise_securedSuggest_ds6w_58_label
[2019/10/10-04:00:13.378] [info] [984016193@jtp-resourcemanager-5] [resourcemanager]	Publishing group autosuggest_OnPremise_securedSuggest_ds6w_58_label
[2019/10/10-04:00:13.378] [info] [984016193@jtp-resourcemanager-5] [resourcemanager]	Building resource OnPremise_securedSuggest_ds6w_58_label
[2019/10/10-04:00:13.379] [info] [984016193@jtp-resourcemanager-5] [resourcemanager]	Resource OnPremise_securedSuggest_ds6w_58_label (version 0) successfully compiled
[2019/10/10-04:00:13.379] [info] [984016193@jtp-resourcemanager-5] [resourcemanager]	Will publish to: resourceshare.urls.searcher.searchserver-ss0 -> http://mpllnx4032.mpl.michelin.com:16024/
[2019/10/10-04:00:13.383] [info] [984016193@jtp-resourcemanager-5] [resourcemanager]	Will publish to: resourceshare.urls.gateway.gateway -> http://mpllnx4032.mpl.michelin.com:16008/
[2019/10/10-04:00:13.384] [info] [792006585@jtp-resourceshare-20] [datashare]	share: Started datashare session on autosuggest_OnPremise_securedSuggest_ds6w_58_label
[2019/10/10-04:00:13.385] [info] [984016193@jtp-resourcemanager-5] [resourcemanager]	Publishing OnPremise_securedSuggest_ds6w_58_label...
[2019/10/10-04:00:13.417] [info] [2132526499@jtp-resourceshare-29] [exa.io.datashare]	share: Switching DataShare to version 1
[2019/10/10-04:00:13.417] [info] [2132526499@jtp-resourceshare-29] [datashare]	share: Committed datashare session
[2019/10/10-04:00:13.426] [info] [984016193@jtp-resourcemanager-5] [resourcemanager]	autosuggest_OnPremise_securedSuggest_ds6w_58_label sucessfully published
[2019/10/10-04:21:56.037] [info] [984016193@jtp-resourcemanager-5] [resourcemanager]	Add internal group dictionary-sxidict
[2019/10/10-04:21:56.040] [info] [984016193@jtp-resourcemanager-5] [resourcemanager]	Add an internal resource sxidict in group dictionary-sxidict
[2019/10/10-04:21:56.085] [info] [984016193@jtp-resourcemanager-5] [resourcemanager]	Comitting prepared version of resource: sxidict
[2019/10/10-04:21:56.088] [info] [984016193@jtp-resourcemanager-5] [resourcemanager]	Publishing group dictionary-sxidict
[2019/10/10-04:21:56.088] [info] [984016193@jtp-resourcemanager-5] [resourcemanager]	Building resource sxidict
[2019/10/10-04:21:56.090] [info] [984016193@jtp-resourcemanager-5] [resourcemanager]	Resource sxidict (version 0) successfully compiled
[2019/10/10-04:21:56.090] [info] [984016193@jtp-resourcemanager-5] [resourcemanager]	Will publish to: resourceshare.urls.gateway.gateway -> http://mpllnx4032.mpl.michelin.com:16008/
[2019/10/10-04:21:56.091] [info] [2132526499@jtp-resourceshare-29] [datashare]	share: Started datashare session on dictionary-sxidict
[2019/10/10-04:21:56.091] [info] [984016193@jtp-resourcemanager-5] [resourcemanager]	Will publish to: resourceshare.urls.analyzer.indexingserver-sxibg0 -> http://mpllnx4032.mpl.michelin.com:16014/
[2019/10/10-04:21:56.096] [info] [984016193@jtp-resourcemanager-5] [resourcemanager]	Will publish to: resourceshare.urls.searcher.searchserver-ss0 -> http://mpllnx4032.mpl.michelin.com:16024/
[2019/10/10-04:21:56.102] [info] [984016193@jtp-resourcemanager-5] [resourcemanager]	Publishing sxidict...
[2019/10/10-04:21:56.147] [info] [350256952@jtp-resourceshare-35] [exa.io.datashare]	share: Switching DataShare to version 1
[2019/10/10-04:21:56.148] [info] [350256952@jtp-resourceshare-35] [datashare]	share: Committed datashare session
[2019/10/10-04:21:56.217] [info] [984016193@jtp-resourcemanager-5] [resourcemanager]	dictionary-sxidict sucessfully published
[2019/10/10-15:09:21.441] [info] [984016193@jtp-resourcemanager-5] [resourcemanager]	Add an internal resource sxidict in group dictionary-sxidict
[2019/10/10-15:09:21.482] [info] [984016193@jtp-resourcemanager-5] [resourcemanager]	Comitting prepared version of resource: sxidict
[2019/10/10-15:09:21.486] [info] [984016193@jtp-resourcemanager-5] [resourcemanager]	Publishing group dictionary-sxidict
[2019/10/10-15:09:21.486] [info] [984016193@jtp-resourcemanager-5] [resourcemanager]	Building resource sxidict
[2019/10/10-15:09:21.488] [info] [984016193@jtp-resourcemanager-5] [resourcemanager]	Resource sxidict (version 1) successfully compiled
[2019/10/10-15:09:21.489] [info] [984016193@jtp-resourcemanager-5] [resourcemanager]	Will publish to: resourceshare.urls.gateway.gateway -> http://mpllnx4032.mpl.michelin.com:16008/
[2019/10/10-15:09:21.491] [info] [1839118684@jtp-resourceshare-37] [datashare]	share: Started datashare session on dictionary-sxidict
[2019/10/10-15:09:21.491] [info] [984016193@jtp-resourcemanager-5] [resourcemanager]	Will publish to: resourceshare.urls.analyzer.indexingserver-sxibg0 -> http://mpllnx4032.mpl.michelin.com:16014/
[2019/10/10-15:09:21.494] [info] [984016193@jtp-resourcemanager-5] [resourcemanager]	Will publish to: resourceshare.urls.searcher.searchserver-ss0 -> http://mpllnx4032.mpl.michelin.com:16024/
[2019/10/10-15:09:21.499] [info] [984016193@jtp-resourcemanager-5] [resourcemanager]	Publishing sxidict...
[2019/10/10-15:09:21.540] [info] [1184770409@jtp-resourceshare-39] [exa.io.datashare]	share: Switching DataShare to version 2
[2019/10/10-15:09:21.540] [info] [1184770409@jtp-resourceshare-39] [exa.io.datashare]	share: Garbage collecting datashare version 1
[2019/10/10-15:09:21.541] [info] [1184770409@jtp-resourceshare-39] [datashare]	share: Committed datashare session
[2019/10/10-15:09:21.626] [info] [984016193@jtp-resourcemanager-5] [resourcemanager]	dictionary-sxidict sucessfully published
[2019/10/11-00:00:00.000] [info] [DefaultQuartzScheduler_Worker-1] [exa.logging]	Rotating logs (scheduled)
[2019/10/11-00:00:00.000] [info] [DefaultQuartzScheduler_Worker-9] [exa.scheduling]	Triggering scheduled rotation job of schema 'mashup-api'
[2019/10/11-00:00:00.001] [info] [DefaultQuartzScheduler_Worker-3] [exa.scheduling]	Triggering scheduled rotation job of schema 'queries'
[2019/10/11-00:00:00.001] [info] [DefaultQuartzScheduler_Worker-2] [exa.scheduling]	Triggering scheduled rotation job of schema 'suggests'
[2019/10/11-00:00:00.001] [info] [DefaultQuartzScheduler_Worker-6] [exa.scheduling]	Triggering scheduled rotation job of schema 'mashup-ui'
[2019/10/11-00:00:00.001] [info] [DefaultQuartzScheduler_Worker-10] [exa.scheduling]	Triggering scheduled rotation job of schema 'opendocs'
[2019/10/11-00:00:00.005] [info] [781103026@jtp-default-1] [exa.reporting.sqlite.server]	rotating collection: mashup-api
[2019/10/11-00:00:00.005] [info] [1956826195@jtp-default-8] [exa.reporting.sqlite.server]	rotating collection: queries
[2019/10/11-00:00:00.006] [info] [1664456838@jtp-default-9] [exa.reporting.sqlite.server]	rotating collection: suggests
[2019/10/11-00:00:00.011] [info] [206602829@jtp-default-10] [exa.reporting.sqlite.server]	rotating collection: opendocs
[2019/10/11-00:00:00.012] [info] [1008120797@jtp-default-11] [exa.reporting.sqlite.server]	rotating collection: mashup-ui
[2019/10/11-00:00:00.041] [info] [1008120797@jtp-default-11] [exa.log.rotation]	Rotating standard log
Log4NG: rotating logs now
