[2019-10-08 16:53:56,551] [INFO ] [main] [org.eclipse.jetty.annotations.AnnotationConfiguration] Scanning elapsed time=20ms
[2019-10-08 16:53:56,555] [WARN ] [main] [org.eclipse.jetty.security.SecurityHandler] ServletContext@o.e.j.w.WebAppContext@76318a7d{/360-admin-service,file:///busapps/dpmu/gbl0/3DSpaceIndex/linux_a64/cv/data/webapps-tmp/gateway/gateway_16011/360-admin-service/,STARTING,@16011}{/busapps/dpmu/gbl0/3DSpaceIndex/linux_a64/cv/data/webapps-tmp/gateway/gateway_16011/360-admin-service} has uncovered http methods for path: /
[2019-10-08 16:53:56,571] [INFO ] [main] [com.exalead.cv360.config.ConfigurationManager] Configuration Top Directory: /busapps/dpmu/gbl0/3DSpaceIndex/linux_a64/cv/data/bin/../gct
[2019-10-08 16:53:56,571] [INFO ] [main] [com.exalead.cv360.config.ConfigurationManager] Configuration Last Revision Repository: /busapps/dpmu/gbl0/3DSpaceIndex/linux_a64/cv/data/bin/../gct/1/master/360
[2019-10-08 16:53:56,571] [INFO ] [main] [com.exalead.cv360.config.ConfigurationManager] Configuration Store Directory: /busapps/dpmu/gbl0/3DSpaceIndex/linux_a64/cv/data/bin/../config/360
[2019-10-08 16:53:56,572] [INFO ] [main] [com.exalead.cv360.config.ConfigurationManager] Data Directory: /busapps/dpmu/gbl0/3DSpaceIndex/linux_a64/cv/data/bin/..
[2019-10-08 16:53:56,601] [INFO ] [main] [com.exalead.cv360.admin.ConfigurationService] Configuration Staging Repository: /busapps/dpmu/gbl0/3DSpaceIndex/linux_a64/cv/data/bin/../gct/staging
[2019-10-08 16:53:56,815] [INFO ] [main] [org.reflections.Reflections] Reflections took 177 ms to scan 14 urls, producing 2 keys and 19 values 
[2019-10-08 16:53:56,835] [INFO ] [main] [org.eclipse.jetty.server.handler.ContextHandler] Started o.e.j.w.WebAppContext@76318a7d{/360-admin-service,file:///busapps/dpmu/gbl0/3DSpaceIndex/linux_a64/cv/data/webapps-tmp/gateway/gateway_16011/360-admin-service/,AVAILABLE,@16011}{/busapps/dpmu/gbl0/3DSpaceIndex/linux_a64/cv/data/webapps-tmp/gateway/gateway_16011/360-admin-service}
[2019-10-08 16:54:16,661] [INFO ] [shutdown-82] [org.eclipse.jetty.server.handler.ContextHandler] Stopped o.e.j.w.WebAppContext@76318a7d{/360-admin-service,null,UNAVAILABLE,@16011}{/busapps/dpmu/gbl0/3DSpaceIndex/linux_a64/cv/data/webapps-tmp/gateway/gateway_16011/360-admin-service}
[2019-10-08 16:54:43,658] [INFO ] [main] [org.eclipse.jetty.annotations.AnnotationConfiguration] Scanning elapsed time=25ms
[2019-10-08 16:54:43,661] [WARN ] [main] [org.eclipse.jetty.security.SecurityHandler] ServletContext@o.e.j.w.WebAppContext@6c65860d{/360-admin-service,file:///busapps/dpmu/gbl0/3DSpaceIndex/linux_a64/cv/data/webapps-tmp/gateway/gateway_16011/360-admin-service/,STARTING,@16011}{/busapps/dpmu/gbl0/3DSpaceIndex/linux_a64/cv/data/webapps-tmp/gateway/gateway_16011/360-admin-service} has uncovered http methods for path: /
[2019-10-08 16:54:43,676] [INFO ] [main] [com.exalead.cv360.admin.ConfigurationService] Configuration Staging Repository: /busapps/dpmu/gbl0/3DSpaceIndex/linux_a64/cv/data/bin/../gct/staging
[2019-10-08 16:54:44,103] [INFO ] [main] [org.reflections.Reflections] Reflections took 394 ms to scan 14 urls, producing 2 keys and 19 values 
[2019-10-08 16:54:44,142] [INFO ] [main] [org.eclipse.jetty.server.handler.ContextHandler] Started o.e.j.w.WebAppContext@6c65860d{/360-admin-service,file:///busapps/dpmu/gbl0/3DSpaceIndex/linux_a64/cv/data/webapps-tmp/gateway/gateway_16011/360-admin-service/,AVAILABLE,@16011}{/busapps/dpmu/gbl0/3DSpaceIndex/linux_a64/cv/data/webapps-tmp/gateway/gateway_16011/360-admin-service}
[2019-10-08 16:54:58,963] [INFO ] [shutdown-141] [org.eclipse.jetty.server.handler.ContextHandler] Stopped o.e.j.w.WebAppContext@6c65860d{/360-admin-service,null,UNAVAILABLE,@16011}{/busapps/dpmu/gbl0/3DSpaceIndex/linux_a64/cv/data/webapps-tmp/gateway/gateway_16011/360-admin-service}
[2019-10-08 16:55:24,903] [INFO ] [main] [org.eclipse.jetty.annotations.AnnotationConfiguration] Scanning elapsed time=29ms
[2019-10-08 16:55:24,905] [WARN ] [main] [org.eclipse.jetty.security.SecurityHandler] ServletContext@o.e.j.w.WebAppContext@4d2a1da3{/360-admin-service,file:///busapps/dpmu/gbl0/3DSpaceIndex/linux_a64/cv/data/webapps-tmp/gateway/gateway_16011/360-admin-service/,STARTING,@16011}{/busapps/dpmu/gbl0/3DSpaceIndex/linux_a64/cv/data/webapps-tmp/gateway/gateway_16011/360-admin-service} has uncovered http methods for path: /
[2019-10-08 16:55:24,923] [INFO ] [main] [com.exalead.cv360.admin.ConfigurationService] Configuration Staging Repository: /busapps/dpmu/gbl0/3DSpaceIndex/linux_a64/cv/data/bin/../gct/staging
[2019-10-08 16:55:25,176] [INFO ] [main] [org.reflections.Reflections] Reflections took 211 ms to scan 14 urls, producing 2 keys and 19 values 
[2019-10-08 16:55:25,191] [INFO ] [main] [org.eclipse.jetty.server.handler.ContextHandler] Started o.e.j.w.WebAppContext@4d2a1da3{/360-admin-service,file:///busapps/dpmu/gbl0/3DSpaceIndex/linux_a64/cv/data/webapps-tmp/gateway/gateway_16011/360-admin-service/,AVAILABLE,@16011}{/busapps/dpmu/gbl0/3DSpaceIndex/linux_a64/cv/data/webapps-tmp/gateway/gateway_16011/360-admin-service}
[2019-10-08 16:55:34,006] [INFO ] [shutdown-119] [org.eclipse.jetty.server.handler.ContextHandler] Stopped o.e.j.w.WebAppContext@4d2a1da3{/360-admin-service,null,UNAVAILABLE,@16011}{/busapps/dpmu/gbl0/3DSpaceIndex/linux_a64/cv/data/webapps-tmp/gateway/gateway_16011/360-admin-service}
[2019-10-08 16:55:59,973] [INFO ] [main] [org.eclipse.jetty.annotations.AnnotationConfiguration] Scanning elapsed time=37ms
[2019-10-08 16:55:59,976] [WARN ] [main] [org.eclipse.jetty.security.SecurityHandler] ServletContext@o.e.j.w.WebAppContext@4d2a1da3{/360-admin-service,file:///busapps/dpmu/gbl0/3DSpaceIndex/linux_a64/cv/data/webapps-tmp/gateway/gateway_16011/360-admin-service/,STARTING,@16011}{/busapps/dpmu/gbl0/3DSpaceIndex/linux_a64/cv/data/webapps-tmp/gateway/gateway_16011/360-admin-service} has uncovered http methods for path: /
[2019-10-08 16:55:59,991] [INFO ] [main] [com.exalead.cv360.admin.ConfigurationService] Configuration Staging Repository: /busapps/dpmu/gbl0/3DSpaceIndex/linux_a64/cv/data/bin/../gct/staging
[2019-10-08 16:56:00,461] [INFO ] [main] [org.reflections.Reflections] Reflections took 411 ms to scan 14 urls, producing 2 keys and 19 values 
[2019-10-08 16:56:00,493] [INFO ] [main] [org.eclipse.jetty.server.handler.ContextHandler] Started o.e.j.w.WebAppContext@4d2a1da3{/360-admin-service,file:///busapps/dpmu/gbl0/3DSpaceIndex/linux_a64/cv/data/webapps-tmp/gateway/gateway_16011/360-admin-service/,AVAILABLE,@16011}{/busapps/dpmu/gbl0/3DSpaceIndex/linux_a64/cv/data/webapps-tmp/gateway/gateway_16011/360-admin-service}
[2019-10-08 16:56:55,101] [INFO ] [shutdown-468] [org.eclipse.jetty.server.handler.ContextHandler] Stopped o.e.j.w.WebAppContext@4d2a1da3{/360-admin-service,null,UNAVAILABLE,@16011}{/busapps/dpmu/gbl0/3DSpaceIndex/linux_a64/cv/data/webapps-tmp/gateway/gateway_16011/360-admin-service}
[2019-10-08 16:57:21,953] [INFO ] [main] [org.eclipse.jetty.annotations.AnnotationConfiguration] Scanning elapsed time=27ms
[2019-10-08 16:57:21,955] [WARN ] [main] [org.eclipse.jetty.security.SecurityHandler] ServletContext@o.e.j.w.WebAppContext@151db587{/360-admin-service,file:///busapps/dpmu/gbl0/3DSpaceIndex/linux_a64/cv/data/webapps-tmp/gateway/gateway_16011/360-admin-service/,STARTING,@16011}{/busapps/dpmu/gbl0/3DSpaceIndex/linux_a64/cv/data/webapps-tmp/gateway/gateway_16011/360-admin-service} has uncovered http methods for path: /
[2019-10-08 16:57:21,974] [INFO ] [main] [com.exalead.cv360.admin.ConfigurationService] Configuration Staging Repository: /busapps/dpmu/gbl0/3DSpaceIndex/linux_a64/cv/data/bin/../gct/staging
[2019-10-08 16:57:22,324] [INFO ] [main] [org.reflections.Reflections] Reflections took 275 ms to scan 14 urls, producing 2 keys and 19 values 
[2019-10-08 16:57:22,340] [INFO ] [main] [org.eclipse.jetty.server.handler.ContextHandler] Started o.e.j.w.WebAppContext@151db587{/360-admin-service,file:///busapps/dpmu/gbl0/3DSpaceIndex/linux_a64/cv/data/webapps-tmp/gateway/gateway_16011/360-admin-service/,AVAILABLE,@16011}{/busapps/dpmu/gbl0/3DSpaceIndex/linux_a64/cv/data/webapps-tmp/gateway/gateway_16011/360-admin-service}
[2019-10-08 16:57:27,245] [INFO ] [shutdown-95] [org.eclipse.jetty.server.handler.ContextHandler] Stopped o.e.j.w.WebAppContext@151db587{/360-admin-service,null,UNAVAILABLE,@16011}{/busapps/dpmu/gbl0/3DSpaceIndex/linux_a64/cv/data/webapps-tmp/gateway/gateway_16011/360-admin-service}
[2019-10-08 16:58:26,869] [INFO ] [main] [org.eclipse.jetty.annotations.AnnotationConfiguration] Scanning elapsed time=39ms
[2019-10-08 16:58:26,872] [WARN ] [main] [org.eclipse.jetty.security.SecurityHandler] ServletContext@o.e.j.w.WebAppContext@3ece1e79{/360-admin-service,file:///busapps/dpmu/gbl0/3DSpaceIndex/linux_a64/cv/data/webapps-tmp/gateway/gateway_16011/360-admin-service/,STARTING,@16011}{/busapps/dpmu/gbl0/3DSpaceIndex/linux_a64/cv/data/webapps-tmp/gateway/gateway_16011/360-admin-service} has uncovered http methods for path: /
[2019-10-08 16:58:26,892] [INFO ] [main] [com.exalead.cv360.admin.ConfigurationService] Configuration Staging Repository: /busapps/dpmu/gbl0/3DSpaceIndex/linux_a64/cv/data/bin/../gct/staging
[2019-10-08 16:58:27,116] [INFO ] [main] [org.reflections.Reflections] Reflections took 175 ms to scan 14 urls, producing 2 keys and 19 values 
[2019-10-08 16:58:27,133] [INFO ] [main] [org.eclipse.jetty.server.handler.ContextHandler] Started o.e.j.w.WebAppContext@3ece1e79{/360-admin-service,file:///busapps/dpmu/gbl0/3DSpaceIndex/linux_a64/cv/data/webapps-tmp/gateway/gateway_16011/360-admin-service/,AVAILABLE,@16011}{/busapps/dpmu/gbl0/3DSpaceIndex/linux_a64/cv/data/webapps-tmp/gateway/gateway_16011/360-admin-service}
[2019-10-08 16:58:34,829] [INFO ] [shutdown-471] [org.eclipse.jetty.server.handler.ContextHandler] Stopped o.e.j.w.WebAppContext@3ece1e79{/360-admin-service,null,UNAVAILABLE,@16011}{/busapps/dpmu/gbl0/3DSpaceIndex/linux_a64/cv/data/webapps-tmp/gateway/gateway_16011/360-admin-service}
[2019-10-08 16:59:12,779] [INFO ] [main] [org.eclipse.jetty.annotations.AnnotationConfiguration] Scanning elapsed time=25ms
[2019-10-08 16:59:12,782] [WARN ] [main] [org.eclipse.jetty.security.SecurityHandler] ServletContext@o.e.j.w.WebAppContext@3ece1e79{/360-admin-service,file:///busapps/dpmu/gbl0/3DSpaceIndex/linux_a64/cv/data/webapps-tmp/gateway/gateway_16011/360-admin-service/,STARTING,@16011}{/busapps/dpmu/gbl0/3DSpaceIndex/linux_a64/cv/data/webapps-tmp/gateway/gateway_16011/360-admin-service} has uncovered http methods for path: /
[2019-10-08 16:59:12,798] [INFO ] [main] [com.exalead.cv360.admin.ConfigurationService] Configuration Staging Repository: /busapps/dpmu/gbl0/3DSpaceIndex/linux_a64/cv/data/bin/../gct/staging
[2019-10-08 16:59:13,153] [INFO ] [main] [org.reflections.Reflections] Reflections took 322 ms to scan 14 urls, producing 2 keys and 19 values 
[2019-10-08 16:59:13,169] [INFO ] [main] [org.eclipse.jetty.server.handler.ContextHandler] Started o.e.j.w.WebAppContext@3ece1e79{/360-admin-service,file:///busapps/dpmu/gbl0/3DSpaceIndex/linux_a64/cv/data/webapps-tmp/gateway/gateway_16011/360-admin-service/,AVAILABLE,@16011}{/busapps/dpmu/gbl0/3DSpaceIndex/linux_a64/cv/data/webapps-tmp/gateway/gateway_16011/360-admin-service}
[2019-10-08 16:59:22,680] [INFO ] [shutdown-467] [org.eclipse.jetty.server.handler.ContextHandler] Stopped o.e.j.w.WebAppContext@3ece1e79{/360-admin-service,null,UNAVAILABLE,@16011}{/busapps/dpmu/gbl0/3DSpaceIndex/linux_a64/cv/data/webapps-tmp/gateway/gateway_16011/360-admin-service}
[2019-10-08 16:59:55,373] [INFO ] [main] [org.eclipse.jetty.annotations.AnnotationConfiguration] Scanning elapsed time=26ms
[2019-10-08 16:59:55,376] [WARN ] [main] [org.eclipse.jetty.security.SecurityHandler] ServletContext@o.e.j.w.WebAppContext@3ece1e79{/360-admin-service,file:///busapps/dpmu/gbl0/3DSpaceIndex/linux_a64/cv/data/webapps-tmp/gateway/gateway_16011/360-admin-service/,STARTING,@16011}{/busapps/dpmu/gbl0/3DSpaceIndex/linux_a64/cv/data/webapps-tmp/gateway/gateway_16011/360-admin-service} has uncovered http methods for path: /
[2019-10-08 16:59:55,423] [INFO ] [main] [com.exalead.cv360.admin.ConfigurationService] Configuration Staging Repository: /busapps/dpmu/gbl0/3DSpaceIndex/linux_a64/cv/data/bin/../gct/staging
[2019-10-08 16:59:55,702] [INFO ] [main] [org.reflections.Reflections] Reflections took 231 ms to scan 14 urls, producing 2 keys and 19 values 
[2019-10-08 16:59:55,718] [INFO ] [main] [org.eclipse.jetty.server.handler.ContextHandler] Started o.e.j.w.WebAppContext@3ece1e79{/360-admin-service,file:///busapps/dpmu/gbl0/3DSpaceIndex/linux_a64/cv/data/webapps-tmp/gateway/gateway_16011/360-admin-service/,AVAILABLE,@16011}{/busapps/dpmu/gbl0/3DSpaceIndex/linux_a64/cv/data/webapps-tmp/gateway/gateway_16011/360-admin-service}
