[2019-10-09 08:58:52,451] [INFO ] [shutdown-23539] [org.eclipse.jetty.server.handler.ContextHandler] Stopped o.e.j.w.WebAppContext@3ece1e79{/360-admin-service,null,UNAVAILABLE,@16011}{/busapps/dpmu/gbl0/3DSpaceIndex/linux_a64/cv/data/webapps-tmp/gateway/gateway_16011/360-admin-service}
[2019-10-09 09:09:09,259] [INFO ] [main] [org.eclipse.jetty.annotations.AnnotationConfiguration] Scanning elapsed time=29ms
[2019-10-09 09:09:09,261] [WARN ] [main] [org.eclipse.jetty.security.SecurityHandler] ServletContext@o.e.j.w.WebAppContext@7a8136b3{/360-admin-service,file:///busapps/dpmu/gbl0/3DSpaceIndex/linux_a64/cv/data/webapps-tmp/gateway/gateway_16011/360-admin-service/,STARTING,@16011}{/busapps/dpmu/gbl0/3DSpaceIndex/linux_a64/cv/data/webapps-tmp/gateway/gateway_16011/360-admin-service} has uncovered http methods for path: /
[2019-10-09 09:09:09,276] [INFO ] [main] [com.exalead.cv360.admin.ConfigurationService] Configuration Staging Repository: /busapps/dpmu/gbl0/3DSpaceIndex/linux_a64/cv/data/bin/../gct/staging
[2019-10-09 09:09:09,449] [INFO ] [main] [org.reflections.Reflections] Reflections took 144 ms to scan 14 urls, producing 2 keys and 19 values 
[2019-10-09 09:09:09,463] [INFO ] [main] [org.eclipse.jetty.server.handler.ContextHandler] Started o.e.j.w.WebAppContext@7a8136b3{/360-admin-service,file:///busapps/dpmu/gbl0/3DSpaceIndex/linux_a64/cv/data/webapps-tmp/gateway/gateway_16011/360-admin-service/,AVAILABLE,@16011}{/busapps/dpmu/gbl0/3DSpaceIndex/linux_a64/cv/data/webapps-tmp/gateway/gateway_16011/360-admin-service}
[2019-10-09 09:10:22,843] [INFO ] [shutdown-1303] [org.eclipse.jetty.server.handler.ContextHandler] Stopped o.e.j.w.WebAppContext@7a8136b3{/360-admin-service,null,UNAVAILABLE,@16011}{/busapps/dpmu/gbl0/3DSpaceIndex/linux_a64/cv/data/webapps-tmp/gateway/gateway_16011/360-admin-service}
[2019-10-09 09:10:49,184] [INFO ] [main] [org.eclipse.jetty.annotations.AnnotationConfiguration] Scanning elapsed time=90ms
[2019-10-09 09:10:49,187] [WARN ] [main] [org.eclipse.jetty.security.SecurityHandler] ServletContext@o.e.j.w.WebAppContext@4bafe935{/360-admin-service,file:///busapps/dpmu/gbl0/3DSpaceIndex/linux_a64/cv/data/webapps-tmp/gateway/gateway_16011/360-admin-service/,STARTING,@16011}{/busapps/dpmu/gbl0/3DSpaceIndex/linux_a64/cv/data/webapps-tmp/gateway/gateway_16011/360-admin-service} has uncovered http methods for path: /
[2019-10-09 09:10:49,207] [INFO ] [main] [com.exalead.cv360.admin.ConfigurationService] Configuration Staging Repository: /busapps/dpmu/gbl0/3DSpaceIndex/linux_a64/cv/data/bin/../gct/staging
[2019-10-09 09:10:49,443] [INFO ] [main] [org.reflections.Reflections] Reflections took 200 ms to scan 14 urls, producing 2 keys and 19 values 
[2019-10-09 09:10:49,459] [INFO ] [main] [org.eclipse.jetty.server.handler.ContextHandler] Started o.e.j.w.WebAppContext@4bafe935{/360-admin-service,file:///busapps/dpmu/gbl0/3DSpaceIndex/linux_a64/cv/data/webapps-tmp/gateway/gateway_16011/360-admin-service/,AVAILABLE,@16011}{/busapps/dpmu/gbl0/3DSpaceIndex/linux_a64/cv/data/webapps-tmp/gateway/gateway_16011/360-admin-service}
[2019-10-09 09:10:56,710] [INFO ] [shutdown-467] [org.eclipse.jetty.server.handler.ContextHandler] Stopped o.e.j.w.WebAppContext@4bafe935{/360-admin-service,null,UNAVAILABLE,@16011}{/busapps/dpmu/gbl0/3DSpaceIndex/linux_a64/cv/data/webapps-tmp/gateway/gateway_16011/360-admin-service}
[2019-10-09 09:12:02,560] [INFO ] [main] [org.eclipse.jetty.annotations.AnnotationConfiguration] Scanning elapsed time=103ms
[2019-10-09 09:12:02,564] [WARN ] [main] [org.eclipse.jetty.security.SecurityHandler] ServletContext@o.e.j.w.WebAppContext@4bafe935{/360-admin-service,file:///busapps/dpmu/gbl0/3DSpaceIndex/linux_a64/cv/data/webapps-tmp/gateway/gateway_16011/360-admin-service/,STARTING,@16011}{/busapps/dpmu/gbl0/3DSpaceIndex/linux_a64/cv/data/webapps-tmp/gateway/gateway_16011/360-admin-service} has uncovered http methods for path: /
[2019-10-09 09:12:02,587] [INFO ] [main] [com.exalead.cv360.admin.ConfigurationService] Configuration Staging Repository: /busapps/dpmu/gbl0/3DSpaceIndex/linux_a64/cv/data/bin/../gct/staging
[2019-10-09 09:12:02,869] [INFO ] [main] [org.reflections.Reflections] Reflections took 231 ms to scan 14 urls, producing 2 keys and 19 values 
[2019-10-09 09:12:02,885] [INFO ] [main] [org.eclipse.jetty.server.handler.ContextHandler] Started o.e.j.w.WebAppContext@4bafe935{/360-admin-service,file:///busapps/dpmu/gbl0/3DSpaceIndex/linux_a64/cv/data/webapps-tmp/gateway/gateway_16011/360-admin-service/,AVAILABLE,@16011}{/busapps/dpmu/gbl0/3DSpaceIndex/linux_a64/cv/data/webapps-tmp/gateway/gateway_16011/360-admin-service}
[2019-10-09 09:12:11,253] [INFO ] [shutdown-469] [org.eclipse.jetty.server.handler.ContextHandler] Stopped o.e.j.w.WebAppContext@4bafe935{/360-admin-service,null,UNAVAILABLE,@16011}{/busapps/dpmu/gbl0/3DSpaceIndex/linux_a64/cv/data/webapps-tmp/gateway/gateway_16011/360-admin-service}
[2019-10-09 09:12:49,075] [INFO ] [main] [org.eclipse.jetty.annotations.AnnotationConfiguration] Scanning elapsed time=145ms
[2019-10-09 09:12:49,077] [WARN ] [main] [org.eclipse.jetty.security.SecurityHandler] ServletContext@o.e.j.w.WebAppContext@4bafe935{/360-admin-service,file:///busapps/dpmu/gbl0/3DSpaceIndex/linux_a64/cv/data/webapps-tmp/gateway/gateway_16011/360-admin-service/,STARTING,@16011}{/busapps/dpmu/gbl0/3DSpaceIndex/linux_a64/cv/data/webapps-tmp/gateway/gateway_16011/360-admin-service} has uncovered http methods for path: /
[2019-10-09 09:12:49,114] [INFO ] [main] [com.exalead.cv360.admin.ConfigurationService] Configuration Staging Repository: /busapps/dpmu/gbl0/3DSpaceIndex/linux_a64/cv/data/bin/../gct/staging
[2019-10-09 09:12:49,477] [INFO ] [main] [org.reflections.Reflections] Reflections took 323 ms to scan 14 urls, producing 2 keys and 19 values 
[2019-10-09 09:12:49,510] [INFO ] [main] [org.eclipse.jetty.server.handler.ContextHandler] Started o.e.j.w.WebAppContext@4bafe935{/360-admin-service,file:///busapps/dpmu/gbl0/3DSpaceIndex/linux_a64/cv/data/webapps-tmp/gateway/gateway_16011/360-admin-service/,AVAILABLE,@16011}{/busapps/dpmu/gbl0/3DSpaceIndex/linux_a64/cv/data/webapps-tmp/gateway/gateway_16011/360-admin-service}
[2019-10-09 09:12:59,271] [INFO ] [shutdown-468] [org.eclipse.jetty.server.handler.ContextHandler] Stopped o.e.j.w.WebAppContext@4bafe935{/360-admin-service,null,UNAVAILABLE,@16011}{/busapps/dpmu/gbl0/3DSpaceIndex/linux_a64/cv/data/webapps-tmp/gateway/gateway_16011/360-admin-service}
[2019-10-09 09:13:37,277] [INFO ] [main] [org.eclipse.jetty.annotations.AnnotationConfiguration] Scanning elapsed time=35ms
[2019-10-09 09:13:37,279] [WARN ] [main] [org.eclipse.jetty.security.SecurityHandler] ServletContext@o.e.j.w.WebAppContext@4bafe935{/360-admin-service,file:///busapps/dpmu/gbl0/3DSpaceIndex/linux_a64/cv/data/webapps-tmp/gateway/gateway_16011/360-admin-service/,STARTING,@16011}{/busapps/dpmu/gbl0/3DSpaceIndex/linux_a64/cv/data/webapps-tmp/gateway/gateway_16011/360-admin-service} has uncovered http methods for path: /
[2019-10-09 09:13:37,302] [INFO ] [main] [com.exalead.cv360.admin.ConfigurationService] Configuration Staging Repository: /busapps/dpmu/gbl0/3DSpaceIndex/linux_a64/cv/data/bin/../gct/staging
[2019-10-09 09:13:37,674] [INFO ] [main] [org.reflections.Reflections] Reflections took 336 ms to scan 14 urls, producing 2 keys and 19 values 
[2019-10-09 09:13:37,698] [INFO ] [main] [org.eclipse.jetty.server.handler.ContextHandler] Started o.e.j.w.WebAppContext@4bafe935{/360-admin-service,file:///busapps/dpmu/gbl0/3DSpaceIndex/linux_a64/cv/data/webapps-tmp/gateway/gateway_16011/360-admin-service/,AVAILABLE,@16011}{/busapps/dpmu/gbl0/3DSpaceIndex/linux_a64/cv/data/webapps-tmp/gateway/gateway_16011/360-admin-service}
[2019-10-09 10:04:52,758] [INFO ] [shutdown-1758] [org.eclipse.jetty.server.handler.ContextHandler] Stopped o.e.j.w.WebAppContext@4bafe935{/360-admin-service,null,UNAVAILABLE,@16011}{/busapps/dpmu/gbl0/3DSpaceIndex/linux_a64/cv/data/webapps-tmp/gateway/gateway_16011/360-admin-service}
[2019-10-09 10:07:28,112] [INFO ] [main] [org.eclipse.jetty.annotations.AnnotationConfiguration] Scanning elapsed time=37ms
[2019-10-09 10:07:28,114] [WARN ] [main] [org.eclipse.jetty.security.SecurityHandler] ServletContext@o.e.j.w.WebAppContext@4bafe935{/360-admin-service,file:///busdata/dpmu/gbl0/data/cv/webapps-tmp/gateway/gateway_16011/360-admin-service/,STARTING,@16011}{/busdata/dpmu/gbl0/data/cv/webapps-tmp/gateway/gateway_16011/360-admin-service} has uncovered http methods for path: /
[2019-10-09 10:07:28,132] [INFO ] [main] [com.exalead.cv360.admin.ConfigurationService] Configuration Staging Repository: /busdata/dpmu/gbl0/data/cv/bin/../gct/staging
[2019-10-09 10:07:28,369] [INFO ] [main] [org.reflections.Reflections] Reflections took 203 ms to scan 14 urls, producing 2 keys and 19 values 
[2019-10-09 10:07:28,389] [INFO ] [main] [org.eclipse.jetty.server.handler.ContextHandler] Started o.e.j.w.WebAppContext@4bafe935{/360-admin-service,file:///busdata/dpmu/gbl0/data/cv/webapps-tmp/gateway/gateway_16011/360-admin-service/,AVAILABLE,@16011}{/busdata/dpmu/gbl0/data/cv/webapps-tmp/gateway/gateway_16011/360-admin-service}
[2019-10-09 11:26:13,019] [INFO ] [781103026@jtp-default-1] [com.exalead.cv360.admin.mercury.ConfigVersionListener] Cloudview configuration update detected, sending notifications.
[2019-10-09 11:27:37,028] [INFO ] [781103026@jtp-default-1] [com.exalead.cv360.admin.mercury.ConfigVersionListener] Cloudview configuration update detected, sending notifications.
