[2019/10/25-00:00:00.052] [info] [563383249@jtp-default-1] [exa.log.rotation]	Rotating additional logs
[2019/10/25-04:00:00.187] [info] [Waiting next query] [exa.search.api]	Slow query ! 166168
[2019/10/25-04:00:00.904] [warn] [140310283290368] [search.snippet.builder]	G49344: S49408: No language facet id set, will process with unknown language
[2019/10/25-04:00:00.904] [warn] [140310283290368] [search.snippet.builder]	G49344: S49408: No language facet id set, will process with unknown language
[2019/10/25-04:00:00.904] [warn] [140310283290368] [search.snippet.builder]	G49344: S49408: No language facet id set, will process with unknown language
[2019/10/25-04:00:00.904] [warn] [140310283290368] [search.snippet.builder]	G49344: S49408: No language facet id set, will process with unknown language
[2019/10/25-04:00:00.905] [warn] [140310283290368] [search.snippet.builder]	G49344: S49408: No language facet id set, will process with unknown language
[2019/10/25-04:00:00.905] [warn] [140310283290368] [search.snippet.builder]	G49344: S49408: No language facet id set, will process with unknown language
[2019/10/25-04:00:00.905] [warn] [140310283290368] [search.snippet.builder]	G49344: S49408: No language facet id set, will process with unknown language
[2019/10/25-04:00:00.905] [warn] [140310283290368] [search.snippet.builder]	G49344: S49408: No language facet id set, will process with unknown language
[2019/10/25-04:00:00.905] [warn] [140310283290368] [search.snippet.builder]	G49344: S49408: No language facet id set, will process with unknown language
[2019/10/25-04:00:00.905] [warn] [140310283290368] [search.snippet.builder]	G49344: S49408: No language facet id set, will process with unknown language
[2019/10/25-04:00:00.905] [warn] [140310283290368] [search.snippet.builder]	G49344: S49408: No language facet id set, will process with unknown language
[2019/10/25-04:00:00.905] [warn] [140310283290368] [search.snippet.builder]	G49344: S49408: No language facet id set, will process with unknown language
[2019/10/25-04:00:00.905] [warn] [140310283290368] [search.snippet.builder]	G49344: S49408: No language facet id set, will process with unknown language
[2019/10/25-04:00:00.905] [warn] [140310283290368] [search.snippet.builder]	G49344: S49408: No language facet id set, will process with unknown language
[2019/10/25-04:00:00.905] [warn] [140310283290368] [search.snippet.builder]	G49344: S49408: No language facet id set, will process with unknown language
[2019/10/25-04:00:00.905] [warn] [140310283290368] [search.snippet.builder]	G49344: S49408: No language facet id set, will process with unknown language
[2019/10/25-04:00:00.905] [warn] [140310283290368] [search.snippet.builder]	G49344: S49408: No language facet id set, will process with unknown language
[2019/10/25-04:00:00.906] [warn] [140310283290368] [search.snippet.builder]	G49344: S49408: No language facet id set, will process with unknown language
[2019/10/25-04:00:00.906] [warn] [140310283290368] [search.snippet.builder]	G49344: S49408: No language facet id set, will process with unknown language
[2019/10/25-04:00:00.906] [warn] [140310283290368] [search.snippet.builder]	G49344: S49408: No language facet id set, will process with unknown language
[2019/10/25-04:00:00.906] [warn] [140310283290368] [search.snippet.builder]	G49344: S49408: No language facet id set, will process with unknown language
[2019/10/25-04:00:00.906] [warn] [140310283290368] [search.snippet.builder]	G49344: S49408: No language facet id set, will process with unknown language
[2019/10/25-04:00:00.906] [warn] [140310283290368] [search.snippet.builder]	G49344: S49408: No language facet id set, will process with unknown language
[2019/10/25-04:00:00.906] [warn] [140310283290368] [search.snippet.builder]	G49344: S49408: No language facet id set, will process with unknown language
[2019/10/25-04:00:00.906] [warn] [140310283290368] [search.snippet.builder]	G49344: S49408: No language facet id set, will process with unknown language
[2019/10/25-04:00:00.906] [warn] [140310283290368] [search.snippet.builder]	G49344: S49408: No language facet id set, will process with unknown language
[2019/10/25-04:00:00.906] [warn] [140310283290368] [search.snippet.builder]	G49344: S49408: No language facet id set, will process with unknown language
[2019/10/25-04:00:00.907] [warn] [140310283290368] [search.snippet.builder]	G49344: S49408: No language facet id set, will process with unknown language
[2019/10/25-04:00:00.907] [warn] [140310283290368] [search.snippet.builder]	G49344: S49408: No language facet id set, will process with unknown language
[2019/10/25-04:00:00.907] [warn] [140310283290368] [search.snippet.builder]	G49344: S49408: No language facet id set, will process with unknown language
[2019/10/25-04:00:00.907] [warn] [140310283290368] [search.snippet.builder]	G49344: S49408: No language facet id set, will process with unknown language
[2019/10/25-04:00:00.907] [warn] [140310283290368] [search.snippet.builder]	G49344: S49408: No language facet id set, will process with unknown language
[2019/10/25-04:00:00.907] [warn] [140310283290368] [search.snippet.builder]	G49344: S49408: No language facet id set, will process with unknown language
[2019/10/25-04:00:00.907] [warn] [140310283290368] [search.snippet.builder]	G49344: S49408: No language facet id set, will process with unknown language
[2019/10/25-04:00:00.907] [warn] [140310283290368] [search.snippet.builder]	G49344: S49408: No language facet id set, will process with unknown language
[2019/10/25-04:00:00.907] [warn] [140310283290368] [search.snippet.builder]	G49344: S49408: No language facet id set, will process with unknown language
[2019/10/25-04:00:00.907] [warn] [140310283290368] [search.snippet.builder]	G49344: S49408: No language facet id set, will process with unknown language
[2019/10/25-04:00:00.907] [warn] [140310283290368] [search.snippet.builder]	G49344: S49408: No language facet id set, will process with unknown language
[2019/10/25-04:00:00.911] [info] [Processing query ST 49344 collapsing=&group=&hf=-1&limits=max_fetched_hits%3A0%2Cmax_fetched_hits_per_slice%3A0%2Cmax_kept_hits%3A0%2Chits_sampling%3A100&logic=sxisl&of=flea&q=availability%3Aaclfts&relevance=false&rt=disabled& ...[74 chars remaining]] [exa.search.runnerpool]	Release a runner that served 11 queries during 47291240s when having 0 working runner
[2019/10/25-04:00:00.912] [info] [Processing query ST 49344 collapsing=&group=&hf=-1&limits=max_fetched_hits%3A0%2Cmax_fetched_hits_per_slice%3A0%2Cmax_kept_hits%3A0%2Chits_sampling%3A100&logic=sxisl&of=flea&q=availability%3Aaclfts&relevance=false&rt=disabled& ...[74 chars remaining]] [exa.search.runnerpool]	Dropping runner for logic sxisl: pool is destroyed
[2019/10/25-04:00:01.241] [info] [1415683059@jtp-resourceshare-6] [datashare]	share: Started datashare session on autosuggest_OnPremise_securedSuggest_ds6w_58_label
[2019/10/25-04:00:01.310] [info] [1167979635@jtp-resourceshare-18] [exa.io.datashare]	share: Switching DataShare to version 16
[2019/10/25-04:00:01.310] [info] [1167979635@jtp-resourceshare-18] [exa.io.datashare]	share: Garbage collecting datashare version 15
[2019/10/25-04:00:01.312] [info] [1167979635@jtp-resourceshare-18] [datashare]	share: Committed datashare session
[2019/10/25-04:00:01.741] [info] [ReportingConsumer-31] [reporting.file-publisher]	Reporting file rotation to: /busdata/dpmu/gbl0/data/cv/bin/../run/searchserver-ss0/search-reporting/search.csv.20191024.00000
[2019/10/25-04:00:01.742] [info] [ReportingConsumer-31] [reporting.file-publisher]	delete file /busdata/dpmu/gbl0/data/cv/bin/../run/searchserver-ss0/search-reporting/search.csv.20191011.00000
[2019/10/26-00:00:00.034] [info] [563383249@jtp-default-1] [exa.log.rotation]	Rotating standard log
Log4NG: rotating logs now
