[2019/11/01-00:00:00.155] [info] [667957103@jtp-default-0] [exa.log.rotation]	Rotating additional logs
[2019/11/01-03:00:00.549] [info] [Waiting next query] [exa.search.api]	Slow query ! 503623
[2019/11/01-03:00:01.951] [info] [Preprocessing for query collapsing=&group=&hf=-1&limits=max_fetched_hits%3A0%2Cmax_fetched_hits_per_slice%3A0%2Cmax_kept_hits%3A0%2Chits_sampling%3A100&logic=sxisl&of=flea&q=availability%3Aaclfts&relevance=false&rt=disabled& ...[74 chars remaining]] [exa.search.runnerpool]	Created a new runner for logic sxisl ( 0 idle runner and 0 working runner) in 144ms
[2019/11/01-03:00:03.218] [warn] [140308990863104] [search.snippet.builder]	G53056: S53120: No language facet id set, will process with unknown language
[2019/11/01-03:00:03.219] [warn] [140308990863104] [search.snippet.builder]	G53056: S53120: No language facet id set, will process with unknown language
[2019/11/01-03:00:03.219] [warn] [140308990863104] [search.snippet.builder]	G53056: S53120: No language facet id set, will process with unknown language
[2019/11/01-03:00:03.219] [warn] [140308990863104] [search.snippet.builder]	G53056: S53120: No language facet id set, will process with unknown language
[2019/11/01-03:00:03.219] [warn] [140308990863104] [search.snippet.builder]	G53056: S53120: No language facet id set, will process with unknown language
[2019/11/01-03:00:03.219] [warn] [140308990863104] [search.snippet.builder]	G53056: S53120: No language facet id set, will process with unknown language
[2019/11/01-03:00:03.219] [warn] [140308990863104] [search.snippet.builder]	G53056: S53120: No language facet id set, will process with unknown language
[2019/11/01-03:00:03.219] [warn] [140308990863104] [search.snippet.builder]	G53056: S53120: No language facet id set, will process with unknown language
[2019/11/01-03:00:03.219] [warn] [140308990863104] [search.snippet.builder]	G53056: S53120: No language facet id set, will process with unknown language
[2019/11/01-03:00:03.219] [warn] [140308990863104] [search.snippet.builder]	G53056: S53120: No language facet id set, will process with unknown language
[2019/11/01-03:00:03.219] [warn] [140308990863104] [search.snippet.builder]	G53056: S53120: No language facet id set, will process with unknown language
[2019/11/01-03:00:03.220] [warn] [140308990863104] [search.snippet.builder]	G53056: S53120: No language facet id set, will process with unknown language
[2019/11/01-03:00:03.220] [warn] [140308990863104] [search.snippet.builder]	G53056: S53120: No language facet id set, will process with unknown language
[2019/11/01-03:00:03.220] [warn] [140308990863104] [search.snippet.builder]	G53056: S53120: No language facet id set, will process with unknown language
[2019/11/01-03:00:03.220] [warn] [140308990863104] [search.snippet.builder]	G53056: S53120: No language facet id set, will process with unknown language
[2019/11/01-03:00:03.220] [warn] [140308990863104] [search.snippet.builder]	G53056: S53120: No language facet id set, will process with unknown language
[2019/11/01-03:00:03.220] [warn] [140308990863104] [search.snippet.builder]	G53056: S53120: No language facet id set, will process with unknown language
[2019/11/01-03:00:03.220] [warn] [140308990863104] [search.snippet.builder]	G53056: S53120: No language facet id set, will process with unknown language
[2019/11/01-03:00:03.221] [warn] [140308990863104] [search.snippet.builder]	G53056: S53120: No language facet id set, will process with unknown language
[2019/11/01-03:00:03.222] [warn] [140308990863104] [search.snippet.builder]	G53056: S53120: No language facet id set, will process with unknown language
[2019/11/01-03:00:03.222] [warn] [140308990863104] [search.snippet.builder]	G53056: S53120: No language facet id set, will process with unknown language
[2019/11/01-03:00:03.222] [warn] [140308990863104] [search.snippet.builder]	G53056: S53120: No language facet id set, will process with unknown language
[2019/11/01-03:00:03.222] [warn] [140308990863104] [search.snippet.builder]	G53056: S53120: No language facet id set, will process with unknown language
[2019/11/01-03:00:03.222] [warn] [140308990863104] [search.snippet.builder]	G53056: S53120: No language facet id set, will process with unknown language
[2019/11/01-03:00:03.222] [warn] [140308990863104] [search.snippet.builder]	G53056: S53120: No language facet id set, will process with unknown language
[2019/11/01-03:00:03.222] [warn] [140308990863104] [search.snippet.builder]	G53056: S53120: No language facet id set, will process with unknown language
[2019/11/01-03:00:03.222] [warn] [140308990863104] [search.snippet.builder]	G53056: S53120: No language facet id set, will process with unknown language
[2019/11/01-03:00:03.222] [warn] [140308990863104] [search.snippet.builder]	G53056: S53120: No language facet id set, will process with unknown language
[2019/11/01-03:00:03.222] [warn] [140308990863104] [search.snippet.builder]	G53056: S53120: No language facet id set, will process with unknown language
[2019/11/01-03:00:03.222] [warn] [140308990863104] [search.snippet.builder]	G53056: S53120: No language facet id set, will process with unknown language
[2019/11/01-03:00:03.222] [warn] [140308990863104] [search.snippet.builder]	G53056: S53120: No language facet id set, will process with unknown language
[2019/11/01-03:00:03.222] [warn] [140308990863104] [search.snippet.builder]	G53056: S53120: No language facet id set, will process with unknown language
[2019/11/01-03:00:03.222] [warn] [140308990863104] [search.snippet.builder]	G53056: S53120: No language facet id set, will process with unknown language
[2019/11/01-03:00:03.223] [warn] [140308990863104] [search.snippet.builder]	G53056: S53120: No language facet id set, will process with unknown language
[2019/11/01-03:00:03.223] [warn] [140308990863104] [search.snippet.builder]	G53056: S53120: No language facet id set, will process with unknown language
[2019/11/01-03:00:03.223] [warn] [140308990863104] [search.snippet.builder]	G53056: S53120: No language facet id set, will process with unknown language
[2019/11/01-03:00:03.223] [warn] [140308990863104] [search.snippet.builder]	G53056: S53120: No language facet id set, will process with unknown language
[2019/11/01-03:00:03.223] [warn] [140308990863104] [search.snippet.builder]	G53056: S53120: No language facet id set, will process with unknown language
[2019/11/01-03:00:03.223] [warn] [140308990863104] [search.snippet.builder]	G53056: S53120: No language facet id set, will process with unknown language
[2019/11/01-03:00:03.615] [info] [2029184257@jtp-resourceshare-36] [datashare]	share: Started datashare session on autosuggest_OnPremise_securedSuggest_ds6w_58_label
[2019/11/01-03:00:03.726] [info] [1893112392@jtp-resourceshare-40] [exa.io.datashare]	share: Switching DataShare to version 23
[2019/11/01-03:00:03.726] [info] [1893112392@jtp-resourceshare-40] [exa.io.datashare]	share: Garbage collecting datashare version 22
[2019/11/01-03:00:03.731] [info] [1893112392@jtp-resourceshare-40] [datashare]	share: Committed datashare session
[2019/11/01-03:00:03.796] [info] [ReportingConsumer-31] [reporting.file-publisher]	Reporting file rotation to: /busdata/dpmu/gbl0/data/cv/bin/../run/searchserver-ss0/search-reporting/search.csv.20191031.00000
[2019/11/01-03:00:03.884] [info] [ReportingConsumer-31] [reporting.file-publisher]	delete file /busdata/dpmu/gbl0/data/cv/bin/../run/searchserver-ss0/search-reporting/search.csv.20191018.00000
Unclean shutdown detected.
The thread which requested the exit appears to be 'SIGTERM handler'
Dump of all threads stacks:
1173913598@jtp-searchui-7 (113536):
	java.lang.Object.wait(Native Method)
	com.exalead.jetty.RegularSynchronizationQueuedThreadPool$PoolThread.run(RegularSynchronizationQueuedThreadPool.java:593)
Finalizer (3):
	java.lang.Object.wait(Native Method)
	java.lang.ref.ReferenceQueue.remove(ReferenceQueue.java:144)
	java.lang.ref.ReferenceQueue.remove(ReferenceQueue.java:165)
	java.lang.ref.Finalizer$FinalizerThread.run(Finalizer.java:216)
net.sf.ehcache.CacheManager@91c4a3f (37):
	java.lang.Object.wait(Native Method)
	java.util.TimerThread.mainLoop(Timer.java:552)
	java.util.TimerThread.run(Timer.java:505)
Timer-0 (41):
	java.lang.Object.wait(Native Method)
	java.util.TimerThread.mainLoop(Timer.java:552)
	java.util.TimerThread.run(Timer.java:505)
413218476@jtp-searchapi-4 (27):
	sun.nio.ch.EPollArrayWrapper.epollWait(Native Method)
	sun.nio.ch.EPollArrayWrapper.poll(EPollArrayWrapper.java:269)
	sun.nio.ch.EPollSelectorImpl.doSelect(EPollSelectorImpl.java:93)
	sun.nio.ch.SelectorImpl.lockAndDoSelect(SelectorImpl.java:86)
	sun.nio.ch.SelectorImpl.select(SelectorImpl.java:97)
	sun.nio.ch.SelectorImpl.select(SelectorImpl.java:101)
	org.eclipse.jetty.io.ManagedSelector$SelectorProducer.select(ManagedSelector.java:396)
	org.eclipse.jetty.io.ManagedSelector$SelectorProducer.produce(ManagedSelector.java:333)
	org.eclipse.jetty.util.thread.strategy.EatWhatYouKill.produceTask(EatWhatYouKill.java:357)
	org.eclipse.jetty.util.thread.strategy.EatWhatYouKill.doProduce(EatWhatYouKill.java:181)
	org.eclipse.jetty.util.thread.strategy.EatWhatYouKill.tryProduce(EatWhatYouKill.java:168)
	org.eclipse.jetty.util.thread.strategy.EatWhatYouKill.produce(EatWhatYouKill.java:132)
	org.eclipse.jetty.io.ManagedSelector$$Lambda$19/854487022.run(Unknown Source)
	com.exalead.jetty.RegularSynchronizationQueuedThreadPool$PoolThread.run(RegularSynchronizationQueuedThreadPool.java:550)
576811632@jtp-default-2-acceptor-0@fd973ef-16023@7a600e21{HTTP/1.1,[http/1.1]}{0.0.0.0:16023} (62):
	sun.nio.ch.ServerSocketChannelImpl.accept0(Native Method)
	sun.nio.ch.ServerSocketChannelImpl.accept(ServerSocketChannelImpl.java:422)
	sun.nio.ch.ServerSocketChannelImpl.accept(ServerSocketChannelImpl.java:250)
	org.eclipse.jetty.server.ServerConnector.accept(ServerConnector.java:378)
	org.eclipse.jetty.server.AbstractConnector$Acceptor.run(AbstractConnector.java:639)
	com.exalead.jetty.RegularSynchronizationQueuedThreadPool$PoolThread.run(RegularSynchronizationQueuedThreadPool.java:550)
1830745997@jtp-searchapi-2-acceptor-0@6199b91-16010@1f1cddf3{HTTP/1.1,[http/1.1]}{0.0.0.0:16010} (25):
	sun.nio.ch.ServerSocketChannelImpl.accept0(Native Method)
	sun.nio.ch.ServerSocketChannelImpl.accept(ServerSocketChannelImpl.java:422)
	sun.nio.ch.ServerSocketChannelImpl.accept(ServerSocketChannelImpl.java:250)
	org.eclipse.jetty.server.ServerConnector.accept(ServerConnector.java:378)
	org.eclipse.jetty.server.AbstractConnector$Acceptor.run(AbstractConnector.java:639)
	com.exalead.jetty.RegularSynchronizationQueuedThreadPool$PoolThread.run(RegularSynchronizationQueuedThreadPool.java:550)
RMI TCP Accept-0 (12):
	java.net.PlainSocketImpl.socketAccept(Native Method)
	java.net.AbstractPlainSocketImpl.accept(AbstractPlainSocketImpl.java:409)
	java.net.ServerSocket.implAccept(ServerSocket.java:545)
	java.net.ServerSocket.accept(ServerSocket.java:513)
	sun.management.jmxremote.LocalRMIServerSocketFactory$1.accept(LocalRMIServerSocketFactory.java:52)
	sun.rmi.transport.tcp.TCPTransport$AcceptLoop.executeAcceptLoop(TCPTransport.java:405)
	sun.rmi.transport.tcp.TCPTransport$AcceptLoop.run(TCPTransport.java:377)
	java.lang.Thread.run(Thread.java:748)
pool-5-thread-1 (34):
	sun.misc.Unsafe.park(Native Method)
	java.util.concurrent.locks.LockSupport.parkNanos(LockSupport.java:215)
	java.util.concurrent.locks.AbstractQueuedSynchronizer$ConditionObject.awaitNanos(AbstractQueuedSynchronizer.java:2078)
	java.util.concurrent.ScheduledThreadPoolExecutor$DelayedWorkQueue.take(ScheduledThreadPoolExecutor.java:1093)
	java.util.concurrent.ScheduledThreadPoolExecutor$DelayedWorkQueue.take(ScheduledThreadPoolExecutor.java:809)
	java.util.concurrent.ThreadPoolExecutor.getTask(ThreadPoolExecutor.java:1074)
	java.util.concurrent.ThreadPoolExecutor.runWorker(ThreadPoolExecutor.java:1134)
	java.util.concurrent.ThreadPoolExecutor$Worker.run(ThreadPoolExecutor.java:624)
	java.lang.Thread.run(Thread.java:748)
pool-6-thread-2 (113643):
	sun.misc.Unsafe.park(Native Method)
	java.util.concurrent.locks.LockSupport.park(LockSupport.java:175)
	java.util.concurrent.locks.AbstractQueuedSynchronizer$ConditionObject.await(AbstractQueuedSynchronizer.java:2039)
	java.util.concurrent.LinkedBlockingQueue.take(LinkedBlockingQueue.java:442)
	java.util.concurrent.ThreadPoolExecutor.getTask(ThreadPoolExecutor.java:1074)
	java.util.concurrent.ThreadPoolExecutor.runWorker(ThreadPoolExecutor.java:1134)
	java.util.concurrent.ThreadPoolExecutor$Worker.run(ThreadPoolExecutor.java:624)
	java.lang.Thread.run(Thread.java:748)
443290224@jtp-searchapi-3 (26):
	sun.nio.ch.EPollArrayWrapper.epollWait(Native Method)
	sun.nio.ch.EPollArrayWrapper.poll(EPollArrayWrapper.java:269)
	sun.nio.ch.EPollSelectorImpl.doSelect(EPollSelectorImpl.java:93)
	sun.nio.ch.SelectorImpl.lockAndDoSelect(SelectorImpl.java:86)
	sun.nio.ch.SelectorImpl.select(SelectorImpl.java:97)
	sun.nio.ch.SelectorImpl.select(SelectorImpl.java:101)
	org.eclipse.jetty.io.ManagedSelector$SelectorProducer.select(ManagedSelector.java:396)
	org.eclipse.jetty.io.ManagedSelector$SelectorProducer.produce(ManagedSelector.java:333)
	org.eclipse.jetty.util.thread.strategy.EatWhatYouKill.produceTask(EatWhatYouKill.java:357)
	org.eclipse.jetty.util.thread.strategy.EatWhatYouKill.doProduce(EatWhatYouKill.java:181)
	org.eclipse.jetty.util.thread.strategy.EatWhatYouKill.tryProduce(EatWhatYouKill.java:168)
	org.eclipse.jetty.util.thread.strategy.EatWhatYouKill.produce(EatWhatYouKill.java:132)
	org.eclipse.jetty.io.ManagedSelector$$Lambda$19/854487022.run(Unknown Source)
	com.exalead.jetty.RegularSynchronizationQueuedThreadPool$PoolThread.run(RegularSynchronizationQueuedThreadPool.java:550)
ReportingConsumer-31 (31):
	sun.misc.Unsafe.park(Native Method)
	java.util.concurrent.locks.LockSupport.parkNanos(LockSupport.java:215)
	java.util.concurrent.locks.AbstractQueuedSynchronizer.doAcquireSharedNanos(AbstractQueuedSynchronizer.java:1037)
	java.util.concurrent.locks.AbstractQueuedSynchronizer.tryAcquireSharedNanos(AbstractQueuedSynchronizer.java:1328)
	java.util.concurrent.Semaphore.tryAcquire(Semaphore.java:582)
	com.exalead.reporting.MessageQueue.drain(MessageQueue.java:56)
	com.exalead.reporting.AsyncPublishDelegator$ConsumerThread.run(AsyncPublishDelegator.java:62)
ICM-sxist0 (29):
	java.lang.Thread.sleep(Native Method)
	com.exalead.search.icm.IndexClusterManager.run(IndexClusterManager.java:218)
1316557528@jtp-resourceshare-3 (19):
	sun.nio.ch.EPollArrayWrapper.epollWait(Native Method)
	sun.nio.ch.EPollArrayWrapper.poll(EPollArrayWrapper.java:269)
	sun.nio.ch.EPollSelectorImpl.doSelect(EPollSelectorImpl.java:93)
	sun.nio.ch.SelectorImpl.lockAndDoSelect(SelectorImpl.java:86)
	sun.nio.ch.SelectorImpl.select(SelectorImpl.java:97)
	sun.nio.ch.SelectorImpl.select(SelectorImpl.java:101)
	org.eclipse.jetty.io.ManagedSelector$SelectorProducer.select(ManagedSelector.java:396)
	org.eclipse.jetty.io.ManagedSelector$SelectorProducer.produce(ManagedSelector.java:333)
	org.eclipse.jetty.util.thread.strategy.EatWhatYouKill.produceTask(EatWhatYouKill.java:357)
	org.eclipse.jetty.util.thread.strategy.EatWhatYouKill.doProduce(EatWhatYouKill.java:181)
	org.eclipse.jetty.util.thread.strategy.EatWhatYouKill.tryProduce(EatWhatYouKill.java:168)
	org.eclipse.jetty.util.thread.strategy.EatWhatYouKill.produce(EatWhatYouKill.java:132)
	org.eclipse.jetty.io.ManagedSelector$$Lambda$19/854487022.run(Unknown Source)
	com.exalead.jetty.RegularSynchronizationQueuedThreadPool$PoolThread.run(RegularSynchronizationQueuedThreadPool.java:550)
GlobalLogFlusher-15 (15):
	sun.misc.Unsafe.park(Native Method)
	java.util.concurrent.locks.LockSupport.park(LockSupport.java:175)
	java.util.concurrent.locks.AbstractQueuedSynchronizer$ConditionObject.await(AbstractQueuedSynchronizer.java:2039)
	java.util.concurrent.ArrayBlockingQueue.take(ArrayBlockingQueue.java:403)
	com.exalead.util.GlobalLogHelper$Thread.run(GlobalLogHelper.java:88)
843058536@jtp-resourceshare-47 (171506):
	java.lang.Object.wait(Native Method)
	com.exalead.jetty.RegularSynchronizationQueuedThreadPool$PoolThread.run(RegularSynchronizationQueuedThreadPool.java:593)
Scheduler-1052195003 (113529):
	sun.misc.Unsafe.park(Native Method)
	java.util.concurrent.locks.LockSupport.park(LockSupport.java:175)
	java.util.concurrent.locks.AbstractQueuedSynchronizer$ConditionObject.await(AbstractQueuedSynchronizer.java:2039)
	java.util.concurrent.ScheduledThreadPoolExecutor$DelayedWorkQueue.take(ScheduledThreadPoolExecutor.java:1081)
	java.util.concurrent.ScheduledThreadPoolExecutor$DelayedWorkQueue.take(ScheduledThreadPoolExecutor.java:809)
	java.util.concurrent.ThreadPoolExecutor.getTask(ThreadPoolExecutor.java:1074)
	java.util.concurrent.ThreadPoolExecutor.runWorker(ThreadPoolExecutor.java:1134)
	java.util.concurrent.ThreadPoolExecutor$Worker.run(ThreadPoolExecutor.java:624)
	java.lang.Thread.run(Thread.java:748)
Waiting next query (164665):
	java.lang.Object.wait(Native Method)
	com.exalead.jetty.RegularSynchronizationQueuedThreadPool$PoolThread.run(RegularSynchronizationQueuedThreadPool.java:593)
Thread-27 (50):
	java.lang.Thread.sleep(Native Method)
	com.exalead.cv360.searchui.services.UserLicenseManager$PullWorker.run(UserLicenseManager.java:141)
	java.lang.Thread.run(Thread.java:748)
thumbnails-cache- searchserver-ss0-_thumbnail.data (39):
	sun.misc.Unsafe.park(Native Method)
	java.util.concurrent.locks.LockSupport.parkNanos(LockSupport.java:215)
	java.util.concurrent.locks.AbstractQueuedSynchronizer$ConditionObject.awaitNanos(AbstractQueuedSynchronizer.java:2078)
	java.util.concurrent.ScheduledThreadPoolExecutor$DelayedWorkQueue.take(ScheduledThreadPoolExecutor.java:1093)
	java.util.concurrent.ScheduledThreadPoolExecutor$DelayedWorkQueue.take(ScheduledThreadPoolExecutor.java:809)
	java.util.concurrent.ThreadPoolExecutor.getTask(ThreadPoolExecutor.java:1074)
	java.util.concurrent.ThreadPoolExecutor.runWorker(ThreadPoolExecutor.java:1134)
	java.util.concurrent.ThreadPoolExecutor$Worker.run(ThreadPoolExecutor.java:624)
	java.lang.Thread.run(Thread.java:748)
1931506956@jtp-boxproxy-2-acceptor-0@c6aafe9-16027@6dfebd2a{HTTP/1.1,[http/1.1]}{0.0.0.0:16027} (56):
	sun.nio.ch.ServerSocketChannelImpl.accept0(Native Method)
	sun.nio.ch.ServerSocketChannelImpl.accept(ServerSocketChannelImpl.java:422)
	sun.nio.ch.ServerSocketChannelImpl.accept(ServerSocketChannelImpl.java:250)
	org.eclipse.jetty.server.ServerConnector.accept(ServerConnector.java:378)
	org.eclipse.jetty.server.AbstractConnector$Acceptor.run(AbstractConnector.java:639)
	com.exalead.jetty.RegularSynchronizationQueuedThreadPool$PoolThread.run(RegularSynchronizationQueuedThreadPool.java:550)
Signal Dispatcher (4):
parent pid 13896 watchdog (14):
	java.lang.Thread.sleep(Native Method)
	com.exalead.bee.Queen$1.run(Queen.java:611)
	java.lang.Thread.run(Thread.java:748)
ReportingConsumer-35 (35):
	sun.misc.Unsafe.park(Native Method)
	java.util.concurrent.locks.LockSupport.parkNanos(LockSupport.java:215)
	java.util.concurrent.locks.AbstractQueuedSynchronizer.doAcquireSharedNanos(AbstractQueuedSynchronizer.java:1037)
	java.util.concurrent.locks.AbstractQueuedSynchronizer.tryAcquireSharedNanos(AbstractQueuedSynchronizer.java:1328)
	java.util.concurrent.Semaphore.tryAcquire(Semaphore.java:582)
	com.exalead.reporting.MessageQueue.drain(MessageQueue.java:56)
	com.exalead.reporting.AsyncPublishDelegator$ConsumerThread.run(AsyncPublishDelegator.java:62)
1924411652@jtp-searchui-3 (45):
	sun.nio.ch.EPollArrayWrapper.epollWait(Native Method)
	sun.nio.ch.EPollArrayWrapper.poll(EPollArrayWrapper.java:269)
	sun.nio.ch.EPollSelectorImpl.doSelect(EPollSelectorImpl.java:93)
	sun.nio.ch.SelectorImpl.lockAndDoSelect(SelectorImpl.java:86)
	sun.nio.ch.SelectorImpl.select(SelectorImpl.java:97)
	sun.nio.ch.SelectorImpl.select(SelectorImpl.java:101)
	org.eclipse.jetty.io.ManagedSelector$SelectorProducer.select(ManagedSelector.java:396)
	org.eclipse.jetty.io.ManagedSelector$SelectorProducer.produce(ManagedSelector.java:333)
	org.eclipse.jetty.util.thread.strategy.EatWhatYouKill.produceTask(EatWhatYouKill.java:357)
	org.eclipse.jetty.util.thread.strategy.EatWhatYouKill.doProduce(EatWhatYouKill.java:181)
	org.eclipse.jetty.util.thread.strategy.EatWhatYouKill.tryProduce(EatWhatYouKill.java:168)
	org.eclipse.jetty.util.thread.strategy.EatWhatYouKill.produce(EatWhatYouKill.java:132)
	org.eclipse.jetty.io.ManagedSelector$$Lambda$19/854487022.run(Unknown Source)
	com.exalead.jetty.RegularSynchronizationQueuedThreadPool$PoolThread.run(RegularSynchronizationQueuedThreadPool.java:550)
SIGTERM handler (172809):
	java.lang.Shutdown.exit(Shutdown.java:212)
	java.lang.Terminator$1.handle(Terminator.java:52)
	sun.misc.Signal$1.run(Signal.java:212)
	java.lang.Thread.run(Thread.java:748)
2103972825@jtp-searchui-15 (113681):
	java.lang.Object.wait(Native Method)
	com.exalead.jetty.RegularSynchronizationQueuedThreadPool$PoolThread.run(RegularSynchronizationQueuedThreadPool.java:593)
Scheduler-1844334363 (28):
	sun.misc.Unsafe.park(Native Method)
	java.util.concurrent.locks.LockSupport.parkNanos(LockSupport.java:215)
	java.util.concurrent.locks.AbstractQueuedSynchronizer$ConditionObject.awaitNanos(AbstractQueuedSynchronizer.java:2078)
	java.util.concurrent.ScheduledThreadPoolExecutor$DelayedWorkQueue.take(ScheduledThreadPoolExecutor.java:1093)
	java.util.concurrent.ScheduledThreadPoolExecutor$DelayedWorkQueue.take(ScheduledThreadPoolExecutor.java:809)
	java.util.concurrent.ThreadPoolExecutor.getTask(ThreadPoolExecutor.java:1074)
	java.util.concurrent.ThreadPoolExecutor.runWorker(ThreadPoolExecutor.java:1134)
	java.util.concurrent.ThreadPoolExecutor$Worker.run(ThreadPoolExecutor.java:624)
	java.lang.Thread.run(Thread.java:748)
MultiThreadedHttpConnectionManager cleanup (22):
	java.lang.Object.wait(Native Method)
	java.lang.ref.ReferenceQueue.remove(ReferenceQueue.java:144)
	java.lang.ref.ReferenceQueue.remove(ReferenceQueue.java:165)
	org.apache.commons.httpclient.MultiThreadedHttpConnectionManager$ReferenceQueueThread.run(Unknown Source)
RMI TCP Connection(35325)-10.216.104.82 (172804):
	java.net.SocketInputStream.socketRead0(Native Method)
	java.net.SocketInputStream.socketRead(SocketInputStream.java:116)
	java.net.SocketInputStream.read(SocketInputStream.java:171)
	java.net.SocketInputStream.read(SocketInputStream.java:141)
	java.io.BufferedInputStream.fill(BufferedInputStream.java:246)
	java.io.BufferedInputStream.read(BufferedInputStream.java:265)
	java.io.FilterInputStream.read(FilterInputStream.java:83)
	sun.rmi.transport.tcp.TCPTransport.handleMessages(TCPTransport.java:555)
	sun.rmi.transport.tcp.TCPTransport$ConnectionHandler.run0(TCPTransport.java:834)
	sun.rmi.transport.tcp.TCPTransport$ConnectionHandler.lambda$run$0(TCPTransport.java:688)
	sun.rmi.transport.tcp.TCPTransport$ConnectionHandler$$Lambda$110/2147432437.run(Unknown Source)
	java.security.AccessController.doPrivileged(Native Method)
	sun.rmi.transport.tcp.TCPTransport$ConnectionHandler.run(TCPTransport.java:687)
	java.util.concurrent.ThreadPoolExecutor.runWorker(ThreadPoolExecutor.java:1149)
	java.util.concurrent.ThreadPoolExecutor$Worker.run(ThreadPoolExecutor.java:624)
	java.lang.Thread.run(Thread.java:748)
ReportingConsumer-36 (36):
	sun.misc.Unsafe.park(Native Method)
	java.util.concurrent.locks.LockSupport.parkNanos(LockSupport.java:215)
	java.util.concurrent.locks.AbstractQueuedSynchronizer.doAcquireSharedNanos(AbstractQueuedSynchronizer.java:1037)
	java.util.concurrent.locks.AbstractQueuedSynchronizer.tryAcquireSharedNanos(AbstractQueuedSynchronizer.java:1328)
	java.util.concurrent.Semaphore.tryAcquire(Semaphore.java:582)
	com.exalead.reporting.MessageQueue.drain(MessageQueue.java:56)
	com.exalead.reporting.AsyncPublishDelegator$ConsumerThread.run(AsyncPublishDelegator.java:62)
667957103@jtp-default-0 (60):
	java.lang.Object.wait(Native Method)
	com.exalead.jetty.RegularSynchronizationQueuedThreadPool$PoolThread.run(RegularSynchronizationQueuedThreadPool.java:593)
Scheduler-855206842 (47):
	sun.misc.Unsafe.park(Native Method)
	java.util.concurrent.locks.LockSupport.parkNanos(LockSupport.java:215)
	java.util.concurrent.locks.AbstractQueuedSynchronizer$ConditionObject.awaitNanos(AbstractQueuedSynchronizer.java:2078)
	java.util.concurrent.ScheduledThreadPoolExecutor$DelayedWorkQueue.take(ScheduledThreadPoolExecutor.java:1093)
	java.util.concurrent.ScheduledThreadPoolExecutor$DelayedWorkQueue.take(ScheduledThreadPoolExecutor.java:809)
	java.util.concurrent.ThreadPoolExecutor.getTask(ThreadPoolExecutor.java:1074)
	java.util.concurrent.ThreadPoolExecutor.runWorker(ThreadPoolExecutor.java:1134)
	java.util.concurrent.ThreadPoolExecutor$Worker.run(ThreadPoolExecutor.java:624)
	java.lang.Thread.run(Thread.java:748)
Scheduler-1105322512 (21):
	sun.misc.Unsafe.park(Native Method)
	java.util.concurrent.locks.LockSupport.parkNanos(LockSupport.java:215)
	java.util.concurrent.locks.AbstractQueuedSynchronizer$ConditionObject.awaitNanos(AbstractQueuedSynchronizer.java:2078)
	java.util.concurrent.ScheduledThreadPoolExecutor$DelayedWorkQueue.take(ScheduledThreadPoolExecutor.java:1093)
	java.util.concurrent.ScheduledThreadPoolExecutor$DelayedWorkQueue.take(ScheduledThreadPoolExecutor.java:809)
	java.util.concurrent.ThreadPoolExecutor.getTask(ThreadPoolExecutor.java:1074)
	java.util.concurrent.ThreadPoolExecutor.runWorker(ThreadPoolExecutor.java:1134)
	java.util.concurrent.ThreadPoolExecutor$Worker.run(ThreadPoolExecutor.java:624)
	java.lang.Thread.run(Thread.java:748)
Scheduler-639588933 (59):
	sun.misc.Unsafe.park(Native Method)
	java.util.concurrent.locks.LockSupport.parkNanos(LockSupport.java:215)
	java.util.concurrent.locks.AbstractQueuedSynchronizer$ConditionObject.awaitNanos(AbstractQueuedSynchronizer.java:2078)
	java.util.concurrent.ScheduledThreadPoolExecutor$DelayedWorkQueue.take(ScheduledThreadPoolExecutor.java:1093)
	java.util.concurrent.ScheduledThreadPoolExecutor$DelayedWorkQueue.take(ScheduledThreadPoolExecutor.java:809)
	java.util.concurrent.ThreadPoolExecutor.getTask(ThreadPoolExecutor.java:1074)
	java.util.concurrent.ThreadPoolExecutor.runWorker(ThreadPoolExecutor.java:1134)
	java.util.concurrent.ThreadPoolExecutor$Worker.run(ThreadPoolExecutor.java:624)
	java.lang.Thread.run(Thread.java:748)
pool-3-thread-1 (33):
	sun.misc.Unsafe.park(Native Method)
	java.util.concurrent.locks.LockSupport.parkNanos(LockSupport.java:215)
	java.util.concurrent.locks.AbstractQueuedSynchronizer$ConditionObject.awaitNanos(AbstractQueuedSynchronizer.java:2078)
	java.util.concurrent.ScheduledThreadPoolExecutor$DelayedWorkQueue.take(ScheduledThreadPoolExecutor.java:1093)
	java.util.concurrent.ScheduledThreadPoolExecutor$DelayedWorkQueue.take(ScheduledThreadPoolExecutor.java:809)
	java.util.concurrent.ThreadPoolExecutor.getTask(ThreadPoolExecutor.java:1074)
	java.util.concurrent.ThreadPoolExecutor.runWorker(ThreadPoolExecutor.java:1134)
	java.util.concurrent.ThreadPoolExecutor$Worker.run(ThreadPoolExecutor.java:624)
	java.lang.Thread.run(Thread.java:748)
DestroyJavaVM (66):
563383249@jtp-default-1 (61):
	java.lang.Object.wait(Native Method)
	com.exalead.jetty.RegularSynchronizationQueuedThreadPool$PoolThread.run(RegularSynchronizationQueuedThreadPool.java:593)
RMI TCP Connection(35324)-10.216.104.82 (172787):
	java.net.SocketInputStream.socketRead0(Native Method)
	java.net.SocketInputStream.socketRead(SocketInputStream.java:116)
	java.net.SocketInputStream.read(SocketInputStream.java:171)
	java.net.SocketInputStream.read(SocketInputStream.java:141)
	java.io.BufferedInputStream.fill(BufferedInputStream.java:246)
	java.io.BufferedInputStream.read(BufferedInputStream.java:265)
	java.io.FilterInputStream.read(FilterInputStream.java:83)
	sun.rmi.transport.tcp.TCPTransport.handleMessages(TCPTransport.java:555)
	sun.rmi.transport.tcp.TCPTransport$ConnectionHandler.run0(TCPTransport.java:834)
	sun.rmi.transport.tcp.TCPTransport$ConnectionHandler.lambda$run$0(TCPTransport.java:688)
	sun.rmi.transport.tcp.TCPTransport$ConnectionHandler$$Lambda$110/2147432437.run(Unknown Source)
	java.security.AccessController.doPrivileged(Native Method)
	sun.rmi.transport.tcp.TCPTransport$ConnectionHandler.run(TCPTransport.java:687)
	java.util.concurrent.ThreadPoolExecutor.runWorker(ThreadPoolExecutor.java:1149)
	java.util.concurrent.ThreadPoolExecutor$Worker.run(ThreadPoolExecutor.java:624)
	java.lang.Thread.run(Thread.java:748)
1402433372@jtp-resourceshare-4 (20):
	sun.nio.ch.EPollArrayWrapper.epollWait(Native Method)
	sun.nio.ch.EPollArrayWrapper.poll(EPollArrayWrapper.java:269)
	sun.nio.ch.EPollSelectorImpl.doSelect(EPollSelectorImpl.java:93)
	sun.nio.ch.SelectorImpl.lockAndDoSelect(SelectorImpl.java:86)
	sun.nio.ch.SelectorImpl.select(SelectorImpl.java:97)
	sun.nio.ch.SelectorImpl.select(SelectorImpl.java:101)
	org.eclipse.jetty.io.ManagedSelector$SelectorProducer.select(ManagedSelector.java:396)
	org.eclipse.jetty.io.ManagedSelector$SelectorProducer.produce(ManagedSelector.java:333)
	org.eclipse.jetty.util.thread.strategy.EatWhatYouKill.produceTask(EatWhatYouKill.java:357)
	org.eclipse.jetty.util.thread.strategy.EatWhatYouKill.doProduce(EatWhatYouKill.java:181)
	org.eclipse.jetty.util.thread.strategy.EatWhatYouKill.tryProduce(EatWhatYouKill.java:168)
	org.eclipse.jetty.util.thread.strategy.EatWhatYouKill.produce(EatWhatYouKill.java:132)
	org.eclipse.jetty.io.ManagedSelector$$Lambda$19/854487022.run(Unknown Source)
	com.exalead.jetty.RegularSynchronizationQueuedThreadPool$PoolThread.run(RegularSynchronizationQueuedThreadPool.java:550)
RMI TCP Accept-0 (10):
	java.net.PlainSocketImpl.socketAccept(Native Method)
	java.net.AbstractPlainSocketImpl.accept(AbstractPlainSocketImpl.java:409)
	java.net.ServerSocket.implAccept(ServerSocket.java:545)
	java.net.ServerSocket.accept(ServerSocket.java:513)
	sun.rmi.transport.tcp.TCPTransport$AcceptLoop.executeAcceptLoop(TCPTransport.java:405)
	sun.rmi.transport.tcp.TCPTransport$AcceptLoop.run(TCPTransport.java:377)
	java.lang.Thread.run(Thread.java:748)
1392535885@jtp-boxproxy-1 (55):
	java.lang.Object.wait(Native Method)
	com.exalead.jetty.RegularSynchronizationQueuedThreadPool$PoolThread.run(RegularSynchronizationQueuedThreadPool.java:593)
SIGHUP handler (172808):
	java.lang.Object.wait(Native Method)
	java.lang.Thread.join(Thread.java:1252)
	java.lang.Thread.join(Thread.java:1326)
	java.lang.ApplicationShutdownHooks.runHooks(ApplicationShutdownHooks.java:107)
	java.lang.ApplicationShutdownHooks$1.run(ApplicationShutdownHooks.java:46)
	java.lang.Shutdown.runHooks(Shutdown.java:123)
	java.lang.Shutdown.sequence(Shutdown.java:167)
	java.lang.Shutdown.exit(Shutdown.java:212)
	java.lang.Terminator$1.handle(Terminator.java:52)
	sun.misc.Signal$1.run(Signal.java:212)
	java.lang.Thread.run(Thread.java:748)
ReportingConsumer-40 (40):
	sun.misc.Unsafe.park(Native Method)
	java.util.concurrent.locks.LockSupport.parkNanos(LockSupport.java:215)
	java.util.concurrent.locks.AbstractQueuedSynchronizer.doAcquireSharedNanos(AbstractQueuedSynchronizer.java:1037)
	java.util.concurrent.locks.AbstractQueuedSynchronizer.tryAcquireSharedNanos(AbstractQueuedSynchronizer.java:1328)
	java.util.concurrent.Semaphore.tryAcquire(Semaphore.java:582)
	com.exalead.reporting.MessageQueue.drain(MessageQueue.java:56)
	com.exalead.reporting.AsyncPublishDelegator$ConsumerThread.run(AsyncPublishDelegator.java:62)
RMI Scheduler(0) (73):
	sun.misc.Unsafe.park(Native Method)
	java.util.concurrent.locks.LockSupport.parkNanos(LockSupport.java:215)
	java.util.concurrent.locks.AbstractQueuedSynchronizer$ConditionObject.awaitNanos(AbstractQueuedSynchronizer.java:2078)
	java.util.concurrent.ScheduledThreadPoolExecutor$DelayedWorkQueue.take(ScheduledThreadPoolExecutor.java:1093)
	java.util.concurrent.ScheduledThreadPoolExecutor$DelayedWorkQueue.take(ScheduledThreadPoolExecutor.java:809)
	java.util.concurrent.ThreadPoolExecutor.getTask(ThreadPoolExecutor.java:1074)
	java.util.concurrent.ThreadPoolExecutor.runWorker(ThreadPoolExecutor.java:1134)
	java.util.concurrent.ThreadPoolExecutor$Worker.run(ThreadPoolExecutor.java:624)
	java.lang.Thread.run(Thread.java:748)
1500866471@jtp-resourceshare-42 (171489):
	java.lang.Object.wait(Native Method)
	com.exalead.jetty.RegularSynchronizationQueuedThreadPool$PoolThread.run(RegularSynchronizationQueuedThreadPool.java:593)
1170391958@jtp-default-4 (64):
	sun.nio.ch.EPollArrayWrapper.epollWait(Native Method)
	sun.nio.ch.EPollArrayWrapper.poll(EPollArrayWrapper.java:269)
	sun.nio.ch.EPollSelectorImpl.doSelect(EPollSelectorImpl.java:93)
	sun.nio.ch.SelectorImpl.lockAndDoSelect(SelectorImpl.java:86)
	sun.nio.ch.SelectorImpl.select(SelectorImpl.java:97)
	sun.nio.ch.SelectorImpl.select(SelectorImpl.java:101)
	org.eclipse.jetty.io.ManagedSelector$SelectorProducer.select(ManagedSelector.java:396)
	org.eclipse.jetty.io.ManagedSelector$SelectorProducer.produce(ManagedSelector.java:333)
	org.eclipse.jetty.util.thread.strategy.EatWhatYouKill.produceTask(EatWhatYouKill.java:357)
	org.eclipse.jetty.util.thread.strategy.EatWhatYouKill.doProduce(EatWhatYouKill.java:181)
	org.eclipse.jetty.util.thread.strategy.EatWhatYouKill.tryProduce(EatWhatYouKill.java:168)
	org.eclipse.jetty.util.thread.strategy.EatWhatYouKill.produce(EatWhatYouKill.java:132)
	org.eclipse.jetty.io.ManagedSelector$$Lambda$19/854487022.run(Unknown Source)
	com.exalead.jetty.RegularSynchronizationQueuedThreadPool$PoolThread.run(RegularSynchronizationQueuedThreadPool.java:550)
pool-2-thread-1 (30):
	sun.misc.Unsafe.park(Native Method)
	java.util.concurrent.locks.LockSupport.parkNanos(LockSupport.java:215)
	java.util.concurrent.SynchronousQueue$TransferStack.awaitFulfill(SynchronousQueue.java:460)
	java.util.concurrent.SynchronousQueue$TransferStack.transfer(SynchronousQueue.java:362)
	java.util.concurrent.SynchronousQueue.poll(SynchronousQueue.java:941)
	java.util.concurrent.ThreadPoolExecutor.getTask(ThreadPoolExecutor.java:1073)
	java.util.concurrent.ThreadPoolExecutor.runWorker(ThreadPoolExecutor.java:1134)
	java.util.concurrent.ThreadPoolExecutor$Worker.run(ThreadPoolExecutor.java:624)
	java.lang.Thread.run(Thread.java:748)
1661987799@jtp-default-3 (63):
	sun.nio.ch.EPollArrayWrapper.epollWait(Native Method)
	sun.nio.ch.EPollArrayWrapper.poll(EPollArrayWrapper.java:269)
	sun.nio.ch.EPollSelectorImpl.doSelect(EPollSelectorImpl.java:93)
	sun.nio.ch.SelectorImpl.lockAndDoSelect(SelectorImpl.java:86)
	sun.nio.ch.SelectorImpl.select(SelectorImpl.java:97)
	sun.nio.ch.SelectorImpl.select(SelectorImpl.java:101)
	org.eclipse.jetty.io.ManagedSelector$SelectorProducer.select(ManagedSelector.java:396)
	org.eclipse.jetty.io.ManagedSelector$SelectorProducer.produce(ManagedSelector.java:333)
	org.eclipse.jetty.util.thread.strategy.EatWhatYouKill.produceTask(EatWhatYouKill.java:357)
	org.eclipse.jetty.util.thread.strategy.EatWhatYouKill.doProduce(EatWhatYouKill.java:181)
	org.eclipse.jetty.util.thread.strategy.EatWhatYouKill.tryProduce(EatWhatYouKill.java:168)
	org.eclipse.jetty.util.thread.strategy.EatWhatYouKill.produce(EatWhatYouKill.java:132)
	org.eclipse.jetty.io.ManagedSelector$$Lambda$19/854487022.run(Unknown Source)
	com.exalead.jetty.RegularSynchronizationQueuedThreadPool$PoolThread.run(RegularSynchronizationQueuedThreadPool.java:550)
ReportingConsumer-32 (32):
	sun.misc.Unsafe.park(Native Method)
	java.util.concurrent.locks.LockSupport.parkNanos(LockSupport.java:215)
	java.util.concurrent.locks.AbstractQueuedSynchronizer.doAcquireSharedNanos(AbstractQueuedSynchronizer.java:1037)
	java.util.concurrent.locks.AbstractQueuedSynchronizer.tryAcquireSharedNanos(AbstractQueuedSynchronizer.java:1328)
	java.util.concurrent.Semaphore.tryAcquire(Semaphore.java:582)
	com.exalead.reporting.MessageQueue.drain(MessageQueue.java:56)
	com.exalead.reporting.AsyncPublishDelegator$ConsumerThread.run(AsyncPublishDelegator.java:62)
Reference Handler (2):
	java.lang.Object.wait(Native Method)
	java.lang.Object.wait(Object.java:502)
	java.lang.ref.Reference.tryHandlePending(Reference.java:191)
	java.lang.ref.Reference$ReferenceHandler.run(Reference.java:153)
Scheduler-341796579 (9170):
	sun.misc.Unsafe.park(Native Method)
	java.util.concurrent.locks.LockSupport.park(LockSupport.java:175)
	java.util.concurrent.locks.AbstractQueuedSynchronizer$ConditionObject.await(AbstractQueuedSynchronizer.java:2039)
	java.util.concurrent.ScheduledThreadPoolExecutor$DelayedWorkQueue.take(ScheduledThreadPoolExecutor.java:1081)
	java.util.concurrent.ScheduledThreadPoolExecutor$DelayedWorkQueue.take(ScheduledThreadPoolExecutor.java:809)
	java.util.concurrent.ThreadPoolExecutor.getTask(ThreadPoolExecutor.java:1074)
	java.util.concurrent.ThreadPoolExecutor.runWorker(ThreadPoolExecutor.java:1134)
	java.util.concurrent.ThreadPoolExecutor$Worker.run(ThreadPoolExecutor.java:624)
	java.lang.Thread.run(Thread.java:748)
579590740@jtp-searchui-0-acceptor-0@4b6e08e8-16000@46c2189e{HTTP/1.1,[http/1.1]}{0.0.0.0:16000} (42):
	sun.nio.ch.ServerSocketChannelImpl.accept0(Native Method)
	sun.nio.ch.ServerSocketChannelImpl.accept(ServerSocketChannelImpl.java:422)
	sun.nio.ch.ServerSocketChannelImpl.accept(ServerSocketChannelImpl.java:250)
	org.eclipse.jetty.server.ServerConnector.accept(ServerConnector.java:378)
	org.eclipse.jetty.server.AbstractConnector$Acceptor.run(AbstractConnector.java:639)
	com.exalead.jetty.RegularSynchronizationQueuedThreadPool$PoolThread.run(RegularSynchronizationQueuedThreadPool.java:550)
RMI TCP Accept-16032 (11):
	java.net.PlainSocketImpl.socketAccept(Native Method)
	java.net.AbstractPlainSocketImpl.accept(AbstractPlainSocketImpl.java:409)
	java.net.ServerSocket.implAccept(ServerSocket.java:545)
	java.net.ServerSocket.accept(ServerSocket.java:513)
	sun.rmi.transport.tcp.TCPTransport$AcceptLoop.executeAcceptLoop(TCPTransport.java:405)
	sun.rmi.transport.tcp.TCPTransport$AcceptLoop.run(TCPTransport.java:377)
	java.lang.Thread.run(Thread.java:748)
ServerRunner thread (38):
	exa.io2.HTTPServer.accept(Native Method)
	exa.io2.HTTPServer.accept(HTTPServer.java:50)
	exa.io2.SimpleHTTPServer$ServerRunner.run(SimpleHTTPServer.java:180)
1768792843@jtp-resourceshare-2-acceptor-0@4024674c-16024@6da21078{HTTP/1.1,[http/1.1]}{0.0.0.0:16024} (18):
	sun.nio.ch.ServerSocketChannelImpl.accept0(Native Method)
	sun.nio.ch.ServerSocketChannelImpl.accept(ServerSocketChannelImpl.java:422)
	sun.nio.ch.ServerSocketChannelImpl.accept(ServerSocketChannelImpl.java:250)
	org.eclipse.jetty.server.ServerConnector.accept(ServerConnector.java:378)
	org.eclipse.jetty.server.AbstractConnector$Acceptor.run(AbstractConnector.java:639)
	com.exalead.jetty.RegularSynchronizationQueuedThreadPool$PoolThread.run(RegularSynchronizationQueuedThreadPool.java:550)
188647125@jtp-searchui-2 (44):
	sun.nio.ch.EPollArrayWrapper.epollWait(Native Method)
	sun.nio.ch.EPollArrayWrapper.poll(EPollArrayWrapper.java:269)
	sun.nio.ch.EPollSelectorImpl.doSelect(EPollSelectorImpl.java:93)
	sun.nio.ch.SelectorImpl.lockAndDoSelect(SelectorImpl.java:86)
	sun.nio.ch.SelectorImpl.select(SelectorImpl.java:97)
	sun.nio.ch.SelectorImpl.select(SelectorImpl.java:101)
	org.eclipse.jetty.io.ManagedSelector$SelectorProducer.select(ManagedSelector.java:396)
	org.eclipse.jetty.io.ManagedSelector$SelectorProducer.produce(ManagedSelector.java:333)
	org.eclipse.jetty.util.thread.strategy.EatWhatYouKill.produceTask(EatWhatYouKill.java:357)
	org.eclipse.jetty.util.thread.strategy.EatWhatYouKill.doProduce(EatWhatYouKill.java:181)
	org.eclipse.jetty.util.thread.strategy.EatWhatYouKill.tryProduce(EatWhatYouKill.java:168)
	org.eclipse.jetty.util.thread.strategy.EatWhatYouKill.produce(EatWhatYouKill.java:132)
	org.eclipse.jetty.io.ManagedSelector$$Lambda$19/854487022.run(Unknown Source)
	com.exalead.jetty.RegularSynchronizationQueuedThreadPool$PoolThread.run(RegularSynchronizationQueuedThreadPool.java:550)
pool-6-thread-1 (113594):
	sun.misc.Unsafe.park(Native Method)
	java.util.concurrent.locks.LockSupport.park(LockSupport.java:175)
	java.util.concurrent.locks.AbstractQueuedSynchronizer$ConditionObject.await(AbstractQueuedSynchronizer.java:2039)
	java.util.concurrent.LinkedBlockingQueue.take(LinkedBlockingQueue.java:442)
	java.util.concurrent.ThreadPoolExecutor.getTask(ThreadPoolExecutor.java:1074)
	java.util.concurrent.ThreadPoolExecutor.runWorker(ThreadPoolExecutor.java:1134)
	java.util.concurrent.ThreadPoolExecutor$Worker.run(ThreadPoolExecutor.java:624)
	java.lang.Thread.run(Thread.java:748)
Scheduler-1165303897 (48):
	sun.misc.Unsafe.park(Native Method)
	java.util.concurrent.locks.LockSupport.parkNanos(LockSupport.java:215)
	java.util.concurrent.locks.AbstractQueuedSynchronizer$ConditionObject.awaitNanos(AbstractQueuedSynchronizer.java:2078)
	java.util.concurrent.ScheduledThreadPoolExecutor$DelayedWorkQueue.take(ScheduledThreadPoolExecutor.java:1093)
	java.util.concurrent.ScheduledThreadPoolExecutor$DelayedWorkQueue.take(ScheduledThreadPoolExecutor.java:809)
	java.util.concurrent.ThreadPoolExecutor.getTask(ThreadPoolExecutor.java:1074)
	java.util.concurrent.ThreadPoolExecutor.runWorker(ThreadPoolExecutor.java:1134)
	java.util.concurrent.ThreadPoolExecutor$Worker.run(ThreadPoolExecutor.java:624)
	java.lang.Thread.run(Thread.java:748)
108889619@jtp-boxproxy-4 (58):
	sun.nio.ch.EPollArrayWrapper.epollWait(Native Method)
	sun.nio.ch.EPollArrayWrapper.poll(EPollArrayWrapper.java:269)
	sun.nio.ch.EPollSelectorImpl.doSelect(EPollSelectorImpl.java:93)
	sun.nio.ch.SelectorImpl.lockAndDoSelect(SelectorImpl.java:86)
	sun.nio.ch.SelectorImpl.select(SelectorImpl.java:97)
	sun.nio.ch.SelectorImpl.select(SelectorImpl.java:101)
	org.eclipse.jetty.io.ManagedSelector$SelectorProducer.select(ManagedSelector.java:396)
	org.eclipse.jetty.io.ManagedSelector$SelectorProducer.produce(ManagedSelector.java:333)
	org.eclipse.jetty.util.thread.strategy.EatWhatYouKill.produceTask(EatWhatYouKill.java:357)
	org.eclipse.jetty.util.thread.strategy.EatWhatYouKill.doProduce(EatWhatYouKill.java:181)
	org.eclipse.jetty.util.thread.strategy.EatWhatYouKill.tryProduce(EatWhatYouKill.java:168)
	org.eclipse.jetty.util.thread.strategy.EatWhatYouKill.produce(EatWhatYouKill.java:132)
	org.eclipse.jetty.io.ManagedSelector$$Lambda$19/854487022.run(Unknown Source)
	com.exalead.jetty.RegularSynchronizationQueuedThreadPool$PoolThread.run(RegularSynchronizationQueuedThreadPool.java:550)
628131102@jtp-boxproxy-3 (57):
	sun.nio.ch.EPollArrayWrapper.epollWait(Native Method)
	sun.nio.ch.EPollArrayWrapper.poll(EPollArrayWrapper.java:269)
	sun.nio.ch.EPollSelectorImpl.doSelect(EPollSelectorImpl.java:93)
	sun.nio.ch.SelectorImpl.lockAndDoSelect(SelectorImpl.java:86)
	sun.nio.ch.SelectorImpl.select(SelectorImpl.java:97)
	sun.nio.ch.SelectorImpl.select(SelectorImpl.java:101)
	org.eclipse.jetty.io.ManagedSelector$SelectorProducer.select(ManagedSelector.java:396)
	org.eclipse.jetty.io.ManagedSelector$SelectorProducer.produce(ManagedSelector.java:333)
	org.eclipse.jetty.util.thread.strategy.EatWhatYouKill.produceTask(EatWhatYouKill.java:357)
	org.eclipse.jetty.util.thread.strategy.EatWhatYouKill.doProduce(EatWhatYouKill.java:181)
	org.eclipse.jetty.util.thread.strategy.EatWhatYouKill.tryProduce(EatWhatYouKill.java:168)
	org.eclipse.jetty.util.thread.strategy.EatWhatYouKill.produce(EatWhatYouKill.java:132)
	org.eclipse.jetty.io.ManagedSelector$$Lambda$19/854487022.run(Unknown Source)
	com.exalead.jetty.RegularSynchronizationQueuedThreadPool$PoolThread.run(RegularSynchronizationQueuedThreadPool.java:550)
Scheduler-1559783274 (113533):
	sun.misc.Unsafe.park(Native Method)
	java.util.concurrent.locks.LockSupport.park(LockSupport.java:175)
	java.util.concurrent.locks.AbstractQueuedSynchronizer$ConditionObject.await(AbstractQueuedSynchronizer.java:2039)
	java.util.concurrent.ScheduledThreadPoolExecutor$DelayedWorkQueue.take(ScheduledThreadPoolExecutor.java:1081)
	java.util.concurrent.ScheduledThreadPoolExecutor$DelayedWorkQueue.take(ScheduledThreadPoolExecutor.java:809)
	java.util.concurrent.ThreadPoolExecutor.getTask(ThreadPoolExecutor.java:1074)
	java.util.concurrent.ThreadPoolExecutor.runWorker(ThreadPoolExecutor.java:1134)
	java.util.concurrent.ThreadPoolExecutor$Worker.run(ThreadPoolExecutor.java:624)
	java.lang.Thread.run(Thread.java:748)
878897562@jtp-boxproxy-0 (54):
	java.lang.Object.wait(Native Method)
	com.exalead.jetty.RegularSynchronizationQueuedThreadPool$PoolThread.run(RegularSynchronizationQueuedThreadPool.java:593)
Scheduler-1775639151 (65):
	sun.misc.Unsafe.park(Native Method)
	java.util.concurrent.locks.LockSupport.parkNanos(LockSupport.java:215)
	java.util.concurrent.locks.AbstractQueuedSynchronizer$ConditionObject.awaitNanos(AbstractQueuedSynchronizer.java:2078)
	java.util.concurrent.ScheduledThreadPoolExecutor$DelayedWorkQueue.take(ScheduledThreadPoolExecutor.java:1093)
	java.util.concurrent.ScheduledThreadPoolExecutor$DelayedWorkQueue.take(ScheduledThreadPoolExecutor.java:809)
	java.util.concurrent.ThreadPoolExecutor.getTask(ThreadPoolExecutor.java:1074)
	java.util.concurrent.ThreadPoolExecutor.runWorker(ThreadPoolExecutor.java:1134)
	java.util.concurrent.ThreadPoolExecutor$Worker.run(ThreadPoolExecutor.java:624)
	java.lang.Thread.run(Thread.java:748)
Waiting next query (142805):
	java.lang.Object.wait(Native Method)
	com.exalead.jetty.RegularSynchronizationQueuedThreadPool$PoolThread.run(RegularSynchronizationQueuedThreadPool.java:593)
Scheduler-1403704789 (67):
	sun.misc.Unsafe.park(Native Method)
	java.util.concurrent.locks.LockSupport.parkNanos(LockSupport.java:215)
	java.util.concurrent.locks.AbstractQueuedSynchronizer$ConditionObject.awaitNanos(AbstractQueuedSynchronizer.java:2078)
	java.util.concurrent.ScheduledThreadPoolExecutor$DelayedWorkQueue.take(ScheduledThreadPoolExecutor.java:1093)
	java.util.concurrent.ScheduledThreadPoolExecutor$DelayedWorkQueue.take(ScheduledThreadPoolExecutor.java:809)
	java.util.concurrent.ThreadPoolExecutor.getTask(ThreadPoolExecutor.java:1074)
	java.util.concurrent.ThreadPoolExecutor.runWorker(ThreadPoolExecutor.java:1134)
	java.util.concurrent.ThreadPoolExecutor$Worker.run(ThreadPoolExecutor.java:624)
	java.lang.Thread.run(Thread.java:748)
[2019/11/04-10:26:45.380] [info] [main] [exa.log]	Setting master level info
**********************************************************
[2019/11/04-10:26:45.388] [info] [main] [bee]	Process 10704 starting on mpllnx4032.mpl.michelin.com (mpllnx4032.mpl.michelin.com/10.216.104.82) as user dpmugbl0 with version V6R2019x.R2.99035
[2019/11/04-10:26:45.388] [info] [main] [bee]	 [args: java --key processName searchserver-ss0 --key hostname mpllnx4032.mpl.michelin.com --key installName cvdefault --key id -2830956 --ppid 10654 --configuration config:///version.xml --configuration config:///mercury.xml --key logToRunDir true ; directory: /busdata/dpmu/gbl0/data/cv/run/searchserver-ss0 ; architecture: amd64-linux ; kernel: "Linux version 3.10.0-1062.4.1.el7.x86_64 (mockbuild@x86-vm-27.build.eng.bos.redhat.com) (gcc version 4.8.5 20150623 (Red Hat 4.8.5-39) (GCC) ) #1 SMP Wed Sep 25 09:42:57 EDT 2019"]
[2019/11/04-10:26:45.390] [info] [main] [bee]	Loading root config file: config:///version.xml
[2019/11/04-10:26:45.545] [info] [main] [bee]	Loading root config file: config:///mercury.xml
Updating logging configuration
[2019/11/04-10:26:47.495] [info] [main] [exa.log]	Setting master level info
**********************************************************
[2019/11/04-10:26:47.497] [info] [main] [bee.directory]	Directory updated, reloading
[2019/11/04-10:26:47.521] [info] [main] [directory]	Loading directory
[2019/11/04-10:26:47.851] [info] [main] [bee.directory]	Directory loaded
[2019/11/04-10:26:47.851] [info] [main] [bee]	Configuration loaded, starting runtime
[2019/11/04-10:26:47.851] [info] [main] [directory]	Loading directory
[2019/11/04-10:26:47.952] [info] [main] [bee.directory]	Directory loaded
[2019/11/04-10:26:48.272] [info] [main] [org.eclipse.jetty.util.log]	Logging initialized @7130ms to org.eclipse.jetty.util.log.Slf4jLog
[2019/11/04-10:26:48.293] [info] [main] [bee.directory]	Configuring server 'resourceshare'
[2019/11/04-10:26:48.833] [info] [main] [bee.directory]	Mounting servlet 'com.exalead.ds.share2.http.ShareFLIS' on '/*'
[2019/11/04-10:26:48.890] [info] [main] [bee.directory]	Configuring server 'searchapi'
[2019/11/04-10:26:48.892] [info] [main] [bee.directory]	Mounting servlet 'com.exalead.mercury.mami.indexing.CheckpointsFetchServlet' on '/checkpoints/*'
[2019/11/04-10:26:48.892] [info] [main] [bee.directory]	Mounting servlet 'com.exalead.search.searchapi.SearchAPIServlet' on '/*'
[2019/11/04-10:26:48.892] [info] [main] [bee.directory]	Mounting webapp '/access'
[2019/11/04-10:26:48.938] [info] [main] [com.exalead.bee.WebAppDeployer]	Adding extraClasspath: extrajava://360-plugins/applications/default/*/VERSIONED/*.jar
[2019/11/04-10:26:48.939] [info] [main] [bee.classloader]	Searching in /busapps/dpmu/gbl0/3DSpaceIndex/linux_a64/cv/tools/..//extrajava
[2019/11/04-10:26:48.939] [info] [main] [bee.classloader]	Searching in /busdata/dpmu/gbl0/data/cv/bin/..//extrajava
[2019/11/04-10:26:48.939] [info] [main] [bee.classloader]	Searching in /busdata/dpmu/gbl0/data/cv/bin/../extrajava
[2019/11/04-10:26:48.939] [warn] [main] [bee.classloader]	Could not find "//360-plugins/applications/default/" subdir in any top-level jar folder
[2019/11/04-10:26:48.942] [info] [main] [bee.directory]	Mounting webapp '/storage-service'
[2019/11/04-10:26:49.024] [info] [main] [bee.directory]	Configuring server 'searchui'
[2019/11/04-10:26:49.025] [info] [main] [bee.directory]	Mounting webapp '/mashup-ui'
[2019/11/04-10:26:49.037] [info] [main] [com.exalead.bee.WebAppDeployer]	Adding extraClasspath: extrajava://360-plugins/applications/default/*/VERSIONED/*.jar
[2019/11/04-10:26:49.037] [info] [main] [bee.classloader]	Searching in /busapps/dpmu/gbl0/3DSpaceIndex/linux_a64/cv/tools/..//extrajava
[2019/11/04-10:26:49.037] [info] [main] [bee.classloader]	Searching in /busdata/dpmu/gbl0/data/cv/bin/..//extrajava
[2019/11/04-10:26:49.037] [info] [main] [bee.classloader]	Searching in /busdata/dpmu/gbl0/data/cv/bin/../extrajava
[2019/11/04-10:26:49.037] [warn] [main] [bee.classloader]	Could not find "//360-plugins/applications/default/" subdir in any top-level jar folder
[2019/11/04-10:26:49.038] [info] [main] [bee.directory]	Configuring homepage
[2019/11/04-10:26:49.338] [info] [main] [bee.directory]	Configuring server 'boxproxy'
[2019/11/04-10:26:49.340] [info] [main] [bee.directory]	Mounting FLIS servlet 'com.exalead.mercury.fetch.BoxFetcherProxy' on '/fetchermanager/boxproxy/ss0/*'
[2019/11/04-10:26:49.343] [info] [main] [bee.directory]	Configuring homepage
[2019/11/04-10:26:49.344] [info] [main] [bee.directory]	Configuring server 'default'
[2019/11/04-10:26:49.345] [info] [main] [bee.directory]	Mounting servlet 'com.exalead.dictionary.DictionaryService' on '/dictionary/ss0/*'
[2019/11/04-10:26:49.345] [info] [main] [bee.directory]	Mounting servlet 'com.exalead.bee.JavaRuntimeServlet' on '/java/*'
[2019/11/04-10:26:49.345] [info] [main] [bee.directory]	Mounting servlet 'com.exalead.bee.services.ProfilingServlet' on '/profiler/*'
[2019/11/04-10:26:49.346] [info] [main] [bee.directory]	Mounting servlet 'com.exalead.bee.services.IsAliveServlet' on '/isAlive/*'
[2019/11/04-10:26:49.346] [info] [main] [bee.directory]	Mounting Bee servlet 'com.exalead.bee.services.Log4EService' on '/log4e/mpllnx4032.mpl.michelin.com-cvdefault/searchserver-ss0/*'
[2019/11/04-10:26:49.358] [info] [main] [bee.directory]	Mounting Bee servlet 'com.exalead.bee.services.BeegistryUpdater' on '/beegistry/mpllnx4032.mpl.michelin.com-cvdefault/searchserver-ss0/*'
[2019/11/04-10:26:49.361] [info] [main] [bee.directory]	Configuring homepage
[2019/11/04-10:26:49.363] [info] [main] [bee.directory]	Starting server 'resourceshare': service 'resourceshareservice'
[2019/11/04-10:26:49.366] [info] [main] [bee.directory]	Starting server 'resourceshare': HTTP server on port 16024
[ShutdownMonitor] Not enabled (port < 0): -1
[2019/11/04-10:26:49.369] [info] [main] [org.eclipse.jetty.server.Server]	jetty-9.4.10.v20180503; built: 2018-05-03T15:56:21.710Z; git: daa59876e6f384329b122929e70a80934569428c; jvm 1.8.0_201-b09
[2019/11/04-10:26:49.404] [info] [main] [org.eclipse.jetty.server.session]	DefaultSessionIdManager workerName=node0
[2019/11/04-10:26:49.404] [info] [main] [org.eclipse.jetty.server.session]	No SessionScavenger set, using defaults
[2019/11/04-10:26:49.407] [info] [main] [org.eclipse.jetty.server.session]	node0 Scavenging every 660000ms
[2019/11/04-10:26:49.555] [warn] [main] [org.eclipse.jetty.security.SecurityHandler]	ServletContext@o.e.j.s.ServletContextHandler@51dcb805{/,null,STARTING} has uncovered http methods for path: /
[2019/11/04-10:26:49.584] [info] [main] [org.eclipse.jetty.server.handler.ContextHandler]	Started o.e.j.s.ServletContextHandler@51dcb805{/,null,AVAILABLE}
[2019/11/04-10:26:49.617] [info] [main] [org.eclipse.jetty.server.AbstractConnector]	Started 16024@6da21078{HTTP/1.1,[http/1.1]}{0.0.0.0:16024}
[2019/11/04-10:26:49.617] [info] [main] [org.eclipse.jetty.server.Server]	Started @8478ms
[2019/11/04-10:26:49.626] [info] [main] [bee.directory]	Starting server 'resourceshare_slave': service 'resourceshare'
[2019/11/04-10:26:49.626] [info] [main] [resourceshare]	Starting ResourceShare
[2019/11/04-10:26:49.711] [info] [main] [resourceshare]	Check update of group  autosuggest_OnPremise_securedSuggest_ds6w_58_label at serial 1572573603618
[2019/11/04-10:26:49.761] [info] [main] [resourceshare]	Check update of group  plugins at serial 1571754592069
[2019/11/04-10:26:49.762] [info] [main] [resourceshare]	Could not read serial for group dictionary-dict0: No path=/last_published.txt for version=0
[2019/11/04-10:26:49.762] [info] [main] [resourceshare]	Check update of group  dictionary-dict0 at serial 0
[2019/11/04-10:26:49.861] [info] [main] [resourceshare]	Check update of group  dictionary-sxidict at serial 1571735767317
[2019/11/04-10:26:49.861] [info] [main] [resourceshare]	Syncing groups
[2019/11/04-10:26:49.974] [info] [main] [resourceshare]	Master is not yet up on http://mpllnx4032.mpl.michelin.com:16007/resourcemanager (Connection refused (Connection refused)), waiting ...
[2019/11/04-10:26:50.977] [info] [main] [resourceshare]	Master is not yet up on http://mpllnx4032.mpl.michelin.com:16007/resourcemanager (Connection refused (Connection refused)), waiting ...
[2019/11/04-10:26:51.978] [info] [main] [resourceshare]	Master is not yet up on http://mpllnx4032.mpl.michelin.com:16007/resourcemanager (Connection refused (Connection refused)), waiting ...
[2019/11/04-10:26:52.057] [info] [1316557528@jtp-resourceshare-3] [datashare]	share: Started datashare session on plugins
[2019/11/04-10:26:54.829] [info] [1926096844@jtp-resourceshare-0] [datashare]	share: Started datashare session on plugins
[2019/11/04-10:26:59.000] [info] [526582422@jtp-resourceshare-8] [exa.io.datashare]	share: Switching DataShare to version 28
[2019/11/04-10:26:59.000] [info] [526582422@jtp-resourceshare-8] [exa.io.datashare]	share: Garbage collecting datashare version 26
[2019/11/04-10:26:59.005] [info] [526582422@jtp-resourceshare-8] [datashare]	share: Committed datashare session
[2019/11/04-10:26:59.016] [info] [main] [resourceshare]	Successfully synced groups
[2019/11/04-10:26:59.023] [info] [main] [resourceshare]	Loading plugins
[2019/11/04-10:26:59.023] [info] [main] [exa.plugins]	Refreshing plugins list
[2019/11/04-10:26:59.023] [info] [main] [plugins]	Listing plugins
[2019/11/04-10:26:59.024] [info] [main] [plugins]	NGRESOURCEPATH=/busdata/dpmu/gbl0/data/cv/bin/../resource/all-arch:/busapps/dpmu/gbl0/3DSpaceIndex/linux_a64/cv/tools/..//resource//all-arch:/busapps/dpmu/gbl0/3DSpaceIndex/linux_a64/cv/tools/..//resource//amd64-linux
[2019/11/04-10:26:59.024] [info] [main] [plugins]	scanning builtin plugins in /busdata/dpmu/gbl0/data/cv/bin/../resource/all-arch/builtin_plugins_deployed
[2019/11/04-10:26:59.172] [info] [main] [bee.directory]	Starting server 'searchapi': service 'search-api'
[2019/11/04-10:26:59.172] [info] [main] [bee.directory]	Starting server 'searchapi': HTTP server on port 16010
[ShutdownMonitor] Not enabled (port < 0): -1
[2019/11/04-10:26:59.173] [info] [main] [org.eclipse.jetty.server.Server]	jetty-9.4.10.v20180503; built: 2018-05-03T15:56:21.710Z; git: daa59876e6f384329b122929e70a80934569428c; jvm 1.8.0_201-b09
[2019/11/04-10:26:59.191] [info] [main] [org.eclipse.jetty.server.session]	DefaultSessionIdManager workerName=node0
[2019/11/04-10:26:59.191] [info] [main] [org.eclipse.jetty.server.session]	No SessionScavenger set, using defaults
[2019/11/04-10:26:59.191] [info] [main] [org.eclipse.jetty.server.session]	node0 Scavenging every 600000ms
[2019/11/04-10:26:59.192] [warn] [main] [org.eclipse.jetty.security.SecurityHandler]	ServletContext@o.e.j.s.ServletContextHandler@6ee6f53{/,null,STARTING} has uncovered http methods for path: /
[2019/11/04-10:26:59.206] [info] [main] [directory]	Loading directory
[2019/11/04-10:26:59.259] [info] [main] [search.api]	Search-API reconfiguration start (version = 22)
[2019/11/04-10:26:59.259] [info] [main] [search.api]	Waiting for starting queries
[2019/11/04-10:26:59.259] [info] [main] [search.api]	Queries started, starting actual reconfiguration
[2019/11/04-10:26:59.262] [info] [main] [search.api]	Configuring targets
[2019/11/04-10:26:59.282] [info] [main] [search.slicesmonitor]	Building slice list for sxist0
[2019/11/04-10:26:59.349] [info] [main] [search.api]	Waiting for 1 search targets to be ready ...
[2019/11/04-10:26:59.350] [info] [ICM-sxist0] [search.slicesmonitor]	Cluster manager sxist0 starting groups [cgdefault]
[2019/11/04-10:26:59.505] [info] [ICM-sxist0] [search.slicesmonitor]	/index6/sxibg0/0/sxii0 now up
[2019/11/04-10:26:59.506] [info] [main] [search.api]	Configuring search commands
[2019/11/04-10:26:59.544] [info] [main] [search.api]	Configuring command /search-api
[2019/11/04-10:27:17.385] [info] [main] [reporter.config]	Configuring CSV publishing to /busdata/dpmu/gbl0/data/cv/bin/../run/searchserver-ss0/search-reporting/search.csv
[2019/11/04-10:27:17.423] [info] [main] [reporting.file-publisher]	Reporting file: /busdata/dpmu/gbl0/data/cv/bin/../run/searchserver-ss0/search-reporting/search.csv
[2019/11/04-10:27:20.443] [info] [main] [search.api]	Configuring command /expansion
[2019/11/04-10:27:20.462] [info] [main] [search.api]	Configuring command /spellcheck
[2019/11/04-10:27:20.517] [info] [main] [search.api]	Configuring command /suggest
[2019/11/04-10:27:20.523] [info] [main] [reporter.config]	Configuring CSV publishing to /busdata/dpmu/gbl0/data/cv/bin/../run/searchserver-ss0/suggest-reporting/suggest.csv
[2019/11/04-10:27:20.563] [info] [main] [reporting.file-publisher]	Reporting file: /busdata/dpmu/gbl0/data/cv/bin/../run/searchserver-ss0/suggest-reporting/suggest.csv
[2019/11/04-10:27:22.249] [info] [main] [search.api]	Configuring command /dictionary
[2019/11/04-10:27:22.257] [info] [main] [search.api]	Configuring command /fetch
[2019/11/04-10:27:22.288] [info] [main] [search.api]	Configuring command /preview
log4j:ERROR Attempted to append to closed appender named [stdout].
[2019/11/04-10:27:22.303] [warn] [main] [net.sf.ehcache.config.ConfigurationFactory]	No configuration found. Configuring ehcache from ehcache-failsafe.xml  found in the classpath: jar:file:/busapps/dpmu/gbl0/3DSpaceIndex/linux_a64/cv/javabin/third/ehcache-core-2.4.4.jar!/ehcache-failsafe.xml
[2019/11/04-10:27:40.976] [info] [main] [search.api]	Configuring command /thumbnail
[2019/11/04-10:27:40.980] [info] [main] [exa.search.api]	using internal HTTP server for producing thumbnails from HTML preview on port searchapi.instances.ss0.thumbHttpInternalPort == 16026
[2019/11/04-10:27:41.004] [info] [main] [fetch]	opened internal thumbnail HTTP server for html-to-image processing: http://10.216.104.82:16026/
[2019/11/04-10:27:41.006] [info] [main] [exa.search.api]	Opening local thumbnails cache
[2019/11/04-10:27:41.098] [info] [main] [search.api]	Configuring command /security
[2019/11/04-10:27:41.100] [info] [main] [search.api]	Search-API reconfiguration done (version = 22)
[2019/11/04-10:27:41.101] [info] [main] [org.eclipse.jetty.server.handler.ContextHandler]	Started o.e.j.s.ServletContextHandler@6ee6f53{/,null,AVAILABLE}
[2019/11/04-10:27:41.353] [info] [main] [org.eclipse.jetty.annotations.AnnotationConfiguration]	Scanning elapsed time=0ms
[2019/11/04-10:27:41.481] [warn] [main] [org.eclipse.jetty.security.SecurityHandler]	ServletContext@o.e.j.w.WebAppContext@421bba99{/access,file:///busdata/dpmu/gbl0/data/cv/webapps-tmp/searchserver-ss0/searchapi_16010/access/,STARTING,@16010}{/busdata/dpmu/gbl0/data/cv/webapps-tmp/searchserver-ss0/searchapi_16010/access} has uncovered http methods for path: /
[2019/11/04-10:27:41.484] [info] [main] [com.exalead.access.config.AccessContext]	Checking master for missing plugins for instance access-api.ac0 of application default...
[2019/11/04-10:27:41.495] [info] [main] [com.exalead.cv360.config.ConfigurationManager]	Configuration Top Directory: /busdata/dpmu/gbl0/data/cv/bin/../gct
[2019/11/04-10:27:41.495] [info] [main] [com.exalead.cv360.config.ConfigurationManager]	Configuration Last Revision Repository: /busdata/dpmu/gbl0/data/cv/bin/../gct/22/master/360
[2019/11/04-10:27:41.495] [info] [main] [com.exalead.cv360.config.ConfigurationManager]	Configuration Store Directory: /busdata/dpmu/gbl0/data/cv/bin/../config/360
[2019/11/04-10:27:41.495] [info] [main] [com.exalead.cv360.config.ConfigurationManager]	Data Directory: /busdata/dpmu/gbl0/data/cv/bin/..
[2019/11/04-10:27:42.058] [info] [main] [plugins.deployment.local]	Found 0 deployed plugins in /busdata/dpmu/gbl0/data/cv/bin/.. for instance access-api.ac0 of application default
[2019/11/04-10:27:42.429] [info] [main] [access.loader]	Discovering available feeds...
[2019/11/04-10:27:43.562] [info] [main] [access.loader]	Discovering available triggers...
[2019/11/04-10:27:43.590] [info] [main] [mel.loader]	Discovering user defined MEL...
[2019/11/04-10:27:43.706] [info] [main] [access.loader]	Discovering available serializers...
[2019/11/04-10:27:43.707] [info] [main] [org.eclipse.jetty.server.handler.ContextHandler]	Started o.e.j.w.WebAppContext@421bba99{/access,file:///busdata/dpmu/gbl0/data/cv/webapps-tmp/searchserver-ss0/searchapi_16010/access/,AVAILABLE,@16010}{/busdata/dpmu/gbl0/data/cv/webapps-tmp/searchserver-ss0/searchapi_16010/access}
[2019/11/04-10:27:43.771] [warn] [main] [org.eclipse.jetty.security.SecurityHandler]	ServletContext@o.e.j.w.WebAppContext@5d12a356{/storage-service,file:///busdata/dpmu/gbl0/data/cv/webapps-tmp/searchserver-ss0/searchapi_16010/storage-service/,STARTING,@16010}{/busdata/dpmu/gbl0/data/cv/webapps-tmp/searchserver-ss0/searchapi_16010/storage-service} has uncovered http methods for path: /
[2019/11/04-10:27:44.214] [info] [main] [com.exalead.cv360.storage.engine.StorageEngineFactory]	StorageEngine using 'com.exalead.cv360.storage.engine.jdbc.JdbcStorageEngine': successfully initalized.
[2019/11/04-10:27:44.239] [info] [main] [org.eclipse.jetty.server.handler.ContextHandler]	Started o.e.j.w.WebAppContext@5d12a356{/storage-service,file:///busdata/dpmu/gbl0/data/cv/webapps-tmp/searchserver-ss0/searchapi_16010/storage-service/,AVAILABLE,@16010}{/busdata/dpmu/gbl0/data/cv/webapps-tmp/searchserver-ss0/searchapi_16010/storage-service}
[2019/11/04-10:27:44.240] [info] [main] [org.eclipse.jetty.server.AbstractConnector]	Started 16010@7e83992{HTTP/1.1,[http/1.1]}{0.0.0.0:16010}
[2019/11/04-10:27:44.240] [info] [main] [org.eclipse.jetty.server.Server]	Started @63101ms
[2019/11/04-10:27:44.241] [info] [main] [bee.directory]	Starting server 'searchui': HTTP server on port 16000
[ShutdownMonitor] Not enabled (port < 0): -1
[2019/11/04-10:27:44.241] [info] [main] [org.eclipse.jetty.server.Server]	jetty-9.4.10.v20180503; built: 2018-05-03T15:56:21.710Z; git: daa59876e6f384329b122929e70a80934569428c; jvm 1.8.0_201-b09
[2019/11/04-10:27:44.293] [info] [main] [org.eclipse.jetty.server.session]	DefaultSessionIdManager workerName=node0
[2019/11/04-10:27:44.293] [info] [main] [org.eclipse.jetty.server.session]	No SessionScavenger set, using defaults
[2019/11/04-10:27:44.293] [info] [main] [org.eclipse.jetty.server.session]	node0 Scavenging every 600000ms
[2019/11/04-10:27:44.293] [warn] [main] [org.eclipse.jetty.security.SecurityHandler]	ServletContext@o.e.j.s.ServletContextHandler@228bda54{/,resource:/exa/bee/net/http2/htdocs,STARTING} has uncovered http methods for path: /
[2019/11/04-10:27:44.313] [info] [main] [org.eclipse.jetty.server.handler.ContextHandler]	Started o.e.j.s.ServletContextHandler@228bda54{/,resource:/exa/bee/net/http2/htdocs,AVAILABLE}
[2019/11/04-10:27:47.356] [warn] [1457352442@jtp-searchui-4] [org.eclipse.jetty.annotations.AnnotationParser]	org.mozilla.classfile.ByteCode scanned from multiple locations: jar:file:///busdata/dpmu/gbl0/data/cv/webapps/360-mashup-ui/WEB-INF/lib/js.jar!/org/mozilla/classfile/ByteCode.class, jar:file:///busdata/dpmu/gbl0/data/cv/webapps/360-mashup-ui/WEB-INF/lib/closure-compiler.jar!/org/mozilla/classfile/ByteCode.class
[2019/11/04-10:27:47.356] [warn] [1457352442@jtp-searchui-4] [org.eclipse.jetty.annotations.AnnotationParser]	org.mozilla.classfile.ClassFileField scanned from multiple locations: jar:file:///busdata/dpmu/gbl0/data/cv/webapps/360-mashup-ui/WEB-INF/lib/js.jar!/org/mozilla/classfile/ClassFileField.class, jar:file:///busdata/dpmu/gbl0/data/cv/webapps/360-mashup-ui/WEB-INF/lib/closure-compiler.jar!/org/mozilla/classfile/ClassFileField.class
[2019/11/04-10:27:47.357] [warn] [1457352442@jtp-searchui-4] [org.eclipse.jetty.annotations.AnnotationParser]	org.mozilla.classfile.ClassFileMethod scanned from multiple locations: jar:file:///busdata/dpmu/gbl0/data/cv/webapps/360-mashup-ui/WEB-INF/lib/js.jar!/org/mozilla/classfile/ClassFileMethod.class, jar:file:///busdata/dpmu/gbl0/data/cv/webapps/360-mashup-ui/WEB-INF/lib/closure-compiler.jar!/org/mozilla/classfile/ClassFileMethod.class
[2019/11/04-10:27:47.357] [warn] [1457352442@jtp-searchui-4] [org.eclipse.jetty.annotations.AnnotationParser]	org.mozilla.classfile.ClassFileWriter$ClassFileFormatException scanned from multiple locations: jar:file:///busdata/dpmu/gbl0/data/cv/webapps/360-mashup-ui/WEB-INF/lib/js.jar!/org/mozilla/classfile/ClassFileWriter$ClassFileFormatException.class, jar:file:///busdata/dpmu/gbl0/data/cv/webapps/360-mashup-ui/WEB-INF/lib/closure-compiler.jar!/org/mozilla/classfile/ClassFileWriter$ClassFileFormatException.class
[2019/11/04-10:27:47.357] [warn] [1457352442@jtp-searchui-4] [org.eclipse.jetty.annotations.AnnotationParser]	org.mozilla.classfile.ClassFileWriter scanned from multiple locations: jar:file:///busdata/dpmu/gbl0/data/cv/webapps/360-mashup-ui/WEB-INF/lib/js.jar!/org/mozilla/classfile/ClassFileWriter.class, jar:file:///busdata/dpmu/gbl0/data/cv/webapps/360-mashup-ui/WEB-INF/lib/closure-compiler.jar!/org/mozilla/classfile/ClassFileWriter.class
[2019/11/04-10:27:47.358] [warn] [1457352442@jtp-searchui-4] [org.eclipse.jetty.annotations.AnnotationParser]	org.mozilla.classfile.ConstantPool scanned from multiple locations: jar:file:///busdata/dpmu/gbl0/data/cv/webapps/360-mashup-ui/WEB-INF/lib/js.jar!/org/mozilla/classfile/ConstantPool.class, jar:file:///busdata/dpmu/gbl0/data/cv/webapps/360-mashup-ui/WEB-INF/lib/closure-compiler.jar!/org/mozilla/classfile/ConstantPool.class
[2019/11/04-10:27:47.358] [warn] [1457352442@jtp-searchui-4] [org.eclipse.jetty.annotations.AnnotationParser]	org.mozilla.classfile.ExceptionTableEntry scanned from multiple locations: jar:file:///busdata/dpmu/gbl0/data/cv/webapps/360-mashup-ui/WEB-INF/lib/js.jar!/org/mozilla/classfile/ExceptionTableEntry.class, jar:file:///busdata/dpmu/gbl0/data/cv/webapps/360-mashup-ui/WEB-INF/lib/closure-compiler.jar!/org/mozilla/classfile/ExceptionTableEntry.class
[2019/11/04-10:27:47.358] [warn] [1457352442@jtp-searchui-4] [org.eclipse.jetty.annotations.AnnotationParser]	org.mozilla.classfile.FieldOrMethodRef scanned from multiple locations: jar:file:///busdata/dpmu/gbl0/data/cv/webapps/360-mashup-ui/WEB-INF/lib/js.jar!/org/mozilla/classfile/FieldOrMethodRef.class, jar:file:///busdata/dpmu/gbl0/data/cv/webapps/360-mashup-ui/WEB-INF/lib/closure-compiler.jar!/org/mozilla/classfile/FieldOrMethodRef.class
[2019/11/04-10:27:47.359] [info] [main] [org.eclipse.jetty.annotations.AnnotationConfiguration]	Scanning elapsed time=1352ms
[2019/11/04-10:27:47.411] [info] [main] [org.eclipse.jetty.server.handler.ContextHandler.mashup_ui]	No Spring WebApplicationInitializer types detected on classpath
[2019/11/04-10:27:48.052] [warn] [main] [org.eclipse.jetty.security.SecurityHandler]	ServletContext@o.e.j.w.WebAppContext@75b6dd5b{/mashup-ui,file:///busdata/dpmu/gbl0/data/cv/webapps/360-mashup-ui/,STARTING,@16000}{/360-mashup-ui} has uncovered http methods for path: /
[2019/11/04-10:27:48.058] [info] [main] [com.exalead.cv360.searchui.config.MashupConfigurationProvider]	Service name: 360-mashup-ui.mu0 application id: default
[2019/11/04-10:27:48.060] [info] [main] [mashup.context]	Checking master for missing plugins for instance 360-mashup-ui.mu0 of application default...
[2019/11/04-10:27:48.255] [info] [main] [plugins.deployment.local]	Found 0 deployed plugins in /busdata/dpmu/gbl0/data/cv/bin/.. for instance 360-mashup-ui.mu0 of application default
[2019/11/04-10:27:48.271] [info] [main] [plugins.deployment.local]	Found 0 deployed plugins in /busdata/dpmu/gbl0/data/cv/bin/.. for instance 360-mashup-ui.mu0 of application default
[2019/11/04-10:27:48.275] [info] [main] [mashup.loader]	Discovering themes...
[2019/11/04-10:27:48.279] [info] [main] [mashup.loader]	Discovering widgets...
[2019/11/04-10:27:48.279] [info] [main] [mashup.loader]	Discovering layouts...
[2019/11/04-10:27:49.408] [info] [main] [mashup.context]	License - Users check is enabled
[2019/11/04-10:27:49.410] [info] [main] [com.exalead.cv360.searchui.services.UserLicenseManager]	Starting UsersChecking Thread for instance name: mu0
[2019/11/04-10:27:49.478] [info] [main] [org.eclipse.jetty.server.handler.ContextHandler.mashup_ui]	Initializing Spring root WebApplicationContext
[2019/11/04-10:27:51.029] [info] [main] [mashup.loader]	Discovering available triggers...
[2019/11/04-10:27:51.067] [info] [main] [mashup.loader]	Discovering security providers...
[2019/11/04-10:27:51.067] [info] [main] [mashup.loader]	Discovering controllers...
[2019/11/04-10:27:51.074] [info] [main] [mashup.loader]	Discovering JSP tags...
[2019/11/04-10:27:51.076] [info] [main] [mel.loader]	Discovering user defined MEL...
[2019/11/04-10:27:51.098] [info] [main] [org.eclipse.jetty.server.handler.ContextHandler.mashup_ui]	Initializing Spring FrameworkServlet '360-search-ui'
[2019/11/04-10:27:52.002] [info] [main] [controller.isAlive]	Starting isAlive service monitoring 0 urls
[2019/11/04-10:27:53.422] [info] [main] [org.apache.tiles.access.TilesAccess]	Publishing TilesContext for context: org.springframework.web.servlet.view.tiles3.SpringWildcardServletTilesApplicationContext
[2019/11/04-10:27:54.101] [info] [main] [org.eclipse.jetty.server.handler.ContextHandler]	Started o.e.j.w.WebAppContext@75b6dd5b{/mashup-ui,file:///busdata/dpmu/gbl0/data/cv/webapps/360-mashup-ui/,AVAILABLE,@16000}{/360-mashup-ui}
[2019/11/04-10:27:54.103] [info] [main] [org.eclipse.jetty.server.AbstractConnector]	Started 16000@518a7b8a{HTTP/1.1,[http/1.1]}{0.0.0.0:16000}
[2019/11/04-10:27:54.103] [info] [main] [org.eclipse.jetty.server.Server]	Started @72964ms
[2019/11/04-10:27:54.103] [info] [main] [bee.directory]	Starting server 'boxproxy': HTTP server on port 16027
[ShutdownMonitor] Not enabled (port < 0): -1
[2019/11/04-10:27:54.104] [info] [main] [org.eclipse.jetty.server.Server]	jetty-9.4.10.v20180503; built: 2018-05-03T15:56:21.710Z; git: daa59876e6f384329b122929e70a80934569428c; jvm 1.8.0_201-b09
[2019/11/04-10:27:54.107] [info] [main] [org.eclipse.jetty.server.session]	DefaultSessionIdManager workerName=node0
[2019/11/04-10:27:54.107] [info] [main] [org.eclipse.jetty.server.session]	No SessionScavenger set, using defaults
[2019/11/04-10:27:54.107] [info] [main] [org.eclipse.jetty.server.session]	node0 Scavenging every 600000ms
[2019/11/04-10:27:54.108] [warn] [main] [org.eclipse.jetty.security.SecurityHandler]	ServletContext@o.e.j.s.ServletContextHandler@278c67a7{/,resource:/exa/bee/net/http2/htdocs,STARTING} has uncovered http methods for path: /
[2019/11/04-10:27:54.109] [info] [main] [org.eclipse.jetty.server.handler.ContextHandler]	Started o.e.j.s.ServletContextHandler@278c67a7{/,resource:/exa/bee/net/http2/htdocs,AVAILABLE}
[2019/11/04-10:27:54.110] [info] [main] [org.eclipse.jetty.server.AbstractConnector]	Started 16027@c6d7256{HTTP/1.1,[http/1.1]}{0.0.0.0:16027}
[2019/11/04-10:27:54.110] [info] [main] [org.eclipse.jetty.server.Server]	Started @72970ms
[2019/11/04-10:27:54.110] [info] [main] [bee.directory]	Starting server 'default': service 'services.dictionary.ss0'
[2019/11/04-10:27:54.187] [warn] [main] [exa.dictionary.query.dict0]	No resources found at resourcemanager://dictionary-dict0/dict0
[2019/11/04-10:27:55.630] [info] [main] [bee.directory]	Starting server 'default': HTTP server on port 16023
[ShutdownMonitor] Not enabled (port < 0): -1
[2019/11/04-10:27:55.630] [info] [main] [org.eclipse.jetty.server.Server]	jetty-9.4.10.v20180503; built: 2018-05-03T15:56:21.710Z; git: daa59876e6f384329b122929e70a80934569428c; jvm 1.8.0_201-b09
[2019/11/04-10:27:55.633] [info] [main] [org.eclipse.jetty.server.session]	DefaultSessionIdManager workerName=node0
[2019/11/04-10:27:55.633] [info] [main] [org.eclipse.jetty.server.session]	No SessionScavenger set, using defaults
[2019/11/04-10:27:55.633] [info] [main] [org.eclipse.jetty.server.session]	node0 Scavenging every 600000ms
[2019/11/04-10:27:55.634] [warn] [main] [org.eclipse.jetty.security.SecurityHandler]	ServletContext@o.e.j.s.ServletContextHandler@34ff08c6{/,resource:/exa/bee/net/http2/htdocs,STARTING} has uncovered http methods for path: /
[2019/11/04-10:27:55.636] [info] [main] [org.eclipse.jetty.server.handler.ContextHandler]	Started o.e.j.s.ServletContextHandler@34ff08c6{/,resource:/exa/bee/net/http2/htdocs,AVAILABLE}
[2019/11/04-10:27:55.636] [info] [main] [org.eclipse.jetty.server.AbstractConnector]	Started 16023@79b0956e{HTTP/1.1,[http/1.1]}{0.0.0.0:16023}
[2019/11/04-10:27:55.637] [info] [main] [org.eclipse.jetty.server.Server]	Started @74497ms
[2019/11/04-10:27:55.639] [info] [main] [bee]	Runtime is started
[2019/11/04-21:59:23.440] [info] [1184459298@jtp-resourceshare-7] [datashare]	share: Started datashare session on dictionary-sxidict
[2019/11/04-21:59:23.595] [info] [1184459298@jtp-resourceshare-7] [exa.io.datashare]	share: Switching DataShare to version 22
[2019/11/04-21:59:23.646] [info] [1184459298@jtp-resourceshare-7] [exa.io.datashare]	share: Garbage collecting datashare version 21
[2019/11/04-21:59:24.090] [info] [1184459298@jtp-resourceshare-7] [datashare]	share: Committed datashare session
[2019/11/05-00:00:00.030] [info] [984138551@jtp-default-1] [exa.log.rotation]	Rotating standard log
Log4NG: rotating logs now
