[2019/11/06-00:00:00.018] [info] [984138551@jtp-default-1] [exa.log.rotation]	Rotating additional logs
[2019/11/06-03:00:00.354] [info] [Waiting next query] [exa.search.api]	Slow query ! 333686
[2019/11/06-03:00:01.045] [warn] [139838851278592] [search.snippet.builder]	G192: S256: No language facet id set, will process with unknown language
[2019/11/06-03:00:01.045] [warn] [139838851278592] [search.snippet.builder]	G192: S256: No language facet id set, will process with unknown language
[2019/11/06-03:00:01.045] [warn] [139838851278592] [search.snippet.builder]	G192: S256: No language facet id set, will process with unknown language
[2019/11/06-03:00:01.045] [warn] [139838851278592] [search.snippet.builder]	G192: S256: No language facet id set, will process with unknown language
[2019/11/06-03:00:01.045] [warn] [139838851278592] [search.snippet.builder]	G192: S256: No language facet id set, will process with unknown language
[2019/11/06-03:00:01.046] [warn] [139838851278592] [search.snippet.builder]	G192: S256: No language facet id set, will process with unknown language
[2019/11/06-03:00:01.046] [warn] [139838851278592] [search.snippet.builder]	G192: S256: No language facet id set, will process with unknown language
[2019/11/06-03:00:01.046] [warn] [139838851278592] [search.snippet.builder]	G192: S256: No language facet id set, will process with unknown language
[2019/11/06-03:00:01.046] [warn] [139838851278592] [search.snippet.builder]	G192: S256: No language facet id set, will process with unknown language
[2019/11/06-03:00:01.046] [warn] [139838851278592] [search.snippet.builder]	G192: S256: No language facet id set, will process with unknown language
[2019/11/06-03:00:01.046] [warn] [139838851278592] [search.snippet.builder]	G192: S256: No language facet id set, will process with unknown language
[2019/11/06-03:00:01.046] [warn] [139838851278592] [search.snippet.builder]	G192: S256: No language facet id set, will process with unknown language
[2019/11/06-03:00:01.046] [warn] [139838851278592] [search.snippet.builder]	G192: S256: No language facet id set, will process with unknown language
[2019/11/06-03:00:01.046] [warn] [139838851278592] [search.snippet.builder]	G192: S256: No language facet id set, will process with unknown language
[2019/11/06-03:00:01.047] [warn] [139838851278592] [search.snippet.builder]	G192: S256: No language facet id set, will process with unknown language
[2019/11/06-03:00:01.047] [warn] [139838851278592] [search.snippet.builder]	G192: S256: No language facet id set, will process with unknown language
[2019/11/06-03:00:01.047] [warn] [139838851278592] [search.snippet.builder]	G192: S256: No language facet id set, will process with unknown language
[2019/11/06-03:00:01.047] [warn] [139838851278592] [search.snippet.builder]	G192: S256: No language facet id set, will process with unknown language
[2019/11/06-03:00:01.047] [warn] [139838851278592] [search.snippet.builder]	G192: S256: No language facet id set, will process with unknown language
[2019/11/06-03:00:01.047] [warn] [139838851278592] [search.snippet.builder]	G192: S256: No language facet id set, will process with unknown language
[2019/11/06-03:00:01.047] [warn] [139838851278592] [search.snippet.builder]	G192: S256: No language facet id set, will process with unknown language
[2019/11/06-03:00:01.048] [warn] [139838851278592] [search.snippet.builder]	G192: S256: No language facet id set, will process with unknown language
[2019/11/06-03:00:01.048] [warn] [139838851278592] [search.snippet.builder]	G192: S256: No language facet id set, will process with unknown language
[2019/11/06-03:00:01.048] [warn] [139838851278592] [search.snippet.builder]	G192: S256: No language facet id set, will process with unknown language
[2019/11/06-03:00:01.048] [warn] [139838851278592] [search.snippet.builder]	G192: S256: No language facet id set, will process with unknown language
[2019/11/06-03:00:01.048] [warn] [139838851278592] [search.snippet.builder]	G192: S256: No language facet id set, will process with unknown language
[2019/11/06-03:00:01.048] [warn] [139838851278592] [search.snippet.builder]	G192: S256: No language facet id set, will process with unknown language
[2019/11/06-03:00:01.048] [warn] [139838851278592] [search.snippet.builder]	G192: S256: No language facet id set, will process with unknown language
[2019/11/06-03:00:01.048] [warn] [139838851278592] [search.snippet.builder]	G192: S256: No language facet id set, will process with unknown language
[2019/11/06-03:00:01.049] [warn] [139838851278592] [search.snippet.builder]	G192: S256: No language facet id set, will process with unknown language
[2019/11/06-03:00:01.049] [warn] [139838851278592] [search.snippet.builder]	G192: S256: No language facet id set, will process with unknown language
[2019/11/06-03:00:01.049] [warn] [139838851278592] [search.snippet.builder]	G192: S256: No language facet id set, will process with unknown language
[2019/11/06-03:00:01.049] [warn] [139838851278592] [search.snippet.builder]	G192: S256: No language facet id set, will process with unknown language
[2019/11/06-03:00:01.049] [warn] [139838851278592] [search.snippet.builder]	G192: S256: No language facet id set, will process with unknown language
[2019/11/06-03:00:01.049] [warn] [139838851278592] [search.snippet.builder]	G192: S256: No language facet id set, will process with unknown language
[2019/11/06-03:00:01.049] [warn] [139838851278592] [search.snippet.builder]	G192: S256: No language facet id set, will process with unknown language
[2019/11/06-03:00:01.049] [warn] [139838851278592] [search.snippet.builder]	G192: S256: No language facet id set, will process with unknown language
[2019/11/06-03:00:01.050] [warn] [139838851278592] [search.snippet.builder]	G192: S256: No language facet id set, will process with unknown language
[2019/11/06-03:00:01.050] [warn] [139838851278592] [search.snippet.builder]	G192: S256: No language facet id set, will process with unknown language
[2019/11/06-03:00:01.050] [warn] [139838851278592] [search.snippet.builder]	G192: S256: No language facet id set, will process with unknown language
[2019/11/06-03:00:01.050] [warn] [139838851278592] [search.snippet.builder]	G192: S256: No language facet id set, will process with unknown language
[2019/11/06-03:00:01.050] [warn] [139838851278592] [search.snippet.builder]	G192: S256: No language facet id set, will process with unknown language
[2019/11/06-03:00:01.050] [warn] [139838851278592] [search.snippet.builder]	G192: S256: No language facet id set, will process with unknown language
[2019/11/06-03:00:01.050] [warn] [139838851278592] [search.snippet.builder]	G192: S256: No language facet id set, will process with unknown language
[2019/11/06-03:00:01.050] [warn] [139838851278592] [search.snippet.builder]	G192: S256: No language facet id set, will process with unknown language
[2019/11/06-03:00:01.050] [warn] [139838851278592] [search.snippet.builder]	G192: S256: No language facet id set, will process with unknown language
[2019/11/06-03:00:01.050] [warn] [139838851278592] [search.snippet.builder]	G192: S256: No language facet id set, will process with unknown language
[2019/11/06-03:00:01.051] [warn] [139838851278592] [search.snippet.builder]	G192: S256: No language facet id set, will process with unknown language
[2019/11/06-03:00:01.051] [warn] [139838851278592] [search.snippet.builder]	G192: S256: No language facet id set, will process with unknown language
[2019/11/06-03:00:01.051] [warn] [139838851278592] [search.snippet.builder]	G192: S256: No language facet id set, will process with unknown language
[2019/11/06-03:00:01.051] [warn] [139838851278592] [search.snippet.builder]	G192: S256: No language facet id set, will process with unknown language
[2019/11/06-03:00:01.051] [warn] [139838851278592] [search.snippet.builder]	G192: S256: No language facet id set, will process with unknown language
[2019/11/06-03:00:01.051] [warn] [139838851278592] [search.snippet.builder]	G192: S256: No language facet id set, will process with unknown language
[2019/11/06-03:00:01.052] [warn] [139838851278592] [search.snippet.builder]	G192: S256: No language facet id set, will process with unknown language
[2019/11/06-03:00:01.052] [warn] [139838851278592] [search.snippet.builder]	G192: S256: No language facet id set, will process with unknown language
[2019/11/06-03:00:01.067] [info] [Processing query ST 192 collapsing=&group=&hf=-1&limits=max_fetched_hits%3A0%2Cmax_fetched_hits_per_slice%3A0%2Cmax_kept_hits%3A0%2Chits_sampling%3A100&logic=sxisl&of=flea&q=availability%3Aaclfts&relevance=false&rt=disabled& ...[74 chars remaining]] [exa.search.runnerpool]	Release a runner that served 2 queries during 86386274s when having 0 working runner
[2019/11/06-03:00:01.067] [info] [Processing query ST 192 collapsing=&group=&hf=-1&limits=max_fetched_hits%3A0%2Cmax_fetched_hits_per_slice%3A0%2Cmax_kept_hits%3A0%2Chits_sampling%3A100&logic=sxisl&of=flea&q=availability%3Aaclfts&relevance=false&rt=disabled& ...[74 chars remaining]] [exa.search.runnerpool]	Dropping runner for logic sxisl: pool is destroyed
[2019/11/06-03:00:01.713] [info] [1094501293@jtp-resourceshare-10] [datashare]	share: Started datashare session on autosuggest_OnPremise_securedSuggest_ds6w_58_label
[2019/11/06-03:00:02.020] [info] [ReportingConsumer-37] [reporting.file-publisher]	Reporting file rotation to: /busdata/dpmu/gbl0/data/cv/bin/../run/searchserver-ss0/search-reporting/search.csv.20191105.00000
[2019/11/06-03:00:02.020] [info] [ReportingConsumer-37] [reporting.file-publisher]	delete file /busdata/dpmu/gbl0/data/cv/bin/../run/searchserver-ss0/search-reporting/search.csv.20191020.00000
[2019/11/06-03:00:02.159] [info] [1094501293@jtp-resourceshare-10] [exa.io.datashare]	share: Switching DataShare to version 25
[2019/11/06-03:00:02.160] [info] [1094501293@jtp-resourceshare-10] [exa.io.datashare]	share: Garbage collecting datashare version 24
[2019/11/06-03:00:02.164] [info] [1094501293@jtp-resourceshare-10] [datashare]	share: Committed datashare session
[2019/11/06-08:24:37.487] [info] [984138551@jtp-default-1] [bee.runtime]	Exiting on StopRuntime request
[2019/11/06-08:24:37.490] [info] [shutdown-3468] [jaxb]	JAXB cache contains :sun.misc.Launcher$AppClassLoader@764c12b6__com.exalead.mercury.mami.resources.v10 (creation=1704ms, hits=1)
[2019/11/06-08:24:37.491] [info] [shutdown-3468] [jaxb]	JAXB cache contains :sun.misc.Launcher$AppClassLoader@764c12b6__com.exalead.datamodel.v10 (creation=284ms, hits=1)
[2019/11/06-08:24:37.491] [info] [shutdown-3468] [jaxb]	JAXB cache contains :SGLoader@null__exa.bee (creation=252ms, hits=4138)
[2019/11/06-08:24:38.497] [info] [shutdown-3468] [bee.directory]	Stopping server 'default': HTTP server
[2019/11/06-08:24:38.574] [info] [shutdown-3468] [org.eclipse.jetty.server.AbstractConnector]	Stopped 16023@79b0956e{HTTP/1.1,[http/1.1]}{0.0.0.0:16023}
[2019/11/06-08:24:38.577] [info] [shutdown-3468] [org.eclipse.jetty.server.handler.ContextHandler]	Stopped o.e.j.s.ServletContextHandler@34ff08c6{/,resource:/exa/bee/net/http2/htdocs,UNAVAILABLE}
[2019/11/06-08:24:38.594] [info] [shutdown-3468] [org.eclipse.jetty.server.session]	node0 Stopped scavenging
[2019/11/06-08:24:38.610] [info] [shutdown-3468] [bee.directory]	Stopping server 'default': service 'services.dictionary.ss0'
[2019/11/06-08:24:38.703] [info] [shutdown-3468] [bee.directory]	Stopping server 'boxproxy': HTTP server
[2019/11/06-08:24:38.719] [info] [shutdown-3468] [org.eclipse.jetty.server.AbstractConnector]	Stopped 16027@c6d7256{HTTP/1.1,[http/1.1]}{0.0.0.0:16027}
[2019/11/06-08:24:38.719] [info] [shutdown-3468] [org.eclipse.jetty.server.handler.ContextHandler]	Stopped o.e.j.s.ServletContextHandler@278c67a7{/,resource:/exa/bee/net/http2/htdocs,UNAVAILABLE}
[2019/11/06-08:24:38.720] [info] [shutdown-3468] [org.eclipse.jetty.server.session]	node0 Stopped scavenging
[2019/11/06-08:24:38.724] [info] [shutdown-3468] [bee.directory]	Stopping server 'searchui': HTTP server
[2019/11/06-08:24:38.727] [info] [shutdown-3468] [org.eclipse.jetty.server.AbstractConnector]	Stopped 16000@518a7b8a{HTTP/1.1,[http/1.1]}{0.0.0.0:16000}
[2019/11/06-08:24:38.728] [info] [shutdown-3468] [org.eclipse.jetty.server.handler.ContextHandler.mashup_ui]	Destroying Spring FrameworkServlet '360-search-ui'
[2019/11/06-08:24:38.735] [info] [shutdown-3468] [org.apache.tiles.access.TilesAccess]	Removing TilesContext for context: org.springframework.web.servlet.view.tiles3.SpringWildcardServletTilesApplicationContext
[2019/11/06-08:24:38.765] [info] [shutdown-3468] [org.eclipse.jetty.server.handler.ContextHandler.mashup_ui]	Closing Spring root WebApplicationContext
[2019/11/06-08:24:38.770] [info] [shutdown-3468] [com.exalead.cv360.searchui.services.UserLicenseManager]	Stopping UsersChecking Thread for instance name: mu0
[2019/11/06-08:24:38.771] [info] [shutdown-3468] [org.eclipse.jetty.server.handler.ContextHandler]	Stopped o.e.j.w.WebAppContext@75b6dd5b{/mashup-ui,null,UNAVAILABLE,@16000}{/360-mashup-ui}
[2019/11/06-08:24:38.780] [info] [shutdown-3468] [org.eclipse.jetty.server.handler.ContextHandler]	Stopped o.e.j.s.ServletContextHandler@228bda54{/,resource:/exa/bee/net/http2/htdocs,UNAVAILABLE}
[2019/11/06-08:24:38.783] [info] [shutdown-3468] [org.eclipse.jetty.server.session]	node0 Stopped scavenging
[2019/11/06-08:24:38.888] [info] [shutdown-3468] [bee.directory]	Stopping server 'searchapi': HTTP server
[2019/11/06-08:24:38.895] [info] [shutdown-3468] [org.eclipse.jetty.server.AbstractConnector]	Stopped 16010@7e83992{HTTP/1.1,[http/1.1]}{0.0.0.0:16010}
[2019/11/06-08:24:38.903] [info] [shutdown-3468] [org.eclipse.jetty.server.handler.ContextHandler]	Stopped o.e.j.w.WebAppContext@5d12a356{/storage-service,null,UNAVAILABLE,@16010}{/busdata/dpmu/gbl0/data/cv/webapps-tmp/searchserver-ss0/searchapi_16010/storage-service}
[2019/11/06-08:24:38.908] [info] [shutdown-3468] [org.eclipse.jetty.server.handler.ContextHandler]	Stopped o.e.j.w.WebAppContext@421bba99{/access,null,UNAVAILABLE,@16010}{/busdata/dpmu/gbl0/data/cv/webapps-tmp/searchserver-ss0/searchapi_16010/access}
[2019/11/06-08:24:38.909] [info] [shutdown-3468] [org.eclipse.jetty.server.handler.ContextHandler]	Stopped o.e.j.s.ServletContextHandler@6ee6f53{/,null,UNAVAILABLE}
[2019/11/06-08:24:38.910] [info] [shutdown-3468] [org.eclipse.jetty.server.session]	node0 Stopped scavenging
[2019/11/06-08:24:38.916] [info] [shutdown-3468] [bee.directory]	Stopping server 'searchapi': service 'search-api'
[2019/11/06-08:24:38.916] [info] [shutdown-3468] [search.api]	Shutting down commands
[2019/11/06-08:24:38.917] [info] [shutdown-3468] [exa.search.api]	Shutdown search command /search-api
[2019/11/06-08:24:38.917] [info] [shutdown-3468] [exa.search.runnerpool]	Deinitializing all pooled runners
[2019/11/06-08:24:38.992] [info] [shutdown-3468] [exa.search.api]	Shutdown search command /spellcheck
[2019/11/06-08:24:38.992] [info] [shutdown-3468] [exa.search.runnerpool]	Deinitializing all pooled runners
[2019/11/06-08:24:39.006] [info] [shutdown-3468] [bee.directory]	Stopping server 'resourceshare_slave': service 'resourceshare'
[2019/11/06-08:24:39.006] [info] [shutdown-3468] [bee.directory]	Stopping server 'resourceshare': HTTP server
[2019/11/06-08:24:39.016] [info] [shutdown-3468] [org.eclipse.jetty.server.AbstractConnector]	Stopped 16024@6da21078{HTTP/1.1,[http/1.1]}{0.0.0.0:16024}
[2019/11/06-08:24:39.016] [info] [shutdown-3468] [org.eclipse.jetty.server.handler.ContextHandler]	Stopped o.e.j.s.ServletContextHandler@51dcb805{/,null,UNAVAILABLE}
[2019/11/06-08:24:39.017] [info] [shutdown-3468] [org.eclipse.jetty.server.session]	node0 Stopped scavenging
[2019/11/06-08:24:39.122] [info] [shutdown-3468] [bee.directory]	Stopping server 'resourceshare': service 'resourceshareservice'
[2019/11/06-08:24:39.122] [info] [shutdown-3468] [bee.directory]	Directory stopped
[2019/11/06-08:24:39.122] [info] [shutdown-3468] [bee]	Runtime stopped
[2019/11/06-08:24:39.122] [fatal] [shutdown-3468] [bee]	Exiting process
Exiting process now (Queen.java)
[2019/11/06-08:24:39.544] [error] [ReplyTickServer/-ss0-10704@mpllnx4032.mpl.michelin.com] [exa.tick.server]	closing connection from '127.0.0.1:16017-part-0' (could not refill buffer: No error (or lost error number))
[2019/11/06-08:24:39.544] [info] [ReplyTickServer/-ss0-10704@mpllnx4032.mpl.michelin.com] [exa.tick.dest]	Will stop 127.0.0.1:16017-part-0...
[2019/11/06-08:24:39.549] [info] [nglib/cpp/thread.cpp:53] [exa.tick.dest]	Dest 127.0.0.1:16017-part-0 stopping ...
[2019/11/06-08:24:39.549] [info] [nglib/cpp/thread.cpp:53] [exa.tick.dest]	sender thread for 127.0.0.1:16017-part-0 stopped
