[2019/10/17-00:00:00.016] [info] [1821215584@jtp-default-1] [exa.log.rotation]	Rotating additional logs
[2019/10/17-01:12:34.576] [info] [856126417@jtp-resourceshare-81] [datashare]	share: Started datashare session on dictionary-sxidict
[2019/10/17-01:12:34.637] [info] [856126417@jtp-resourceshare-81] [exa.io.datashare]	share: Switching DataShare to version 9
[2019/10/17-01:12:34.652] [info] [856126417@jtp-resourceshare-81] [exa.io.datashare]	share: Garbage collecting datashare version 8
[2019/10/17-01:12:34.866] [info] [856126417@jtp-resourceshare-81] [datashare]	share: Committed datashare session
[2019/10/17-04:00:00.280] [info] [Waiting next query] [exa.search.api]	Slow query ! 259842
[2019/10/17-04:00:01.256] [warn] [140107163686656] [search.snippet.builder]	G4032: S4096: No language facet id set, will process with unknown language
[2019/10/17-04:00:01.256] [warn] [140107163686656] [search.snippet.builder]	G4032: S4096: No language facet id set, will process with unknown language
[2019/10/17-04:00:01.256] [warn] [140107163686656] [search.snippet.builder]	G4032: S4096: No language facet id set, will process with unknown language
[2019/10/17-04:00:01.256] [warn] [140107163686656] [search.snippet.builder]	G4032: S4096: No language facet id set, will process with unknown language
[2019/10/17-04:00:01.256] [warn] [140107163686656] [search.snippet.builder]	G4032: S4096: No language facet id set, will process with unknown language
[2019/10/17-04:00:01.257] [warn] [140107163686656] [search.snippet.builder]	G4032: S4096: No language facet id set, will process with unknown language
[2019/10/17-04:00:01.257] [warn] [140107163686656] [search.snippet.builder]	G4032: S4096: No language facet id set, will process with unknown language
[2019/10/17-04:00:01.257] [warn] [140107163686656] [search.snippet.builder]	G4032: S4096: No language facet id set, will process with unknown language
[2019/10/17-04:00:01.257] [warn] [140107163686656] [search.snippet.builder]	G4032: S4096: No language facet id set, will process with unknown language
[2019/10/17-04:00:01.257] [warn] [140107163686656] [search.snippet.builder]	G4032: S4096: No language facet id set, will process with unknown language
[2019/10/17-04:00:01.257] [warn] [140107163686656] [search.snippet.builder]	G4032: S4096: No language facet id set, will process with unknown language
[2019/10/17-04:00:01.257] [warn] [140107163686656] [search.snippet.builder]	G4032: S4096: No language facet id set, will process with unknown language
[2019/10/17-04:00:01.257] [warn] [140107163686656] [search.snippet.builder]	G4032: S4096: No language facet id set, will process with unknown language
[2019/10/17-04:00:01.258] [warn] [140107163686656] [search.snippet.builder]	G4032: S4096: No language facet id set, will process with unknown language
[2019/10/17-04:00:01.258] [warn] [140107163686656] [search.snippet.builder]	G4032: S4096: No language facet id set, will process with unknown language
[2019/10/17-04:00:01.258] [warn] [140107163686656] [search.snippet.builder]	G4032: S4096: No language facet id set, will process with unknown language
[2019/10/17-04:00:01.262] [info] [Processing query ST 4032 collapsing=&group=&hf=-1&limits=max_fetched_hits%3A0%2Cmax_fetched_hits_per_slice%3A0%2Cmax_kept_hits%3A0%2Chits_sampling%3A100&logic=sxisl&of=flea&q=availability%3Aaclfts&relevance=false&rt=disabled& ...[74 chars remaining]] [exa.search.runnerpool]	Release a runner that served 13 queries during 39836014s when having 0 working runner
[2019/10/17-04:00:01.262] [info] [Processing query ST 4032 collapsing=&group=&hf=-1&limits=max_fetched_hits%3A0%2Cmax_fetched_hits_per_slice%3A0%2Cmax_kept_hits%3A0%2Chits_sampling%3A100&logic=sxisl&of=flea&q=availability%3Aaclfts&relevance=false&rt=disabled& ...[74 chars remaining]] [exa.search.runnerpool]	Dropping runner for logic sxisl: pool is destroyed
[2019/10/17-04:00:01.788] [info] [ReportingConsumer-183] [reporting.file-publisher]	Reporting file rotation to: /busdata/dpmu/gbl0/data/cv/bin/../run/searchserver-ss0/search-reporting/search.csv.20191016.00000
[2019/10/17-04:00:02.148] [info] [856126417@jtp-resourceshare-81] [datashare]	share: Started datashare session on autosuggest_OnPremise_securedSuggest_ds6w_58_label
[2019/10/17-04:00:02.466] [info] [97268286@jtp-resourceshare-85] [exa.io.datashare]	share: Switching DataShare to version 8
[2019/10/17-04:00:02.466] [info] [97268286@jtp-resourceshare-85] [exa.io.datashare]	share: Garbage collecting datashare version 7
[2019/10/17-04:00:02.467] [info] [97268286@jtp-resourceshare-85] [datashare]	share: Committed datashare session
[2019/10/17-08:38:02.119] [info] [Processing query ST 4160 empty] [exa.search.runnerpool]	Release a runner that served 9 queries during 56504487s when having 0 working runner
[2019/10/17-08:38:02.119] [info] [Processing query ST 4160 empty] [exa.search.runnerpool]	Dropping runner for logic sxisl: pool is destroyed
[2019/10/17-08:38:02.416] [info] [Preprocessing for query empty] [exa.search.runnerpool]	Created a new runner for logic sxisl ( 0 idle runner and 0 working runner) in 94ms
[2019/10/17-08:59:12.389] [info] [Processing query ST 10176 empty] [exa.search.runnerpool]	Release a runner that served 47 queries during 1269948s when having 0 working runner
[2019/10/17-08:59:12.389] [info] [Processing query ST 10176 empty] [exa.search.runnerpool]	Dropping runner for logic sxisl: pool is destroyed
[2019/10/17-08:59:12.735] [info] [Preprocessing for query empty] [exa.search.runnerpool]	Created a new runner for logic sxisl ( 0 idle runner and 0 working runner) in 114ms
[2019/10/17-08:59:13.775] [info] [Preprocessing for query empty] [exa.search.runnerpool]	Created a new runner for logic sxisl ( 0 idle runner and 0 working runner) in 210ms
[2019/10/17-09:00:45.429] [info] [Preprocessing for query empty] [exa.search.runnerpool]	Created a new runner for logic sxisl ( 0 idle runner and 1 working runner) in 208ms
[2019/10/17-09:04:47.726] [info] [ReportingConsumer-187] [reporting.file-publisher]	Reporting file rotation to: /busdata/dpmu/gbl0/data/cv/bin/../run/searchserver-ss0/suggest-reporting/suggest.csv.20191008.00000
[2019/10/17-09:04:49.585] [info] [Processing query ST 19776 allow_unknown_hit_meta=true&debug=-ellql&hf=-1&of=flea&q=indexDate_5bdc55fe-d0f2-4f80-9625-f3bb2258e44a_125&q.internal_date_query=availability%3AinternalDate&qt=%23and%28%23query%28internal_date_query ...[96 chars remaining]] [exa.search.runnerpool]	Release a runner that served 27 queries during 335792s when having 0 working runner
[2019/10/17-09:04:49.585] [info] [Processing query ST 19776 allow_unknown_hit_meta=true&debug=-ellql&hf=-1&of=flea&q=indexDate_5bdc55fe-d0f2-4f80-9625-f3bb2258e44a_125&q.internal_date_query=availability%3AinternalDate&qt=%23and%28%23query%28internal_date_query ...[96 chars remaining]] [exa.search.runnerpool]	Dropping runner for logic sxisl: pool is destroyed
[2019/10/17-09:04:49.959] [warn] [140107704293120] [search.snippet.builder]	G19904: S19968: No language facet id set, will process with unknown language
[2019/10/17-09:04:49.962] [info] [Processing query ST 19904 empty] [exa.search.runnerpool]	Release a runner that served 30 queries during 337192s when having 0 working runner
[2019/10/17-09:04:49.962] [info] [Processing query ST 19904 empty] [exa.search.runnerpool]	Dropping runner for logic sxisl: pool is destroyed
[2019/10/17-09:05:30.686] [info] [Preprocessing for query empty] [exa.search.runnerpool]	Created a new runner for logic sxisl ( 0 idle runner and 0 working runner) in 87ms
[2019/10/17-09:05:47.073] [info] [Processing query ST 21824 empty] [exa.search.runnerpool]	Release a runner that served 29 queries during 301576s when having 0 working runner
[2019/10/17-09:05:47.073] [info] [Processing query ST 21824 empty] [exa.search.runnerpool]	Dropping runner for logic sxisl: pool is destroyed
[2019/10/17-09:06:43.356] [warn] [140107704293120] [search.snippet.builder]	G22464: S22528: No language facet id set, will process with unknown language
[2019/10/17-09:06:56.703] [info] [Preprocessing for query empty] [exa.search.runnerpool]	Created a new runner for logic sxisl ( 0 idle runner and 0 working runner) in 123ms
[2019/10/17-09:26:45.857] [info] [Processing query ST 25024 empty] [exa.search.runnerpool]	Release a runner that served 8 queries during 1189129s when having 0 working runner
[2019/10/17-09:26:45.857] [info] [Processing query ST 25024 empty] [exa.search.runnerpool]	Dropping runner for logic sxisl: pool is destroyed
[2019/10/17-09:26:55.188] [info] [Processing query ST 25152 allow_unknown_hit_meta=true&debug=-ellql&hf=-1&of=flea&q=indexDate_5bdc55fe-d0f2-4f80-9625-f3bb2258e44a_154&q.internal_date_query=availability%3AinternalDate&qt=%23and%28%23query%28internal_date_query ...[96 chars remaining]] [exa.search.runnerpool]	Release a runner that served 23 queries during 1284475s when having 0 working runner
[2019/10/17-09:26:55.188] [info] [Processing query ST 25152 allow_unknown_hit_meta=true&debug=-ellql&hf=-1&of=flea&q=indexDate_5bdc55fe-d0f2-4f80-9625-f3bb2258e44a_154&q.internal_date_query=availability%3AinternalDate&qt=%23and%28%23query%28internal_date_query ...[96 chars remaining]] [exa.search.runnerpool]	Dropping runner for logic sxisl: pool is destroyed
[2019/10/17-09:26:55.312] [info] [Preprocessing for query empty] [exa.search.runnerpool]	Created a new runner for logic sxisl ( 0 idle runner and 0 working runner) in 81ms
[2019/10/17-09:26:55.725] [warn] [140108174522112] [search.snippet.builder]	G25280: S25344: No language facet id set, will process with unknown language
[2019/10/17-09:27:59.032] [info] [Preprocessing for query empty] [exa.search.runnerpool]	Created a new runner for logic sxisl ( 0 idle runner and 0 working runner) in 72ms
[2019/10/17-09:28:06.694] [info] [Preprocessing for query empty] [exa.search.runnerpool]	Created a new runner for logic sxisl ( 0 idle runner and 0 working runner) in 113ms
[2019/10/17-09:35:06.188] [info] [Processing query ST 32832 empty] [exa.search.runnerpool]	Release a runner that served 14 queries during 427137s when having 0 working runner
[2019/10/17-09:35:06.188] [info] [Processing query ST 32832 empty] [exa.search.runnerpool]	Dropping runner for logic sxisl: pool is destroyed
[2019/10/17-09:35:11.744] [info] [Processing query ST 32960 empty] [exa.search.runnerpool]	Release a runner that served 10 queries during 425023s when having 0 working runner
[2019/10/17-09:35:11.744] [info] [Processing query ST 32960 empty] [exa.search.runnerpool]	Dropping runner for logic sxisl: pool is destroyed
[2019/10/17-09:36:02.376] [info] [Processing query ST 33088 empty] [exa.search.runnerpool]	Release a runner that served 38 queries during 547036s when having 0 working runner
[2019/10/17-09:36:02.376] [info] [Processing query ST 33088 empty] [exa.search.runnerpool]	Dropping runner for logic sxisl: pool is destroyed
[2019/10/17-09:36:11.958] [info] [Preprocessing for query allow_unknown_hit_meta=true&debug=-ellql&hf=-1&of=flea&q=indexDate_5bdc55fe-d0f2-4f80-9625-f3bb2258e44a_194&q.internal_date_query=availability%3AinternalDate&qt=%23and%28%23query%28internal_date_query ...[96 chars remaining]] [exa.search.runnerpool]	Created a new runner for logic sxisl ( 0 idle runner and 0 working runner) in 71ms
[2019/10/17-09:41:46.989] [info] [Processing query ST 33984 allow_unknown_hit_meta=true&debug=-ellql&hf=-1&of=flea&q=indexDate_5bdc55fe-d0f2-4f80-9625-f3bb2258e44a_197&q.internal_date_query=availability%3AinternalDate&qt=%23and%28%23query%28internal_date_query ...[96 chars remaining]] [exa.search.runnerpool]	Release a runner that served 7 queries during 335002s when having 0 working runner
[2019/10/17-09:41:46.989] [info] [Processing query ST 33984 allow_unknown_hit_meta=true&debug=-ellql&hf=-1&of=flea&q=indexDate_5bdc55fe-d0f2-4f80-9625-f3bb2258e44a_197&q.internal_date_query=availability%3AinternalDate&qt=%23and%28%23query%28internal_date_query ...[96 chars remaining]] [exa.search.runnerpool]	Dropping runner for logic sxisl: pool is destroyed
[2019/10/17-09:41:47.132] [info] [Preprocessing for query empty] [exa.search.runnerpool]	Created a new runner for logic sxisl ( 0 idle runner and 0 working runner) in 93ms
[2019/10/17-09:41:47.591] [warn] [140107704293120] [search.snippet.builder]	G34112: S34176: No language facet id set, will process with unknown language
[2019/10/17-09:43:15.517] [info] [Preprocessing for query empty] [exa.search.runnerpool]	Created a new runner for logic sxisl ( 0 idle runner and 0 working runner) in 100ms
[2019/10/17-09:51:10.227] [info] [Processing query ST 37184 empty] [exa.search.runnerpool]	Release a runner that served 24 queries during 563073s when having 0 working runner
[2019/10/17-09:51:10.227] [info] [Processing query ST 37184 empty] [exa.search.runnerpool]	Dropping runner for logic sxisl: pool is destroyed
[2019/10/17-09:51:17.685] [info] [Processing query ST 37312 allow_unknown_hit_meta=true&debug=-ellql&hf=-1&of=flea&q=indexDate_5bdc55fe-d0f2-4f80-9625-f3bb2258e44a_214&q.internal_date_query=availability%3AinternalDate&qt=%23and%28%23query%28internal_date_query ...[96 chars remaining]] [exa.search.runnerpool]	Release a runner that served 2 queries during 482143s when having 0 working runner
[2019/10/17-09:51:17.686] [info] [Processing query ST 37312 allow_unknown_hit_meta=true&debug=-ellql&hf=-1&of=flea&q=indexDate_5bdc55fe-d0f2-4f80-9625-f3bb2258e44a_214&q.internal_date_query=availability%3AinternalDate&qt=%23and%28%23query%28internal_date_query ...[96 chars remaining]] [exa.search.runnerpool]	Dropping runner for logic sxisl: pool is destroyed
[2019/10/17-09:51:17.805] [info] [Preprocessing for query empty] [exa.search.runnerpool]	Created a new runner for logic sxisl ( 0 idle runner and 0 working runner) in 80ms
[2019/10/17-09:51:18.219] [warn] [140107175507712] [search.snippet.builder]	G37440: S37504: No language facet id set, will process with unknown language
[2019/10/17-09:58:53.409] [info] [Processing query ST 39744 empty] [exa.search.runnerpool]	Release a runner that served 19 queries during 455580s when having 0 working runner
[2019/10/17-09:58:53.409] [info] [Processing query ST 39744 empty] [exa.search.runnerpool]	Dropping runner for logic sxisl: pool is destroyed
[2019/10/17-09:58:53.656] [info] [Preprocessing for query empty] [exa.search.runnerpool]	Created a new runner for logic sxisl ( 0 idle runner and 0 working runner) in 85ms
[2019/10/17-10:10:50.420] [info] [Processing query ST 41792 allow_unknown_hit_meta=true&debug=-ellql&hf=-1&of=flea&q=indexDate_5bdc55fe-d0f2-4f80-9625-f3bb2258e44a_234&q.internal_date_query=availability%3AinternalDate&qt=%23and%28%23query%28internal_date_query ...[96 chars remaining]] [exa.search.runnerpool]	Release a runner that served 16 queries during 716741s when having 0 working runner
[2019/10/17-10:10:50.420] [info] [Processing query ST 41792 allow_unknown_hit_meta=true&debug=-ellql&hf=-1&of=flea&q=indexDate_5bdc55fe-d0f2-4f80-9625-f3bb2258e44a_234&q.internal_date_query=availability%3AinternalDate&qt=%23and%28%23query%28internal_date_query ...[96 chars remaining]] [exa.search.runnerpool]	Dropping runner for logic sxisl: pool is destroyed
[2019/10/17-10:10:50.551] [info] [Preprocessing for query empty] [exa.search.runnerpool]	Created a new runner for logic sxisl ( 0 idle runner and 0 working runner) in 90ms
[2019/10/17-10:10:50.882] [warn] [140108192425728] [search.snippet.builder]	G41920: S41984: No language facet id set, will process with unknown language
[2019/10/17-10:10:50.883] [warn] [140108192425728] [search.snippet.builder]	G41920: S41984: No language facet id set, will process with unknown language
[2019/10/17-10:10:50.883] [warn] [140108192425728] [search.snippet.builder]	G41920: S41984: No language facet id set, will process with unknown language
[2019/10/17-10:10:50.884] [warn] [140108192425728] [search.snippet.builder]	G41920: S41984: No language facet id set, will process with unknown language
[2019/10/17-10:10:50.884] [warn] [140108192425728] [search.snippet.builder]	G41920: S41984: No language facet id set, will process with unknown language
[2019/10/17-10:10:50.884] [warn] [140108192425728] [search.snippet.builder]	G41920: S41984: No language facet id set, will process with unknown language
[2019/10/17-10:10:50.885] [warn] [140108192425728] [search.snippet.builder]	G41920: S41984: No language facet id set, will process with unknown language
[2019/10/17-10:10:50.885] [warn] [140108192425728] [search.snippet.builder]	G41920: S41984: No language facet id set, will process with unknown language
[2019/10/17-10:10:50.885] [warn] [140108192425728] [search.snippet.builder]	G41920: S41984: No language facet id set, will process with unknown language
[2019/10/17-10:10:50.886] [warn] [140108192425728] [search.snippet.builder]	G41920: S41984: No language facet id set, will process with unknown language
[2019/10/17-10:10:50.886] [warn] [140108192425728] [search.snippet.builder]	G41920: S41984: No language facet id set, will process with unknown language
[2019/10/17-10:10:50.886] [warn] [140108192425728] [search.snippet.builder]	G41920: S41984: No language facet id set, will process with unknown language
[2019/10/17-10:10:50.887] [warn] [140108192425728] [search.snippet.builder]	G41920: S41984: No language facet id set, will process with unknown language
[2019/10/17-10:10:50.887] [warn] [140108192425728] [search.snippet.builder]	G41920: S41984: No language facet id set, will process with unknown language
[2019/10/17-10:10:50.887] [warn] [140108192425728] [search.snippet.builder]	G41920: S41984: No language facet id set, will process with unknown language
[2019/10/17-10:10:50.887] [warn] [140108192425728] [search.snippet.builder]	G41920: S41984: No language facet id set, will process with unknown language
[2019/10/17-10:10:50.888] [warn] [140108192425728] [search.snippet.builder]	G41920: S41984: No language facet id set, will process with unknown language
[2019/10/17-10:10:50.888] [warn] [140108192425728] [search.snippet.builder]	G41920: S41984: No language facet id set, will process with unknown language
[2019/10/17-10:10:50.888] [warn] [140108192425728] [search.snippet.builder]	G41920: S41984: No language facet id set, will process with unknown language
[2019/10/17-10:10:50.888] [warn] [140108192425728] [search.snippet.builder]	G41920: S41984: No language facet id set, will process with unknown language
[2019/10/17-10:11:28.587] [warn] [140107486942976] [search.snippet.builder]	G42176: S42240: No language facet id set, will process with unknown language
[2019/10/17-10:11:35.317] [warn] [140107486942976] [search.snippet.builder]	G42432: S42496: No language facet id set, will process with unknown language
[2019/10/17-10:11:35.317] [warn] [140107486942976] [search.snippet.builder]	G42432: S42496: No language facet id set, will process with unknown language
[2019/10/17-10:11:35.317] [warn] [140107486942976] [search.snippet.builder]	G42432: S42496: No language facet id set, will process with unknown language
[2019/10/17-10:11:35.317] [warn] [140107486942976] [search.snippet.builder]	G42432: S42496: No language facet id set, will process with unknown language
[2019/10/17-10:11:35.318] [warn] [140107486942976] [search.snippet.builder]	G42432: S42496: No language facet id set, will process with unknown language
[2019/10/17-10:11:35.318] [warn] [140107486942976] [search.snippet.builder]	G42432: S42496: No language facet id set, will process with unknown language
[2019/10/17-10:11:35.318] [warn] [140107486942976] [search.snippet.builder]	G42432: S42496: No language facet id set, will process with unknown language
[2019/10/17-10:11:35.318] [warn] [140107486942976] [search.snippet.builder]	G42432: S42496: No language facet id set, will process with unknown language
[2019/10/17-10:11:35.318] [warn] [140107486942976] [search.snippet.builder]	G42432: S42496: No language facet id set, will process with unknown language
[2019/10/17-10:11:35.318] [warn] [140107486942976] [search.snippet.builder]	G42432: S42496: No language facet id set, will process with unknown language
[2019/10/17-10:11:35.319] [warn] [140107486942976] [search.snippet.builder]	G42432: S42496: No language facet id set, will process with unknown language
[2019/10/17-10:11:35.319] [warn] [140107486942976] [search.snippet.builder]	G42432: S42496: No language facet id set, will process with unknown language
[2019/10/17-10:11:35.319] [warn] [140107486942976] [search.snippet.builder]	G42432: S42496: No language facet id set, will process with unknown language
[2019/10/17-10:11:35.319] [warn] [140107486942976] [search.snippet.builder]	G42432: S42496: No language facet id set, will process with unknown language
[2019/10/17-10:11:35.319] [warn] [140107486942976] [search.snippet.builder]	G42432: S42496: No language facet id set, will process with unknown language
[2019/10/17-10:11:35.320] [warn] [140107486942976] [search.snippet.builder]	G42432: S42496: No language facet id set, will process with unknown language
[2019/10/17-10:11:35.320] [warn] [140107486942976] [search.snippet.builder]	G42432: S42496: No language facet id set, will process with unknown language
[2019/10/17-10:11:35.320] [warn] [140107486942976] [search.snippet.builder]	G42432: S42496: No language facet id set, will process with unknown language
[2019/10/17-10:11:35.320] [warn] [140107486942976] [search.snippet.builder]	G42432: S42496: No language facet id set, will process with unknown language
[2019/10/17-10:11:35.320] [warn] [140107486942976] [search.snippet.builder]	G42432: S42496: No language facet id set, will process with unknown language
[2019/10/17-11:47:37.120] [info] [2097024698@jtp-resourceshare-87] [datashare]	share: Started datashare session on dictionary-sxidict
[2019/10/17-11:47:37.341] [info] [542371441@jtp-resourceshare-93] [exa.io.datashare]	share: Switching DataShare to version 10
[2019/10/17-11:47:37.355] [info] [542371441@jtp-resourceshare-93] [exa.io.datashare]	share: Garbage collecting datashare version 9
[2019/10/17-11:47:37.503] [info] [542371441@jtp-resourceshare-93] [datashare]	share: Committed datashare session
[2019/10/17-13:37:41.344] [info] [Processing query ST 42944 allow_unknown_hit_meta=true&debug=-ellql&hf=-1&of=flea&q=indexDate_5bdc55fe-d0f2-4f80-9625-f3bb2258e44a_242&q.internal_date_query=availability%3AinternalDate&qt=%23and%28%23query%28internal_date_query ...[96 chars remaining]] [exa.search.runnerpool]	Release a runner that served 9 queries during 12410768s when having 0 working runner
[2019/10/17-13:37:41.344] [info] [Processing query ST 42944 allow_unknown_hit_meta=true&debug=-ellql&hf=-1&of=flea&q=indexDate_5bdc55fe-d0f2-4f80-9625-f3bb2258e44a_242&q.internal_date_query=availability%3AinternalDate&qt=%23and%28%23query%28internal_date_query ...[96 chars remaining]] [exa.search.runnerpool]	Dropping runner for logic sxisl: pool is destroyed
[2019/10/17-13:37:41.477] [info] [Preprocessing for query empty] [exa.search.runnerpool]	Created a new runner for logic sxisl ( 0 idle runner and 0 working runner) in 92ms
[2019/10/17-13:37:41.843] [warn] [140107486942976] [search.snippet.builder]	G43072: S43136: No language facet id set, will process with unknown language
[2019/10/17-13:37:41.844] [warn] [140107486942976] [search.snippet.builder]	G43072: S43136: No language facet id set, will process with unknown language
[2019/10/17-13:37:41.844] [warn] [140107486942976] [search.snippet.builder]	G43072: S43136: No language facet id set, will process with unknown language
[2019/10/17-13:37:41.844] [warn] [140107486942976] [search.snippet.builder]	G43072: S43136: No language facet id set, will process with unknown language
[2019/10/17-13:37:41.845] [warn] [140107486942976] [search.snippet.builder]	G43072: S43136: No language facet id set, will process with unknown language
[2019/10/17-13:37:41.845] [warn] [140107486942976] [search.snippet.builder]	G43072: S43136: No language facet id set, will process with unknown language
[2019/10/17-13:37:41.845] [warn] [140107486942976] [search.snippet.builder]	G43072: S43136: No language facet id set, will process with unknown language
[2019/10/17-13:37:41.845] [warn] [140107486942976] [search.snippet.builder]	G43072: S43136: No language facet id set, will process with unknown language
[2019/10/17-13:37:41.846] [warn] [140107486942976] [search.snippet.builder]	G43072: S43136: No language facet id set, will process with unknown language
[2019/10/17-13:37:41.846] [warn] [140107486942976] [search.snippet.builder]	G43072: S43136: No language facet id set, will process with unknown language
[2019/10/17-13:37:41.846] [warn] [140107486942976] [search.snippet.builder]	G43072: S43136: No language facet id set, will process with unknown language
[2019/10/17-13:37:41.846] [warn] [140107486942976] [search.snippet.builder]	G43072: S43136: No language facet id set, will process with unknown language
[2019/10/17-13:37:41.846] [warn] [140107486942976] [search.snippet.builder]	G43072: S43136: No language facet id set, will process with unknown language
[2019/10/17-13:37:41.846] [warn] [140107486942976] [search.snippet.builder]	G43072: S43136: No language facet id set, will process with unknown language
[2019/10/17-13:37:41.847] [warn] [140107486942976] [search.snippet.builder]	G43072: S43136: No language facet id set, will process with unknown language
[2019/10/17-13:37:41.847] [warn] [140107486942976] [search.snippet.builder]	G43072: S43136: No language facet id set, will process with unknown language
[2019/10/17-13:37:41.847] [warn] [140107486942976] [search.snippet.builder]	G43072: S43136: No language facet id set, will process with unknown language
[2019/10/17-13:37:41.847] [warn] [140107486942976] [search.snippet.builder]	G43072: S43136: No language facet id set, will process with unknown language
[2019/10/17-13:37:41.848] [warn] [140107486942976] [search.snippet.builder]	G43072: S43136: No language facet id set, will process with unknown language
[2019/10/17-13:37:41.848] [warn] [140107486942976] [search.snippet.builder]	G43072: S43136: No language facet id set, will process with unknown language
[2019/10/17-13:37:42.452] [warn] [140107486942976] [search.snippet.builder]	G43328: S43392: No language facet id set, will process with unknown language
[2019/10/17-13:37:42.453] [warn] [140107486942976] [search.snippet.builder]	G43328: S43392: No language facet id set, will process with unknown language
[2019/10/17-13:37:42.453] [warn] [140107486942976] [search.snippet.builder]	G43328: S43392: No language facet id set, will process with unknown language
[2019/10/17-13:37:42.453] [warn] [140107486942976] [search.snippet.builder]	G43328: S43392: No language facet id set, will process with unknown language
[2019/10/17-13:37:42.453] [warn] [140107486942976] [search.snippet.builder]	G43328: S43392: No language facet id set, will process with unknown language
[2019/10/17-13:37:42.454] [warn] [140107486942976] [search.snippet.builder]	G43328: S43392: No language facet id set, will process with unknown language
[2019/10/17-13:37:42.454] [warn] [140107486942976] [search.snippet.builder]	G43328: S43392: No language facet id set, will process with unknown language
[2019/10/17-13:37:42.455] [warn] [140107486942976] [search.snippet.builder]	G43328: S43392: No language facet id set, will process with unknown language
[2019/10/17-13:37:42.455] [warn] [140107486942976] [search.snippet.builder]	G43328: S43392: No language facet id set, will process with unknown language
[2019/10/17-13:37:42.456] [warn] [140107486942976] [search.snippet.builder]	G43328: S43392: No language facet id set, will process with unknown language
[2019/10/17-13:37:42.456] [warn] [140107486942976] [search.snippet.builder]	G43328: S43392: No language facet id set, will process with unknown language
[2019/10/17-13:37:42.457] [warn] [140107486942976] [search.snippet.builder]	G43328: S43392: No language facet id set, will process with unknown language
[2019/10/17-13:37:42.458] [warn] [140107486942976] [search.snippet.builder]	G43328: S43392: No language facet id set, will process with unknown language
[2019/10/17-13:37:42.458] [warn] [140107486942976] [search.snippet.builder]	G43328: S43392: No language facet id set, will process with unknown language
[2019/10/17-13:37:42.459] [warn] [140107486942976] [search.snippet.builder]	G43328: S43392: No language facet id set, will process with unknown language
[2019/10/17-13:37:42.459] [warn] [140107486942976] [search.snippet.builder]	G43328: S43392: No language facet id set, will process with unknown language
[2019/10/17-13:37:42.459] [warn] [140107486942976] [search.snippet.builder]	G43328: S43392: No language facet id set, will process with unknown language
[2019/10/17-13:37:42.460] [warn] [140107486942976] [search.snippet.builder]	G43328: S43392: No language facet id set, will process with unknown language
[2019/10/17-13:37:42.460] [warn] [140107486942976] [search.snippet.builder]	G43328: S43392: No language facet id set, will process with unknown language
[2019/10/17-13:37:42.460] [warn] [140107486942976] [search.snippet.builder]	G43328: S43392: No language facet id set, will process with unknown language
[2019/10/17-22:44:44.674] [info] [1521881363@jtp-resourceshare-94] [datashare]	share: Started datashare session on dictionary-sxidict
[2019/10/17-22:44:44.774] [info] [1521881363@jtp-resourceshare-94] [exa.io.datashare]	share: Switching DataShare to version 11
[2019/10/17-22:44:44.786] [info] [1521881363@jtp-resourceshare-94] [exa.io.datashare]	share: Garbage collecting datashare version 10
[2019/10/17-22:44:44.918] [info] [1521881363@jtp-resourceshare-94] [datashare]	share: Committed datashare session
[2019/10/18-00:00:00.009] [info] [1821215584@jtp-default-1] [exa.log.rotation]	Rotating standard log
Log4NG: rotating logs now
