[2019/11/06-00:00:00.157] [info] [1523457748@jtp-default-1] [exa.log.rotation]	Rotating additional logs
[2019/11/06-00:00:33.386] [info] [Thread-4] [ConvertServer]	[2019/11/06-00:00:33] 44: GET /stats.xml HTTP/1.1
[2019/11/06-00:01:33.278] [info] [Thread-4] [ConvertServer]	[2019/11/06-00:01:33] 45: GET /stats.xml HTTP/1.1
[2019/11/06-00:02:33.258] [info] [Thread-4] [ConvertServer]	[2019/11/06-00:02:33] 44: GET /stats.xml HTTP/1.1
[2019/11/06-00:02:35.097] [info] [Thread-4] [ConvertServer]	[2019/11/06-00:02:35] Child 11556 closed (alive for 4154503992s)
[2019/11/06-00:03:33.253] [info] [Thread-4] [ConvertServer]	[2019/11/06-00:03:33] 45: GET /stats.xml HTTP/1.1
[2019/11/06-00:03:33.296] [info] [Thread-4] [ConvertServer]	[2019/11/06-00:03:33] [13084] [info] loading /busapps/dpmu/gbl0/3DSpaceIndex/linux_a64/cv/tools/../amd64-linux/bin/ngconvert --port-feedback-http http://127.0.0.1:33520/tadaima --parent-process-id 10709 --log --port 0.0.0.0:16022 --pdf-config resource:///xpdf/xpdfrc.with-config --loose-text-conversion --enable-gd --netcam-probe --max-recursion-depth 1 --max-recursion-documents 2147483647 --max-recursion-documents-total 2147483647 --enable-utf-32 --enable-document-chars --meta-separator-char _ --excel-date-format 0 --disable-auto-32 --tmpdir /busdata/dpmu/gbl0/data/cv/bin/../tmp --maxcore 0 --tmpdir-create --tmpdir-pid --tmpdir /busdata/dpmu/gbl0/data/cv/bin/../tmp/ngconvert_prwy7p749ur25kjthgfy0i0u02 --parent-process-id 10882 --child=minion-10882-140498538833664-1572995013253454-45
[2019/11/06-00:03:33.297] [info] [Thread-4] [ConvertServer]	[2019/11/06-00:03:33] [13084] minion outside-in entering in new lair
[2019/11/06-00:03:33.297] [info] [Thread-4] [ConvertServer]	[2019/11/06-00:03:33] 44: mnRegister minion-10882-140498538833664-1572995013253454-45
[2019/11/06-00:03:33.308] [info] [Thread-4] [ConvertServer]	[2019/11/06-00:03:33] [13084] [info] probed GD (graphic handling) libraries
[2019/11/06-00:04:33.270] [info] [Thread-4] [ConvertServer]	[2019/11/06-00:04:33] 46: GET /stats.xml HTTP/1.1
[2019/11/06-00:05:33.266] [info] [Thread-4] [ConvertServer]	[2019/11/06-00:05:33] 45: GET /stats.xml HTTP/1.1
[2019/11/06-00:06:33.271] [info] [Thread-4] [ConvertServer]	[2019/11/06-00:06:33] 46: GET /stats.xml HTTP/1.1
[2019/11/06-00:07:33.401] [info] [Thread-4] [ConvertServer]	[2019/11/06-00:07:33] 45: GET /stats.xml HTTP/1.1
[2019/11/06-00:08:33.276] [info] [Thread-4] [ConvertServer]	[2019/11/06-00:08:33] 46: GET /stats.xml HTTP/1.1
[2019/11/06-00:09:33.271] [info] [Thread-4] [ConvertServer]	[2019/11/06-00:09:33] 45: GET /stats.xml HTTP/1.1
[2019/11/06-00:10:33.311] [info] [Thread-4] [ConvertServer]	[2019/11/06-00:10:33] 46: GET /stats.xml HTTP/1.1
[2019/11/06-00:11:33.261] [info] [Thread-4] [ConvertServer]	[2019/11/06-00:11:33] 45: GET /stats.xml HTTP/1.1
[2019/11/06-00:12:33.235] [info] [Thread-4] [ConvertServer]	[2019/11/06-00:12:33] 46: GET /stats.xml HTTP/1.1
[2019/11/06-00:13:33.322] [info] [Thread-4] [ConvertServer]	[2019/11/06-00:13:33] 45: GET /stats.xml HTTP/1.1
[2019/11/06-00:14:33.280] [info] [Thread-4] [ConvertServer]	[2019/11/06-00:14:33] 46: GET /stats.xml HTTP/1.1
[2019/11/06-00:15:33.269] [info] [Thread-4] [ConvertServer]	[2019/11/06-00:15:33] 45: GET /stats.xml HTTP/1.1
[2019/11/06-00:16:33.257] [info] [Thread-4] [ConvertServer]	[2019/11/06-00:16:33] 46: GET /stats.xml HTTP/1.1
[2019/11/06-00:17:33.279] [info] [Thread-4] [ConvertServer]	[2019/11/06-00:17:33] 45: GET /stats.xml HTTP/1.1
[2019/11/06-00:18:33.278] [info] [Thread-4] [ConvertServer]	[2019/11/06-00:18:33] 46: GET /stats.xml HTTP/1.1
[2019/11/06-00:19:33.294] [info] [Thread-4] [ConvertServer]	[2019/11/06-00:19:33] 45: GET /stats.xml HTTP/1.1
[2019/11/06-00:20:33.282] [info] [Thread-4] [ConvertServer]	[2019/11/06-00:20:33] 46: GET /stats.xml HTTP/1.1
[2019/11/06-00:21:33.277] [info] [Thread-4] [ConvertServer]	[2019/11/06-00:21:33] 45: GET /stats.xml HTTP/1.1
[2019/11/06-00:22:33.286] [info] [Thread-4] [ConvertServer]	[2019/11/06-00:22:33] 46: GET /stats.xml HTTP/1.1
[2019/11/06-00:23:33.244] [info] [Thread-4] [ConvertServer]	[2019/11/06-00:23:33] 45: GET /stats.xml HTTP/1.1
[2019/11/06-00:24:33.268] [info] [Thread-4] [ConvertServer]	[2019/11/06-00:24:33] 46: GET /stats.xml HTTP/1.1
[2019/11/06-00:25:33.266] [info] [Thread-4] [ConvertServer]	[2019/11/06-00:25:33] 45: GET /stats.xml HTTP/1.1
[2019/11/06-00:26:33.263] [info] [Thread-4] [ConvertServer]	[2019/11/06-00:26:33] 46: GET /stats.xml HTTP/1.1
[2019/11/06-00:27:33.261] [info] [Thread-4] [ConvertServer]	[2019/11/06-00:27:33] 45: GET /stats.xml HTTP/1.1
[2019/11/06-00:28:33.243] [info] [Thread-4] [ConvertServer]	[2019/11/06-00:28:33] 46: GET /stats.xml HTTP/1.1
[2019/11/06-00:29:33.262] [info] [Thread-4] [ConvertServer]	[2019/11/06-00:29:33] 45: GET /stats.xml HTTP/1.1
[2019/11/06-00:30:33.297] [info] [Thread-4] [ConvertServer]	[2019/11/06-00:30:33] 46: GET /stats.xml HTTP/1.1
[2019/11/06-00:31:33.326] [info] [Thread-4] [ConvertServer]	[2019/11/06-00:31:33] 45: GET /stats.xml HTTP/1.1
[2019/11/06-00:32:33.258] [info] [Thread-4] [ConvertServer]	[2019/11/06-00:32:33] 46: GET /stats.xml HTTP/1.1
[2019/11/06-00:33:33.292] [info] [Thread-4] [ConvertServer]	[2019/11/06-00:33:33] 45: GET /stats.xml HTTP/1.1
[2019/11/06-00:34:33.278] [info] [Thread-4] [ConvertServer]	[2019/11/06-00:34:33] 46: GET /stats.xml HTTP/1.1
[2019/11/06-00:35:33.267] [info] [Thread-4] [ConvertServer]	[2019/11/06-00:35:33] 45: GET /stats.xml HTTP/1.1
[2019/11/06-00:36:33.292] [info] [Thread-4] [ConvertServer]	[2019/11/06-00:36:33] 46: GET /stats.xml HTTP/1.1
[2019/11/06-00:37:33.312] [info] [Thread-4] [ConvertServer]	[2019/11/06-00:37:33] 45: GET /stats.xml HTTP/1.1
[2019/11/06-00:38:33.411] [info] [Thread-4] [ConvertServer]	[2019/11/06-00:38:33] 46: GET /stats.xml HTTP/1.1
[2019/11/06-00:39:33.456] [info] [Thread-4] [ConvertServer]	[2019/11/06-00:39:33] 45: GET /stats.xml HTTP/1.1
[2019/11/06-00:40:33.396] [info] [Thread-4] [ConvertServer]	[2019/11/06-00:40:33] 46: GET /stats.xml HTTP/1.1
[2019/11/06-00:41:33.330] [info] [Thread-4] [ConvertServer]	[2019/11/06-00:41:33] 45: GET /stats.xml HTTP/1.1
[2019/11/06-00:42:33.277] [info] [Thread-4] [ConvertServer]	[2019/11/06-00:42:33] 46: GET /stats.xml HTTP/1.1
[2019/11/06-00:43:33.377] [info] [Thread-4] [ConvertServer]	[2019/11/06-00:43:33] 45: GET /stats.xml HTTP/1.1
[2019/11/06-00:44:33.265] [info] [Thread-4] [ConvertServer]	[2019/11/06-00:44:33] 46: GET /stats.xml HTTP/1.1
[2019/11/06-00:45:33.281] [info] [Thread-4] [ConvertServer]	[2019/11/06-00:45:33] 45: GET /stats.xml HTTP/1.1
[2019/11/06-00:46:33.295] [info] [Thread-4] [ConvertServer]	[2019/11/06-00:46:33] 46: GET /stats.xml HTTP/1.1
[2019/11/06-00:47:33.258] [info] [Thread-4] [ConvertServer]	[2019/11/06-00:47:33] 45: GET /stats.xml HTTP/1.1
[2019/11/06-00:48:33.277] [info] [Thread-4] [ConvertServer]	[2019/11/06-00:48:33] 46: GET /stats.xml HTTP/1.1
[2019/11/06-00:49:33.270] [info] [Thread-4] [ConvertServer]	[2019/11/06-00:49:33] 45: GET /stats.xml HTTP/1.1
[2019/11/06-00:50:33.340] [info] [Thread-4] [ConvertServer]	[2019/11/06-00:50:33] 46: GET /stats.xml HTTP/1.1
[2019/11/06-00:51:33.315] [info] [Thread-4] [ConvertServer]	[2019/11/06-00:51:33] 45: GET /stats.xml HTTP/1.1
[2019/11/06-00:52:33.274] [info] [Thread-4] [ConvertServer]	[2019/11/06-00:52:33] 46: GET /stats.xml HTTP/1.1
[2019/11/06-00:53:33.346] [info] [Thread-4] [ConvertServer]	[2019/11/06-00:53:33] 45: GET /stats.xml HTTP/1.1
[2019/11/06-00:54:33.258] [info] [Thread-4] [ConvertServer]	[2019/11/06-00:54:33] 46: GET /stats.xml HTTP/1.1
[2019/11/06-00:55:33.245] [info] [Thread-4] [ConvertServer]	[2019/11/06-00:55:33] 45: GET /stats.xml HTTP/1.1
[2019/11/06-00:56:33.283] [info] [Thread-4] [ConvertServer]	[2019/11/06-00:56:33] 46: GET /stats.xml HTTP/1.1
[2019/11/06-00:57:33.274] [info] [Thread-4] [ConvertServer]	[2019/11/06-00:57:33] 45: GET /stats.xml HTTP/1.1
[2019/11/06-00:58:33.276] [info] [Thread-4] [ConvertServer]	[2019/11/06-00:58:33] 46: GET /stats.xml HTTP/1.1
[2019/11/06-00:59:33.300] [info] [Thread-4] [ConvertServer]	[2019/11/06-00:59:33] 45: GET /stats.xml HTTP/1.1
[2019/11/06-01:00:33.343] [info] [Thread-4] [ConvertServer]	[2019/11/06-01:00:33] 46: GET /stats.xml HTTP/1.1
[2019/11/06-01:01:33.347] [info] [Thread-4] [ConvertServer]	[2019/11/06-01:01:33] 45: GET /stats.xml HTTP/1.1
[2019/11/06-01:02:33.275] [info] [Thread-4] [ConvertServer]	[2019/11/06-01:02:33] 46: GET /stats.xml HTTP/1.1
[2019/11/06-01:03:33.265] [info] [Thread-4] [ConvertServer]	[2019/11/06-01:03:33] 45: GET /stats.xml HTTP/1.1
[2019/11/06-01:03:34.362] [info] [Thread-4] [ConvertServer]	[2019/11/06-01:03:34] Child 13084 closed (alive for 4154503991s)
[2019/11/06-01:04:33.313] [info] [Thread-4] [ConvertServer]	[2019/11/06-01:04:33] 46: GET /stats.xml HTTP/1.1
[2019/11/06-01:04:33.353] [info] [Thread-4] [ConvertServer]	[2019/11/06-01:04:33] [31347] [info] loading /busapps/dpmu/gbl0/3DSpaceIndex/linux_a64/cv/tools/../amd64-linux/bin/ngconvert --port-feedback-http http://127.0.0.1:33520/tadaima --parent-process-id 10709 --log --port 0.0.0.0:16022 --pdf-config resource:///xpdf/xpdfrc.with-config --loose-text-conversion --enable-gd --netcam-probe --max-recursion-depth 1 --max-recursion-documents 2147483647 --max-recursion-documents-total 2147483647 --enable-utf-32 --enable-document-chars --meta-separator-char _ --excel-date-format 0 --disable-auto-32 --tmpdir /busdata/dpmu/gbl0/data/cv/bin/../tmp --maxcore 0 --tmpdir-create --tmpdir-pid --tmpdir /busdata/dpmu/gbl0/data/cv/bin/../tmp/ngconvert_prwy7p749ur25kjthgfy0i0u02 --parent-process-id 10882 --child=minion-10882-140498530440960-1572998673313696-46
[2019/11/06-01:04:33.353] [info] [Thread-4] [ConvertServer]	[2019/11/06-01:04:33] [31347] minion outside-in entering in new lair
[2019/11/06-01:04:33.354] [info] [Thread-4] [ConvertServer]	[2019/11/06-01:04:33] 45: mnRegister minion-10882-140498530440960-1572998673313696-46
[2019/11/06-01:04:33.366] [info] [Thread-4] [ConvertServer]	[2019/11/06-01:04:33] [31347] [info] probed GD (graphic handling) libraries
[2019/11/06-01:05:33.277] [info] [Thread-4] [ConvertServer]	[2019/11/06-01:05:33] 47: GET /stats.xml HTTP/1.1
[2019/11/06-01:06:33.248] [info] [Thread-4] [ConvertServer]	[2019/11/06-01:06:33] 46: GET /stats.xml HTTP/1.1
[2019/11/06-01:07:33.312] [info] [Thread-4] [ConvertServer]	[2019/11/06-01:07:33] 47: GET /stats.xml HTTP/1.1
[2019/11/06-01:08:33.317] [info] [Thread-4] [ConvertServer]	[2019/11/06-01:08:33] 46: GET /stats.xml HTTP/1.1
[2019/11/06-01:09:33.314] [info] [Thread-4] [ConvertServer]	[2019/11/06-01:09:33] 47: GET /stats.xml HTTP/1.1
[2019/11/06-01:10:33.310] [info] [Thread-4] [ConvertServer]	[2019/11/06-01:10:33] 46: GET /stats.xml HTTP/1.1
[2019/11/06-01:11:33.282] [info] [Thread-4] [ConvertServer]	[2019/11/06-01:11:33] 47: GET /stats.xml HTTP/1.1
[2019/11/06-01:12:33.289] [info] [Thread-4] [ConvertServer]	[2019/11/06-01:12:33] 46: GET /stats.xml HTTP/1.1
[2019/11/06-01:13:33.293] [info] [Thread-4] [ConvertServer]	[2019/11/06-01:13:33] 47: GET /stats.xml HTTP/1.1
[2019/11/06-01:14:33.269] [info] [Thread-4] [ConvertServer]	[2019/11/06-01:14:33] 46: GET /stats.xml HTTP/1.1
[2019/11/06-01:15:33.404] [info] [Thread-4] [ConvertServer]	[2019/11/06-01:15:33] 47: GET /stats.xml HTTP/1.1
[2019/11/06-01:16:33.365] [info] [Thread-4] [ConvertServer]	[2019/11/06-01:16:33] 46: GET /stats.xml HTTP/1.1
[2019/11/06-01:17:33.286] [info] [Thread-4] [ConvertServer]	[2019/11/06-01:17:33] 47: GET /stats.xml HTTP/1.1
[2019/11/06-01:18:33.257] [info] [Thread-4] [ConvertServer]	[2019/11/06-01:18:33] 46: GET /stats.xml HTTP/1.1
[2019/11/06-01:19:33.333] [info] [Thread-4] [ConvertServer]	[2019/11/06-01:19:33] 47: GET /stats.xml HTTP/1.1
[2019/11/06-01:20:33.305] [info] [Thread-4] [ConvertServer]	[2019/11/06-01:20:33] 46: GET /stats.xml HTTP/1.1
[2019/11/06-01:21:33.302] [info] [Thread-4] [ConvertServer]	[2019/11/06-01:21:33] 47: GET /stats.xml HTTP/1.1
[2019/11/06-01:22:33.260] [info] [Thread-4] [ConvertServer]	[2019/11/06-01:22:33] 46: GET /stats.xml HTTP/1.1
[2019/11/06-01:23:33.263] [info] [Thread-4] [ConvertServer]	[2019/11/06-01:23:33] 47: GET /stats.xml HTTP/1.1
[2019/11/06-01:24:33.275] [info] [Thread-4] [ConvertServer]	[2019/11/06-01:24:33] 46: GET /stats.xml HTTP/1.1
[2019/11/06-01:25:33.257] [info] [Thread-4] [ConvertServer]	[2019/11/06-01:25:33] 47: GET /stats.xml HTTP/1.1
[2019/11/06-01:26:33.259] [info] [Thread-4] [ConvertServer]	[2019/11/06-01:26:33] 46: GET /stats.xml HTTP/1.1
[2019/11/06-01:27:33.268] [info] [Thread-4] [ConvertServer]	[2019/11/06-01:27:33] 47: GET /stats.xml HTTP/1.1
[2019/11/06-01:28:33.289] [info] [Thread-4] [ConvertServer]	[2019/11/06-01:28:33] 46: GET /stats.xml HTTP/1.1
[2019/11/06-01:29:33.282] [info] [Thread-4] [ConvertServer]	[2019/11/06-01:29:33] 47: GET /stats.xml HTTP/1.1
[2019/11/06-01:30:33.298] [info] [Thread-4] [ConvertServer]	[2019/11/06-01:30:33] 46: GET /stats.xml HTTP/1.1
[2019/11/06-01:31:33.256] [info] [Thread-4] [ConvertServer]	[2019/11/06-01:31:33] 47: GET /stats.xml HTTP/1.1
[2019/11/06-01:32:33.287] [info] [Thread-4] [ConvertServer]	[2019/11/06-01:32:33] 46: GET /stats.xml HTTP/1.1
[2019/11/06-01:33:33.263] [info] [Thread-4] [ConvertServer]	[2019/11/06-01:33:33] 47: GET /stats.xml HTTP/1.1
[2019/11/06-01:34:33.310] [info] [Thread-4] [ConvertServer]	[2019/11/06-01:34:33] 46: GET /stats.xml HTTP/1.1
[2019/11/06-01:35:33.278] [info] [Thread-4] [ConvertServer]	[2019/11/06-01:35:33] 47: GET /stats.xml HTTP/1.1
[2019/11/06-01:36:33.274] [info] [Thread-4] [ConvertServer]	[2019/11/06-01:36:33] 46: GET /stats.xml HTTP/1.1
[2019/11/06-01:37:33.286] [info] [Thread-4] [ConvertServer]	[2019/11/06-01:37:33] 47: GET /stats.xml HTTP/1.1
[2019/11/06-01:38:33.273] [info] [Thread-4] [ConvertServer]	[2019/11/06-01:38:33] 46: GET /stats.xml HTTP/1.1
[2019/11/06-01:39:33.277] [info] [Thread-4] [ConvertServer]	[2019/11/06-01:39:33] 47: GET /stats.xml HTTP/1.1
[2019/11/06-01:40:33.252] [info] [Thread-4] [ConvertServer]	[2019/11/06-01:40:33] 46: GET /stats.xml HTTP/1.1
[2019/11/06-01:41:33.265] [info] [Thread-4] [ConvertServer]	[2019/11/06-01:41:33] 47: GET /stats.xml HTTP/1.1
[2019/11/06-01:42:33.264] [info] [Thread-4] [ConvertServer]	[2019/11/06-01:42:33] 46: GET /stats.xml HTTP/1.1
[2019/11/06-01:43:33.280] [info] [Thread-4] [ConvertServer]	[2019/11/06-01:43:33] 47: GET /stats.xml HTTP/1.1
[2019/11/06-01:44:33.271] [info] [Thread-4] [ConvertServer]	[2019/11/06-01:44:33] 46: GET /stats.xml HTTP/1.1
[2019/11/06-01:45:33.250] [info] [Thread-4] [ConvertServer]	[2019/11/06-01:45:33] 47: GET /stats.xml HTTP/1.1
[2019/11/06-01:46:33.308] [info] [Thread-4] [ConvertServer]	[2019/11/06-01:46:33] 46: GET /stats.xml HTTP/1.1
[2019/11/06-01:47:33.312] [info] [Thread-4] [ConvertServer]	[2019/11/06-01:47:33] 47: GET /stats.xml HTTP/1.1
[2019/11/06-01:48:33.284] [info] [Thread-4] [ConvertServer]	[2019/11/06-01:48:33] 46: GET /stats.xml HTTP/1.1
[2019/11/06-01:49:33.298] [info] [Thread-4] [ConvertServer]	[2019/11/06-01:49:33] 47: GET /stats.xml HTTP/1.1
[2019/11/06-01:50:33.304] [info] [Thread-4] [ConvertServer]	[2019/11/06-01:50:33] 46: GET /stats.xml HTTP/1.1
[2019/11/06-01:51:33.294] [info] [Thread-4] [ConvertServer]	[2019/11/06-01:51:33] 47: GET /stats.xml HTTP/1.1
[2019/11/06-01:52:33.316] [info] [Thread-4] [ConvertServer]	[2019/11/06-01:52:33] 46: GET /stats.xml HTTP/1.1
[2019/11/06-01:53:33.234] [info] [Thread-4] [ConvertServer]	[2019/11/06-01:53:33] 47: GET /stats.xml HTTP/1.1
[2019/11/06-01:54:33.280] [info] [Thread-4] [ConvertServer]	[2019/11/06-01:54:33] 46: GET /stats.xml HTTP/1.1
[2019/11/06-01:55:33.271] [info] [Thread-4] [ConvertServer]	[2019/11/06-01:55:33] 47: GET /stats.xml HTTP/1.1
[2019/11/06-01:56:33.281] [info] [Thread-4] [ConvertServer]	[2019/11/06-01:56:33] 46: GET /stats.xml HTTP/1.1
[2019/11/06-01:57:33.291] [info] [Thread-4] [ConvertServer]	[2019/11/06-01:57:33] 47: GET /stats.xml HTTP/1.1
[2019/11/06-01:58:33.284] [info] [Thread-4] [ConvertServer]	[2019/11/06-01:58:33] 46: GET /stats.xml HTTP/1.1
[2019/11/06-01:59:33.258] [info] [Thread-4] [ConvertServer]	[2019/11/06-01:59:33] 47: GET /stats.xml HTTP/1.1
[2019/11/06-02:00:33.266] [info] [Thread-4] [ConvertServer]	[2019/11/06-02:00:33] 46: GET /stats.xml HTTP/1.1
[2019/11/06-02:01:33.284] [info] [Thread-4] [ConvertServer]	[2019/11/06-02:01:33] 47: GET /stats.xml HTTP/1.1
[2019/11/06-02:02:33.265] [info] [Thread-4] [ConvertServer]	[2019/11/06-02:02:33] 46: GET /stats.xml HTTP/1.1
[2019/11/06-02:03:33.269] [info] [Thread-4] [ConvertServer]	[2019/11/06-02:03:33] 47: GET /stats.xml HTTP/1.1
[2019/11/06-02:04:33.281] [info] [Thread-4] [ConvertServer]	[2019/11/06-02:04:33] 46: GET /stats.xml HTTP/1.1
[2019/11/06-02:04:33.390] [info] [Thread-4] [ConvertServer]	[2019/11/06-02:04:33] Child 31347 closed (alive for 4154503990s)
[2019/11/06-02:05:33.285] [info] [Thread-4] [ConvertServer]	[2019/11/06-02:05:33] 47: GET /stats.xml HTTP/1.1
[2019/11/06-02:05:33.327] [info] [Thread-4] [ConvertServer]	[2019/11/06-02:05:33] [48648] [info] loading /busapps/dpmu/gbl0/3DSpaceIndex/linux_a64/cv/tools/../amd64-linux/bin/ngconvert --port-feedback-http http://127.0.0.1:33520/tadaima --parent-process-id 10709 --log --port 0.0.0.0:16022 --pdf-config resource:///xpdf/xpdfrc.with-config --loose-text-conversion --enable-gd --netcam-probe --max-recursion-depth 1 --max-recursion-documents 2147483647 --max-recursion-documents-total 2147483647 --enable-utf-32 --enable-document-chars --meta-separator-char _ --excel-date-format 0 --disable-auto-32 --tmpdir /busdata/dpmu/gbl0/data/cv/bin/../tmp --maxcore 0 --tmpdir-create --tmpdir-pid --tmpdir /busdata/dpmu/gbl0/data/cv/bin/../tmp/ngconvert_prwy7p749ur25kjthgfy0i0u02 --parent-process-id 10882 --child=minion-10882-140498547226368-1573002333284688-47
[2019/11/06-02:05:33.328] [info] [Thread-4] [ConvertServer]	[2019/11/06-02:05:33] [48648] minion outside-in entering in new lair
[2019/11/06-02:05:33.328] [info] [Thread-4] [ConvertServer]	[2019/11/06-02:05:33] 46: mnRegister minion-10882-140498547226368-1573002333284688-47
[2019/11/06-02:05:33.338] [info] [Thread-4] [ConvertServer]	[2019/11/06-02:05:33] [48648] [info] probed GD (graphic handling) libraries
[2019/11/06-02:06:33.270] [info] [Thread-4] [ConvertServer]	[2019/11/06-02:06:33] 48: GET /stats.xml HTTP/1.1
[2019/11/06-02:07:33.304] [info] [Thread-4] [ConvertServer]	[2019/11/06-02:07:33] 47: GET /stats.xml HTTP/1.1
[2019/11/06-02:08:33.348] [info] [Thread-4] [ConvertServer]	[2019/11/06-02:08:33] 48: GET /stats.xml HTTP/1.1
[2019/11/06-02:09:33.258] [info] [Thread-4] [ConvertServer]	[2019/11/06-02:09:33] 47: GET /stats.xml HTTP/1.1
[2019/11/06-02:10:33.262] [info] [Thread-4] [ConvertServer]	[2019/11/06-02:10:33] 48: GET /stats.xml HTTP/1.1
[2019/11/06-02:11:33.265] [info] [Thread-4] [ConvertServer]	[2019/11/06-02:11:33] 47: GET /stats.xml HTTP/1.1
[2019/11/06-02:12:33.251] [info] [Thread-4] [ConvertServer]	[2019/11/06-02:12:33] 48: GET /stats.xml HTTP/1.1
[2019/11/06-02:13:33.255] [info] [Thread-4] [ConvertServer]	[2019/11/06-02:13:33] 47: GET /stats.xml HTTP/1.1
[2019/11/06-02:14:33.274] [info] [Thread-4] [ConvertServer]	[2019/11/06-02:14:33] 48: GET /stats.xml HTTP/1.1
[2019/11/06-02:15:33.299] [info] [Thread-4] [ConvertServer]	[2019/11/06-02:15:33] 47: GET /stats.xml HTTP/1.1
[2019/11/06-02:16:33.258] [info] [Thread-4] [ConvertServer]	[2019/11/06-02:16:33] 48: GET /stats.xml HTTP/1.1
[2019/11/06-02:17:33.220] [info] [Thread-4] [ConvertServer]	[2019/11/06-02:17:33] 47: GET /stats.xml HTTP/1.1
[2019/11/06-02:18:33.304] [info] [Thread-4] [ConvertServer]	[2019/11/06-02:18:33] 48: GET /stats.xml HTTP/1.1
[2019/11/06-02:19:33.256] [info] [Thread-4] [ConvertServer]	[2019/11/06-02:19:33] 47: GET /stats.xml HTTP/1.1
[2019/11/06-02:20:33.302] [info] [Thread-4] [ConvertServer]	[2019/11/06-02:20:33] 48: GET /stats.xml HTTP/1.1
[2019/11/06-02:21:33.250] [info] [Thread-4] [ConvertServer]	[2019/11/06-02:21:33] 47: GET /stats.xml HTTP/1.1
[2019/11/06-02:22:33.256] [info] [Thread-4] [ConvertServer]	[2019/11/06-02:22:33] 48: GET /stats.xml HTTP/1.1
[2019/11/06-02:23:33.225] [info] [Thread-4] [ConvertServer]	[2019/11/06-02:23:33] 47: GET /stats.xml HTTP/1.1
[2019/11/06-02:24:33.286] [info] [Thread-4] [ConvertServer]	[2019/11/06-02:24:33] 48: GET /stats.xml HTTP/1.1
[2019/11/06-02:25:33.291] [info] [Thread-4] [ConvertServer]	[2019/11/06-02:25:33] 47: GET /stats.xml HTTP/1.1
[2019/11/06-02:26:33.289] [info] [Thread-4] [ConvertServer]	[2019/11/06-02:26:33] 48: GET /stats.xml HTTP/1.1
[2019/11/06-02:27:33.280] [info] [Thread-4] [ConvertServer]	[2019/11/06-02:27:33] 47: GET /stats.xml HTTP/1.1
[2019/11/06-02:28:33.308] [info] [Thread-4] [ConvertServer]	[2019/11/06-02:28:33] 48: GET /stats.xml HTTP/1.1
[2019/11/06-02:29:33.273] [info] [Thread-4] [ConvertServer]	[2019/11/06-02:29:33] 47: GET /stats.xml HTTP/1.1
[2019/11/06-02:30:33.339] [info] [Thread-4] [ConvertServer]	[2019/11/06-02:30:33] 48: GET /stats.xml HTTP/1.1
[2019/11/06-02:31:33.260] [info] [Thread-4] [ConvertServer]	[2019/11/06-02:31:33] 47: GET /stats.xml HTTP/1.1
[2019/11/06-02:32:33.280] [info] [Thread-4] [ConvertServer]	[2019/11/06-02:32:33] 48: GET /stats.xml HTTP/1.1
[2019/11/06-02:33:33.311] [info] [Thread-4] [ConvertServer]	[2019/11/06-02:33:33] 47: GET /stats.xml HTTP/1.1
[2019/11/06-02:34:33.331] [info] [Thread-4] [ConvertServer]	[2019/11/06-02:34:33] 48: GET /stats.xml HTTP/1.1
[2019/11/06-02:35:33.285] [info] [Thread-4] [ConvertServer]	[2019/11/06-02:35:33] 47: GET /stats.xml HTTP/1.1
[2019/11/06-02:36:33.271] [info] [Thread-4] [ConvertServer]	[2019/11/06-02:36:33] 48: GET /stats.xml HTTP/1.1
[2019/11/06-02:37:33.300] [info] [Thread-4] [ConvertServer]	[2019/11/06-02:37:33] 47: GET /stats.xml HTTP/1.1
[2019/11/06-02:38:33.279] [info] [Thread-4] [ConvertServer]	[2019/11/06-02:38:33] 48: GET /stats.xml HTTP/1.1
[2019/11/06-02:39:33.251] [info] [Thread-4] [ConvertServer]	[2019/11/06-02:39:33] 47: GET /stats.xml HTTP/1.1
[2019/11/06-02:40:33.263] [info] [Thread-4] [ConvertServer]	[2019/11/06-02:40:33] 48: GET /stats.xml HTTP/1.1
[2019/11/06-02:41:33.247] [info] [Thread-4] [ConvertServer]	[2019/11/06-02:41:33] 47: GET /stats.xml HTTP/1.1
[2019/11/06-02:42:33.253] [info] [Thread-4] [ConvertServer]	[2019/11/06-02:42:33] 48: GET /stats.xml HTTP/1.1
[2019/11/06-02:43:33.240] [info] [Thread-4] [ConvertServer]	[2019/11/06-02:43:33] 47: GET /stats.xml HTTP/1.1
[2019/11/06-02:44:33.283] [info] [Thread-4] [ConvertServer]	[2019/11/06-02:44:33] 48: GET /stats.xml HTTP/1.1
[2019/11/06-02:45:33.427] [info] [Thread-4] [ConvertServer]	[2019/11/06-02:45:33] 47: GET /stats.xml HTTP/1.1
[2019/11/06-02:46:33.334] [info] [Thread-4] [ConvertServer]	[2019/11/06-02:46:33] 48: GET /stats.xml HTTP/1.1
[2019/11/06-02:47:33.254] [info] [Thread-4] [ConvertServer]	[2019/11/06-02:47:33] 47: GET /stats.xml HTTP/1.1
[2019/11/06-02:48:33.258] [info] [Thread-4] [ConvertServer]	[2019/11/06-02:48:33] 48: GET /stats.xml HTTP/1.1
[2019/11/06-02:49:33.303] [info] [Thread-4] [ConvertServer]	[2019/11/06-02:49:33] 47: GET /stats.xml HTTP/1.1
[2019/11/06-02:50:33.280] [info] [Thread-4] [ConvertServer]	[2019/11/06-02:50:33] 48: GET /stats.xml HTTP/1.1
[2019/11/06-02:51:33.251] [info] [Thread-4] [ConvertServer]	[2019/11/06-02:51:33] 47: GET /stats.xml HTTP/1.1
[2019/11/06-02:52:33.248] [info] [Thread-4] [ConvertServer]	[2019/11/06-02:52:33] 48: GET /stats.xml HTTP/1.1
[2019/11/06-02:53:33.285] [info] [Thread-4] [ConvertServer]	[2019/11/06-02:53:33] 47: GET /stats.xml HTTP/1.1
[2019/11/06-02:54:33.250] [info] [Thread-4] [ConvertServer]	[2019/11/06-02:54:33] 48: GET /stats.xml HTTP/1.1
[2019/11/06-02:55:33.277] [info] [Thread-4] [ConvertServer]	[2019/11/06-02:55:33] 47: GET /stats.xml HTTP/1.1
[2019/11/06-02:56:33.281] [info] [Thread-4] [ConvertServer]	[2019/11/06-02:56:33] 48: GET /stats.xml HTTP/1.1
[2019/11/06-02:57:33.253] [info] [Thread-4] [ConvertServer]	[2019/11/06-02:57:33] 47: GET /stats.xml HTTP/1.1
[2019/11/06-02:58:33.251] [info] [Thread-4] [ConvertServer]	[2019/11/06-02:58:33] 48: GET /stats.xml HTTP/1.1
[2019/11/06-02:59:33.273] [info] [Thread-4] [ConvertServer]	[2019/11/06-02:59:33] 47: GET /stats.xml HTTP/1.1
[2019/11/06-03:00:33.293] [info] [Thread-4] [ConvertServer]	[2019/11/06-03:00:33] 48: GET /stats.xml HTTP/1.1
[2019/11/06-03:01:33.335] [info] [Thread-4] [ConvertServer]	[2019/11/06-03:01:33] 47: GET /stats.xml HTTP/1.1
[2019/11/06-03:02:33.447] [info] [Thread-4] [ConvertServer]	[2019/11/06-03:02:33] 48: GET /stats.xml HTTP/1.1
[2019/11/06-03:03:33.256] [info] [Thread-4] [ConvertServer]	[2019/11/06-03:03:33] 47: GET /stats.xml HTTP/1.1
[2019/11/06-03:04:33.266] [info] [Thread-4] [ConvertServer]	[2019/11/06-03:04:33] 48: GET /stats.xml HTTP/1.1
[2019/11/06-03:05:33.258] [info] [Thread-4] [ConvertServer]	[2019/11/06-03:05:33] 47: GET /stats.xml HTTP/1.1
[2019/11/06-03:05:34.440] [info] [Thread-4] [ConvertServer]	[2019/11/06-03:05:34] Child 48648 closed (alive for 4154503991s)
[2019/11/06-03:06:33.251] [info] [Thread-4] [ConvertServer]	[2019/11/06-03:06:33] 48: GET /stats.xml HTTP/1.1
[2019/11/06-03:06:33.290] [info] [Thread-4] [ConvertServer]	[2019/11/06-03:06:33] [65180] [info] loading /busapps/dpmu/gbl0/3DSpaceIndex/linux_a64/cv/tools/../amd64-linux/bin/ngconvert --port-feedback-http http://127.0.0.1:33520/tadaima --parent-process-id 10709 --log --port 0.0.0.0:16022 --pdf-config resource:///xpdf/xpdfrc.with-config --loose-text-conversion --enable-gd --netcam-probe --max-recursion-depth 1 --max-recursion-documents 2147483647 --max-recursion-documents-total 2147483647 --enable-utf-32 --enable-document-chars --meta-separator-char _ --excel-date-format 0 --disable-auto-32 --tmpdir /busdata/dpmu/gbl0/data/cv/bin/../tmp --maxcore 0 --tmpdir-create --tmpdir-pid --tmpdir /busdata/dpmu/gbl0/data/cv/bin/../tmp/ngconvert_prwy7p749ur25kjthgfy0i0u02 --parent-process-id 10882 --child=minion-10882-140498538833664-1573005993251137-48
[2019/11/06-03:06:33.291] [info] [Thread-4] [ConvertServer]	[2019/11/06-03:06:33] [65180] minion outside-in entering in new lair
[2019/11/06-03:06:33.291] [info] [Thread-4] [ConvertServer]	[2019/11/06-03:06:33] 47: mnRegister minion-10882-140498538833664-1573005993251137-48
[2019/11/06-03:06:33.302] [info] [Thread-4] [ConvertServer]	[2019/11/06-03:06:33] [65180] [info] probed GD (graphic handling) libraries
[2019/11/06-03:07:33.264] [info] [Thread-4] [ConvertServer]	[2019/11/06-03:07:33] 49: GET /stats.xml HTTP/1.1
[2019/11/06-03:08:33.283] [info] [Thread-4] [ConvertServer]	[2019/11/06-03:08:33] 48: GET /stats.xml HTTP/1.1
[2019/11/06-03:09:33.255] [info] [Thread-4] [ConvertServer]	[2019/11/06-03:09:33] 49: GET /stats.xml HTTP/1.1
[2019/11/06-03:10:33.236] [info] [Thread-4] [ConvertServer]	[2019/11/06-03:10:33] 48: GET /stats.xml HTTP/1.1
[2019/11/06-03:11:33.247] [info] [Thread-4] [ConvertServer]	[2019/11/06-03:11:33] 49: GET /stats.xml HTTP/1.1
[2019/11/06-03:12:33.279] [info] [Thread-4] [ConvertServer]	[2019/11/06-03:12:33] 48: GET /stats.xml HTTP/1.1
[2019/11/06-03:13:33.295] [info] [Thread-4] [ConvertServer]	[2019/11/06-03:13:33] 49: GET /stats.xml HTTP/1.1
[2019/11/06-03:14:33.273] [info] [Thread-4] [ConvertServer]	[2019/11/06-03:14:33] 48: GET /stats.xml HTTP/1.1
[2019/11/06-03:15:33.293] [info] [Thread-4] [ConvertServer]	[2019/11/06-03:15:33] 49: GET /stats.xml HTTP/1.1
[2019/11/06-03:16:33.292] [info] [Thread-4] [ConvertServer]	[2019/11/06-03:16:33] 48: GET /stats.xml HTTP/1.1
[2019/11/06-03:17:33.278] [info] [Thread-4] [ConvertServer]	[2019/11/06-03:17:33] 49: GET /stats.xml HTTP/1.1
[2019/11/06-03:18:33.269] [info] [Thread-4] [ConvertServer]	[2019/11/06-03:18:33] 48: GET /stats.xml HTTP/1.1
[2019/11/06-03:19:33.259] [info] [Thread-4] [ConvertServer]	[2019/11/06-03:19:33] 49: GET /stats.xml HTTP/1.1
[2019/11/06-03:20:33.266] [info] [Thread-4] [ConvertServer]	[2019/11/06-03:20:33] 48: GET /stats.xml HTTP/1.1
[2019/11/06-03:21:33.290] [info] [Thread-4] [ConvertServer]	[2019/11/06-03:21:33] 49: GET /stats.xml HTTP/1.1
[2019/11/06-03:22:33.279] [info] [Thread-4] [ConvertServer]	[2019/11/06-03:22:33] 48: GET /stats.xml HTTP/1.1
[2019/11/06-03:23:33.304] [info] [Thread-4] [ConvertServer]	[2019/11/06-03:23:33] 49: GET /stats.xml HTTP/1.1
[2019/11/06-03:24:33.290] [info] [Thread-4] [ConvertServer]	[2019/11/06-03:24:33] 48: GET /stats.xml HTTP/1.1
[2019/11/06-03:25:33.263] [info] [Thread-4] [ConvertServer]	[2019/11/06-03:25:33] 49: GET /stats.xml HTTP/1.1
[2019/11/06-03:26:33.304] [info] [Thread-4] [ConvertServer]	[2019/11/06-03:26:33] 48: GET /stats.xml HTTP/1.1
[2019/11/06-03:27:33.254] [info] [Thread-4] [ConvertServer]	[2019/11/06-03:27:33] 49: GET /stats.xml HTTP/1.1
[2019/11/06-03:28:33.264] [info] [Thread-4] [ConvertServer]	[2019/11/06-03:28:33] 48: GET /stats.xml HTTP/1.1
[2019/11/06-03:29:33.308] [info] [Thread-4] [ConvertServer]	[2019/11/06-03:29:33] 49: GET /stats.xml HTTP/1.1
[2019/11/06-03:30:33.287] [info] [Thread-4] [ConvertServer]	[2019/11/06-03:30:33] 48: GET /stats.xml HTTP/1.1
[2019/11/06-03:31:33.278] [info] [Thread-4] [ConvertServer]	[2019/11/06-03:31:33] 49: GET /stats.xml HTTP/1.1
[2019/11/06-03:32:33.268] [info] [Thread-4] [ConvertServer]	[2019/11/06-03:32:33] 48: GET /stats.xml HTTP/1.1
[2019/11/06-03:33:33.278] [info] [Thread-4] [ConvertServer]	[2019/11/06-03:33:33] 49: GET /stats.xml HTTP/1.1
[2019/11/06-03:34:33.265] [info] [Thread-4] [ConvertServer]	[2019/11/06-03:34:33] 48: GET /stats.xml HTTP/1.1
[2019/11/06-03:35:33.335] [info] [Thread-4] [ConvertServer]	[2019/11/06-03:35:33] 49: GET /stats.xml HTTP/1.1
[2019/11/06-03:36:33.341] [info] [Thread-4] [ConvertServer]	[2019/11/06-03:36:33] 48: GET /stats.xml HTTP/1.1
[2019/11/06-03:37:33.286] [info] [Thread-4] [ConvertServer]	[2019/11/06-03:37:33] 49: GET /stats.xml HTTP/1.1
[2019/11/06-03:38:33.285] [info] [Thread-4] [ConvertServer]	[2019/11/06-03:38:33] 48: GET /stats.xml HTTP/1.1
[2019/11/06-03:39:33.249] [info] [Thread-4] [ConvertServer]	[2019/11/06-03:39:33] 49: GET /stats.xml HTTP/1.1
[2019/11/06-03:40:33.251] [info] [Thread-4] [ConvertServer]	[2019/11/06-03:40:33] 48: GET /stats.xml HTTP/1.1
[2019/11/06-03:41:33.264] [info] [Thread-4] [ConvertServer]	[2019/11/06-03:41:33] 49: GET /stats.xml HTTP/1.1
[2019/11/06-03:42:33.251] [info] [Thread-4] [ConvertServer]	[2019/11/06-03:42:33] 48: GET /stats.xml HTTP/1.1
[2019/11/06-03:43:33.355] [info] [Thread-4] [ConvertServer]	[2019/11/06-03:43:33] 49: GET /stats.xml HTTP/1.1
[2019/11/06-03:44:33.262] [info] [Thread-4] [ConvertServer]	[2019/11/06-03:44:33] 48: GET /stats.xml HTTP/1.1
[2019/11/06-03:45:33.269] [info] [Thread-4] [ConvertServer]	[2019/11/06-03:45:33] 49: GET /stats.xml HTTP/1.1
[2019/11/06-03:46:33.256] [info] [Thread-4] [ConvertServer]	[2019/11/06-03:46:33] 48: GET /stats.xml HTTP/1.1
[2019/11/06-03:47:33.264] [info] [Thread-4] [ConvertServer]	[2019/11/06-03:47:33] 49: GET /stats.xml HTTP/1.1
[2019/11/06-03:48:33.276] [info] [Thread-4] [ConvertServer]	[2019/11/06-03:48:33] 48: GET /stats.xml HTTP/1.1
[2019/11/06-03:49:33.253] [info] [Thread-4] [ConvertServer]	[2019/11/06-03:49:33] 49: GET /stats.xml HTTP/1.1
[2019/11/06-03:50:33.267] [info] [Thread-4] [ConvertServer]	[2019/11/06-03:50:33] 48: GET /stats.xml HTTP/1.1
[2019/11/06-03:51:33.355] [info] [Thread-4] [ConvertServer]	[2019/11/06-03:51:33] 49: GET /stats.xml HTTP/1.1
[2019/11/06-03:52:33.259] [info] [Thread-4] [ConvertServer]	[2019/11/06-03:52:33] 48: GET /stats.xml HTTP/1.1
[2019/11/06-03:53:33.273] [info] [Thread-4] [ConvertServer]	[2019/11/06-03:53:33] 49: GET /stats.xml HTTP/1.1
[2019/11/06-03:54:33.254] [info] [Thread-4] [ConvertServer]	[2019/11/06-03:54:33] 48: GET /stats.xml HTTP/1.1
[2019/11/06-03:55:33.307] [info] [Thread-4] [ConvertServer]	[2019/11/06-03:55:33] 49: GET /stats.xml HTTP/1.1
[2019/11/06-03:56:33.256] [info] [Thread-4] [ConvertServer]	[2019/11/06-03:56:33] 48: GET /stats.xml HTTP/1.1
[2019/11/06-03:57:33.262] [info] [Thread-4] [ConvertServer]	[2019/11/06-03:57:33] 49: GET /stats.xml HTTP/1.1
[2019/11/06-03:58:33.303] [info] [Thread-4] [ConvertServer]	[2019/11/06-03:58:33] 48: GET /stats.xml HTTP/1.1
[2019/11/06-03:59:33.257] [info] [Thread-4] [ConvertServer]	[2019/11/06-03:59:33] 49: GET /stats.xml HTTP/1.1
[2019/11/06-04:00:33.256] [info] [Thread-4] [ConvertServer]	[2019/11/06-04:00:33] 48: GET /stats.xml HTTP/1.1
[2019/11/06-04:01:33.249] [info] [Thread-4] [ConvertServer]	[2019/11/06-04:01:33] 49: GET /stats.xml HTTP/1.1
[2019/11/06-04:02:33.259] [info] [Thread-4] [ConvertServer]	[2019/11/06-04:02:33] 48: GET /stats.xml HTTP/1.1
[2019/11/06-04:03:33.251] [info] [Thread-4] [ConvertServer]	[2019/11/06-04:03:33] 49: GET /stats.xml HTTP/1.1
[2019/11/06-04:04:33.257] [info] [Thread-4] [ConvertServer]	[2019/11/06-04:04:33] 48: GET /stats.xml HTTP/1.1
[2019/11/06-04:05:33.328] [info] [Thread-4] [ConvertServer]	[2019/11/06-04:05:33] 49: GET /stats.xml HTTP/1.1
[2019/11/06-04:06:33.268] [info] [Thread-4] [ConvertServer]	[2019/11/06-04:06:33] 48: GET /stats.xml HTTP/1.1
[2019/11/06-04:06:33.335] [info] [Thread-4] [ConvertServer]	[2019/11/06-04:06:33] Child 65180 closed (alive for 4154503990s)
[2019/11/06-04:07:33.336] [info] [Thread-4] [ConvertServer]	[2019/11/06-04:07:33] 49: GET /stats.xml HTTP/1.1
[2019/11/06-04:07:33.378] [info] [Thread-4] [ConvertServer]	[2019/11/06-04:07:33] [20952] [info] loading /busapps/dpmu/gbl0/3DSpaceIndex/linux_a64/cv/tools/../amd64-linux/bin/ngconvert --port-feedback-http http://127.0.0.1:33520/tadaima --parent-process-id 10709 --log --port 0.0.0.0:16022 --pdf-config resource:///xpdf/xpdfrc.with-config --loose-text-conversion --enable-gd --netcam-probe --max-recursion-depth 1 --max-recursion-documents 2147483647 --max-recursion-documents-total 2147483647 --enable-utf-32 --enable-document-chars --meta-separator-char _ --excel-date-format 0 --disable-auto-32 --tmpdir /busdata/dpmu/gbl0/data/cv/bin/../tmp --maxcore 0 --tmpdir-create --tmpdir-pid --tmpdir /busdata/dpmu/gbl0/data/cv/bin/../tmp/ngconvert_prwy7p749ur25kjthgfy0i0u02 --parent-process-id 10882 --child=minion-10882-140498530440960-1573009653336241-49
[2019/11/06-04:07:33.379] [info] [Thread-4] [ConvertServer]	[2019/11/06-04:07:33] [20952] minion outside-in entering in new lair
[2019/11/06-04:07:33.379] [info] [Thread-4] [ConvertServer]	[2019/11/06-04:07:33] 48: mnRegister minion-10882-140498530440960-1573009653336241-49
[2019/11/06-04:07:33.392] [info] [Thread-4] [ConvertServer]	[2019/11/06-04:07:33] [20952] [info] probed GD (graphic handling) libraries
[2019/11/06-04:08:33.308] [info] [Thread-4] [ConvertServer]	[2019/11/06-04:08:33] 50: GET /stats.xml HTTP/1.1
[2019/11/06-04:09:33.263] [info] [Thread-4] [ConvertServer]	[2019/11/06-04:09:33] 49: GET /stats.xml HTTP/1.1
[2019/11/06-04:10:33.324] [info] [Thread-4] [ConvertServer]	[2019/11/06-04:10:33] 50: GET /stats.xml HTTP/1.1
[2019/11/06-04:11:33.325] [info] [Thread-4] [ConvertServer]	[2019/11/06-04:11:33] 49: GET /stats.xml HTTP/1.1
[2019/11/06-04:12:33.248] [info] [Thread-4] [ConvertServer]	[2019/11/06-04:12:33] 50: GET /stats.xml HTTP/1.1
[2019/11/06-04:13:33.285] [info] [Thread-4] [ConvertServer]	[2019/11/06-04:13:33] 49: GET /stats.xml HTTP/1.1
[2019/11/06-04:14:33.250] [info] [Thread-4] [ConvertServer]	[2019/11/06-04:14:33] 50: GET /stats.xml HTTP/1.1
[2019/11/06-04:15:33.325] [info] [Thread-4] [ConvertServer]	[2019/11/06-04:15:33] 49: GET /stats.xml HTTP/1.1
[2019/11/06-04:16:33.266] [info] [Thread-4] [ConvertServer]	[2019/11/06-04:16:33] 50: GET /stats.xml HTTP/1.1
[2019/11/06-04:17:33.232] [info] [Thread-4] [ConvertServer]	[2019/11/06-04:17:33] 49: GET /stats.xml HTTP/1.1
[2019/11/06-04:18:33.271] [info] [Thread-4] [ConvertServer]	[2019/11/06-04:18:33] 50: GET /stats.xml HTTP/1.1
[2019/11/06-04:19:33.295] [info] [Thread-4] [ConvertServer]	[2019/11/06-04:19:33] 49: GET /stats.xml HTTP/1.1
[2019/11/06-04:20:33.270] [info] [Thread-4] [ConvertServer]	[2019/11/06-04:20:33] 50: GET /stats.xml HTTP/1.1
[2019/11/06-04:21:33.262] [info] [Thread-4] [ConvertServer]	[2019/11/06-04:21:33] 49: GET /stats.xml HTTP/1.1
[2019/11/06-04:22:33.261] [info] [Thread-4] [ConvertServer]	[2019/11/06-04:22:33] 50: GET /stats.xml HTTP/1.1
[2019/11/06-04:23:33.335] [info] [Thread-4] [ConvertServer]	[2019/11/06-04:23:33] 49: GET /stats.xml HTTP/1.1
[2019/11/06-04:24:33.262] [info] [Thread-4] [ConvertServer]	[2019/11/06-04:24:33] 50: GET /stats.xml HTTP/1.1
[2019/11/06-04:25:33.295] [info] [Thread-4] [ConvertServer]	[2019/11/06-04:25:33] 49: GET /stats.xml HTTP/1.1
[2019/11/06-04:26:33.281] [info] [Thread-4] [ConvertServer]	[2019/11/06-04:26:33] 50: GET /stats.xml HTTP/1.1
[2019/11/06-04:27:33.271] [info] [Thread-4] [ConvertServer]	[2019/11/06-04:27:33] 49: GET /stats.xml HTTP/1.1
[2019/11/06-04:28:33.367] [info] [Thread-4] [ConvertServer]	[2019/11/06-04:28:33] 50: GET /stats.xml HTTP/1.1
[2019/11/06-04:29:33.266] [info] [Thread-4] [ConvertServer]	[2019/11/06-04:29:33] 49: GET /stats.xml HTTP/1.1
[2019/11/06-04:30:33.288] [info] [Thread-4] [ConvertServer]	[2019/11/06-04:30:33] 50: GET /stats.xml HTTP/1.1
[2019/11/06-04:31:33.286] [info] [Thread-4] [ConvertServer]	[2019/11/06-04:31:33] 49: GET /stats.xml HTTP/1.1
[2019/11/06-04:32:33.268] [info] [Thread-4] [ConvertServer]	[2019/11/06-04:32:33] 50: GET /stats.xml HTTP/1.1
[2019/11/06-04:33:33.261] [info] [Thread-4] [ConvertServer]	[2019/11/06-04:33:33] 49: GET /stats.xml HTTP/1.1
[2019/11/06-04:34:33.270] [info] [Thread-4] [ConvertServer]	[2019/11/06-04:34:33] 50: GET /stats.xml HTTP/1.1
[2019/11/06-04:35:33.282] [info] [Thread-4] [ConvertServer]	[2019/11/06-04:35:33] 49: GET /stats.xml HTTP/1.1
[2019/11/06-04:36:33.256] [info] [Thread-4] [ConvertServer]	[2019/11/06-04:36:33] 50: GET /stats.xml HTTP/1.1
[2019/11/06-04:37:33.252] [info] [Thread-4] [ConvertServer]	[2019/11/06-04:37:33] 49: GET /stats.xml HTTP/1.1
[2019/11/06-04:38:33.276] [info] [Thread-4] [ConvertServer]	[2019/11/06-04:38:33] 50: GET /stats.xml HTTP/1.1
[2019/11/06-04:39:33.267] [info] [Thread-4] [ConvertServer]	[2019/11/06-04:39:33] 49: GET /stats.xml HTTP/1.1
[2019/11/06-04:40:33.287] [info] [Thread-4] [ConvertServer]	[2019/11/06-04:40:33] 50: GET /stats.xml HTTP/1.1
[2019/11/06-04:41:33.308] [info] [Thread-4] [ConvertServer]	[2019/11/06-04:41:33] 49: GET /stats.xml HTTP/1.1
[2019/11/06-04:42:33.259] [info] [Thread-4] [ConvertServer]	[2019/11/06-04:42:33] 50: GET /stats.xml HTTP/1.1
[2019/11/06-04:43:33.300] [info] [Thread-4] [ConvertServer]	[2019/11/06-04:43:33] 49: GET /stats.xml HTTP/1.1
[2019/11/06-04:44:33.275] [info] [Thread-4] [ConvertServer]	[2019/11/06-04:44:33] 50: GET /stats.xml HTTP/1.1
[2019/11/06-04:45:33.272] [info] [Thread-4] [ConvertServer]	[2019/11/06-04:45:33] 49: GET /stats.xml HTTP/1.1
[2019/11/06-04:46:33.288] [info] [Thread-4] [ConvertServer]	[2019/11/06-04:46:33] 50: GET /stats.xml HTTP/1.1
[2019/11/06-04:47:33.265] [info] [Thread-4] [ConvertServer]	[2019/11/06-04:47:33] 49: GET /stats.xml HTTP/1.1
[2019/11/06-04:48:33.264] [info] [Thread-4] [ConvertServer]	[2019/11/06-04:48:33] 50: GET /stats.xml HTTP/1.1
[2019/11/06-04:49:33.251] [info] [Thread-4] [ConvertServer]	[2019/11/06-04:49:33] 49: GET /stats.xml HTTP/1.1
[2019/11/06-04:50:33.287] [info] [Thread-4] [ConvertServer]	[2019/11/06-04:50:33] 50: GET /stats.xml HTTP/1.1
[2019/11/06-04:51:33.248] [info] [Thread-4] [ConvertServer]	[2019/11/06-04:51:33] 49: GET /stats.xml HTTP/1.1
[2019/11/06-04:52:33.261] [info] [Thread-4] [ConvertServer]	[2019/11/06-04:52:33] 50: GET /stats.xml HTTP/1.1
[2019/11/06-04:53:33.250] [info] [Thread-4] [ConvertServer]	[2019/11/06-04:53:33] 49: GET /stats.xml HTTP/1.1
[2019/11/06-04:54:33.255] [info] [Thread-4] [ConvertServer]	[2019/11/06-04:54:33] 50: GET /stats.xml HTTP/1.1
[2019/11/06-04:55:33.300] [info] [Thread-4] [ConvertServer]	[2019/11/06-04:55:33] 49: GET /stats.xml HTTP/1.1
[2019/11/06-04:56:33.249] [info] [Thread-4] [ConvertServer]	[2019/11/06-04:56:33] 50: GET /stats.xml HTTP/1.1
[2019/11/06-04:57:33.235] [info] [Thread-4] [ConvertServer]	[2019/11/06-04:57:33] 49: GET /stats.xml HTTP/1.1
[2019/11/06-04:58:33.289] [info] [Thread-4] [ConvertServer]	[2019/11/06-04:58:33] 50: GET /stats.xml HTTP/1.1
[2019/11/06-04:59:33.269] [info] [Thread-4] [ConvertServer]	[2019/11/06-04:59:33] 49: GET /stats.xml HTTP/1.1
[2019/11/06-05:00:33.351] [info] [Thread-4] [ConvertServer]	[2019/11/06-05:00:33] 50: GET /stats.xml HTTP/1.1
[2019/11/06-05:01:33.314] [info] [Thread-4] [ConvertServer]	[2019/11/06-05:01:33] 49: GET /stats.xml HTTP/1.1
[2019/11/06-05:02:33.278] [info] [Thread-4] [ConvertServer]	[2019/11/06-05:02:33] 50: GET /stats.xml HTTP/1.1
[2019/11/06-05:03:33.263] [info] [Thread-4] [ConvertServer]	[2019/11/06-05:03:33] 49: GET /stats.xml HTTP/1.1
[2019/11/06-05:04:33.263] [info] [Thread-4] [ConvertServer]	[2019/11/06-05:04:33] 50: GET /stats.xml HTTP/1.1
[2019/11/06-05:05:33.260] [info] [Thread-4] [ConvertServer]	[2019/11/06-05:05:33] 49: GET /stats.xml HTTP/1.1
[2019/11/06-05:06:33.293] [info] [Thread-4] [ConvertServer]	[2019/11/06-05:06:33] 50: GET /stats.xml HTTP/1.1
[2019/11/06-05:07:33.334] [info] [Thread-4] [ConvertServer]	[2019/11/06-05:07:33] 49: GET /stats.xml HTTP/1.1
[2019/11/06-05:07:34.341] [info] [Thread-4] [ConvertServer]	[2019/11/06-05:07:34] Child 20952 closed (alive for 4154503991s)
[2019/11/06-05:08:33.344] [info] [Thread-4] [ConvertServer]	[2019/11/06-05:08:33] 50: GET /stats.xml HTTP/1.1
[2019/11/06-05:08:33.384] [info] [Thread-4] [ConvertServer]	[2019/11/06-05:08:33] [37441] [info] loading /busapps/dpmu/gbl0/3DSpaceIndex/linux_a64/cv/tools/../amd64-linux/bin/ngconvert --port-feedback-http http://127.0.0.1:33520/tadaima --parent-process-id 10709 --log --port 0.0.0.0:16022 --pdf-config resource:///xpdf/xpdfrc.with-config --loose-text-conversion --enable-gd --netcam-probe --max-recursion-depth 1 --max-recursion-documents 2147483647 --max-recursion-documents-total 2147483647 --enable-utf-32 --enable-document-chars --meta-separator-char _ --excel-date-format 0 --disable-auto-32 --tmpdir /busdata/dpmu/gbl0/data/cv/bin/../tmp --maxcore 0 --tmpdir-create --tmpdir-pid --tmpdir /busdata/dpmu/gbl0/data/cv/bin/../tmp/ngconvert_prwy7p749ur25kjthgfy0i0u02 --parent-process-id 10882 --child=minion-10882-140498547226368-1573013313343664-50
[2019/11/06-05:08:33.384] [info] [Thread-4] [ConvertServer]	[2019/11/06-05:08:33] [37441] minion outside-in entering in new lair
[2019/11/06-05:08:33.384] [info] [Thread-4] [ConvertServer]	[2019/11/06-05:08:33] 49: mnRegister minion-10882-140498547226368-1573013313343664-50
[2019/11/06-05:08:33.395] [info] [Thread-4] [ConvertServer]	[2019/11/06-05:08:33] [37441] [info] probed GD (graphic handling) libraries
[2019/11/06-05:09:33.238] [info] [Thread-4] [ConvertServer]	[2019/11/06-05:09:33] 51: GET /stats.xml HTTP/1.1
[2019/11/06-05:10:33.259] [info] [Thread-4] [ConvertServer]	[2019/11/06-05:10:33] 50: GET /stats.xml HTTP/1.1
[2019/11/06-05:11:33.245] [info] [Thread-4] [ConvertServer]	[2019/11/06-05:11:33] 51: GET /stats.xml HTTP/1.1
[2019/11/06-05:12:33.256] [info] [Thread-4] [ConvertServer]	[2019/11/06-05:12:33] 50: GET /stats.xml HTTP/1.1
[2019/11/06-05:13:33.272] [info] [Thread-4] [ConvertServer]	[2019/11/06-05:13:33] 51: GET /stats.xml HTTP/1.1
[2019/11/06-05:14:33.319] [info] [Thread-4] [ConvertServer]	[2019/11/06-05:14:33] 50: GET /stats.xml HTTP/1.1
[2019/11/06-05:15:33.295] [info] [Thread-4] [ConvertServer]	[2019/11/06-05:15:33] 51: GET /stats.xml HTTP/1.1
[2019/11/06-05:16:33.308] [info] [Thread-4] [ConvertServer]	[2019/11/06-05:16:33] 50: GET /stats.xml HTTP/1.1
[2019/11/06-05:17:33.306] [info] [Thread-4] [ConvertServer]	[2019/11/06-05:17:33] 51: GET /stats.xml HTTP/1.1
[2019/11/06-05:18:33.274] [info] [Thread-4] [ConvertServer]	[2019/11/06-05:18:33] 50: GET /stats.xml HTTP/1.1
[2019/11/06-05:19:33.275] [info] [Thread-4] [ConvertServer]	[2019/11/06-05:19:33] 51: GET /stats.xml HTTP/1.1
[2019/11/06-05:20:33.246] [info] [Thread-4] [ConvertServer]	[2019/11/06-05:20:33] 50: GET /stats.xml HTTP/1.1
[2019/11/06-05:21:33.298] [info] [Thread-4] [ConvertServer]	[2019/11/06-05:21:33] 51: GET /stats.xml HTTP/1.1
[2019/11/06-05:22:33.249] [info] [Thread-4] [ConvertServer]	[2019/11/06-05:22:33] 50: GET /stats.xml HTTP/1.1
[2019/11/06-05:23:33.253] [info] [Thread-4] [ConvertServer]	[2019/11/06-05:23:33] 51: GET /stats.xml HTTP/1.1
[2019/11/06-05:24:33.262] [info] [Thread-4] [ConvertServer]	[2019/11/06-05:24:33] 50: GET /stats.xml HTTP/1.1
[2019/11/06-05:25:33.265] [info] [Thread-4] [ConvertServer]	[2019/11/06-05:25:33] 51: GET /stats.xml HTTP/1.1
[2019/11/06-05:26:33.252] [info] [Thread-4] [ConvertServer]	[2019/11/06-05:26:33] 50: GET /stats.xml HTTP/1.1
[2019/11/06-05:27:33.247] [info] [Thread-4] [ConvertServer]	[2019/11/06-05:27:33] 51: GET /stats.xml HTTP/1.1
[2019/11/06-05:28:33.257] [info] [Thread-4] [ConvertServer]	[2019/11/06-05:28:33] 50: GET /stats.xml HTTP/1.1
[2019/11/06-05:29:33.275] [info] [Thread-4] [ConvertServer]	[2019/11/06-05:29:33] 51: GET /stats.xml HTTP/1.1
[2019/11/06-05:30:33.291] [info] [Thread-4] [ConvertServer]	[2019/11/06-05:30:33] 50: GET /stats.xml HTTP/1.1
[2019/11/06-05:31:33.277] [info] [Thread-4] [ConvertServer]	[2019/11/06-05:31:33] 51: GET /stats.xml HTTP/1.1
[2019/11/06-05:32:33.271] [info] [Thread-4] [ConvertServer]	[2019/11/06-05:32:33] 50: GET /stats.xml HTTP/1.1
[2019/11/06-05:33:33.249] [info] [Thread-4] [ConvertServer]	[2019/11/06-05:33:33] 51: GET /stats.xml HTTP/1.1
[2019/11/06-05:34:33.271] [info] [Thread-4] [ConvertServer]	[2019/11/06-05:34:33] 50: GET /stats.xml HTTP/1.1
[2019/11/06-05:35:33.270] [info] [Thread-4] [ConvertServer]	[2019/11/06-05:35:33] 51: GET /stats.xml HTTP/1.1
[2019/11/06-05:36:33.269] [info] [Thread-4] [ConvertServer]	[2019/11/06-05:36:33] 50: GET /stats.xml HTTP/1.1
[2019/11/06-05:37:33.267] [info] [Thread-4] [ConvertServer]	[2019/11/06-05:37:33] 51: GET /stats.xml HTTP/1.1
[2019/11/06-05:38:33.333] [info] [Thread-4] [ConvertServer]	[2019/11/06-05:38:33] 50: GET /stats.xml HTTP/1.1
[2019/11/06-05:39:33.268] [info] [Thread-4] [ConvertServer]	[2019/11/06-05:39:33] 51: GET /stats.xml HTTP/1.1
[2019/11/06-05:40:33.296] [info] [Thread-4] [ConvertServer]	[2019/11/06-05:40:33] 50: GET /stats.xml HTTP/1.1
[2019/11/06-05:41:33.284] [info] [Thread-4] [ConvertServer]	[2019/11/06-05:41:33] 51: GET /stats.xml HTTP/1.1
[2019/11/06-05:42:33.262] [info] [Thread-4] [ConvertServer]	[2019/11/06-05:42:33] 50: GET /stats.xml HTTP/1.1
[2019/11/06-05:43:33.324] [info] [Thread-4] [ConvertServer]	[2019/11/06-05:43:33] 51: GET /stats.xml HTTP/1.1
[2019/11/06-05:44:33.299] [info] [Thread-4] [ConvertServer]	[2019/11/06-05:44:33] 50: GET /stats.xml HTTP/1.1
[2019/11/06-05:45:33.254] [info] [Thread-4] [ConvertServer]	[2019/11/06-05:45:33] 51: GET /stats.xml HTTP/1.1
[2019/11/06-05:46:33.271] [info] [Thread-4] [ConvertServer]	[2019/11/06-05:46:33] 50: GET /stats.xml HTTP/1.1
[2019/11/06-05:47:33.269] [info] [Thread-4] [ConvertServer]	[2019/11/06-05:47:33] 51: GET /stats.xml HTTP/1.1
[2019/11/06-05:48:33.260] [info] [Thread-4] [ConvertServer]	[2019/11/06-05:48:33] 50: GET /stats.xml HTTP/1.1
[2019/11/06-05:49:33.282] [info] [Thread-4] [ConvertServer]	[2019/11/06-05:49:33] 51: GET /stats.xml HTTP/1.1
[2019/11/06-05:50:33.298] [info] [Thread-4] [ConvertServer]	[2019/11/06-05:50:33] 50: GET /stats.xml HTTP/1.1
[2019/11/06-05:51:33.367] [info] [Thread-4] [ConvertServer]	[2019/11/06-05:51:33] 51: GET /stats.xml HTTP/1.1
[2019/11/06-05:52:33.266] [info] [Thread-4] [ConvertServer]	[2019/11/06-05:52:33] 50: GET /stats.xml HTTP/1.1
[2019/11/06-05:53:33.261] [info] [Thread-4] [ConvertServer]	[2019/11/06-05:53:33] 51: GET /stats.xml HTTP/1.1
[2019/11/06-05:54:33.256] [info] [Thread-4] [ConvertServer]	[2019/11/06-05:54:33] 50: GET /stats.xml HTTP/1.1
[2019/11/06-05:55:33.287] [info] [Thread-4] [ConvertServer]	[2019/11/06-05:55:33] 51: GET /stats.xml HTTP/1.1
[2019/11/06-05:56:33.471] [info] [Thread-4] [ConvertServer]	[2019/11/06-05:56:33] 50: GET /stats.xml HTTP/1.1
[2019/11/06-05:57:33.274] [info] [Thread-4] [ConvertServer]	[2019/11/06-05:57:33] 51: GET /stats.xml HTTP/1.1
[2019/11/06-05:58:33.291] [info] [Thread-4] [ConvertServer]	[2019/11/06-05:58:33] 50: GET /stats.xml HTTP/1.1
[2019/11/06-05:59:33.257] [info] [Thread-4] [ConvertServer]	[2019/11/06-05:59:33] 51: GET /stats.xml HTTP/1.1
[2019/11/06-06:00:33.277] [info] [Thread-4] [ConvertServer]	[2019/11/06-06:00:33] 50: GET /stats.xml HTTP/1.1
[2019/11/06-06:01:33.283] [info] [Thread-4] [ConvertServer]	[2019/11/06-06:01:33] 51: GET /stats.xml HTTP/1.1
[2019/11/06-06:02:33.277] [info] [Thread-4] [ConvertServer]	[2019/11/06-06:02:33] 50: GET /stats.xml HTTP/1.1
[2019/11/06-06:03:33.368] [info] [Thread-4] [ConvertServer]	[2019/11/06-06:03:33] 51: GET /stats.xml HTTP/1.1
[2019/11/06-06:04:33.288] [info] [Thread-4] [ConvertServer]	[2019/11/06-06:04:33] 50: GET /stats.xml HTTP/1.1
[2019/11/06-06:05:33.269] [info] [Thread-4] [ConvertServer]	[2019/11/06-06:05:33] 51: GET /stats.xml HTTP/1.1
[2019/11/06-06:06:33.284] [info] [Thread-4] [ConvertServer]	[2019/11/06-06:06:33] 50: GET /stats.xml HTTP/1.1
[2019/11/06-06:07:33.296] [info] [Thread-4] [ConvertServer]	[2019/11/06-06:07:33] 51: GET /stats.xml HTTP/1.1
[2019/11/06-06:08:33.269] [info] [Thread-4] [ConvertServer]	[2019/11/06-06:08:33] 50: GET /stats.xml HTTP/1.1
[2019/11/06-06:08:35.125] [info] [Thread-4] [ConvertServer]	[2019/11/06-06:08:35] Child 37441 closed (alive for 4154503992s)
[2019/11/06-06:09:33.274] [info] [Thread-4] [ConvertServer]	[2019/11/06-06:09:33] 51: GET /stats.xml HTTP/1.1
[2019/11/06-06:09:33.315] [info] [Thread-4] [ConvertServer]	[2019/11/06-06:09:33] [55515] [info] loading /busapps/dpmu/gbl0/3DSpaceIndex/linux_a64/cv/tools/../amd64-linux/bin/ngconvert --port-feedback-http http://127.0.0.1:33520/tadaima --parent-process-id 10709 --log --port 0.0.0.0:16022 --pdf-config resource:///xpdf/xpdfrc.with-config --loose-text-conversion --enable-gd --netcam-probe --max-recursion-depth 1 --max-recursion-documents 2147483647 --max-recursion-documents-total 2147483647 --enable-utf-32 --enable-document-chars --meta-separator-char _ --excel-date-format 0 --disable-auto-32 --tmpdir /busdata/dpmu/gbl0/data/cv/bin/../tmp --maxcore 0 --tmpdir-create --tmpdir-pid --tmpdir /busdata/dpmu/gbl0/data/cv/bin/../tmp/ngconvert_prwy7p749ur25kjthgfy0i0u02 --parent-process-id 10882 --child=minion-10882-140498538833664-1573016973274330-51
[2019/11/06-06:09:33.315] [info] [Thread-4] [ConvertServer]	[2019/11/06-06:09:33] [55515] minion outside-in entering in new lair
[2019/11/06-06:09:33.316] [info] [Thread-4] [ConvertServer]	[2019/11/06-06:09:33] 50: mnRegister minion-10882-140498538833664-1573016973274330-51
[2019/11/06-06:09:33.326] [info] [Thread-4] [ConvertServer]	[2019/11/06-06:09:33] [55515] [info] probed GD (graphic handling) libraries
[2019/11/06-06:10:33.359] [info] [Thread-4] [ConvertServer]	[2019/11/06-06:10:33] 52: GET /stats.xml HTTP/1.1
[2019/11/06-06:11:33.351] [info] [Thread-4] [ConvertServer]	[2019/11/06-06:11:33] 51: GET /stats.xml HTTP/1.1
[2019/11/06-06:12:33.268] [info] [Thread-4] [ConvertServer]	[2019/11/06-06:12:33] 52: GET /stats.xml HTTP/1.1
[2019/11/06-06:13:33.264] [info] [Thread-4] [ConvertServer]	[2019/11/06-06:13:33] 51: GET /stats.xml HTTP/1.1
[2019/11/06-06:14:33.252] [info] [Thread-4] [ConvertServer]	[2019/11/06-06:14:33] 52: GET /stats.xml HTTP/1.1
[2019/11/06-06:15:33.255] [info] [Thread-4] [ConvertServer]	[2019/11/06-06:15:33] 51: GET /stats.xml HTTP/1.1
[2019/11/06-06:16:33.262] [info] [Thread-4] [ConvertServer]	[2019/11/06-06:16:33] 52: GET /stats.xml HTTP/1.1
[2019/11/06-06:17:33.319] [info] [Thread-4] [ConvertServer]	[2019/11/06-06:17:33] 51: GET /stats.xml HTTP/1.1
[2019/11/06-06:18:33.286] [info] [Thread-4] [ConvertServer]	[2019/11/06-06:18:33] 52: GET /stats.xml HTTP/1.1
[2019/11/06-06:19:33.256] [info] [Thread-4] [ConvertServer]	[2019/11/06-06:19:33] 51: GET /stats.xml HTTP/1.1
[2019/11/06-06:20:33.327] [info] [Thread-4] [ConvertServer]	[2019/11/06-06:20:33] 52: GET /stats.xml HTTP/1.1
[2019/11/06-06:21:33.268] [info] [Thread-4] [ConvertServer]	[2019/11/06-06:21:33] 51: GET /stats.xml HTTP/1.1
[2019/11/06-06:22:33.246] [info] [Thread-4] [ConvertServer]	[2019/11/06-06:22:33] 52: GET /stats.xml HTTP/1.1
[2019/11/06-06:23:33.280] [info] [Thread-4] [ConvertServer]	[2019/11/06-06:23:33] 51: GET /stats.xml HTTP/1.1
[2019/11/06-06:24:33.273] [info] [Thread-4] [ConvertServer]	[2019/11/06-06:24:33] 52: GET /stats.xml HTTP/1.1
[2019/11/06-06:25:33.270] [info] [Thread-4] [ConvertServer]	[2019/11/06-06:25:33] 51: GET /stats.xml HTTP/1.1
[2019/11/06-06:26:33.256] [info] [Thread-4] [ConvertServer]	[2019/11/06-06:26:33] 52: GET /stats.xml HTTP/1.1
[2019/11/06-06:27:33.240] [info] [Thread-4] [ConvertServer]	[2019/11/06-06:27:33] 51: GET /stats.xml HTTP/1.1
[2019/11/06-06:28:33.329] [info] [Thread-4] [ConvertServer]	[2019/11/06-06:28:33] 52: GET /stats.xml HTTP/1.1
[2019/11/06-06:29:33.356] [info] [Thread-4] [ConvertServer]	[2019/11/06-06:29:33] 51: GET /stats.xml HTTP/1.1
[2019/11/06-06:30:33.266] [info] [Thread-4] [ConvertServer]	[2019/11/06-06:30:33] 52: GET /stats.xml HTTP/1.1
[2019/11/06-06:31:33.306] [info] [Thread-4] [ConvertServer]	[2019/11/06-06:31:33] 51: GET /stats.xml HTTP/1.1
[2019/11/06-06:32:33.277] [info] [Thread-4] [ConvertServer]	[2019/11/06-06:32:33] 52: GET /stats.xml HTTP/1.1
[2019/11/06-06:33:33.250] [info] [Thread-4] [ConvertServer]	[2019/11/06-06:33:33] 51: GET /stats.xml HTTP/1.1
[2019/11/06-06:34:33.263] [info] [Thread-4] [ConvertServer]	[2019/11/06-06:34:33] 52: GET /stats.xml HTTP/1.1
[2019/11/06-06:35:33.275] [info] [Thread-4] [ConvertServer]	[2019/11/06-06:35:33] 51: GET /stats.xml HTTP/1.1
[2019/11/06-06:36:33.280] [info] [Thread-4] [ConvertServer]	[2019/11/06-06:36:33] 52: GET /stats.xml HTTP/1.1
[2019/11/06-06:37:33.264] [info] [Thread-4] [ConvertServer]	[2019/11/06-06:37:33] 51: GET /stats.xml HTTP/1.1
[2019/11/06-06:38:33.311] [info] [Thread-4] [ConvertServer]	[2019/11/06-06:38:33] 52: GET /stats.xml HTTP/1.1
[2019/11/06-06:39:33.252] [info] [Thread-4] [ConvertServer]	[2019/11/06-06:39:33] 51: GET /stats.xml HTTP/1.1
[2019/11/06-06:40:33.259] [info] [Thread-4] [ConvertServer]	[2019/11/06-06:40:33] 52: GET /stats.xml HTTP/1.1
[2019/11/06-06:41:33.268] [info] [Thread-4] [ConvertServer]	[2019/11/06-06:41:33] 51: GET /stats.xml HTTP/1.1
[2019/11/06-06:42:33.264] [info] [Thread-4] [ConvertServer]	[2019/11/06-06:42:33] 52: GET /stats.xml HTTP/1.1
[2019/11/06-06:43:33.282] [info] [Thread-4] [ConvertServer]	[2019/11/06-06:43:33] 51: GET /stats.xml HTTP/1.1
[2019/11/06-06:44:33.299] [info] [Thread-4] [ConvertServer]	[2019/11/06-06:44:33] 52: GET /stats.xml HTTP/1.1
[2019/11/06-06:45:33.294] [info] [Thread-4] [ConvertServer]	[2019/11/06-06:45:33] 51: GET /stats.xml HTTP/1.1
[2019/11/06-06:46:33.271] [info] [Thread-4] [ConvertServer]	[2019/11/06-06:46:33] 52: GET /stats.xml HTTP/1.1
[2019/11/06-06:47:33.320] [info] [Thread-4] [ConvertServer]	[2019/11/06-06:47:33] 51: GET /stats.xml HTTP/1.1
[2019/11/06-06:48:33.249] [info] [Thread-4] [ConvertServer]	[2019/11/06-06:48:33] 52: GET /stats.xml HTTP/1.1
[2019/11/06-06:49:33.271] [info] [Thread-4] [ConvertServer]	[2019/11/06-06:49:33] 51: GET /stats.xml HTTP/1.1
[2019/11/06-06:50:33.290] [info] [Thread-4] [ConvertServer]	[2019/11/06-06:50:33] 52: GET /stats.xml HTTP/1.1
[2019/11/06-06:51:33.269] [info] [Thread-4] [ConvertServer]	[2019/11/06-06:51:33] 51: GET /stats.xml HTTP/1.1
[2019/11/06-06:52:33.238] [info] [Thread-4] [ConvertServer]	[2019/11/06-06:52:33] 52: GET /stats.xml HTTP/1.1
[2019/11/06-06:53:33.319] [info] [Thread-4] [ConvertServer]	[2019/11/06-06:53:33] 51: GET /stats.xml HTTP/1.1
[2019/11/06-06:54:33.276] [info] [Thread-4] [ConvertServer]	[2019/11/06-06:54:33] 52: GET /stats.xml HTTP/1.1
[2019/11/06-06:55:33.261] [info] [Thread-4] [ConvertServer]	[2019/11/06-06:55:33] 51: GET /stats.xml HTTP/1.1
[2019/11/06-06:56:33.261] [info] [Thread-4] [ConvertServer]	[2019/11/06-06:56:33] 52: GET /stats.xml HTTP/1.1
[2019/11/06-06:57:33.275] [info] [Thread-4] [ConvertServer]	[2019/11/06-06:57:33] 51: GET /stats.xml HTTP/1.1
[2019/11/06-06:58:33.273] [info] [Thread-4] [ConvertServer]	[2019/11/06-06:58:33] 52: GET /stats.xml HTTP/1.1
[2019/11/06-06:59:33.258] [info] [Thread-4] [ConvertServer]	[2019/11/06-06:59:33] 51: GET /stats.xml HTTP/1.1
[2019/11/06-07:00:33.327] [info] [Thread-4] [ConvertServer]	[2019/11/06-07:00:33] 52: GET /stats.xml HTTP/1.1
[2019/11/06-07:01:33.316] [info] [Thread-4] [ConvertServer]	[2019/11/06-07:01:33] 51: GET /stats.xml HTTP/1.1
[2019/11/06-07:02:33.622] [info] [Thread-4] [ConvertServer]	[2019/11/06-07:02:33] 52: GET /stats.xml HTTP/1.1
[2019/11/06-07:03:33.304] [info] [Thread-4] [ConvertServer]	[2019/11/06-07:03:33] 51: GET /stats.xml HTTP/1.1
[2019/11/06-07:04:33.273] [info] [Thread-4] [ConvertServer]	[2019/11/06-07:04:33] 52: GET /stats.xml HTTP/1.1
[2019/11/06-07:05:33.268] [info] [Thread-4] [ConvertServer]	[2019/11/06-07:05:33] 51: GET /stats.xml HTTP/1.1
[2019/11/06-07:06:33.258] [info] [Thread-4] [ConvertServer]	[2019/11/06-07:06:33] 52: GET /stats.xml HTTP/1.1
[2019/11/06-07:07:33.246] [info] [Thread-4] [ConvertServer]	[2019/11/06-07:07:33] 51: GET /stats.xml HTTP/1.1
[2019/11/06-07:08:33.290] [info] [Thread-4] [ConvertServer]	[2019/11/06-07:08:33] 52: GET /stats.xml HTTP/1.1
[2019/11/06-07:09:33.273] [info] [Thread-4] [ConvertServer]	[2019/11/06-07:09:33] 51: GET /stats.xml HTTP/1.1
[2019/11/06-07:09:34.165] [info] [Thread-4] [ConvertServer]	[2019/11/06-07:09:34] Child 55515 closed (alive for 4154503991s)
[2019/11/06-07:10:33.261] [info] [Thread-4] [ConvertServer]	[2019/11/06-07:10:33] 52: GET /stats.xml HTTP/1.1
[2019/11/06-07:10:33.304] [info] [Thread-4] [ConvertServer]	[2019/11/06-07:10:33] [17022] [info] loading /busapps/dpmu/gbl0/3DSpaceIndex/linux_a64/cv/tools/../amd64-linux/bin/ngconvert --port-feedback-http http://127.0.0.1:33520/tadaima --parent-process-id 10709 --log --port 0.0.0.0:16022 --pdf-config resource:///xpdf/xpdfrc.with-config --loose-text-conversion --enable-gd --netcam-probe --max-recursion-depth 1 --max-recursion-documents 2147483647 --max-recursion-documents-total 2147483647 --enable-utf-32 --enable-document-chars --meta-separator-char _ --excel-date-format 0 --disable-auto-32 --tmpdir /busdata/dpmu/gbl0/data/cv/bin/../tmp --maxcore 0 --tmpdir-create --tmpdir-pid --tmpdir /busdata/dpmu/gbl0/data/cv/bin/../tmp/ngconvert_prwy7p749ur25kjthgfy0i0u02 --parent-process-id 10882 --child=minion-10882-140498530440960-1573020633259846-52
[2019/11/06-07:10:33.305] [info] [Thread-4] [ConvertServer]	[2019/11/06-07:10:33] [17022] minion outside-in entering in new lair
[2019/11/06-07:10:33.313] [info] [Thread-4] [ConvertServer]	[2019/11/06-07:10:33] 51: mnRegister minion-10882-140498530440960-1573020633259846-52
[2019/11/06-07:10:33.325] [info] [Thread-4] [ConvertServer]	[2019/11/06-07:10:33] [17022] [info] probed GD (graphic handling) libraries
[2019/11/06-07:11:33.278] [info] [Thread-4] [ConvertServer]	[2019/11/06-07:11:33] 53: GET /stats.xml HTTP/1.1
[2019/11/06-07:12:33.282] [info] [Thread-4] [ConvertServer]	[2019/11/06-07:12:33] 52: GET /stats.xml HTTP/1.1
[2019/11/06-07:13:33.457] [info] [Thread-4] [ConvertServer]	[2019/11/06-07:13:33] 53: GET /stats.xml HTTP/1.1
[2019/11/06-07:14:33.326] [info] [Thread-4] [ConvertServer]	[2019/11/06-07:14:33] 52: GET /stats.xml HTTP/1.1
[2019/11/06-07:15:33.321] [info] [Thread-4] [ConvertServer]	[2019/11/06-07:15:33] 53: GET /stats.xml HTTP/1.1
[2019/11/06-07:16:33.255] [info] [Thread-4] [ConvertServer]	[2019/11/06-07:16:33] 52: GET /stats.xml HTTP/1.1
[2019/11/06-07:17:33.244] [info] [Thread-4] [ConvertServer]	[2019/11/06-07:17:33] 53: GET /stats.xml HTTP/1.1
[2019/11/06-07:18:33.249] [info] [Thread-4] [ConvertServer]	[2019/11/06-07:18:33] 52: GET /stats.xml HTTP/1.1
[2019/11/06-07:19:33.268] [info] [Thread-4] [ConvertServer]	[2019/11/06-07:19:33] 53: GET /stats.xml HTTP/1.1
[2019/11/06-07:20:33.259] [info] [Thread-4] [ConvertServer]	[2019/11/06-07:20:33] 52: GET /stats.xml HTTP/1.1
[2019/11/06-07:21:33.258] [info] [Thread-4] [ConvertServer]	[2019/11/06-07:21:33] 53: GET /stats.xml HTTP/1.1
[2019/11/06-07:22:33.278] [info] [Thread-4] [ConvertServer]	[2019/11/06-07:22:33] 52: GET /stats.xml HTTP/1.1
[2019/11/06-07:23:33.267] [info] [Thread-4] [ConvertServer]	[2019/11/06-07:23:33] 53: GET /stats.xml HTTP/1.1
[2019/11/06-07:24:33.248] [info] [Thread-4] [ConvertServer]	[2019/11/06-07:24:33] 52: GET /stats.xml HTTP/1.1
[2019/11/06-07:25:33.265] [info] [Thread-4] [ConvertServer]	[2019/11/06-07:25:33] 53: GET /stats.xml HTTP/1.1
[2019/11/06-07:26:33.274] [info] [Thread-4] [ConvertServer]	[2019/11/06-07:26:33] 52: GET /stats.xml HTTP/1.1
[2019/11/06-07:27:33.255] [info] [Thread-4] [ConvertServer]	[2019/11/06-07:27:33] 53: GET /stats.xml HTTP/1.1
[2019/11/06-07:28:33.250] [info] [Thread-4] [ConvertServer]	[2019/11/06-07:28:33] 52: GET /stats.xml HTTP/1.1
[2019/11/06-07:29:33.244] [info] [Thread-4] [ConvertServer]	[2019/11/06-07:29:33] 53: GET /stats.xml HTTP/1.1
[2019/11/06-07:30:33.277] [info] [Thread-4] [ConvertServer]	[2019/11/06-07:30:33] 52: GET /stats.xml HTTP/1.1
[2019/11/06-07:31:33.251] [info] [Thread-4] [ConvertServer]	[2019/11/06-07:31:33] 53: GET /stats.xml HTTP/1.1
[2019/11/06-07:32:33.250] [info] [Thread-4] [ConvertServer]	[2019/11/06-07:32:33] 52: GET /stats.xml HTTP/1.1
[2019/11/06-07:33:33.296] [info] [Thread-4] [ConvertServer]	[2019/11/06-07:33:33] 53: GET /stats.xml HTTP/1.1
[2019/11/06-07:34:33.330] [info] [Thread-4] [ConvertServer]	[2019/11/06-07:34:33] 52: GET /stats.xml HTTP/1.1
[2019/11/06-07:35:33.272] [info] [Thread-4] [ConvertServer]	[2019/11/06-07:35:33] 53: GET /stats.xml HTTP/1.1
[2019/11/06-07:36:33.253] [info] [Thread-4] [ConvertServer]	[2019/11/06-07:36:33] 52: GET /stats.xml HTTP/1.1
[2019/11/06-07:37:33.243] [info] [Thread-4] [ConvertServer]	[2019/11/06-07:37:33] 53: GET /stats.xml HTTP/1.1
[2019/11/06-07:38:33.243] [info] [Thread-4] [ConvertServer]	[2019/11/06-07:38:33] 52: GET /stats.xml HTTP/1.1
[2019/11/06-07:39:33.262] [info] [Thread-4] [ConvertServer]	[2019/11/06-07:39:33] 53: GET /stats.xml HTTP/1.1
[2019/11/06-07:40:33.268] [info] [Thread-4] [ConvertServer]	[2019/11/06-07:40:33] 52: GET /stats.xml HTTP/1.1
[2019/11/06-07:41:33.263] [info] [Thread-4] [ConvertServer]	[2019/11/06-07:41:33] 53: GET /stats.xml HTTP/1.1
[2019/11/06-07:42:33.245] [info] [Thread-4] [ConvertServer]	[2019/11/06-07:42:33] 52: GET /stats.xml HTTP/1.1
[2019/11/06-07:43:33.251] [info] [Thread-4] [ConvertServer]	[2019/11/06-07:43:33] 53: GET /stats.xml HTTP/1.1
[2019/11/06-07:44:33.260] [info] [Thread-4] [ConvertServer]	[2019/11/06-07:44:33] 52: GET /stats.xml HTTP/1.1
[2019/11/06-07:45:33.254] [info] [Thread-4] [ConvertServer]	[2019/11/06-07:45:33] 53: GET /stats.xml HTTP/1.1
[2019/11/06-07:46:33.243] [info] [Thread-4] [ConvertServer]	[2019/11/06-07:46:33] 52: GET /stats.xml HTTP/1.1
[2019/11/06-07:47:33.297] [info] [Thread-4] [ConvertServer]	[2019/11/06-07:47:33] 53: GET /stats.xml HTTP/1.1
[2019/11/06-07:48:33.243] [info] [Thread-4] [ConvertServer]	[2019/11/06-07:48:33] 52: GET /stats.xml HTTP/1.1
[2019/11/06-07:49:33.248] [info] [Thread-4] [ConvertServer]	[2019/11/06-07:49:33] 53: GET /stats.xml HTTP/1.1
[2019/11/06-07:50:33.237] [info] [Thread-4] [ConvertServer]	[2019/11/06-07:50:33] 52: GET /stats.xml HTTP/1.1
[2019/11/06-07:51:33.238] [info] [Thread-4] [ConvertServer]	[2019/11/06-07:51:33] 53: GET /stats.xml HTTP/1.1
[2019/11/06-07:52:33.253] [info] [Thread-4] [ConvertServer]	[2019/11/06-07:52:33] 52: GET /stats.xml HTTP/1.1
[2019/11/06-07:53:33.246] [info] [Thread-4] [ConvertServer]	[2019/11/06-07:53:33] 53: GET /stats.xml HTTP/1.1
[2019/11/06-07:54:33.261] [info] [Thread-4] [ConvertServer]	[2019/11/06-07:54:33] 52: GET /stats.xml HTTP/1.1
[2019/11/06-07:55:33.278] [info] [Thread-4] [ConvertServer]	[2019/11/06-07:55:33] 53: GET /stats.xml HTTP/1.1
[2019/11/06-07:56:33.265] [info] [Thread-4] [ConvertServer]	[2019/11/06-07:56:33] 52: GET /stats.xml HTTP/1.1
[2019/11/06-07:57:33.242] [info] [Thread-4] [ConvertServer]	[2019/11/06-07:57:33] 53: GET /stats.xml HTTP/1.1
[2019/11/06-07:58:33.254] [info] [Thread-4] [ConvertServer]	[2019/11/06-07:58:33] 52: GET /stats.xml HTTP/1.1
[2019/11/06-07:59:33.243] [info] [Thread-4] [ConvertServer]	[2019/11/06-07:59:33] 53: GET /stats.xml HTTP/1.1
[2019/11/06-08:00:33.275] [info] [Thread-4] [ConvertServer]	[2019/11/06-08:00:33] 52: GET /stats.xml HTTP/1.1
[2019/11/06-08:01:33.287] [info] [Thread-4] [ConvertServer]	[2019/11/06-08:01:33] 53: GET /stats.xml HTTP/1.1
[2019/11/06-08:02:33.290] [info] [Thread-4] [ConvertServer]	[2019/11/06-08:02:33] 52: GET /stats.xml HTTP/1.1
[2019/11/06-08:03:33.251] [info] [Thread-4] [ConvertServer]	[2019/11/06-08:03:33] 53: GET /stats.xml HTTP/1.1
[2019/11/06-08:04:33.242] [info] [Thread-4] [ConvertServer]	[2019/11/06-08:04:33] 52: GET /stats.xml HTTP/1.1
[2019/11/06-08:05:33.260] [info] [Thread-4] [ConvertServer]	[2019/11/06-08:05:33] 53: GET /stats.xml HTTP/1.1
[2019/11/06-08:06:33.281] [info] [Thread-4] [ConvertServer]	[2019/11/06-08:06:33] 52: GET /stats.xml HTTP/1.1
[2019/11/06-08:07:33.261] [info] [Thread-4] [ConvertServer]	[2019/11/06-08:07:33] 53: GET /stats.xml HTTP/1.1
[2019/11/06-08:08:33.232] [info] [Thread-4] [ConvertServer]	[2019/11/06-08:08:33] 52: GET /stats.xml HTTP/1.1
[2019/11/06-08:09:33.524] [info] [Thread-4] [ConvertServer]	[2019/11/06-08:09:33] 53: GET /stats.xml HTTP/1.1
[2019/11/06-08:10:33.299] [info] [Thread-4] [ConvertServer]	[2019/11/06-08:10:33] 52: GET /stats.xml HTTP/1.1
[2019/11/06-08:10:35.102] [info] [Thread-4] [ConvertServer]	[2019/11/06-08:10:35] Child 17022 closed (alive for 4154503992s)
[2019/11/06-08:11:33.266] [info] [Thread-4] [ConvertServer]	[2019/11/06-08:11:33] 53: GET /stats.xml HTTP/1.1
[2019/11/06-08:11:33.307] [info] [Thread-4] [ConvertServer]	[2019/11/06-08:11:33] [33752] [info] loading /busapps/dpmu/gbl0/3DSpaceIndex/linux_a64/cv/tools/../amd64-linux/bin/ngconvert --port-feedback-http http://127.0.0.1:33520/tadaima --parent-process-id 10709 --log --port 0.0.0.0:16022 --pdf-config resource:///xpdf/xpdfrc.with-config --loose-text-conversion --enable-gd --netcam-probe --max-recursion-depth 1 --max-recursion-documents 2147483647 --max-recursion-documents-total 2147483647 --enable-utf-32 --enable-document-chars --meta-separator-char _ --excel-date-format 0 --disable-auto-32 --tmpdir /busdata/dpmu/gbl0/data/cv/bin/../tmp --maxcore 0 --tmpdir-create --tmpdir-pid --tmpdir /busdata/dpmu/gbl0/data/cv/bin/../tmp/ngconvert_prwy7p749ur25kjthgfy0i0u02 --parent-process-id 10882 --child=minion-10882-140498547226368-1573024293266826-53
[2019/11/06-08:11:33.308] [info] [Thread-4] [ConvertServer]	[2019/11/06-08:11:33] [33752] minion outside-in entering in new lair
[2019/11/06-08:11:33.308] [info] [Thread-4] [ConvertServer]	[2019/11/06-08:11:33] 52: mnRegister minion-10882-140498547226368-1573024293266826-53
[2019/11/06-08:11:33.318] [info] [Thread-4] [ConvertServer]	[2019/11/06-08:11:33] [33752] [info] probed GD (graphic handling) libraries
[2019/11/06-08:12:33.260] [info] [Thread-4] [ConvertServer]	[2019/11/06-08:12:33] 54: GET /stats.xml HTTP/1.1
[2019/11/06-08:13:33.290] [info] [Thread-4] [ConvertServer]	[2019/11/06-08:13:33] 53: GET /stats.xml HTTP/1.1
[2019/11/06-08:14:33.253] [info] [Thread-4] [ConvertServer]	[2019/11/06-08:14:33] 54: GET /stats.xml HTTP/1.1
[2019/11/06-08:15:33.271] [info] [Thread-4] [ConvertServer]	[2019/11/06-08:15:33] 53: GET /stats.xml HTTP/1.1
[2019/11/06-08:16:33.255] [info] [Thread-4] [ConvertServer]	[2019/11/06-08:16:33] 54: GET /stats.xml HTTP/1.1
[2019/11/06-08:17:33.251] [info] [Thread-4] [ConvertServer]	[2019/11/06-08:17:33] 53: GET /stats.xml HTTP/1.1
[2019/11/06-08:18:33.255] [info] [Thread-4] [ConvertServer]	[2019/11/06-08:18:33] 54: GET /stats.xml HTTP/1.1
[2019/11/06-08:19:33.257] [info] [Thread-4] [ConvertServer]	[2019/11/06-08:19:33] 53: GET /stats.xml HTTP/1.1
[2019/11/06-08:20:33.234] [info] [Thread-4] [ConvertServer]	[2019/11/06-08:20:33] 54: GET /stats.xml HTTP/1.1
[2019/11/06-08:21:33.282] [info] [Thread-4] [ConvertServer]	[2019/11/06-08:21:33] 53: GET /stats.xml HTTP/1.1
[2019/11/06-08:22:33.251] [info] [Thread-4] [ConvertServer]	[2019/11/06-08:22:33] 54: GET /stats.xml HTTP/1.1
[2019/11/06-08:23:33.270] [info] [Thread-4] [ConvertServer]	[2019/11/06-08:23:33] 53: GET /stats.xml HTTP/1.1
[2019/11/06-08:24:33.284] [info] [Thread-4] [ConvertServer]	[2019/11/06-08:24:33] 54: GET /stats.xml HTTP/1.1
[2019/11/06-08:24:37.491] [info] [1523457748@jtp-default-1] [bee.runtime]	Exiting on StopRuntime request
[2019/11/06-08:24:37.493] [info] [shutdown-2805] [jaxb]	JAXB cache contains :SGLoader@null__exa.bee (creation=611ms, hits=1381)
[2019/11/06-08:24:38.500] [info] [shutdown-2805] [bee.directory]	Stopping server 'default': HTTP server
[2019/11/06-08:24:38.592] [info] [shutdown-2805] [org.eclipse.jetty.server.AbstractConnector]	Stopped 16038@702b8b12{HTTP/1.1,[http/1.1]}{0.0.0.0:16038}
[2019/11/06-08:24:38.596] [info] [shutdown-2805] [org.eclipse.jetty.server.handler.ContextHandler]	Stopped o.e.j.s.ServletContextHandler@31e5415e{/,resource:/exa/bee/net/http2/htdocs,UNAVAILABLE}
[2019/11/06-08:24:38.608] [info] [shutdown-2805] [org.eclipse.jetty.server.session]	node0 Stopped scavenging
[2019/11/06-08:24:38.732] [info] [shutdown-2805] [bee.directory]	Stopping server 'convert': HTTP server
[2019/11/06-08:24:38.747] [info] [shutdown-2805] [org.eclipse.jetty.server.AbstractConnector]	Stopped 16021@b62d79{HTTP/1.1,[http/1.1]}{0.0.0.0:16021}
[2019/11/06-08:24:38.748] [info] [shutdown-2805] [org.eclipse.jetty.server.handler.ContextHandler]	Stopped o.e.j.s.ServletContextHandler@574b560f{/,resource:/exa/bee/net/http2/htdocs,UNAVAILABLE}
[2019/11/06-08:24:38.749] [info] [shutdown-2805] [org.eclipse.jetty.server.session]	node0 Stopped scavenging
[2019/11/06-08:24:38.753] [info] [shutdown-2805] [bee.directory]	Stopping server 'convert': service 'c0'
[2019/11/06-08:24:38.753] [info] [shutdown-2805] [ConvertServer]	Stopping convert daemon (c0)
[2019/11/06-08:24:39.202] [info] [Thread-4] [ConvertServer]	[2019/11/06-08:24:39] server: exiting
[2019/11/06-08:24:39.202] [info] [Thread-4] [ConvertServer]	[2019/11/06-08:24:39] server: done
[2019/11/06-08:24:39.202] [info] [Thread-4] [ConvertServer]	[2019/11/06-08:24:39] [info] ngconvert exiting
[2019/11/06-08:24:39.208] [info] [Thread-4] [ConvertServer]	[2019/11/06-08:24:39] Process 33752 was slow to be waited (4.805ms)
[2019/11/06-08:24:39.208] [info] [Thread-4] [ConvertServer]	[2019/11/06-08:24:39] Child 33752 killed with status 0 (no error) [signal 9]
[2019/11/06-08:24:39.208] [info] [Thread-4] [ConvertServer]	[2019/11/06-08:24:39] [info] ngconvert exited
[2019/11/06-08:24:39.265] [info] [shutdown-2805] [bee.directory]	Directory stopped
[2019/11/06-08:24:39.266] [info] [shutdown-2805] [bee]	Runtime stopped
[2019/11/06-08:24:39.266] [fatal] [shutdown-2805] [bee]	Exiting process
Exiting process now (Queen.java)
