[2019-10-08 16:54:32,557] [WARN ] [main] [org.eclipse.jetty.security.SecurityHandler] ServletContext@o.e.j.w.WebAppContext@9635fa{/perf-ui,file:///busapps/dpmu/gbl0/3DSpaceIndex/linux_a64/cv/data/webapps-tmp/gateway/adminui_16001/perf-ui/,STARTING,@16001}{/busapps/dpmu/gbl0/3DSpaceIndex/linux_a64/cv/data/webapps-tmp/gateway/adminui_16001/perf-ui} has uncovered http methods for path: /
[2019-10-08 16:54:59,450] [INFO ] [shutdown-141] [jrds.webapp.StartListener] Application jrds will stop
[2019-10-08 16:54:59,461] [INFO ] [shutdown-141] [jrds.store.RrdDbStoreFactory] Average wait time: 0.25 ms
[2019-10-08 16:54:59,462] [INFO ] [shutdown-141] [jrds.StoreOpener] Average wait time: NaN ms
[2019-10-08 16:54:59,462] [INFO ] [shutdown-141] [jrds.webapp.StartListener] Application jrds stopped
[2019-10-08 16:54:59,463] [INFO ] [shutdown-141] [org.eclipse.jetty.server.handler.ContextHandler] Stopped o.e.j.w.WebAppContext@9635fa{/perf-ui,null,UNAVAILABLE,@16001}{/busapps/dpmu/gbl0/3DSpaceIndex/linux_a64/cv/data/webapps-tmp/gateway/adminui_16001/perf-ui}
[2019-10-08 16:55:14,797] [WARN ] [main] [org.eclipse.jetty.security.SecurityHandler] ServletContext@o.e.j.w.WebAppContext@172ca72b{/perf-ui,file:///busapps/dpmu/gbl0/3DSpaceIndex/linux_a64/cv/data/webapps-tmp/gateway/adminui_16001/perf-ui/,STARTING,@16001}{/busapps/dpmu/gbl0/3DSpaceIndex/linux_a64/cv/data/webapps-tmp/gateway/adminui_16001/perf-ui} has uncovered http methods for path: /
[2019-10-08 16:55:34,019] [INFO ] [shutdown-119] [jrds.webapp.StartListener] Application jrds will stop
[2019-10-08 16:55:34,022] [INFO ] [shutdown-119] [jrds.store.RrdDbStoreFactory] Average wait time: NaN ms
[2019-10-08 16:55:34,023] [INFO ] [shutdown-119] [jrds.StoreOpener] Average wait time: NaN ms
[2019-10-08 16:55:34,023] [INFO ] [shutdown-119] [jrds.webapp.StartListener] Application jrds stopped
[2019-10-08 16:55:34,023] [INFO ] [shutdown-119] [org.eclipse.jetty.server.handler.ContextHandler] Stopped o.e.j.w.WebAppContext@172ca72b{/perf-ui,null,UNAVAILABLE,@16001}{/busapps/dpmu/gbl0/3DSpaceIndex/linux_a64/cv/data/webapps-tmp/gateway/adminui_16001/perf-ui}
[2019-10-08 16:55:49,187] [WARN ] [main] [org.eclipse.jetty.security.SecurityHandler] ServletContext@o.e.j.w.WebAppContext@172ca72b{/perf-ui,file:///busapps/dpmu/gbl0/3DSpaceIndex/linux_a64/cv/data/webapps-tmp/gateway/adminui_16001/perf-ui/,STARTING,@16001}{/busapps/dpmu/gbl0/3DSpaceIndex/linux_a64/cv/data/webapps-tmp/gateway/adminui_16001/perf-ui} has uncovered http methods for path: /
[2019-10-08 16:56:55,308] [INFO ] [shutdown-468] [jrds.webapp.StartListener] Application jrds will stop
[2019-10-08 16:56:55,322] [INFO ] [shutdown-468] [jrds.store.RrdDbStoreFactory] Average wait time: 0.1 ms
[2019-10-08 16:56:55,323] [INFO ] [shutdown-468] [jrds.StoreOpener] Average wait time: NaN ms
[2019-10-08 16:56:55,323] [INFO ] [shutdown-468] [jrds.webapp.StartListener] Application jrds stopped
[2019-10-08 16:56:55,324] [INFO ] [shutdown-468] [org.eclipse.jetty.server.handler.ContextHandler] Stopped o.e.j.w.WebAppContext@172ca72b{/perf-ui,null,UNAVAILABLE,@16001}{/busapps/dpmu/gbl0/3DSpaceIndex/linux_a64/cv/data/webapps-tmp/gateway/adminui_16001/perf-ui}
[2019-10-08 16:57:10,529] [WARN ] [main] [org.eclipse.jetty.security.SecurityHandler] ServletContext@o.e.j.w.WebAppContext@4602c2a9{/perf-ui,file:///busapps/dpmu/gbl0/3DSpaceIndex/linux_a64/cv/data/webapps-tmp/gateway/adminui_16001/perf-ui/,STARTING,@16001}{/busapps/dpmu/gbl0/3DSpaceIndex/linux_a64/cv/data/webapps-tmp/gateway/adminui_16001/perf-ui} has uncovered http methods for path: /
[2019-10-08 16:57:27,404] [INFO ] [shutdown-95] [jrds.webapp.StartListener] Application jrds will stop
[2019-10-08 16:57:27,411] [INFO ] [shutdown-95] [jrds.store.RrdDbStoreFactory] Average wait time: NaN ms
[2019-10-08 16:57:27,412] [INFO ] [shutdown-95] [jrds.StoreOpener] Average wait time: NaN ms
[2019-10-08 16:57:27,412] [INFO ] [shutdown-95] [jrds.webapp.StartListener] Application jrds stopped
[2019-10-08 16:57:27,413] [INFO ] [shutdown-95] [org.eclipse.jetty.server.handler.ContextHandler] Stopped o.e.j.w.WebAppContext@4602c2a9{/perf-ui,null,UNAVAILABLE,@16001}{/busapps/dpmu/gbl0/3DSpaceIndex/linux_a64/cv/data/webapps-tmp/gateway/adminui_16001/perf-ui}
[2019-10-08 16:58:16,331] [WARN ] [main] [org.eclipse.jetty.security.SecurityHandler] ServletContext@o.e.j.w.WebAppContext@1bdf8190{/perf-ui,file:///busapps/dpmu/gbl0/3DSpaceIndex/linux_a64/cv/data/webapps-tmp/gateway/adminui_16001/perf-ui/,STARTING,@16001}{/busapps/dpmu/gbl0/3DSpaceIndex/linux_a64/cv/data/webapps-tmp/gateway/adminui_16001/perf-ui} has uncovered http methods for path: /
[2019-10-08 16:58:35,039] [INFO ] [shutdown-471] [jrds.webapp.StartListener] Application jrds will stop
[2019-10-08 16:58:35,043] [INFO ] [shutdown-471] [jrds.store.RrdDbStoreFactory] Average wait time: NaN ms
[2019-10-08 16:58:35,045] [INFO ] [shutdown-471] [jrds.StoreOpener] Average wait time: NaN ms
[2019-10-08 16:58:35,045] [INFO ] [shutdown-471] [jrds.webapp.StartListener] Application jrds stopped
[2019-10-08 16:58:35,046] [INFO ] [shutdown-471] [org.eclipse.jetty.server.handler.ContextHandler] Stopped o.e.j.w.WebAppContext@1bdf8190{/perf-ui,null,UNAVAILABLE,@16001}{/busapps/dpmu/gbl0/3DSpaceIndex/linux_a64/cv/data/webapps-tmp/gateway/adminui_16001/perf-ui}
[2019-10-08 16:59:01,571] [WARN ] [main] [org.eclipse.jetty.security.SecurityHandler] ServletContext@o.e.j.w.WebAppContext@1bdf8190{/perf-ui,file:///busapps/dpmu/gbl0/3DSpaceIndex/linux_a64/cv/data/webapps-tmp/gateway/adminui_16001/perf-ui/,STARTING,@16001}{/busapps/dpmu/gbl0/3DSpaceIndex/linux_a64/cv/data/webapps-tmp/gateway/adminui_16001/perf-ui} has uncovered http methods for path: /
[2019-10-08 16:59:22,701] [INFO ] [shutdown-467] [jrds.webapp.StartListener] Application jrds will stop
[2019-10-08 16:59:22,703] [INFO ] [shutdown-467] [jrds.store.RrdDbStoreFactory] Average wait time: NaN ms
[2019-10-08 16:59:22,704] [INFO ] [shutdown-467] [jrds.StoreOpener] Average wait time: NaN ms
[2019-10-08 16:59:22,704] [INFO ] [shutdown-467] [jrds.webapp.StartListener] Application jrds stopped
[2019-10-08 16:59:22,705] [INFO ] [shutdown-467] [org.eclipse.jetty.server.handler.ContextHandler] Stopped o.e.j.w.WebAppContext@1bdf8190{/perf-ui,null,UNAVAILABLE,@16001}{/busapps/dpmu/gbl0/3DSpaceIndex/linux_a64/cv/data/webapps-tmp/gateway/adminui_16001/perf-ui}
[2019-10-08 16:59:44,521] [WARN ] [main] [org.eclipse.jetty.security.SecurityHandler] ServletContext@o.e.j.w.WebAppContext@1bdf8190{/perf-ui,file:///busapps/dpmu/gbl0/3DSpaceIndex/linux_a64/cv/data/webapps-tmp/gateway/adminui_16001/perf-ui/,STARTING,@16001}{/busapps/dpmu/gbl0/3DSpaceIndex/linux_a64/cv/data/webapps-tmp/gateway/adminui_16001/perf-ui} has uncovered http methods for path: /
