[2019-10-22 16:30:18,950] [INFO ] [main] [org.eclipse.jetty.annotations.AnnotationConfiguration] Scanning elapsed time=0ms
[2019-10-22 16:30:19,026] [WARN ] [main] [org.eclipse.jetty.security.SecurityHandler] ServletContext@o.e.j.w.WebAppContext@421bba99{/access,file:///busdata/dpmu/gbl0/data/cv/webapps-tmp/searchserver-ss0/searchapi_16010/access/,STARTING,@16010}{/busdata/dpmu/gbl0/data/cv/webapps-tmp/searchserver-ss0/searchapi_16010/access} has uncovered http methods for path: /
[2019-10-22 16:30:19,029] [INFO ] [main] [com.exalead.access.config.AccessContext] Checking master for missing plugins for instance access-api.ac0 of application default...
[2019-10-22 16:30:19,041] [INFO ] [main] [com.exalead.cv360.config.ConfigurationManager] Configuration Top Directory: /busdata/dpmu/gbl0/data/cv/bin/../gct
[2019-10-22 16:30:19,042] [INFO ] [main] [com.exalead.cv360.config.ConfigurationManager] Configuration Last Revision Repository: /busdata/dpmu/gbl0/data/cv/bin/../gct/22/master/360
[2019-10-22 16:30:19,042] [INFO ] [main] [com.exalead.cv360.config.ConfigurationManager] Configuration Store Directory: /busdata/dpmu/gbl0/data/cv/bin/../config/360
[2019-10-22 16:30:19,042] [INFO ] [main] [com.exalead.cv360.config.ConfigurationManager] Data Directory: /busdata/dpmu/gbl0/data/cv/bin/..
[2019-10-22 16:30:19,391] [INFO ] [main] [plugins.deployment.local] Found 0 deployed plugins in /busdata/dpmu/gbl0/data/cv/bin/.. for instance access-api.ac0 of application default
[2019-10-22 16:30:19,601] [INFO ] [main] [access.loader] Discovering available feeds...
[2019-10-22 16:30:20,108] [INFO ] [main] [access.loader] Discovering available triggers...
[2019-10-22 16:30:20,124] [INFO ] [main] [mel.loader] Discovering user defined MEL...
[2019-10-22 16:30:20,171] [INFO ] [main] [access.loader] Discovering available serializers...
[2019-10-22 16:30:20,171] [INFO ] [main] [org.eclipse.jetty.server.handler.ContextHandler] Started o.e.j.w.WebAppContext@421bba99{/access,file:///busdata/dpmu/gbl0/data/cv/webapps-tmp/searchserver-ss0/searchapi_16010/access/,AVAILABLE,@16010}{/busdata/dpmu/gbl0/data/cv/webapps-tmp/searchserver-ss0/searchapi_16010/access}
[2019-10-22 16:40:13,265] [INFO ] [main] [org.eclipse.jetty.annotations.AnnotationConfiguration] Scanning elapsed time=0ms
[2019-10-22 16:40:13,338] [WARN ] [main] [org.eclipse.jetty.security.SecurityHandler] ServletContext@o.e.j.w.WebAppContext@421bba99{/access,file:///busdata/dpmu/gbl0/data/cv/webapps-tmp/searchserver-ss0/searchapi_16010/access/,STARTING,@16010}{/busdata/dpmu/gbl0/data/cv/webapps-tmp/searchserver-ss0/searchapi_16010/access} has uncovered http methods for path: /
[2019-10-22 16:40:13,343] [INFO ] [main] [com.exalead.access.config.AccessContext] Checking master for missing plugins for instance access-api.ac0 of application default...
[2019-10-22 16:40:13,355] [INFO ] [main] [com.exalead.cv360.config.ConfigurationManager] Configuration Top Directory: /busdata/dpmu/gbl0/data/cv/bin/../gct
[2019-10-22 16:40:13,355] [INFO ] [main] [com.exalead.cv360.config.ConfigurationManager] Configuration Last Revision Repository: /busdata/dpmu/gbl0/data/cv/bin/../gct/22/master/360
[2019-10-22 16:40:13,355] [INFO ] [main] [com.exalead.cv360.config.ConfigurationManager] Configuration Store Directory: /busdata/dpmu/gbl0/data/cv/bin/../config/360
[2019-10-22 16:40:13,355] [INFO ] [main] [com.exalead.cv360.config.ConfigurationManager] Data Directory: /busdata/dpmu/gbl0/data/cv/bin/..
[2019-10-22 16:40:13,570] [INFO ] [main] [plugins.deployment.local] Found 0 deployed plugins in /busdata/dpmu/gbl0/data/cv/bin/.. for instance access-api.ac0 of application default
[2019-10-22 16:40:13,780] [INFO ] [main] [access.loader] Discovering available feeds...
[2019-10-22 16:40:14,263] [INFO ] [main] [access.loader] Discovering available triggers...
[2019-10-22 16:40:14,277] [INFO ] [main] [mel.loader] Discovering user defined MEL...
[2019-10-22 16:40:14,324] [INFO ] [main] [access.loader] Discovering available serializers...
[2019-10-22 16:40:14,324] [INFO ] [main] [org.eclipse.jetty.server.handler.ContextHandler] Started o.e.j.w.WebAppContext@421bba99{/access,file:///busdata/dpmu/gbl0/data/cv/webapps-tmp/searchserver-ss0/searchapi_16010/access/,AVAILABLE,@16010}{/busdata/dpmu/gbl0/data/cv/webapps-tmp/searchserver-ss0/searchapi_16010/access}
