[2019-10-08 16:54:38,326] [INFO ] [main] [org.eclipse.jetty.annotations.AnnotationConfiguration] Scanning elapsed time=0ms
[2019-10-08 16:54:38,377] [WARN ] [main] [org.eclipse.jetty.security.SecurityHandler] ServletContext@o.e.j.w.WebAppContext@34a875b3{/access,file:///busapps/dpmu/gbl0/3DSpaceIndex/linux_a64/cv/data/webapps-tmp/searchserver-ss0/searchapi_16010/access/,STARTING,@16010}{/busapps/dpmu/gbl0/3DSpaceIndex/linux_a64/cv/data/webapps-tmp/searchserver-ss0/searchapi_16010/access} has uncovered http methods for path: /
[2019-10-08 16:54:38,378] [INFO ] [main] [com.exalead.access.config.AccessContext] Checking master for missing plugins for instance access-api.ac0 of application default...
[2019-10-08 16:54:38,386] [INFO ] [main] [com.exalead.cv360.config.ConfigurationManager] Configuration Top Directory: /busapps/dpmu/gbl0/3DSpaceIndex/linux_a64/cv/data/bin/../gct
[2019-10-08 16:54:38,386] [INFO ] [main] [com.exalead.cv360.config.ConfigurationManager] Configuration Last Revision Repository: /busapps/dpmu/gbl0/3DSpaceIndex/linux_a64/cv/data/bin/../gct/3/master/360
[2019-10-08 16:54:38,386] [INFO ] [main] [com.exalead.cv360.config.ConfigurationManager] Configuration Store Directory: /busapps/dpmu/gbl0/3DSpaceIndex/linux_a64/cv/data/bin/../config/360
[2019-10-08 16:54:38,386] [INFO ] [main] [com.exalead.cv360.config.ConfigurationManager] Data Directory: /busapps/dpmu/gbl0/3DSpaceIndex/linux_a64/cv/data/bin/..
[2019-10-08 16:54:38,426] [ERROR] [main] [com.exalead.access.config.AccessContext] cannot synchronize plugins: Connection refused (Connection refused)
[2019-10-08 16:54:38,635] [INFO ] [main] [access.loader] Discovering available feeds...
[2019-10-08 16:54:39,491] [INFO ] [main] [access.loader] Discovering available triggers...
[2019-10-08 16:54:39,513] [INFO ] [main] [mel.loader] Discovering user defined MEL...
[2019-10-08 16:54:39,575] [INFO ] [main] [access.loader] Discovering available serializers...
[2019-10-08 16:54:39,575] [INFO ] [main] [org.eclipse.jetty.server.handler.ContextHandler] Started o.e.j.w.WebAppContext@34a875b3{/access,file:///busapps/dpmu/gbl0/3DSpaceIndex/linux_a64/cv/data/webapps-tmp/searchserver-ss0/searchapi_16010/access/,AVAILABLE,@16010}{/busapps/dpmu/gbl0/3DSpaceIndex/linux_a64/cv/data/webapps-tmp/searchserver-ss0/searchapi_16010/access}
[2019-10-08 16:54:59,419] [INFO ] [shutdown-68] [org.eclipse.jetty.server.handler.ContextHandler] Stopped o.e.j.w.WebAppContext@34a875b3{/access,null,UNAVAILABLE,@16010}{/busapps/dpmu/gbl0/3DSpaceIndex/linux_a64/cv/data/webapps-tmp/searchserver-ss0/searchapi_16010/access}
[2019-10-08 16:55:20,816] [INFO ] [main] [org.eclipse.jetty.annotations.AnnotationConfiguration] Scanning elapsed time=0ms
[2019-10-08 16:55:20,868] [WARN ] [main] [org.eclipse.jetty.security.SecurityHandler] ServletContext@o.e.j.w.WebAppContext@79c7532f{/access,file:///busapps/dpmu/gbl0/3DSpaceIndex/linux_a64/cv/data/webapps-tmp/searchserver-ss0/searchapi_16010/access/,STARTING,@16010}{/busapps/dpmu/gbl0/3DSpaceIndex/linux_a64/cv/data/webapps-tmp/searchserver-ss0/searchapi_16010/access} has uncovered http methods for path: /
[2019-10-08 16:55:20,870] [INFO ] [main] [com.exalead.access.config.AccessContext] Checking master for missing plugins for instance access-api.ac0 of application default...
[2019-10-08 16:55:20,877] [INFO ] [main] [com.exalead.cv360.config.ConfigurationManager] Configuration Top Directory: /busapps/dpmu/gbl0/3DSpaceIndex/linux_a64/cv/data/bin/../gct
[2019-10-08 16:55:20,877] [INFO ] [main] [com.exalead.cv360.config.ConfigurationManager] Configuration Last Revision Repository: /busapps/dpmu/gbl0/3DSpaceIndex/linux_a64/cv/data/bin/../gct/4/master/360
[2019-10-08 16:55:20,877] [INFO ] [main] [com.exalead.cv360.config.ConfigurationManager] Configuration Store Directory: /busapps/dpmu/gbl0/3DSpaceIndex/linux_a64/cv/data/bin/../config/360
[2019-10-08 16:55:20,877] [INFO ] [main] [com.exalead.cv360.config.ConfigurationManager] Data Directory: /busapps/dpmu/gbl0/3DSpaceIndex/linux_a64/cv/data/bin/..
[2019-10-08 16:55:20,904] [ERROR] [main] [com.exalead.access.config.AccessContext] cannot synchronize plugins: Connection refused (Connection refused)
[2019-10-08 16:55:21,104] [INFO ] [main] [access.loader] Discovering available feeds...
[2019-10-08 16:55:21,419] [INFO ] [main] [access.loader] Discovering available triggers...
[2019-10-08 16:55:21,428] [INFO ] [main] [mel.loader] Discovering user defined MEL...
[2019-10-08 16:55:21,469] [INFO ] [main] [access.loader] Discovering available serializers...
[2019-10-08 16:55:21,469] [INFO ] [main] [org.eclipse.jetty.server.handler.ContextHandler] Started o.e.j.w.WebAppContext@79c7532f{/access,file:///busapps/dpmu/gbl0/3DSpaceIndex/linux_a64/cv/data/webapps-tmp/searchserver-ss0/searchapi_16010/access/,AVAILABLE,@16010}{/busapps/dpmu/gbl0/3DSpaceIndex/linux_a64/cv/data/webapps-tmp/searchserver-ss0/searchapi_16010/access}
[2019-10-08 16:55:34,128] [INFO ] [shutdown-64] [org.eclipse.jetty.server.handler.ContextHandler] Stopped o.e.j.w.WebAppContext@79c7532f{/access,null,UNAVAILABLE,@16010}{/busapps/dpmu/gbl0/3DSpaceIndex/linux_a64/cv/data/webapps-tmp/searchserver-ss0/searchapi_16010/access}
[2019-10-08 16:55:55,094] [INFO ] [main] [org.eclipse.jetty.annotations.AnnotationConfiguration] Scanning elapsed time=0ms
[2019-10-08 16:55:55,163] [WARN ] [main] [org.eclipse.jetty.security.SecurityHandler] ServletContext@o.e.j.w.WebAppContext@32f232a5{/access,file:///busapps/dpmu/gbl0/3DSpaceIndex/linux_a64/cv/data/webapps-tmp/searchserver-ss0/searchapi_16010/access/,STARTING,@16010}{/busapps/dpmu/gbl0/3DSpaceIndex/linux_a64/cv/data/webapps-tmp/searchserver-ss0/searchapi_16010/access} has uncovered http methods for path: /
[2019-10-08 16:55:55,164] [INFO ] [main] [com.exalead.access.config.AccessContext] Checking master for missing plugins for instance access-api.ac0 of application default...
[2019-10-08 16:55:55,197] [INFO ] [main] [com.exalead.cv360.config.ConfigurationManager] Configuration Top Directory: /busapps/dpmu/gbl0/3DSpaceIndex/linux_a64/cv/data/bin/../gct
[2019-10-08 16:55:55,197] [INFO ] [main] [com.exalead.cv360.config.ConfigurationManager] Configuration Last Revision Repository: /busapps/dpmu/gbl0/3DSpaceIndex/linux_a64/cv/data/bin/../gct/5/master/360
[2019-10-08 16:55:55,197] [INFO ] [main] [com.exalead.cv360.config.ConfigurationManager] Configuration Store Directory: /busapps/dpmu/gbl0/3DSpaceIndex/linux_a64/cv/data/bin/../config/360
[2019-10-08 16:55:55,197] [INFO ] [main] [com.exalead.cv360.config.ConfigurationManager] Data Directory: /busapps/dpmu/gbl0/3DSpaceIndex/linux_a64/cv/data/bin/..
[2019-10-08 16:55:55,330] [ERROR] [main] [com.exalead.access.config.AccessContext] cannot synchronize plugins: Connection refused (Connection refused)
[2019-10-08 16:55:55,647] [INFO ] [main] [access.loader] Discovering available feeds...
[2019-10-08 16:55:56,363] [INFO ] [main] [access.loader] Discovering available triggers...
[2019-10-08 16:55:56,374] [INFO ] [main] [mel.loader] Discovering user defined MEL...
[2019-10-08 16:55:56,416] [INFO ] [main] [access.loader] Discovering available serializers...
[2019-10-08 16:55:56,417] [INFO ] [main] [org.eclipse.jetty.server.handler.ContextHandler] Started o.e.j.w.WebAppContext@32f232a5{/access,file:///busapps/dpmu/gbl0/3DSpaceIndex/linux_a64/cv/data/webapps-tmp/searchserver-ss0/searchapi_16010/access/,AVAILABLE,@16010}{/busapps/dpmu/gbl0/3DSpaceIndex/linux_a64/cv/data/webapps-tmp/searchserver-ss0/searchapi_16010/access}
[2019-10-08 16:56:55,346] [INFO ] [shutdown-73] [org.eclipse.jetty.server.handler.ContextHandler] Stopped o.e.j.w.WebAppContext@32f232a5{/access,null,UNAVAILABLE,@16010}{/busapps/dpmu/gbl0/3DSpaceIndex/linux_a64/cv/data/webapps-tmp/searchserver-ss0/searchapi_16010/access}
[2019-10-08 16:57:16,055] [INFO ] [main] [org.eclipse.jetty.annotations.AnnotationConfiguration] Scanning elapsed time=0ms
[2019-10-08 16:57:16,196] [WARN ] [main] [org.eclipse.jetty.security.SecurityHandler] ServletContext@o.e.j.w.WebAppContext@32f232a5{/access,file:///busapps/dpmu/gbl0/3DSpaceIndex/linux_a64/cv/data/webapps-tmp/searchserver-ss0/searchapi_16010/access/,STARTING,@16010}{/busapps/dpmu/gbl0/3DSpaceIndex/linux_a64/cv/data/webapps-tmp/searchserver-ss0/searchapi_16010/access} has uncovered http methods for path: /
[2019-10-08 16:57:16,211] [INFO ] [main] [com.exalead.access.config.AccessContext] Checking master for missing plugins for instance access-api.ac0 of application default...
[2019-10-08 16:57:16,238] [INFO ] [main] [com.exalead.cv360.config.ConfigurationManager] Configuration Top Directory: /busapps/dpmu/gbl0/3DSpaceIndex/linux_a64/cv/data/bin/../gct
[2019-10-08 16:57:16,238] [INFO ] [main] [com.exalead.cv360.config.ConfigurationManager] Configuration Last Revision Repository: /busapps/dpmu/gbl0/3DSpaceIndex/linux_a64/cv/data/bin/../gct/6/master/360
[2019-10-08 16:57:16,238] [INFO ] [main] [com.exalead.cv360.config.ConfigurationManager] Configuration Store Directory: /busapps/dpmu/gbl0/3DSpaceIndex/linux_a64/cv/data/bin/../config/360
[2019-10-08 16:57:16,238] [INFO ] [main] [com.exalead.cv360.config.ConfigurationManager] Data Directory: /busapps/dpmu/gbl0/3DSpaceIndex/linux_a64/cv/data/bin/..
[2019-10-08 16:57:16,337] [ERROR] [main] [com.exalead.access.config.AccessContext] cannot synchronize plugins: Connection refused (Connection refused)
[2019-10-08 16:57:16,677] [INFO ] [main] [access.loader] Discovering available feeds...
[2019-10-08 16:57:17,397] [INFO ] [main] [access.loader] Discovering available triggers...
[2019-10-08 16:57:17,450] [INFO ] [main] [mel.loader] Discovering user defined MEL...
[2019-10-08 16:57:17,592] [INFO ] [main] [access.loader] Discovering available serializers...
[2019-10-08 16:57:17,593] [INFO ] [main] [org.eclipse.jetty.server.handler.ContextHandler] Started o.e.j.w.WebAppContext@32f232a5{/access,file:///busapps/dpmu/gbl0/3DSpaceIndex/linux_a64/cv/data/webapps-tmp/searchserver-ss0/searchapi_16010/access/,AVAILABLE,@16010}{/busapps/dpmu/gbl0/3DSpaceIndex/linux_a64/cv/data/webapps-tmp/searchserver-ss0/searchapi_16010/access}
[2019-10-08 16:57:27,266] [INFO ] [shutdown-63] [org.eclipse.jetty.server.handler.ContextHandler] Stopped o.e.j.w.WebAppContext@32f232a5{/access,null,UNAVAILABLE,@16010}{/busapps/dpmu/gbl0/3DSpaceIndex/linux_a64/cv/data/webapps-tmp/searchserver-ss0/searchapi_16010/access}
[2019-10-08 16:58:22,023] [INFO ] [main] [org.eclipse.jetty.annotations.AnnotationConfiguration] Scanning elapsed time=0ms
[2019-10-08 16:58:22,069] [WARN ] [main] [org.eclipse.jetty.security.SecurityHandler] ServletContext@o.e.j.w.WebAppContext@32f232a5{/access,file:///busapps/dpmu/gbl0/3DSpaceIndex/linux_a64/cv/data/webapps-tmp/searchserver-ss0/searchapi_16010/access/,STARTING,@16010}{/busapps/dpmu/gbl0/3DSpaceIndex/linux_a64/cv/data/webapps-tmp/searchserver-ss0/searchapi_16010/access} has uncovered http methods for path: /
[2019-10-08 16:58:22,071] [INFO ] [main] [com.exalead.access.config.AccessContext] Checking master for missing plugins for instance access-api.ac0 of application default...
[2019-10-08 16:58:22,078] [INFO ] [main] [com.exalead.cv360.config.ConfigurationManager] Configuration Top Directory: /busapps/dpmu/gbl0/3DSpaceIndex/linux_a64/cv/data/bin/../gct
[2019-10-08 16:58:22,078] [INFO ] [main] [com.exalead.cv360.config.ConfigurationManager] Configuration Last Revision Repository: /busapps/dpmu/gbl0/3DSpaceIndex/linux_a64/cv/data/bin/../gct/11/master/360
[2019-10-08 16:58:22,078] [INFO ] [main] [com.exalead.cv360.config.ConfigurationManager] Configuration Store Directory: /busapps/dpmu/gbl0/3DSpaceIndex/linux_a64/cv/data/bin/../config/360
[2019-10-08 16:58:22,078] [INFO ] [main] [com.exalead.cv360.config.ConfigurationManager] Data Directory: /busapps/dpmu/gbl0/3DSpaceIndex/linux_a64/cv/data/bin/..
[2019-10-08 16:58:22,110] [ERROR] [main] [com.exalead.access.config.AccessContext] cannot synchronize plugins: Connection refused (Connection refused)
[2019-10-08 16:58:22,367] [INFO ] [main] [access.loader] Discovering available feeds...
[2019-10-08 16:58:22,669] [INFO ] [main] [access.loader] Discovering available triggers...
[2019-10-08 16:58:22,677] [INFO ] [main] [mel.loader] Discovering user defined MEL...
[2019-10-08 16:58:22,721] [INFO ] [main] [access.loader] Discovering available serializers...
[2019-10-08 16:58:22,721] [INFO ] [main] [org.eclipse.jetty.server.handler.ContextHandler] Started o.e.j.w.WebAppContext@32f232a5{/access,file:///busapps/dpmu/gbl0/3DSpaceIndex/linux_a64/cv/data/webapps-tmp/searchserver-ss0/searchapi_16010/access/,AVAILABLE,@16010}{/busapps/dpmu/gbl0/3DSpaceIndex/linux_a64/cv/data/webapps-tmp/searchserver-ss0/searchapi_16010/access}
[2019-10-08 16:58:35,041] [INFO ] [shutdown-66] [org.eclipse.jetty.server.handler.ContextHandler] Stopped o.e.j.w.WebAppContext@32f232a5{/access,null,UNAVAILABLE,@16010}{/busapps/dpmu/gbl0/3DSpaceIndex/linux_a64/cv/data/webapps-tmp/searchserver-ss0/searchapi_16010/access}
[2019-10-08 16:59:07,240] [INFO ] [main] [org.eclipse.jetty.annotations.AnnotationConfiguration] Scanning elapsed time=0ms
[2019-10-08 16:59:07,284] [WARN ] [main] [org.eclipse.jetty.security.SecurityHandler] ServletContext@o.e.j.w.WebAppContext@32f232a5{/access,file:///busapps/dpmu/gbl0/3DSpaceIndex/linux_a64/cv/data/webapps-tmp/searchserver-ss0/searchapi_16010/access/,STARTING,@16010}{/busapps/dpmu/gbl0/3DSpaceIndex/linux_a64/cv/data/webapps-tmp/searchserver-ss0/searchapi_16010/access} has uncovered http methods for path: /
[2019-10-08 16:59:07,286] [INFO ] [main] [com.exalead.access.config.AccessContext] Checking master for missing plugins for instance access-api.ac0 of application default...
[2019-10-08 16:59:07,309] [INFO ] [main] [com.exalead.cv360.config.ConfigurationManager] Configuration Top Directory: /busapps/dpmu/gbl0/3DSpaceIndex/linux_a64/cv/data/bin/../gct
[2019-10-08 16:59:07,309] [INFO ] [main] [com.exalead.cv360.config.ConfigurationManager] Configuration Last Revision Repository: /busapps/dpmu/gbl0/3DSpaceIndex/linux_a64/cv/data/bin/../gct/12/master/360
[2019-10-08 16:59:07,309] [INFO ] [main] [com.exalead.cv360.config.ConfigurationManager] Configuration Store Directory: /busapps/dpmu/gbl0/3DSpaceIndex/linux_a64/cv/data/bin/../config/360
[2019-10-08 16:59:07,309] [INFO ] [main] [com.exalead.cv360.config.ConfigurationManager] Data Directory: /busapps/dpmu/gbl0/3DSpaceIndex/linux_a64/cv/data/bin/..
[2019-10-08 16:59:07,349] [ERROR] [main] [com.exalead.access.config.AccessContext] cannot synchronize plugins: Connection refused (Connection refused)
[2019-10-08 16:59:07,580] [INFO ] [main] [access.loader] Discovering available feeds...
[2019-10-08 16:59:07,999] [INFO ] [main] [access.loader] Discovering available triggers...
[2019-10-08 16:59:08,009] [INFO ] [main] [mel.loader] Discovering user defined MEL...
[2019-10-08 16:59:08,047] [INFO ] [main] [access.loader] Discovering available serializers...
[2019-10-08 16:59:08,047] [INFO ] [main] [org.eclipse.jetty.server.handler.ContextHandler] Started o.e.j.w.WebAppContext@32f232a5{/access,file:///busapps/dpmu/gbl0/3DSpaceIndex/linux_a64/cv/data/webapps-tmp/searchserver-ss0/searchapi_16010/access/,AVAILABLE,@16010}{/busapps/dpmu/gbl0/3DSpaceIndex/linux_a64/cv/data/webapps-tmp/searchserver-ss0/searchapi_16010/access}
[2019-10-08 16:59:22,690] [INFO ] [shutdown-67] [org.eclipse.jetty.server.handler.ContextHandler] Stopped o.e.j.w.WebAppContext@32f232a5{/access,null,UNAVAILABLE,@16010}{/busapps/dpmu/gbl0/3DSpaceIndex/linux_a64/cv/data/webapps-tmp/searchserver-ss0/searchapi_16010/access}
[2019-10-08 16:59:51,538] [INFO ] [main] [org.eclipse.jetty.annotations.AnnotationConfiguration] Scanning elapsed time=0ms
[2019-10-08 16:59:51,657] [WARN ] [main] [org.eclipse.jetty.security.SecurityHandler] ServletContext@o.e.j.w.WebAppContext@32f232a5{/access,file:///busapps/dpmu/gbl0/3DSpaceIndex/linux_a64/cv/data/webapps-tmp/searchserver-ss0/searchapi_16010/access/,STARTING,@16010}{/busapps/dpmu/gbl0/3DSpaceIndex/linux_a64/cv/data/webapps-tmp/searchserver-ss0/searchapi_16010/access} has uncovered http methods for path: /
[2019-10-08 16:59:51,658] [INFO ] [main] [com.exalead.access.config.AccessContext] Checking master for missing plugins for instance access-api.ac0 of application default...
[2019-10-08 16:59:51,666] [INFO ] [main] [com.exalead.cv360.config.ConfigurationManager] Configuration Top Directory: /busapps/dpmu/gbl0/3DSpaceIndex/linux_a64/cv/data/bin/../gct
[2019-10-08 16:59:51,666] [INFO ] [main] [com.exalead.cv360.config.ConfigurationManager] Configuration Last Revision Repository: /busapps/dpmu/gbl0/3DSpaceIndex/linux_a64/cv/data/bin/../gct/12/master/360
[2019-10-08 16:59:51,666] [INFO ] [main] [com.exalead.cv360.config.ConfigurationManager] Configuration Store Directory: /busapps/dpmu/gbl0/3DSpaceIndex/linux_a64/cv/data/bin/../config/360
[2019-10-08 16:59:51,666] [INFO ] [main] [com.exalead.cv360.config.ConfigurationManager] Data Directory: /busapps/dpmu/gbl0/3DSpaceIndex/linux_a64/cv/data/bin/..
[2019-10-08 16:59:51,746] [ERROR] [main] [com.exalead.access.config.AccessContext] cannot synchronize plugins: Connection refused (Connection refused)
[2019-10-08 16:59:52,022] [INFO ] [main] [access.loader] Discovering available feeds...
[2019-10-08 16:59:52,533] [INFO ] [main] [access.loader] Discovering available triggers...
[2019-10-08 16:59:52,546] [INFO ] [main] [mel.loader] Discovering user defined MEL...
[2019-10-08 16:59:52,576] [INFO ] [main] [access.loader] Discovering available serializers...
[2019-10-08 16:59:52,576] [INFO ] [main] [org.eclipse.jetty.server.handler.ContextHandler] Started o.e.j.w.WebAppContext@32f232a5{/access,file:///busapps/dpmu/gbl0/3DSpaceIndex/linux_a64/cv/data/webapps-tmp/searchserver-ss0/searchapi_16010/access/,AVAILABLE,@16010}{/busapps/dpmu/gbl0/3DSpaceIndex/linux_a64/cv/data/webapps-tmp/searchserver-ss0/searchapi_16010/access}
