[2019-10-09 08:58:52,495] [INFO ] [shutdown-1251] [org.eclipse.jetty.server.handler.ContextHandler] Stopped o.e.j.w.WebAppContext@32f232a5{/access,null,UNAVAILABLE,@16010}{/busapps/dpmu/gbl0/3DSpaceIndex/linux_a64/cv/data/webapps-tmp/searchserver-ss0/searchapi_16010/access}
[2019-10-09 09:08:21,176] [INFO ] [main] [org.eclipse.jetty.annotations.AnnotationConfiguration] Scanning elapsed time=0ms
[2019-10-09 09:08:21,213] [WARN ] [main] [org.eclipse.jetty.security.SecurityHandler] ServletContext@o.e.j.w.WebAppContext@70f59913{/access,file:///busapps/dpmu/gbl0/3DSpaceIndex/linux_a64/cv/data/webapps-tmp/searchserver-ss0/searchapi_16010/access/,STARTING,@16010}{/busapps/dpmu/gbl0/3DSpaceIndex/linux_a64/cv/data/webapps-tmp/searchserver-ss0/searchapi_16010/access} has uncovered http methods for path: /
[2019-10-09 09:08:21,215] [INFO ] [main] [com.exalead.access.config.AccessContext] Checking master for missing plugins for instance access-api.ac0 of application default...
[2019-10-09 09:08:21,221] [INFO ] [main] [com.exalead.cv360.config.ConfigurationManager] Configuration Top Directory: /busapps/dpmu/gbl0/3DSpaceIndex/linux_a64/cv/data/bin/../gct
[2019-10-09 09:08:21,221] [INFO ] [main] [com.exalead.cv360.config.ConfigurationManager] Configuration Last Revision Repository: /busapps/dpmu/gbl0/3DSpaceIndex/linux_a64/cv/data/bin/../gct/13/master/360
[2019-10-09 09:08:21,221] [INFO ] [main] [com.exalead.cv360.config.ConfigurationManager] Configuration Store Directory: /busapps/dpmu/gbl0/3DSpaceIndex/linux_a64/cv/data/bin/../config/360
[2019-10-09 09:08:21,221] [INFO ] [main] [com.exalead.cv360.config.ConfigurationManager] Data Directory: /busapps/dpmu/gbl0/3DSpaceIndex/linux_a64/cv/data/bin/..
[2019-10-09 09:08:21,246] [ERROR] [main] [com.exalead.access.config.AccessContext] cannot synchronize plugins: Connection refused (Connection refused)
[2019-10-09 09:08:21,367] [INFO ] [main] [access.loader] Discovering available feeds...
[2019-10-09 09:08:21,778] [INFO ] [main] [access.loader] Discovering available triggers...
[2019-10-09 09:08:21,792] [INFO ] [main] [mel.loader] Discovering user defined MEL...
[2019-10-09 09:08:21,835] [INFO ] [main] [access.loader] Discovering available serializers...
[2019-10-09 09:08:21,835] [INFO ] [main] [org.eclipse.jetty.server.handler.ContextHandler] Started o.e.j.w.WebAppContext@70f59913{/access,file:///busapps/dpmu/gbl0/3DSpaceIndex/linux_a64/cv/data/webapps-tmp/searchserver-ss0/searchapi_16010/access/,AVAILABLE,@16010}{/busapps/dpmu/gbl0/3DSpaceIndex/linux_a64/cv/data/webapps-tmp/searchserver-ss0/searchapi_16010/access}
[2019-10-09 09:10:23,085] [INFO ] [shutdown-238] [org.eclipse.jetty.server.handler.ContextHandler] Stopped o.e.j.w.WebAppContext@70f59913{/access,null,UNAVAILABLE,@16010}{/busapps/dpmu/gbl0/3DSpaceIndex/linux_a64/cv/data/webapps-tmp/searchserver-ss0/searchapi_16010/access}
[2019-10-09 09:10:47,494] [INFO ] [main] [org.eclipse.jetty.annotations.AnnotationConfiguration] Scanning elapsed time=0ms
[2019-10-09 09:10:47,539] [WARN ] [main] [org.eclipse.jetty.security.SecurityHandler] ServletContext@o.e.j.w.WebAppContext@176b3f44{/access,file:///busapps/dpmu/gbl0/3DSpaceIndex/linux_a64/cv/data/webapps-tmp/searchserver-ss0/searchapi_16010/access/,STARTING,@16010}{/busapps/dpmu/gbl0/3DSpaceIndex/linux_a64/cv/data/webapps-tmp/searchserver-ss0/searchapi_16010/access} has uncovered http methods for path: /
[2019-10-09 09:10:47,541] [INFO ] [main] [com.exalead.access.config.AccessContext] Checking master for missing plugins for instance access-api.ac0 of application default...
[2019-10-09 09:10:47,548] [INFO ] [main] [com.exalead.cv360.config.ConfigurationManager] Configuration Top Directory: /busapps/dpmu/gbl0/3DSpaceIndex/linux_a64/cv/data/bin/../gct
[2019-10-09 09:10:47,548] [INFO ] [main] [com.exalead.cv360.config.ConfigurationManager] Configuration Last Revision Repository: /busapps/dpmu/gbl0/3DSpaceIndex/linux_a64/cv/data/bin/../gct/14/master/360
[2019-10-09 09:10:47,548] [INFO ] [main] [com.exalead.cv360.config.ConfigurationManager] Configuration Store Directory: /busapps/dpmu/gbl0/3DSpaceIndex/linux_a64/cv/data/bin/../config/360
[2019-10-09 09:10:47,548] [INFO ] [main] [com.exalead.cv360.config.ConfigurationManager] Data Directory: /busapps/dpmu/gbl0/3DSpaceIndex/linux_a64/cv/data/bin/..
[2019-10-09 09:10:47,587] [ERROR] [main] [com.exalead.access.config.AccessContext] cannot synchronize plugins: Connection refused (Connection refused)
[2019-10-09 09:10:47,755] [INFO ] [main] [access.loader] Discovering available feeds...
[2019-10-09 09:10:48,112] [INFO ] [main] [access.loader] Discovering available triggers...
[2019-10-09 09:10:48,121] [INFO ] [main] [mel.loader] Discovering user defined MEL...
[2019-10-09 09:10:48,151] [INFO ] [main] [access.loader] Discovering available serializers...
[2019-10-09 09:10:48,151] [INFO ] [main] [org.eclipse.jetty.server.handler.ContextHandler] Started o.e.j.w.WebAppContext@176b3f44{/access,file:///busapps/dpmu/gbl0/3DSpaceIndex/linux_a64/cv/data/webapps-tmp/searchserver-ss0/searchapi_16010/access/,AVAILABLE,@16010}{/busapps/dpmu/gbl0/3DSpaceIndex/linux_a64/cv/data/webapps-tmp/searchserver-ss0/searchapi_16010/access}
[2019-10-09 09:10:56,752] [INFO ] [shutdown-72] [org.eclipse.jetty.server.handler.ContextHandler] Stopped o.e.j.w.WebAppContext@176b3f44{/access,null,UNAVAILABLE,@16010}{/busapps/dpmu/gbl0/3DSpaceIndex/linux_a64/cv/data/webapps-tmp/searchserver-ss0/searchapi_16010/access}
[2019-10-09 09:11:59,514] [INFO ] [main] [org.eclipse.jetty.annotations.AnnotationConfiguration] Scanning elapsed time=0ms
[2019-10-09 09:11:59,575] [WARN ] [main] [org.eclipse.jetty.security.SecurityHandler] ServletContext@o.e.j.w.WebAppContext@176b3f44{/access,file:///busapps/dpmu/gbl0/3DSpaceIndex/linux_a64/cv/data/webapps-tmp/searchserver-ss0/searchapi_16010/access/,STARTING,@16010}{/busapps/dpmu/gbl0/3DSpaceIndex/linux_a64/cv/data/webapps-tmp/searchserver-ss0/searchapi_16010/access} has uncovered http methods for path: /
[2019-10-09 09:11:59,577] [INFO ] [main] [com.exalead.access.config.AccessContext] Checking master for missing plugins for instance access-api.ac0 of application default...
[2019-10-09 09:11:59,587] [INFO ] [main] [com.exalead.cv360.config.ConfigurationManager] Configuration Top Directory: /busapps/dpmu/gbl0/3DSpaceIndex/linux_a64/cv/data/bin/../gct
[2019-10-09 09:11:59,587] [INFO ] [main] [com.exalead.cv360.config.ConfigurationManager] Configuration Last Revision Repository: /busapps/dpmu/gbl0/3DSpaceIndex/linux_a64/cv/data/bin/../gct/19/master/360
[2019-10-09 09:11:59,587] [INFO ] [main] [com.exalead.cv360.config.ConfigurationManager] Configuration Store Directory: /busapps/dpmu/gbl0/3DSpaceIndex/linux_a64/cv/data/bin/../config/360
[2019-10-09 09:11:59,587] [INFO ] [main] [com.exalead.cv360.config.ConfigurationManager] Data Directory: /busapps/dpmu/gbl0/3DSpaceIndex/linux_a64/cv/data/bin/..
[2019-10-09 09:11:59,625] [ERROR] [main] [com.exalead.access.config.AccessContext] cannot synchronize plugins: Connection refused (Connection refused)
[2019-10-09 09:11:59,848] [INFO ] [main] [access.loader] Discovering available feeds...
[2019-10-09 09:12:00,228] [INFO ] [main] [access.loader] Discovering available triggers...
[2019-10-09 09:12:00,239] [INFO ] [main] [mel.loader] Discovering user defined MEL...
[2019-10-09 09:12:00,294] [INFO ] [main] [access.loader] Discovering available serializers...
[2019-10-09 09:12:00,294] [INFO ] [main] [org.eclipse.jetty.server.handler.ContextHandler] Started o.e.j.w.WebAppContext@176b3f44{/access,file:///busapps/dpmu/gbl0/3DSpaceIndex/linux_a64/cv/data/webapps-tmp/searchserver-ss0/searchapi_16010/access/,AVAILABLE,@16010}{/busapps/dpmu/gbl0/3DSpaceIndex/linux_a64/cv/data/webapps-tmp/searchserver-ss0/searchapi_16010/access}
[2019-10-09 09:12:11,374] [INFO ] [shutdown-70] [org.eclipse.jetty.server.handler.ContextHandler] Stopped o.e.j.w.WebAppContext@176b3f44{/access,null,UNAVAILABLE,@16010}{/busapps/dpmu/gbl0/3DSpaceIndex/linux_a64/cv/data/webapps-tmp/searchserver-ss0/searchapi_16010/access}
[2019-10-09 09:12:44,424] [INFO ] [main] [org.eclipse.jetty.annotations.AnnotationConfiguration] Scanning elapsed time=0ms
[2019-10-09 09:12:44,465] [WARN ] [main] [org.eclipse.jetty.security.SecurityHandler] ServletContext@o.e.j.w.WebAppContext@176b3f44{/access,file:///busapps/dpmu/gbl0/3DSpaceIndex/linux_a64/cv/data/webapps-tmp/searchserver-ss0/searchapi_16010/access/,STARTING,@16010}{/busapps/dpmu/gbl0/3DSpaceIndex/linux_a64/cv/data/webapps-tmp/searchserver-ss0/searchapi_16010/access} has uncovered http methods for path: /
[2019-10-09 09:12:44,467] [INFO ] [main] [com.exalead.access.config.AccessContext] Checking master for missing plugins for instance access-api.ac0 of application default...
[2019-10-09 09:12:44,474] [INFO ] [main] [com.exalead.cv360.config.ConfigurationManager] Configuration Top Directory: /busapps/dpmu/gbl0/3DSpaceIndex/linux_a64/cv/data/bin/../gct
[2019-10-09 09:12:44,474] [INFO ] [main] [com.exalead.cv360.config.ConfigurationManager] Configuration Last Revision Repository: /busapps/dpmu/gbl0/3DSpaceIndex/linux_a64/cv/data/bin/../gct/20/master/360
[2019-10-09 09:12:44,474] [INFO ] [main] [com.exalead.cv360.config.ConfigurationManager] Configuration Store Directory: /busapps/dpmu/gbl0/3DSpaceIndex/linux_a64/cv/data/bin/../config/360
[2019-10-09 09:12:44,474] [INFO ] [main] [com.exalead.cv360.config.ConfigurationManager] Data Directory: /busapps/dpmu/gbl0/3DSpaceIndex/linux_a64/cv/data/bin/..
[2019-10-09 09:12:44,502] [ERROR] [main] [com.exalead.access.config.AccessContext] cannot synchronize plugins: Connection refused (Connection refused)
[2019-10-09 09:12:44,741] [INFO ] [main] [access.loader] Discovering available feeds...
[2019-10-09 09:12:45,130] [INFO ] [main] [access.loader] Discovering available triggers...
[2019-10-09 09:12:45,142] [INFO ] [main] [mel.loader] Discovering user defined MEL...
[2019-10-09 09:12:45,187] [INFO ] [main] [access.loader] Discovering available serializers...
[2019-10-09 09:12:45,187] [INFO ] [main] [org.eclipse.jetty.server.handler.ContextHandler] Started o.e.j.w.WebAppContext@176b3f44{/access,file:///busapps/dpmu/gbl0/3DSpaceIndex/linux_a64/cv/data/webapps-tmp/searchserver-ss0/searchapi_16010/access/,AVAILABLE,@16010}{/busapps/dpmu/gbl0/3DSpaceIndex/linux_a64/cv/data/webapps-tmp/searchserver-ss0/searchapi_16010/access}
[2019-10-09 09:12:59,282] [INFO ] [shutdown-70] [org.eclipse.jetty.server.handler.ContextHandler] Stopped o.e.j.w.WebAppContext@176b3f44{/access,null,UNAVAILABLE,@16010}{/busapps/dpmu/gbl0/3DSpaceIndex/linux_a64/cv/data/webapps-tmp/searchserver-ss0/searchapi_16010/access}
[2019-10-09 09:13:33,399] [INFO ] [main] [org.eclipse.jetty.annotations.AnnotationConfiguration] Scanning elapsed time=0ms
[2019-10-09 09:13:33,440] [WARN ] [main] [org.eclipse.jetty.security.SecurityHandler] ServletContext@o.e.j.w.WebAppContext@6dee4f1b{/access,file:///busapps/dpmu/gbl0/3DSpaceIndex/linux_a64/cv/data/webapps-tmp/searchserver-ss0/searchapi_16010/access/,STARTING,@16010}{/busapps/dpmu/gbl0/3DSpaceIndex/linux_a64/cv/data/webapps-tmp/searchserver-ss0/searchapi_16010/access} has uncovered http methods for path: /
[2019-10-09 09:13:33,442] [INFO ] [main] [com.exalead.access.config.AccessContext] Checking master for missing plugins for instance access-api.ac0 of application default...
[2019-10-09 09:13:33,449] [INFO ] [main] [com.exalead.cv360.config.ConfigurationManager] Configuration Top Directory: /busapps/dpmu/gbl0/3DSpaceIndex/linux_a64/cv/data/bin/../gct
[2019-10-09 09:13:33,450] [INFO ] [main] [com.exalead.cv360.config.ConfigurationManager] Configuration Last Revision Repository: /busapps/dpmu/gbl0/3DSpaceIndex/linux_a64/cv/data/bin/../gct/20/master/360
[2019-10-09 09:13:33,450] [INFO ] [main] [com.exalead.cv360.config.ConfigurationManager] Configuration Store Directory: /busapps/dpmu/gbl0/3DSpaceIndex/linux_a64/cv/data/bin/../config/360
[2019-10-09 09:13:33,450] [INFO ] [main] [com.exalead.cv360.config.ConfigurationManager] Data Directory: /busapps/dpmu/gbl0/3DSpaceIndex/linux_a64/cv/data/bin/..
[2019-10-09 09:13:33,477] [ERROR] [main] [com.exalead.access.config.AccessContext] cannot synchronize plugins: Connection refused (Connection refused)
[2019-10-09 09:13:33,708] [INFO ] [main] [access.loader] Discovering available feeds...
[2019-10-09 09:13:34,243] [INFO ] [main] [access.loader] Discovering available triggers...
[2019-10-09 09:13:34,252] [INFO ] [main] [mel.loader] Discovering user defined MEL...
[2019-10-09 09:13:34,282] [INFO ] [main] [access.loader] Discovering available serializers...
[2019-10-09 09:13:34,282] [INFO ] [main] [org.eclipse.jetty.server.handler.ContextHandler] Started o.e.j.w.WebAppContext@6dee4f1b{/access,file:///busapps/dpmu/gbl0/3DSpaceIndex/linux_a64/cv/data/webapps-tmp/searchserver-ss0/searchapi_16010/access/,AVAILABLE,@16010}{/busapps/dpmu/gbl0/3DSpaceIndex/linux_a64/cv/data/webapps-tmp/searchserver-ss0/searchapi_16010/access}
[2019-10-09 10:04:52,786] [INFO ] [shutdown-198] [org.eclipse.jetty.server.handler.ContextHandler] Stopped o.e.j.w.WebAppContext@6dee4f1b{/access,null,UNAVAILABLE,@16010}{/busapps/dpmu/gbl0/3DSpaceIndex/linux_a64/cv/data/webapps-tmp/searchserver-ss0/searchapi_16010/access}
[2019-10-09 10:07:23,881] [INFO ] [main] [org.eclipse.jetty.annotations.AnnotationConfiguration] Scanning elapsed time=0ms
[2019-10-09 10:07:23,921] [WARN ] [main] [org.eclipse.jetty.security.SecurityHandler] ServletContext@o.e.j.w.WebAppContext@403f0a22{/access,file:///busdata/dpmu/gbl0/data/cv/webapps-tmp/searchserver-ss0/searchapi_16010/access/,STARTING,@16010}{/busdata/dpmu/gbl0/data/cv/webapps-tmp/searchserver-ss0/searchapi_16010/access} has uncovered http methods for path: /
[2019-10-09 10:07:23,922] [INFO ] [main] [com.exalead.access.config.AccessContext] Checking master for missing plugins for instance access-api.ac0 of application default...
[2019-10-09 10:07:23,928] [INFO ] [main] [com.exalead.cv360.config.ConfigurationManager] Configuration Top Directory: /busdata/dpmu/gbl0/data/cv/bin/../gct
[2019-10-09 10:07:23,929] [INFO ] [main] [com.exalead.cv360.config.ConfigurationManager] Configuration Last Revision Repository: /busdata/dpmu/gbl0/data/cv/bin/../gct/20/master/360
[2019-10-09 10:07:23,929] [INFO ] [main] [com.exalead.cv360.config.ConfigurationManager] Configuration Store Directory: /busdata/dpmu/gbl0/data/cv/bin/../config/360
[2019-10-09 10:07:23,929] [INFO ] [main] [com.exalead.cv360.config.ConfigurationManager] Data Directory: /busdata/dpmu/gbl0/data/cv/bin/..
[2019-10-09 10:07:23,974] [ERROR] [main] [com.exalead.access.config.AccessContext] cannot synchronize plugins: Connection refused (Connection refused)
[2019-10-09 10:07:24,100] [INFO ] [main] [access.loader] Discovering available feeds...
[2019-10-09 10:07:24,465] [INFO ] [main] [access.loader] Discovering available triggers...
[2019-10-09 10:07:24,474] [INFO ] [main] [mel.loader] Discovering user defined MEL...
[2019-10-09 10:07:24,502] [INFO ] [main] [access.loader] Discovering available serializers...
[2019-10-09 10:07:24,502] [INFO ] [main] [org.eclipse.jetty.server.handler.ContextHandler] Started o.e.j.w.WebAppContext@403f0a22{/access,file:///busdata/dpmu/gbl0/data/cv/webapps-tmp/searchserver-ss0/searchapi_16010/access/,AVAILABLE,@16010}{/busdata/dpmu/gbl0/data/cv/webapps-tmp/searchserver-ss0/searchapi_16010/access}
