[2019/10/24-00:00:00.024] [info] [1820331539@jtp-default-162] [exa.log.rotation]	Rotating additional logs
[2019/10/24-04:00:00.006] [info] [1820331539@jtp-default-162] [suggest.manager]	Scheduling build job for suggest OnPremise_securedSuggest_ds6w_58_label
[2019/10/24-04:00:00.007] [info] [pool-1-thread-1] [suggest.build.OnPremise_securedSuggest_ds6w_58_label]	Building suggest OnPremise_securedSuggest_ds6w_58_label
[2019/10/24-04:00:00.228] [info] [pool-1-thread-1] [GL.suggest]	[0] build starting
[2019/10/24-04:00:00.229] [info] [pool-1-thread-1] [suggest.build.OnPremise_securedSuggest_ds6w_58_label]	Exporting suggest entries...
[2019/10/24-04:00:00.717] [info] [pool-1-thread-1] [suggest.stream.builder]	processing slice 0 of sxibg0
[2019/10/24-04:00:00.719] [info] [pool-1-thread-1] [index.generations]	Starting...
[2019/10/24-04:00:00.834] [info] [pool-1-thread-1] [index.generations]	Switch to generation '42916' done in 112.986ms
[2019/10/24-04:00:00.864] [info] [pool-1-thread-1] [suggest.stream.builder]	exported 40 hits for slice 0 of sxibg0
[2019/10/24-04:00:00.867] [info] [pool-1-thread-1] [suggest.stream.builder]	total exported hit count 40
[2019/10/24-04:00:00.880] [info] [pool-1-thread-1] [suggest.build.OnPremise_securedSuggest_ds6w_58_label]	Suggest entries exported (651 ms, 40 entries, 0 truncated, 0 dropped)
[2019/10/24-04:00:00.881] [info] [pool-1-thread-1] [suggest.build.OnPremise_securedSuggest_ds6w_58_label]	Sorting suggest entries...
[2019/10/24-04:00:00.892] [info] [pool-1-thread-1] [suggest.build.OnPremise_securedSuggest_ds6w_58_label]	Suggest entries sorted (11 ms)
[2019/10/24-04:00:01.051] [info] [pool-1-thread-1] [suggest.build.OnPremise_securedSuggest_ds6w_58_label]	Compiling entries...
[2019/10/24-04:00:01.077] [info] [pool-1-thread-1] [suggest.build.OnPremise_securedSuggest_ds6w_58_label]	Entries compiled (26 ms)
[2019/10/24-04:00:01.077] [info] [pool-1-thread-1] [suggest.build.OnPremise_securedSuggest_ds6w_58_label]	Building lookup structure...
[2019/10/24-04:00:01.081] [info] [pool-1-thread-1] [suggest.build.OnPremise_securedSuggest_ds6w_58_label]	Lookup structure built (4 ms)
[2019/10/24-04:00:01.090] [info] [pool-1-thread-1] [suggest.build.OnPremise_securedSuggest_ds6w_58_label]	OnPremise_securedSuggest_ds6w_58_label successfully built (31 entries compiled in 853 ms)
[2019/10/24-04:00:01.090] [info] [pool-1-thread-1] [GL.suggest]	[0] Suggest OnPremise_securedSuggest_ds6w_58_label successfully built
[2019/10/24-04:00:01.266] [info] [pool-1-thread-1] [suggest.build.OnPremise_securedSuggest_ds6w_58_label]	OnPremise_securedSuggest_ds6w_58_label successfully published
[2019/10/25-00:00:00.056] [info] [603621898@jtp-default-164] [exa.log.rotation]	Rotating standard log
Log4NG: rotating logs now
