[2019/10/28-00:00:00.039] [info] [963266285@jtp-default-185] [exa.log.rotation]	Rotating additional logs
[2019/10/28-03:00:00.010] [info] [963266285@jtp-default-185] [suggest.manager]	Scheduling build job for suggest OnPremise_securedSuggest_ds6w_58_label
[2019/10/28-03:00:00.010] [info] [pool-1-thread-1] [suggest.build.OnPremise_securedSuggest_ds6w_58_label]	Building suggest OnPremise_securedSuggest_ds6w_58_label
[2019/10/28-03:00:00.258] [info] [pool-1-thread-1] [GL.suggest]	[0] build starting
[2019/10/28-03:00:00.258] [info] [pool-1-thread-1] [suggest.build.OnPremise_securedSuggest_ds6w_58_label]	Exporting suggest entries...
[2019/10/28-03:00:00.537] [info] [pool-1-thread-1] [suggest.stream.builder]	processing slice 0 of sxibg0
[2019/10/28-03:00:00.538] [info] [pool-1-thread-1] [index.generations]	Starting...
[2019/10/28-03:00:00.565] [info] [pool-1-thread-1] [index.generations]	Switch to generation '42916' done in 26.829ms
[2019/10/28-03:00:00.574] [info] [pool-1-thread-1] [suggest.stream.builder]	exported 40 hits for slice 0 of sxibg0
[2019/10/28-03:00:00.575] [info] [pool-1-thread-1] [suggest.stream.builder]	total exported hit count 40
[2019/10/28-03:00:00.585] [info] [pool-1-thread-1] [suggest.build.OnPremise_securedSuggest_ds6w_58_label]	Suggest entries exported (327 ms, 40 entries, 0 truncated, 0 dropped)
[2019/10/28-03:00:00.586] [info] [pool-1-thread-1] [suggest.build.OnPremise_securedSuggest_ds6w_58_label]	Sorting suggest entries...
[2019/10/28-03:00:00.600] [info] [pool-1-thread-1] [suggest.build.OnPremise_securedSuggest_ds6w_58_label]	Suggest entries sorted (14 ms)
[2019/10/28-03:00:00.662] [info] [pool-1-thread-1] [suggest.build.OnPremise_securedSuggest_ds6w_58_label]	Compiling entries...
[2019/10/28-03:00:00.676] [info] [pool-1-thread-1] [suggest.build.OnPremise_securedSuggest_ds6w_58_label]	Entries compiled (14 ms)
[2019/10/28-03:00:00.677] [info] [pool-1-thread-1] [suggest.build.OnPremise_securedSuggest_ds6w_58_label]	Building lookup structure...
[2019/10/28-03:00:00.680] [info] [pool-1-thread-1] [suggest.build.OnPremise_securedSuggest_ds6w_58_label]	Lookup structure built (3 ms)
[2019/10/28-03:00:00.690] [info] [pool-1-thread-1] [suggest.build.OnPremise_securedSuggest_ds6w_58_label]	OnPremise_securedSuggest_ds6w_58_label successfully built (31 entries compiled in 422 ms)
[2019/10/28-03:00:00.690] [info] [pool-1-thread-1] [GL.suggest]	[0] Suggest OnPremise_securedSuggest_ds6w_58_label successfully built
[2019/10/28-03:00:00.823] [info] [pool-1-thread-1] [suggest.build.OnPremise_securedSuggest_ds6w_58_label]	OnPremise_securedSuggest_ds6w_58_label successfully published
[2019/10/28-14:58:10.687] [info] [PAPI-v4-177420] [GL.indexing.sxibg0.analysis.perSlice]	[0] Job 1572271090554 successfully analyzed (51 adds, 47 deletions, 2 updates, 4 checkpoints, 34.385KB) - Duration: 49.000ms
[2019/10/28-14:58:10.688] [info] [Import] [GL.indexing.sxibg0]	[job 1572271090554]: [0] Beginning import
[2019/10/28-14:58:10.689] [info] [PAPI-v4-177420] [GL.indexing.sxibg0]	[0] No content in current transaction, commit is discarded. [checkAnalysisJobStarted='true', serial='-1']
[2019/10/28-14:58:10.692] [info] [PAPI-v4-177420] [GL.indexing.sxibg0]	[0] No content in current transaction, commit is discarded. [checkAnalysisJobStarted='true', serial='-1']
[2019/10/28-14:58:10.694] [info] [PAPI-v4-177420] [GL.indexing.sxibg0]	[0] No content in current transaction, commit is discarded. [checkAnalysisJobStarted='true', serial='-1']
[2019/10/28-14:58:10.711] [info] [PAPI-v4-177420] [indexing]	Synchronize [reason='sync']
[2019/10/28-14:58:10.741] [info] [PAPI-v4-177420] [GL.indexing.sxibg0.analysis.perSlice]	[0] Job 1572271090711 successfully analyzed (0 add, 0 deletion, 0 update, 0 checkpoint, 0B) - Duration: 1.000ms
[2019/10/28-14:58:10.816] [info] [Import] [index.builder]	[job 1572271090554]: Slice 0: Active generation: 42917
[2019/10/28-14:58:10.816] [info] [Import] [GL.indexing.sxibg0]	[job 1572271090554]: [0] Successfully imported (from MergedBuffers - 1) - Duration: 127.925ms
[2019/10/28-14:58:10.825] [info] [Compacter-sxibg0-177424] [compacter]	Compaction task ended with nothing to compact (after first intersect pass) in 2.232ms
[2019/10/28-14:58:10.826] [info] [Compacter-sxibg0-177425] [compacter]	Compaction task ended with nothing to compact (after first intersect pass) in 365.578us
[2019/10/28-14:58:10.827] [info] [Import] [GL.indexing.sxibg0]	[job 1572271090711]: [0] Beginning import
[2019/10/28-14:58:10.861] [info] [Import] [index.builder]	[job 1572271090711]: Slice 0: Active generation: 42918
[2019/10/28-14:58:10.861] [info] [Import] [GL.indexing.sxibg0]	[job 1572271090711]: [0] Successfully imported (from MergedBuffers - 1) - Duration: 33.496ms
[2019/10/28-14:58:10.865] [info] [PAPI-v4-177420] [GL.indexing.sxibg0]	[0] No content in current transaction, commit is discarded. [checkAnalysisJobStarted='true', serial='-1']
[2019/10/28-14:58:10.867] [info] [Compacter-sxibg0-177425] [compacter]	Compaction task ended with nothing to compact (after first intersect pass) in 4.722ms
[2019/10/28-14:58:10.868] [info] [Compacter-sxibg0-177424] [compacter]	Compaction task ended with nothing to compact (after first intersect pass) in 357.304us
[2019/10/28-14:58:25.687] [info] [GC-sxibg0-42] [gc.diskfiles]	Completed disk files garbage collection in 39.288ms [removedFiles='15', removedBytes='70.559KB']
[2019/10/28-16:30:39.701] [info] [PAPI-v4-177920] [GL.indexing.sxibg0.analysis.perSlice]	[0] Job 1572276639597 successfully analyzed (1 add, 47 deletions, 5 updates, 1 checkpoint, 23.078KB) - Duration: 39.000ms
[2019/10/28-16:30:39.702] [info] [Import] [GL.indexing.sxibg0]	[job 1572276639597]: [0] Beginning import
[2019/10/28-16:30:39.708] [info] [PAPI-v4-177920] [GL.indexing.sxibg0]	[0] No content in current transaction, commit is discarded. [checkAnalysisJobStarted='true', serial='-1']
[2019/10/28-16:30:39.710] [info] [PAPI-v4-177920] [GL.indexing.sxibg0]	[0] No content in current transaction, commit is discarded. [checkAnalysisJobStarted='true', serial='-1']
[2019/10/28-16:30:39.712] [info] [PAPI-v4-177920] [GL.indexing.sxibg0]	[0] No content in current transaction, commit is discarded. [checkAnalysisJobStarted='true', serial='-1']
[2019/10/28-16:30:39.726] [info] [PAPI-v4-177920] [indexing]	Synchronize [reason='sync']
[2019/10/28-16:30:39.752] [info] [PAPI-v4-177920] [GL.indexing.sxibg0.analysis.perSlice]	[0] Job 1572276639726 successfully analyzed (0 add, 0 deletion, 0 update, 0 checkpoint, 0B) - Duration: 1.000ms
[2019/10/28-16:30:39.779] [info] [Import] [index.builder]	[job 1572276639597]: Slice 0: Active generation: 42919
[2019/10/28-16:30:39.779] [info] [Import] [GL.indexing.sxibg0]	[job 1572276639597]: [0] Successfully imported (from MergedBuffers - 1) - Duration: 77.249ms
[2019/10/28-16:30:39.784] [info] [Compacter-sxibg0-177921] [compacter]	Compaction task ended with nothing to compact (after first intersect pass) in 2.707ms
[2019/10/28-16:30:39.788] [info] [Import] [GL.indexing.sxibg0]	[job 1572276639726]: [0] Beginning import
[2019/10/28-16:30:39.789] [info] [Compacter-sxibg0-177922] [compacter]	Compaction task ended with nothing to compact (after first intersect pass) in 831.188us
[2019/10/28-16:30:39.816] [info] [Import] [index.builder]	[job 1572276639726]: Slice 0: Active generation: 42920
[2019/10/28-16:30:39.816] [info] [Import] [GL.indexing.sxibg0]	[job 1572276639726]: [0] Successfully imported (from MergedBuffers - 1) - Duration: 27.958ms
[2019/10/28-16:30:39.819] [info] [Compacter-sxibg0-177922] [compacter]	Compaction task ended with nothing to compact (after first intersect pass) in 1.897ms
[2019/10/28-16:30:39.820] [info] [PAPI-v4-177920] [GL.indexing.sxibg0]	[0] No content in current transaction, commit is discarded. [checkAnalysisJobStarted='true', serial='-1']
[2019/10/28-16:30:39.820] [info] [Compacter-sxibg0-177921] [compacter]	Compaction task ended with nothing to compact (after first intersect pass) in 582.367us
[2019/10/28-16:30:48.176] [info] [PAPI-v4-177918] [GL.indexing.sxibg0.analysis.perSlice]	[0] Job 1572276648106 successfully analyzed (48 adds, 0 deletion, 1 update, 3 checkpoints, 15.423KB) - Duration: 37.000ms
[2019/10/28-16:30:48.178] [info] [Import] [GL.indexing.sxibg0]	[job 1572276648106]: [0] Beginning import
[2019/10/28-16:30:48.182] [info] [PAPI-v4-177918] [GL.indexing.sxibg0]	[0] No content in current transaction, commit is discarded. [checkAnalysisJobStarted='true', serial='-1']
[2019/10/28-16:30:48.184] [info] [PAPI-v4-177918] [GL.indexing.sxibg0]	[0] No content in current transaction, commit is discarded. [checkAnalysisJobStarted='true', serial='-1']
[2019/10/28-16:30:48.185] [info] [PAPI-v4-177918] [GL.indexing.sxibg0]	[0] No content in current transaction, commit is discarded. [checkAnalysisJobStarted='true', serial='-1']
[2019/10/28-16:30:48.206] [info] [PAPI-v4-177918] [indexing]	Synchronize [reason='sync']
[2019/10/28-16:30:48.233] [info] [PAPI-v4-177918] [GL.indexing.sxibg0.analysis.perSlice]	[0] Job 1572276648206 successfully analyzed (0 add, 0 deletion, 0 update, 0 checkpoint, 0B) - Duration: 1.000ms
[2019/10/28-16:30:48.250] [info] [Import] [index.builder]	[job 1572276648106]: Slice 0: Active generation: 42921
[2019/10/28-16:30:48.250] [info] [Import] [GL.indexing.sxibg0]	[job 1572276648106]: [0] Successfully imported (from MergedBuffers - 1) - Duration: 72.092ms
[2019/10/28-16:30:48.257] [info] [Compacter-sxibg0-177921] [compacter]	Compaction task ended with nothing to compact (after first intersect pass) in 4.869ms
[2019/10/28-16:30:48.261] [info] [Compacter-sxibg0-177922] [compacter]	Starting full compaction task  [minGen='0', maxGen='21449']
[2019/10/28-16:30:48.263] [info] [Import] [GL.indexing.sxibg0]	[job 1572276648206]: [0] Beginning import
[2019/10/28-16:30:48.281] [info] [Compacter-sxibg0-177922] [compacter]	Completed full compaction task in '24.141ms' [minGen='0', maxGen='21449']
[2019/10/28-16:30:48.281] [info] [Compacter-sxibg0-177922] [compacter]	  Compacted component 'DIH' [0-21449] range='21450'
[2019/10/28-16:30:48.301] [info] [Import] [index.builder]	[job 1572276648206]: Slice 0: Active generation: 42922
[2019/10/28-16:30:48.301] [info] [Import] [GL.indexing.sxibg0]	[job 1572276648206]: [0] Successfully imported (from MergedBuffers - 1) - Duration: 37.849ms
[2019/10/28-16:30:48.303] [info] [PAPI-v4-177918] [GL.indexing.sxibg0]	[0] No content in current transaction, commit is discarded. [checkAnalysisJobStarted='true', serial='-1']
[2019/10/28-16:30:48.309] [info] [Compacter-sxibg0-177922] [compacter]	Compaction task ended with nothing to compact (after first intersect pass) in 4.885ms
[2019/10/28-16:30:48.309] [info] [Compacter-sxibg0-177921] [compacter]	Compaction task ended with no component collected in 5.298ms
[2019/10/28-16:30:51.250] [info] [GC-sxibg0-42] [gc.diskfiles]	Completed disk files garbage collection in 29.667ms [removedFiles='58', removedBytes='164.514KB']
[2019/10/29-00:00:00.051] [info] [1825757818@jtp-default-190] [exa.log.rotation]	Rotating standard log
Log4NG: rotating logs now
