[2019/10/29-00:00:00.056] [info] [1825757818@jtp-default-190] [exa.log.rotation]	Rotating additional logs
[2019/10/29-03:00:00.015] [info] [1825757818@jtp-default-190] [suggest.manager]	Scheduling build job for suggest OnPremise_securedSuggest_ds6w_58_label
[2019/10/29-03:00:00.016] [info] [pool-1-thread-1] [suggest.build.OnPremise_securedSuggest_ds6w_58_label]	Building suggest OnPremise_securedSuggest_ds6w_58_label
[2019/10/29-03:00:00.356] [info] [pool-1-thread-1] [GL.suggest]	[0] build starting
[2019/10/29-03:00:00.356] [info] [pool-1-thread-1] [suggest.build.OnPremise_securedSuggest_ds6w_58_label]	Exporting suggest entries...
[2019/10/29-03:00:00.776] [info] [pool-1-thread-1] [suggest.stream.builder]	processing slice 0 of sxibg0
[2019/10/29-03:00:00.776] [info] [pool-1-thread-1] [index.generations]	Starting...
[2019/10/29-03:00:00.833] [info] [pool-1-thread-1] [index.generations]	Switch to generation '42922' done in 56.316ms
[2019/10/29-03:00:00.854] [info] [pool-1-thread-1] [suggest.stream.builder]	exported 45 hits for slice 0 of sxibg0
[2019/10/29-03:00:00.863] [info] [pool-1-thread-1] [suggest.stream.builder]	total exported hit count 45
[2019/10/29-03:00:00.930] [info] [pool-1-thread-1] [suggest.build.OnPremise_securedSuggest_ds6w_58_label]	Suggest entries exported (574 ms, 45 entries, 0 truncated, 0 dropped)
[2019/10/29-03:00:00.930] [info] [pool-1-thread-1] [suggest.build.OnPremise_securedSuggest_ds6w_58_label]	Sorting suggest entries...
[2019/10/29-03:00:00.964] [info] [pool-1-thread-1] [suggest.build.OnPremise_securedSuggest_ds6w_58_label]	Suggest entries sorted (34 ms)
[2019/10/29-03:00:01.048] [info] [pool-1-thread-1] [suggest.build.OnPremise_securedSuggest_ds6w_58_label]	Compiling entries...
[2019/10/29-03:00:01.085] [info] [pool-1-thread-1] [suggest.build.OnPremise_securedSuggest_ds6w_58_label]	Entries compiled (37 ms)
[2019/10/29-03:00:01.086] [info] [pool-1-thread-1] [suggest.build.OnPremise_securedSuggest_ds6w_58_label]	Building lookup structure...
[2019/10/29-03:00:01.092] [info] [pool-1-thread-1] [suggest.build.OnPremise_securedSuggest_ds6w_58_label]	Lookup structure built (6 ms)
[2019/10/29-03:00:01.110] [info] [pool-1-thread-1] [suggest.build.OnPremise_securedSuggest_ds6w_58_label]	OnPremise_securedSuggest_ds6w_58_label successfully built (39 entries compiled in 736 ms)
[2019/10/29-03:00:01.110] [info] [pool-1-thread-1] [GL.suggest]	[0] Suggest OnPremise_securedSuggest_ds6w_58_label successfully built
[2019/10/29-03:00:01.250] [info] [pool-1-thread-1] [suggest.build.OnPremise_securedSuggest_ds6w_58_label]	OnPremise_securedSuggest_ds6w_58_label successfully published
[2019/10/30-00:00:00.049] [info] [151157436@jtp-default-196] [exa.log.rotation]	Rotating standard log
Log4NG: rotating logs now
