[2019-10-08 16:54:32,373] [WARN ] [main] [org.eclipse.jetty.security.SecurityHandler] ServletContext@o.e.j.w.WebAppContext@191ae03f{/business-console,file:///busapps/dpmu/gbl0/3DSpaceIndex/linux_a64/cv/data/webapps-tmp/gateway/adminui_16001/business-console/,STARTING,@16001}{/busapps/dpmu/gbl0/3DSpaceIndex/linux_a64/cv/data/webapps-tmp/gateway/adminui_16001/business-console} has uncovered http methods for path: /
[2019-10-08 16:54:32,381] [INFO ] [main] [com.exalead.cv360.config.ConfigurationManager] Configuration Top Directory: /busapps/dpmu/gbl0/3DSpaceIndex/linux_a64/cv/data/bin/../gct
[2019-10-08 16:54:32,381] [INFO ] [main] [com.exalead.cv360.config.ConfigurationManager] Configuration Last Revision Repository: /busapps/dpmu/gbl0/3DSpaceIndex/linux_a64/cv/data/bin/../gct/3/master/360
[2019-10-08 16:54:32,381] [INFO ] [main] [com.exalead.cv360.config.ConfigurationManager] Configuration Store Directory: /busapps/dpmu/gbl0/3DSpaceIndex/linux_a64/cv/data/bin/../config/360
[2019-10-08 16:54:32,381] [INFO ] [main] [com.exalead.cv360.config.ConfigurationManager] Data Directory: /busapps/dpmu/gbl0/3DSpaceIndex/linux_a64/cv/data/bin/..
[2019-10-08 16:54:32,488] [INFO ] [main] [org.eclipse.jetty.server.handler.ContextHandler] Started o.e.j.w.WebAppContext@191ae03f{/business-console,file:///busapps/dpmu/gbl0/3DSpaceIndex/linux_a64/cv/data/webapps-tmp/gateway/adminui_16001/business-console/,AVAILABLE,@16001}{/busapps/dpmu/gbl0/3DSpaceIndex/linux_a64/cv/data/webapps-tmp/gateway/adminui_16001/business-console}
[2019-10-08 16:54:59,464] [INFO ] [shutdown-141] [org.eclipse.jetty.server.handler.ContextHandler] Stopped o.e.j.w.WebAppContext@191ae03f{/business-console,null,UNAVAILABLE,@16001}{/busapps/dpmu/gbl0/3DSpaceIndex/linux_a64/cv/data/webapps-tmp/gateway/adminui_16001/business-console}
[2019-10-08 16:55:14,623] [WARN ] [main] [org.eclipse.jetty.security.SecurityHandler] ServletContext@o.e.j.w.WebAppContext@1c98290c{/business-console,file:///busapps/dpmu/gbl0/3DSpaceIndex/linux_a64/cv/data/webapps-tmp/gateway/adminui_16001/business-console/,STARTING,@16001}{/busapps/dpmu/gbl0/3DSpaceIndex/linux_a64/cv/data/webapps-tmp/gateway/adminui_16001/business-console} has uncovered http methods for path: /
[2019-10-08 16:55:14,641] [INFO ] [main] [com.exalead.cv360.config.ConfigurationManager] Configuration Top Directory: /busapps/dpmu/gbl0/3DSpaceIndex/linux_a64/cv/data/bin/../gct
[2019-10-08 16:55:14,641] [INFO ] [main] [com.exalead.cv360.config.ConfigurationManager] Configuration Last Revision Repository: /busapps/dpmu/gbl0/3DSpaceIndex/linux_a64/cv/data/bin/../gct/4/master/360
[2019-10-08 16:55:14,641] [INFO ] [main] [com.exalead.cv360.config.ConfigurationManager] Configuration Store Directory: /busapps/dpmu/gbl0/3DSpaceIndex/linux_a64/cv/data/bin/../config/360
[2019-10-08 16:55:14,641] [INFO ] [main] [com.exalead.cv360.config.ConfigurationManager] Data Directory: /busapps/dpmu/gbl0/3DSpaceIndex/linux_a64/cv/data/bin/..
[2019-10-08 16:55:14,704] [INFO ] [main] [org.eclipse.jetty.server.handler.ContextHandler] Started o.e.j.w.WebAppContext@1c98290c{/business-console,file:///busapps/dpmu/gbl0/3DSpaceIndex/linux_a64/cv/data/webapps-tmp/gateway/adminui_16001/business-console/,AVAILABLE,@16001}{/busapps/dpmu/gbl0/3DSpaceIndex/linux_a64/cv/data/webapps-tmp/gateway/adminui_16001/business-console}
[2019-10-08 16:55:34,025] [INFO ] [shutdown-119] [org.eclipse.jetty.server.handler.ContextHandler] Stopped o.e.j.w.WebAppContext@1c98290c{/business-console,null,UNAVAILABLE,@16001}{/busapps/dpmu/gbl0/3DSpaceIndex/linux_a64/cv/data/webapps-tmp/gateway/adminui_16001/business-console}
[2019-10-08 16:55:48,885] [WARN ] [main] [org.eclipse.jetty.security.SecurityHandler] ServletContext@o.e.j.w.WebAppContext@1c98290c{/business-console,file:///busapps/dpmu/gbl0/3DSpaceIndex/linux_a64/cv/data/webapps-tmp/gateway/adminui_16001/business-console/,STARTING,@16001}{/busapps/dpmu/gbl0/3DSpaceIndex/linux_a64/cv/data/webapps-tmp/gateway/adminui_16001/business-console} has uncovered http methods for path: /
[2019-10-08 16:55:48,932] [INFO ] [main] [com.exalead.cv360.config.ConfigurationManager] Configuration Top Directory: /busapps/dpmu/gbl0/3DSpaceIndex/linux_a64/cv/data/bin/../gct
[2019-10-08 16:55:48,932] [INFO ] [main] [com.exalead.cv360.config.ConfigurationManager] Configuration Last Revision Repository: /busapps/dpmu/gbl0/3DSpaceIndex/linux_a64/cv/data/bin/../gct/5/master/360
[2019-10-08 16:55:48,932] [INFO ] [main] [com.exalead.cv360.config.ConfigurationManager] Configuration Store Directory: /busapps/dpmu/gbl0/3DSpaceIndex/linux_a64/cv/data/bin/../config/360
[2019-10-08 16:55:48,932] [INFO ] [main] [com.exalead.cv360.config.ConfigurationManager] Data Directory: /busapps/dpmu/gbl0/3DSpaceIndex/linux_a64/cv/data/bin/..
[2019-10-08 16:55:49,076] [INFO ] [main] [org.eclipse.jetty.server.handler.ContextHandler] Started o.e.j.w.WebAppContext@1c98290c{/business-console,file:///busapps/dpmu/gbl0/3DSpaceIndex/linux_a64/cv/data/webapps-tmp/gateway/adminui_16001/business-console/,AVAILABLE,@16001}{/busapps/dpmu/gbl0/3DSpaceIndex/linux_a64/cv/data/webapps-tmp/gateway/adminui_16001/business-console}
[2019-10-08 16:56:55,325] [INFO ] [shutdown-468] [org.eclipse.jetty.server.handler.ContextHandler] Stopped o.e.j.w.WebAppContext@1c98290c{/business-console,null,UNAVAILABLE,@16001}{/busapps/dpmu/gbl0/3DSpaceIndex/linux_a64/cv/data/webapps-tmp/gateway/adminui_16001/business-console}
[2019-10-08 16:57:10,204] [WARN ] [main] [org.eclipse.jetty.security.SecurityHandler] ServletContext@o.e.j.w.WebAppContext@6a62689d{/business-console,file:///busapps/dpmu/gbl0/3DSpaceIndex/linux_a64/cv/data/webapps-tmp/gateway/adminui_16001/business-console/,STARTING,@16001}{/busapps/dpmu/gbl0/3DSpaceIndex/linux_a64/cv/data/webapps-tmp/gateway/adminui_16001/business-console} has uncovered http methods for path: /
[2019-10-08 16:57:10,239] [INFO ] [main] [com.exalead.cv360.config.ConfigurationManager] Configuration Top Directory: /busapps/dpmu/gbl0/3DSpaceIndex/linux_a64/cv/data/bin/../gct
[2019-10-08 16:57:10,239] [INFO ] [main] [com.exalead.cv360.config.ConfigurationManager] Configuration Last Revision Repository: /busapps/dpmu/gbl0/3DSpaceIndex/linux_a64/cv/data/bin/../gct/6/master/360
[2019-10-08 16:57:10,240] [INFO ] [main] [com.exalead.cv360.config.ConfigurationManager] Configuration Store Directory: /busapps/dpmu/gbl0/3DSpaceIndex/linux_a64/cv/data/bin/../config/360
[2019-10-08 16:57:10,240] [INFO ] [main] [com.exalead.cv360.config.ConfigurationManager] Data Directory: /busapps/dpmu/gbl0/3DSpaceIndex/linux_a64/cv/data/bin/..
[2019-10-08 16:57:10,416] [INFO ] [main] [org.eclipse.jetty.server.handler.ContextHandler] Started o.e.j.w.WebAppContext@6a62689d{/business-console,file:///busapps/dpmu/gbl0/3DSpaceIndex/linux_a64/cv/data/webapps-tmp/gateway/adminui_16001/business-console/,AVAILABLE,@16001}{/busapps/dpmu/gbl0/3DSpaceIndex/linux_a64/cv/data/webapps-tmp/gateway/adminui_16001/business-console}
[2019-10-08 16:57:27,414] [INFO ] [shutdown-95] [org.eclipse.jetty.server.handler.ContextHandler] Stopped o.e.j.w.WebAppContext@6a62689d{/business-console,null,UNAVAILABLE,@16001}{/busapps/dpmu/gbl0/3DSpaceIndex/linux_a64/cv/data/webapps-tmp/gateway/adminui_16001/business-console}
[2019-10-08 16:58:16,107] [WARN ] [main] [org.eclipse.jetty.security.SecurityHandler] ServletContext@o.e.j.w.WebAppContext@4f8969b0{/business-console,file:///busapps/dpmu/gbl0/3DSpaceIndex/linux_a64/cv/data/webapps-tmp/gateway/adminui_16001/business-console/,STARTING,@16001}{/busapps/dpmu/gbl0/3DSpaceIndex/linux_a64/cv/data/webapps-tmp/gateway/adminui_16001/business-console} has uncovered http methods for path: /
[2019-10-08 16:58:16,151] [INFO ] [main] [com.exalead.cv360.config.ConfigurationManager] Configuration Top Directory: /busapps/dpmu/gbl0/3DSpaceIndex/linux_a64/cv/data/bin/../gct
[2019-10-08 16:58:16,151] [INFO ] [main] [com.exalead.cv360.config.ConfigurationManager] Configuration Last Revision Repository: /busapps/dpmu/gbl0/3DSpaceIndex/linux_a64/cv/data/bin/../gct/11/master/360
[2019-10-08 16:58:16,151] [INFO ] [main] [com.exalead.cv360.config.ConfigurationManager] Configuration Store Directory: /busapps/dpmu/gbl0/3DSpaceIndex/linux_a64/cv/data/bin/../config/360
[2019-10-08 16:58:16,151] [INFO ] [main] [com.exalead.cv360.config.ConfigurationManager] Data Directory: /busapps/dpmu/gbl0/3DSpaceIndex/linux_a64/cv/data/bin/..
[2019-10-08 16:58:16,229] [INFO ] [main] [org.eclipse.jetty.server.handler.ContextHandler] Started o.e.j.w.WebAppContext@4f8969b0{/business-console,file:///busapps/dpmu/gbl0/3DSpaceIndex/linux_a64/cv/data/webapps-tmp/gateway/adminui_16001/business-console/,AVAILABLE,@16001}{/busapps/dpmu/gbl0/3DSpaceIndex/linux_a64/cv/data/webapps-tmp/gateway/adminui_16001/business-console}
[2019-10-08 16:58:35,047] [INFO ] [shutdown-471] [org.eclipse.jetty.server.handler.ContextHandler] Stopped o.e.j.w.WebAppContext@4f8969b0{/business-console,null,UNAVAILABLE,@16001}{/busapps/dpmu/gbl0/3DSpaceIndex/linux_a64/cv/data/webapps-tmp/gateway/adminui_16001/business-console}
[2019-10-08 16:59:01,146] [WARN ] [main] [org.eclipse.jetty.security.SecurityHandler] ServletContext@o.e.j.w.WebAppContext@4f8969b0{/business-console,file:///busapps/dpmu/gbl0/3DSpaceIndex/linux_a64/cv/data/webapps-tmp/gateway/adminui_16001/business-console/,STARTING,@16001}{/busapps/dpmu/gbl0/3DSpaceIndex/linux_a64/cv/data/webapps-tmp/gateway/adminui_16001/business-console} has uncovered http methods for path: /
[2019-10-08 16:59:01,167] [INFO ] [main] [com.exalead.cv360.config.ConfigurationManager] Configuration Top Directory: /busapps/dpmu/gbl0/3DSpaceIndex/linux_a64/cv/data/bin/../gct
[2019-10-08 16:59:01,167] [INFO ] [main] [com.exalead.cv360.config.ConfigurationManager] Configuration Last Revision Repository: /busapps/dpmu/gbl0/3DSpaceIndex/linux_a64/cv/data/bin/../gct/12/master/360
[2019-10-08 16:59:01,167] [INFO ] [main] [com.exalead.cv360.config.ConfigurationManager] Configuration Store Directory: /busapps/dpmu/gbl0/3DSpaceIndex/linux_a64/cv/data/bin/../config/360
[2019-10-08 16:59:01,167] [INFO ] [main] [com.exalead.cv360.config.ConfigurationManager] Data Directory: /busapps/dpmu/gbl0/3DSpaceIndex/linux_a64/cv/data/bin/..
[2019-10-08 16:59:01,245] [INFO ] [main] [org.eclipse.jetty.server.handler.ContextHandler] Started o.e.j.w.WebAppContext@4f8969b0{/business-console,file:///busapps/dpmu/gbl0/3DSpaceIndex/linux_a64/cv/data/webapps-tmp/gateway/adminui_16001/business-console/,AVAILABLE,@16001}{/busapps/dpmu/gbl0/3DSpaceIndex/linux_a64/cv/data/webapps-tmp/gateway/adminui_16001/business-console}
[2019-10-08 16:59:22,706] [INFO ] [shutdown-467] [org.eclipse.jetty.server.handler.ContextHandler] Stopped o.e.j.w.WebAppContext@4f8969b0{/business-console,null,UNAVAILABLE,@16001}{/busapps/dpmu/gbl0/3DSpaceIndex/linux_a64/cv/data/webapps-tmp/gateway/adminui_16001/business-console}
[2019-10-08 16:59:44,282] [WARN ] [main] [org.eclipse.jetty.security.SecurityHandler] ServletContext@o.e.j.w.WebAppContext@4f8969b0{/business-console,file:///busapps/dpmu/gbl0/3DSpaceIndex/linux_a64/cv/data/webapps-tmp/gateway/adminui_16001/business-console/,STARTING,@16001}{/busapps/dpmu/gbl0/3DSpaceIndex/linux_a64/cv/data/webapps-tmp/gateway/adminui_16001/business-console} has uncovered http methods for path: /
[2019-10-08 16:59:44,291] [INFO ] [main] [com.exalead.cv360.config.ConfigurationManager] Configuration Top Directory: /busapps/dpmu/gbl0/3DSpaceIndex/linux_a64/cv/data/bin/../gct
[2019-10-08 16:59:44,292] [INFO ] [main] [com.exalead.cv360.config.ConfigurationManager] Configuration Last Revision Repository: /busapps/dpmu/gbl0/3DSpaceIndex/linux_a64/cv/data/bin/../gct/12/master/360
[2019-10-08 16:59:44,292] [INFO ] [main] [com.exalead.cv360.config.ConfigurationManager] Configuration Store Directory: /busapps/dpmu/gbl0/3DSpaceIndex/linux_a64/cv/data/bin/../config/360
[2019-10-08 16:59:44,292] [INFO ] [main] [com.exalead.cv360.config.ConfigurationManager] Data Directory: /busapps/dpmu/gbl0/3DSpaceIndex/linux_a64/cv/data/bin/..
[2019-10-08 16:59:44,390] [INFO ] [main] [org.eclipse.jetty.server.handler.ContextHandler] Started o.e.j.w.WebAppContext@4f8969b0{/business-console,file:///busapps/dpmu/gbl0/3DSpaceIndex/linux_a64/cv/data/webapps-tmp/gateway/adminui_16001/business-console/,AVAILABLE,@16001}{/busapps/dpmu/gbl0/3DSpaceIndex/linux_a64/cv/data/webapps-tmp/gateway/adminui_16001/business-console}
