[2019-10-09 08:58:52,667] [INFO ] [shutdown-23539] [org.eclipse.jetty.server.handler.ContextHandler] Stopped o.e.j.w.WebAppContext@4f8969b0{/business-console,null,UNAVAILABLE,@16001}{/busapps/dpmu/gbl0/3DSpaceIndex/linux_a64/cv/data/webapps-tmp/gateway/adminui_16001/business-console}
[2019-10-09 09:08:16,164] [WARN ] [main] [org.eclipse.jetty.security.SecurityHandler] ServletContext@o.e.j.w.WebAppContext@2cab9998{/business-console,file:///busapps/dpmu/gbl0/3DSpaceIndex/linux_a64/cv/data/webapps-tmp/gateway/adminui_16001/business-console/,STARTING,@16001}{/busapps/dpmu/gbl0/3DSpaceIndex/linux_a64/cv/data/webapps-tmp/gateway/adminui_16001/business-console} has uncovered http methods for path: /
[2019-10-09 09:08:16,180] [INFO ] [main] [com.exalead.cv360.config.ConfigurationManager] Configuration Top Directory: /busapps/dpmu/gbl0/3DSpaceIndex/linux_a64/cv/data/bin/../gct
[2019-10-09 09:08:16,180] [INFO ] [main] [com.exalead.cv360.config.ConfigurationManager] Configuration Last Revision Repository: /busapps/dpmu/gbl0/3DSpaceIndex/linux_a64/cv/data/bin/../gct/13/master/360
[2019-10-09 09:08:16,180] [INFO ] [main] [com.exalead.cv360.config.ConfigurationManager] Configuration Store Directory: /busapps/dpmu/gbl0/3DSpaceIndex/linux_a64/cv/data/bin/../config/360
[2019-10-09 09:08:16,180] [INFO ] [main] [com.exalead.cv360.config.ConfigurationManager] Data Directory: /busapps/dpmu/gbl0/3DSpaceIndex/linux_a64/cv/data/bin/..
[2019-10-09 09:08:16,255] [INFO ] [main] [org.eclipse.jetty.server.handler.ContextHandler] Started o.e.j.w.WebAppContext@2cab9998{/business-console,file:///busapps/dpmu/gbl0/3DSpaceIndex/linux_a64/cv/data/webapps-tmp/gateway/adminui_16001/business-console/,AVAILABLE,@16001}{/busapps/dpmu/gbl0/3DSpaceIndex/linux_a64/cv/data/webapps-tmp/gateway/adminui_16001/business-console}
[2019-10-09 09:10:22,975] [INFO ] [shutdown-1303] [org.eclipse.jetty.server.handler.ContextHandler] Stopped o.e.j.w.WebAppContext@2cab9998{/business-console,null,UNAVAILABLE,@16001}{/busapps/dpmu/gbl0/3DSpaceIndex/linux_a64/cv/data/webapps-tmp/gateway/adminui_16001/business-console}
[2019-10-09 09:10:38,047] [WARN ] [main] [org.eclipse.jetty.security.SecurityHandler] ServletContext@o.e.j.w.WebAppContext@3954d008{/business-console,file:///busapps/dpmu/gbl0/3DSpaceIndex/linux_a64/cv/data/webapps-tmp/gateway/adminui_16001/business-console/,STARTING,@16001}{/busapps/dpmu/gbl0/3DSpaceIndex/linux_a64/cv/data/webapps-tmp/gateway/adminui_16001/business-console} has uncovered http methods for path: /
[2019-10-09 09:10:38,082] [INFO ] [main] [com.exalead.cv360.config.ConfigurationManager] Configuration Top Directory: /busapps/dpmu/gbl0/3DSpaceIndex/linux_a64/cv/data/bin/../gct
[2019-10-09 09:10:38,082] [INFO ] [main] [com.exalead.cv360.config.ConfigurationManager] Configuration Last Revision Repository: /busapps/dpmu/gbl0/3DSpaceIndex/linux_a64/cv/data/bin/../gct/14/master/360
[2019-10-09 09:10:38,082] [INFO ] [main] [com.exalead.cv360.config.ConfigurationManager] Configuration Store Directory: /busapps/dpmu/gbl0/3DSpaceIndex/linux_a64/cv/data/bin/../config/360
[2019-10-09 09:10:38,082] [INFO ] [main] [com.exalead.cv360.config.ConfigurationManager] Data Directory: /busapps/dpmu/gbl0/3DSpaceIndex/linux_a64/cv/data/bin/..
[2019-10-09 09:10:38,141] [INFO ] [main] [org.eclipse.jetty.server.handler.ContextHandler] Started o.e.j.w.WebAppContext@3954d008{/business-console,file:///busapps/dpmu/gbl0/3DSpaceIndex/linux_a64/cv/data/webapps-tmp/gateway/adminui_16001/business-console/,AVAILABLE,@16001}{/busapps/dpmu/gbl0/3DSpaceIndex/linux_a64/cv/data/webapps-tmp/gateway/adminui_16001/business-console}
[2019-10-09 09:10:56,723] [INFO ] [shutdown-467] [org.eclipse.jetty.server.handler.ContextHandler] Stopped o.e.j.w.WebAppContext@3954d008{/business-console,null,UNAVAILABLE,@16001}{/busapps/dpmu/gbl0/3DSpaceIndex/linux_a64/cv/data/webapps-tmp/gateway/adminui_16001/business-console}
[2019-10-09 09:11:52,341] [WARN ] [main] [org.eclipse.jetty.security.SecurityHandler] ServletContext@o.e.j.w.WebAppContext@3954d008{/business-console,file:///busapps/dpmu/gbl0/3DSpaceIndex/linux_a64/cv/data/webapps-tmp/gateway/adminui_16001/business-console/,STARTING,@16001}{/busapps/dpmu/gbl0/3DSpaceIndex/linux_a64/cv/data/webapps-tmp/gateway/adminui_16001/business-console} has uncovered http methods for path: /
[2019-10-09 09:11:52,360] [INFO ] [main] [com.exalead.cv360.config.ConfigurationManager] Configuration Top Directory: /busapps/dpmu/gbl0/3DSpaceIndex/linux_a64/cv/data/bin/../gct
[2019-10-09 09:11:52,360] [INFO ] [main] [com.exalead.cv360.config.ConfigurationManager] Configuration Last Revision Repository: /busapps/dpmu/gbl0/3DSpaceIndex/linux_a64/cv/data/bin/../gct/19/master/360
[2019-10-09 09:11:52,361] [INFO ] [main] [com.exalead.cv360.config.ConfigurationManager] Configuration Store Directory: /busapps/dpmu/gbl0/3DSpaceIndex/linux_a64/cv/data/bin/../config/360
[2019-10-09 09:11:52,361] [INFO ] [main] [com.exalead.cv360.config.ConfigurationManager] Data Directory: /busapps/dpmu/gbl0/3DSpaceIndex/linux_a64/cv/data/bin/..
[2019-10-09 09:11:52,468] [INFO ] [main] [org.eclipse.jetty.server.handler.ContextHandler] Started o.e.j.w.WebAppContext@3954d008{/business-console,file:///busapps/dpmu/gbl0/3DSpaceIndex/linux_a64/cv/data/webapps-tmp/gateway/adminui_16001/business-console/,AVAILABLE,@16001}{/busapps/dpmu/gbl0/3DSpaceIndex/linux_a64/cv/data/webapps-tmp/gateway/adminui_16001/business-console}
[2019-10-09 09:12:11,469] [INFO ] [shutdown-469] [org.eclipse.jetty.server.handler.ContextHandler] Stopped o.e.j.w.WebAppContext@3954d008{/business-console,null,UNAVAILABLE,@16001}{/busapps/dpmu/gbl0/3DSpaceIndex/linux_a64/cv/data/webapps-tmp/gateway/adminui_16001/business-console}
[2019-10-09 09:12:38,169] [WARN ] [main] [org.eclipse.jetty.security.SecurityHandler] ServletContext@o.e.j.w.WebAppContext@3954d008{/business-console,file:///busapps/dpmu/gbl0/3DSpaceIndex/linux_a64/cv/data/webapps-tmp/gateway/adminui_16001/business-console/,STARTING,@16001}{/busapps/dpmu/gbl0/3DSpaceIndex/linux_a64/cv/data/webapps-tmp/gateway/adminui_16001/business-console} has uncovered http methods for path: /
[2019-10-09 09:12:38,240] [INFO ] [main] [com.exalead.cv360.config.ConfigurationManager] Configuration Top Directory: /busapps/dpmu/gbl0/3DSpaceIndex/linux_a64/cv/data/bin/../gct
[2019-10-09 09:12:38,241] [INFO ] [main] [com.exalead.cv360.config.ConfigurationManager] Configuration Last Revision Repository: /busapps/dpmu/gbl0/3DSpaceIndex/linux_a64/cv/data/bin/../gct/20/master/360
[2019-10-09 09:12:38,241] [INFO ] [main] [com.exalead.cv360.config.ConfigurationManager] Configuration Store Directory: /busapps/dpmu/gbl0/3DSpaceIndex/linux_a64/cv/data/bin/../config/360
[2019-10-09 09:12:38,260] [INFO ] [main] [com.exalead.cv360.config.ConfigurationManager] Data Directory: /busapps/dpmu/gbl0/3DSpaceIndex/linux_a64/cv/data/bin/..
[2019-10-09 09:12:38,388] [INFO ] [main] [org.eclipse.jetty.server.handler.ContextHandler] Started o.e.j.w.WebAppContext@3954d008{/business-console,file:///busapps/dpmu/gbl0/3DSpaceIndex/linux_a64/cv/data/webapps-tmp/gateway/adminui_16001/business-console/,AVAILABLE,@16001}{/busapps/dpmu/gbl0/3DSpaceIndex/linux_a64/cv/data/webapps-tmp/gateway/adminui_16001/business-console}
[2019-10-09 09:12:59,407] [INFO ] [shutdown-468] [org.eclipse.jetty.server.handler.ContextHandler] Stopped o.e.j.w.WebAppContext@3954d008{/business-console,null,UNAVAILABLE,@16001}{/busapps/dpmu/gbl0/3DSpaceIndex/linux_a64/cv/data/webapps-tmp/gateway/adminui_16001/business-console}
[2019-10-09 09:13:27,069] [WARN ] [main] [org.eclipse.jetty.security.SecurityHandler] ServletContext@o.e.j.w.WebAppContext@3954d008{/business-console,file:///busapps/dpmu/gbl0/3DSpaceIndex/linux_a64/cv/data/webapps-tmp/gateway/adminui_16001/business-console/,STARTING,@16001}{/busapps/dpmu/gbl0/3DSpaceIndex/linux_a64/cv/data/webapps-tmp/gateway/adminui_16001/business-console} has uncovered http methods for path: /
[2019-10-09 09:13:27,077] [INFO ] [main] [com.exalead.cv360.config.ConfigurationManager] Configuration Top Directory: /busapps/dpmu/gbl0/3DSpaceIndex/linux_a64/cv/data/bin/../gct
[2019-10-09 09:13:27,077] [INFO ] [main] [com.exalead.cv360.config.ConfigurationManager] Configuration Last Revision Repository: /busapps/dpmu/gbl0/3DSpaceIndex/linux_a64/cv/data/bin/../gct/20/master/360
[2019-10-09 09:13:27,077] [INFO ] [main] [com.exalead.cv360.config.ConfigurationManager] Configuration Store Directory: /busapps/dpmu/gbl0/3DSpaceIndex/linux_a64/cv/data/bin/../config/360
[2019-10-09 09:13:27,077] [INFO ] [main] [com.exalead.cv360.config.ConfigurationManager] Data Directory: /busapps/dpmu/gbl0/3DSpaceIndex/linux_a64/cv/data/bin/..
[2019-10-09 09:13:27,151] [INFO ] [main] [org.eclipse.jetty.server.handler.ContextHandler] Started o.e.j.w.WebAppContext@3954d008{/business-console,file:///busapps/dpmu/gbl0/3DSpaceIndex/linux_a64/cv/data/webapps-tmp/gateway/adminui_16001/business-console/,AVAILABLE,@16001}{/busapps/dpmu/gbl0/3DSpaceIndex/linux_a64/cv/data/webapps-tmp/gateway/adminui_16001/business-console}
[2019-10-09 10:04:52,869] [INFO ] [shutdown-1758] [org.eclipse.jetty.server.handler.ContextHandler] Stopped o.e.j.w.WebAppContext@3954d008{/business-console,null,UNAVAILABLE,@16001}{/busapps/dpmu/gbl0/3DSpaceIndex/linux_a64/cv/data/webapps-tmp/gateway/adminui_16001/business-console}
[2019-10-09 10:07:16,478] [WARN ] [main] [org.eclipse.jetty.security.SecurityHandler] ServletContext@o.e.j.w.WebAppContext@3954d008{/business-console,file:///busdata/dpmu/gbl0/data/cv/webapps-tmp/gateway/adminui_16001/business-console/,STARTING,@16001}{/busdata/dpmu/gbl0/data/cv/webapps-tmp/gateway/adminui_16001/business-console} has uncovered http methods for path: /
[2019-10-09 10:07:16,486] [INFO ] [main] [com.exalead.cv360.config.ConfigurationManager] Configuration Top Directory: /busdata/dpmu/gbl0/data/cv/bin/../gct
[2019-10-09 10:07:16,486] [INFO ] [main] [com.exalead.cv360.config.ConfigurationManager] Configuration Last Revision Repository: /busdata/dpmu/gbl0/data/cv/bin/../gct/20/master/360
[2019-10-09 10:07:16,486] [INFO ] [main] [com.exalead.cv360.config.ConfigurationManager] Configuration Store Directory: /busdata/dpmu/gbl0/data/cv/bin/../config/360
[2019-10-09 10:07:16,486] [INFO ] [main] [com.exalead.cv360.config.ConfigurationManager] Data Directory: /busdata/dpmu/gbl0/data/cv/bin/..
[2019-10-09 10:07:16,581] [INFO ] [main] [org.eclipse.jetty.server.handler.ContextHandler] Started o.e.j.w.WebAppContext@3954d008{/business-console,file:///busdata/dpmu/gbl0/data/cv/webapps-tmp/gateway/adminui_16001/business-console/,AVAILABLE,@16001}{/busdata/dpmu/gbl0/data/cv/webapps-tmp/gateway/adminui_16001/business-console}
