[2019-10-22 16:30:22,946] [INFO ] [main] [org.eclipse.jetty.annotations.AnnotationConfiguration] Scanning elapsed time=2257ms
[2019-10-22 16:30:22,996] [INFO ] [main] [org.eclipse.jetty.server.handler.ContextHandler.mashup_ui] No Spring WebApplicationInitializer types detected on classpath
[2019-10-22 16:30:23,332] [WARN ] [main] [org.eclipse.jetty.security.SecurityHandler] ServletContext@o.e.j.w.WebAppContext@b3e86d5{/mashup-ui,file:///busdata/dpmu/gbl0/data/cv/webapps/360-mashup-ui/,STARTING,@16000}{/360-mashup-ui} has uncovered http methods for path: /
[2019-10-22 16:30:23,338] [INFO ] [main] [com.exalead.cv360.searchui.config.MashupConfigurationProvider] Service name: 360-mashup-ui.mu0 application id: default
[2019-10-22 16:30:23,341] [INFO ] [main] [mashup.context] Checking master for missing plugins for instance 360-mashup-ui.mu0 of application default...
[2019-10-22 16:30:23,354] [INFO ] [main] [plugins.deployment.local] Found 0 deployed plugins in /busdata/dpmu/gbl0/data/cv/bin/.. for instance 360-mashup-ui.mu0 of application default
[2019-10-22 16:30:23,366] [INFO ] [main] [plugins.deployment.local] Found 0 deployed plugins in /busdata/dpmu/gbl0/data/cv/bin/.. for instance 360-mashup-ui.mu0 of application default
[2019-10-22 16:30:23,369] [INFO ] [main] [mashup.loader] Discovering themes...
[2019-10-22 16:30:23,394] [INFO ] [main] [mashup.loader] Discovering widgets...
[2019-10-22 16:30:23,395] [INFO ] [main] [mashup.loader] Discovering layouts...
[2019-10-22 16:30:23,955] [INFO ] [main] [mashup.context] License - Users check is enabled
[2019-10-22 16:30:23,957] [INFO ] [main] [com.exalead.cv360.searchui.services.UserLicenseManager] Starting UsersChecking Thread for instance name: mu0
[2019-10-22 16:30:23,983] [INFO ] [main] [org.eclipse.jetty.server.handler.ContextHandler.mashup_ui] Initializing Spring root WebApplicationContext
[2019-10-22 16:30:25,654] [INFO ] [main] [mashup.loader] Discovering available triggers...
[2019-10-22 16:30:25,704] [INFO ] [main] [mashup.loader] Discovering security providers...
[2019-10-22 16:30:25,704] [INFO ] [main] [mashup.loader] Discovering controllers...
[2019-10-22 16:30:25,711] [INFO ] [main] [mashup.loader] Discovering JSP tags...
[2019-10-22 16:30:25,715] [INFO ] [main] [mel.loader] Discovering user defined MEL...
[2019-10-22 16:30:25,740] [INFO ] [main] [org.eclipse.jetty.server.handler.ContextHandler.mashup_ui] Initializing Spring FrameworkServlet '360-search-ui'
[2019-10-22 16:30:27,325] [INFO ] [main] [controller.isAlive] Starting isAlive service monitoring 0 urls
[2019-10-22 16:30:27,930] [INFO ] [main] [org.apache.tiles.access.TilesAccess] Publishing TilesContext for context: org.springframework.web.servlet.view.tiles3.SpringWildcardServletTilesApplicationContext
[2019-10-22 16:30:28,688] [INFO ] [main] [org.eclipse.jetty.server.handler.ContextHandler] Started o.e.j.w.WebAppContext@b3e86d5{/mashup-ui,file:///busdata/dpmu/gbl0/data/cv/webapps/360-mashup-ui/,AVAILABLE,@16000}{/360-mashup-ui}
[2019-10-22 16:40:15,710] [INFO ] [main] [org.eclipse.jetty.annotations.AnnotationConfiguration] Scanning elapsed time=840ms
[2019-10-22 16:40:15,755] [INFO ] [main] [org.eclipse.jetty.server.handler.ContextHandler.mashup_ui] No Spring WebApplicationInitializer types detected on classpath
[2019-10-22 16:40:16,117] [WARN ] [main] [org.eclipse.jetty.security.SecurityHandler] ServletContext@o.e.j.w.WebAppContext@58f4b31a{/mashup-ui,file:///busdata/dpmu/gbl0/data/cv/webapps/360-mashup-ui/,STARTING,@16000}{/360-mashup-ui} has uncovered http methods for path: /
[2019-10-22 16:40:16,122] [INFO ] [main] [com.exalead.cv360.searchui.config.MashupConfigurationProvider] Service name: 360-mashup-ui.mu0 application id: default
[2019-10-22 16:40:16,124] [INFO ] [main] [mashup.context] Checking master for missing plugins for instance 360-mashup-ui.mu0 of application default...
[2019-10-22 16:40:16,129] [INFO ] [main] [plugins.deployment.local] Found 0 deployed plugins in /busdata/dpmu/gbl0/data/cv/bin/.. for instance 360-mashup-ui.mu0 of application default
[2019-10-22 16:40:16,137] [INFO ] [main] [plugins.deployment.local] Found 0 deployed plugins in /busdata/dpmu/gbl0/data/cv/bin/.. for instance 360-mashup-ui.mu0 of application default
[2019-10-22 16:40:16,139] [INFO ] [main] [mashup.loader] Discovering themes...
[2019-10-22 16:40:16,140] [INFO ] [main] [mashup.loader] Discovering widgets...
[2019-10-22 16:40:16,141] [INFO ] [main] [mashup.loader] Discovering layouts...
[2019-10-22 16:40:16,853] [INFO ] [main] [mashup.context] License - Users check is enabled
[2019-10-22 16:40:16,855] [INFO ] [main] [com.exalead.cv360.searchui.services.UserLicenseManager] Starting UsersChecking Thread for instance name: mu0
[2019-10-22 16:40:16,882] [INFO ] [main] [org.eclipse.jetty.server.handler.ContextHandler.mashup_ui] Initializing Spring root WebApplicationContext
[2019-10-22 16:40:19,589] [INFO ] [main] [mashup.loader] Discovering available triggers...
[2019-10-22 16:40:19,638] [INFO ] [main] [mashup.loader] Discovering security providers...
[2019-10-22 16:40:19,638] [INFO ] [main] [mashup.loader] Discovering controllers...
[2019-10-22 16:40:19,647] [INFO ] [main] [mashup.loader] Discovering JSP tags...
[2019-10-22 16:40:19,650] [INFO ] [main] [mel.loader] Discovering user defined MEL...
[2019-10-22 16:40:19,677] [INFO ] [main] [org.eclipse.jetty.server.handler.ContextHandler.mashup_ui] Initializing Spring FrameworkServlet '360-search-ui'
[2019-10-22 16:40:20,816] [INFO ] [main] [controller.isAlive] Starting isAlive service monitoring 0 urls
[2019-10-22 16:40:21,536] [INFO ] [main] [org.apache.tiles.access.TilesAccess] Publishing TilesContext for context: org.springframework.web.servlet.view.tiles3.SpringWildcardServletTilesApplicationContext
[2019-10-22 16:40:22,343] [INFO ] [main] [org.eclipse.jetty.server.handler.ContextHandler] Started o.e.j.w.WebAppContext@58f4b31a{/mashup-ui,file:///busdata/dpmu/gbl0/data/cv/webapps/360-mashup-ui/,AVAILABLE,@16000}{/360-mashup-ui}
