[2019-10-09 08:58:52,376] [INFO ] [shutdown-1251] [org.eclipse.jetty.server.handler.ContextHandler.mashup_ui] Destroying Spring FrameworkServlet '360-search-ui'
[2019-10-09 08:58:52,381] [INFO ] [shutdown-1251] [org.apache.tiles.access.TilesAccess] Removing TilesContext for context: org.springframework.web.servlet.view.tiles3.SpringWildcardServletTilesApplicationContext
[2019-10-09 08:58:52,382] [INFO ] [shutdown-1251] [org.eclipse.jetty.server.handler.ContextHandler.mashup_ui] Closing Spring root WebApplicationContext
[2019-10-09 08:58:52,386] [INFO ] [shutdown-1251] [com.exalead.cv360.searchui.services.UserLicenseManager] Stopping UsersChecking Thread for instance name: mu0
[2019-10-09 08:58:52,386] [INFO ] [shutdown-1251] [org.eclipse.jetty.server.handler.ContextHandler] Stopped o.e.j.w.WebAppContext@5ec4ff02{/mashup-ui,null,UNAVAILABLE,@16000}{/360-mashup-ui}
[2019-10-09 09:08:23,106] [INFO ] [main] [org.eclipse.jetty.annotations.AnnotationConfiguration] Scanning elapsed time=918ms
[2019-10-09 09:08:23,134] [INFO ] [main] [org.eclipse.jetty.server.handler.ContextHandler.mashup_ui] No Spring WebApplicationInitializer types detected on classpath
[2019-10-09 09:08:23,422] [WARN ] [main] [org.eclipse.jetty.security.SecurityHandler] ServletContext@o.e.j.w.WebAppContext@21a02556{/mashup-ui,file:///busapps/dpmu/gbl0/3DSpaceIndex/linux_a64/cv/data/webapps/360-mashup-ui/,STARTING,@16000}{/360-mashup-ui} has uncovered http methods for path: /
[2019-10-09 09:08:23,425] [INFO ] [main] [com.exalead.cv360.searchui.config.MashupConfigurationProvider] Service name: 360-mashup-ui.mu0 application id: default
[2019-10-09 09:08:23,430] [INFO ] [main] [mashup.context] Checking master for missing plugins for instance 360-mashup-ui.mu0 of application default...
[2019-10-09 09:08:23,434] [ERROR] [main] [mashup.context] cannot synchronize plugins: Connection refused (Connection refused)
[2019-10-09 09:08:23,435] [INFO ] [main] [plugins.deployment.local] Found 0 deployed plugins in /busapps/dpmu/gbl0/3DSpaceIndex/linux_a64/cv/data/bin/.. for instance 360-mashup-ui.mu0 of application default
[2019-10-09 09:08:23,437] [INFO ] [main] [mashup.loader] Discovering themes...
[2019-10-09 09:08:23,438] [INFO ] [main] [mashup.loader] Discovering widgets...
[2019-10-09 09:08:23,439] [INFO ] [main] [mashup.loader] Discovering layouts...
[2019-10-09 09:08:24,250] [INFO ] [main] [mashup.context] License - Users check is enabled
[2019-10-09 09:08:24,251] [INFO ] [main] [com.exalead.cv360.searchui.services.UserLicenseManager] Starting UsersChecking Thread for instance name: mu0
[2019-10-09 09:08:24,263] [INFO ] [main] [org.eclipse.jetty.server.handler.ContextHandler.mashup_ui] Initializing Spring root WebApplicationContext
[2019-10-09 09:08:24,677] [INFO ] [main] [com.exalead.cv360.searchui.security.MashupSecurityManager] Master is down. Exception Error while initializing MAMI manager at http://mpllnx4032.mpl.michelin.com:16011/mami/master/getAppliedVersion
[2019-10-09 09:08:24,700] [INFO ] [main] [mashup.loader] Discovering available triggers...
[2019-10-09 09:08:24,731] [INFO ] [main] [mashup.loader] Discovering security providers...
[2019-10-09 09:08:24,731] [INFO ] [main] [mashup.loader] Discovering controllers...
[2019-10-09 09:08:24,734] [INFO ] [main] [mashup.loader] Discovering JSP tags...
[2019-10-09 09:08:24,736] [INFO ] [main] [mel.loader] Discovering user defined MEL...
[2019-10-09 09:08:24,757] [INFO ] [main] [org.eclipse.jetty.server.handler.ContextHandler.mashup_ui] Initializing Spring FrameworkServlet '360-search-ui'
[2019-10-09 09:08:25,285] [INFO ] [main] [controller.isAlive] Starting isAlive service monitoring 0 urls
[2019-10-09 09:08:25,662] [INFO ] [main] [org.apache.tiles.access.TilesAccess] Publishing TilesContext for context: org.springframework.web.servlet.view.tiles3.SpringWildcardServletTilesApplicationContext
[2019-10-09 09:08:26,262] [INFO ] [main] [org.eclipse.jetty.server.handler.ContextHandler] Started o.e.j.w.WebAppContext@21a02556{/mashup-ui,file:///busapps/dpmu/gbl0/3DSpaceIndex/linux_a64/cv/data/webapps/360-mashup-ui/,AVAILABLE,@16000}{/360-mashup-ui}
[2019-10-09 09:10:22,967] [INFO ] [shutdown-238] [org.eclipse.jetty.server.handler.ContextHandler.mashup_ui] Destroying Spring FrameworkServlet '360-search-ui'
[2019-10-09 09:10:22,974] [INFO ] [shutdown-238] [org.apache.tiles.access.TilesAccess] Removing TilesContext for context: org.springframework.web.servlet.view.tiles3.SpringWildcardServletTilesApplicationContext
[2019-10-09 09:10:22,975] [INFO ] [shutdown-238] [org.eclipse.jetty.server.handler.ContextHandler.mashup_ui] Closing Spring root WebApplicationContext
[2019-10-09 09:10:22,978] [INFO ] [shutdown-238] [com.exalead.cv360.searchui.services.UserLicenseManager] Stopping UsersChecking Thread for instance name: mu0
[2019-10-09 09:10:22,979] [INFO ] [shutdown-238] [org.eclipse.jetty.server.handler.ContextHandler] Stopped o.e.j.w.WebAppContext@21a02556{/mashup-ui,null,UNAVAILABLE,@16000}{/360-mashup-ui}
[2019-10-09 09:10:49,566] [INFO ] [main] [org.eclipse.jetty.annotations.AnnotationConfiguration] Scanning elapsed time=1045ms
[2019-10-09 09:10:49,617] [INFO ] [main] [org.eclipse.jetty.server.handler.ContextHandler.mashup_ui] No Spring WebApplicationInitializer types detected on classpath
[2019-10-09 09:10:49,829] [WARN ] [main] [org.eclipse.jetty.security.SecurityHandler] ServletContext@o.e.j.w.WebAppContext@40f35e52{/mashup-ui,file:///busapps/dpmu/gbl0/3DSpaceIndex/linux_a64/cv/data/webapps/360-mashup-ui/,STARTING,@16000}{/360-mashup-ui} has uncovered http methods for path: /
[2019-10-09 09:10:49,833] [INFO ] [main] [com.exalead.cv360.searchui.config.MashupConfigurationProvider] Service name: 360-mashup-ui.mu0 application id: default
[2019-10-09 09:10:49,834] [INFO ] [main] [mashup.context] Checking master for missing plugins for instance 360-mashup-ui.mu0 of application default...
[2019-10-09 09:10:49,990] [INFO ] [main] [plugins.deployment.local] Found 0 deployed plugins in /busapps/dpmu/gbl0/3DSpaceIndex/linux_a64/cv/data/bin/.. for instance 360-mashup-ui.mu0 of application default
[2019-10-09 09:10:50,001] [INFO ] [main] [plugins.deployment.local] Found 0 deployed plugins in /busapps/dpmu/gbl0/3DSpaceIndex/linux_a64/cv/data/bin/.. for instance 360-mashup-ui.mu0 of application default
[2019-10-09 09:10:50,004] [INFO ] [main] [mashup.loader] Discovering themes...
[2019-10-09 09:10:50,006] [INFO ] [main] [mashup.loader] Discovering widgets...
[2019-10-09 09:10:50,006] [INFO ] [main] [mashup.loader] Discovering layouts...
[2019-10-09 09:10:50,313] [INFO ] [main] [mashup.context] License - Users check is enabled
[2019-10-09 09:10:50,314] [INFO ] [main] [com.exalead.cv360.searchui.services.UserLicenseManager] Starting UsersChecking Thread for instance name: mu0
[2019-10-09 09:10:50,335] [INFO ] [main] [org.eclipse.jetty.server.handler.ContextHandler.mashup_ui] Initializing Spring root WebApplicationContext
[2019-10-09 09:10:51,561] [INFO ] [main] [mashup.loader] Discovering available triggers...
[2019-10-09 09:10:51,594] [INFO ] [main] [mashup.loader] Discovering security providers...
[2019-10-09 09:10:51,594] [INFO ] [main] [mashup.loader] Discovering controllers...
[2019-10-09 09:10:51,597] [INFO ] [main] [mashup.loader] Discovering JSP tags...
[2019-10-09 09:10:51,599] [INFO ] [main] [mel.loader] Discovering user defined MEL...
[2019-10-09 09:10:51,611] [INFO ] [main] [org.eclipse.jetty.server.handler.ContextHandler.mashup_ui] Initializing Spring FrameworkServlet '360-search-ui'
[2019-10-09 09:10:52,377] [INFO ] [main] [controller.isAlive] Starting isAlive service monitoring 0 urls
[2019-10-09 09:10:52,700] [INFO ] [main] [org.apache.tiles.access.TilesAccess] Publishing TilesContext for context: org.springframework.web.servlet.view.tiles3.SpringWildcardServletTilesApplicationContext
[2019-10-09 09:10:53,085] [INFO ] [main] [org.eclipse.jetty.server.handler.ContextHandler] Started o.e.j.w.WebAppContext@40f35e52{/mashup-ui,file:///busapps/dpmu/gbl0/3DSpaceIndex/linux_a64/cv/data/webapps/360-mashup-ui/,AVAILABLE,@16000}{/360-mashup-ui}
[2019-10-09 09:10:56,718] [INFO ] [shutdown-72] [org.eclipse.jetty.server.handler.ContextHandler.mashup_ui] Destroying Spring FrameworkServlet '360-search-ui'
[2019-10-09 09:10:56,738] [INFO ] [shutdown-72] [org.apache.tiles.access.TilesAccess] Removing TilesContext for context: org.springframework.web.servlet.view.tiles3.SpringWildcardServletTilesApplicationContext
[2019-10-09 09:10:56,740] [INFO ] [shutdown-72] [org.eclipse.jetty.server.handler.ContextHandler.mashup_ui] Closing Spring root WebApplicationContext
[2019-10-09 09:10:56,742] [INFO ] [shutdown-72] [com.exalead.cv360.searchui.services.UserLicenseManager] Stopping UsersChecking Thread for instance name: mu0
[2019-10-09 09:10:56,743] [INFO ] [shutdown-72] [org.eclipse.jetty.server.handler.ContextHandler] Stopped o.e.j.w.WebAppContext@40f35e52{/mashup-ui,null,UNAVAILABLE,@16000}{/360-mashup-ui}
[2019-10-09 09:12:01,628] [INFO ] [main] [org.eclipse.jetty.annotations.AnnotationConfiguration] Scanning elapsed time=897ms
[2019-10-09 09:12:01,726] [INFO ] [main] [org.eclipse.jetty.server.handler.ContextHandler.mashup_ui] No Spring WebApplicationInitializer types detected on classpath
[2019-10-09 09:12:02,274] [WARN ] [main] [org.eclipse.jetty.security.SecurityHandler] ServletContext@o.e.j.w.WebAppContext@40f35e52{/mashup-ui,file:///busapps/dpmu/gbl0/3DSpaceIndex/linux_a64/cv/data/webapps/360-mashup-ui/,STARTING,@16000}{/360-mashup-ui} has uncovered http methods for path: /
[2019-10-09 09:12:02,288] [INFO ] [main] [com.exalead.cv360.searchui.config.MashupConfigurationProvider] Service name: 360-mashup-ui.mu0 application id: default
[2019-10-09 09:12:02,290] [INFO ] [main] [mashup.context] Checking master for missing plugins for instance 360-mashup-ui.mu0 of application default...
[2019-10-09 09:12:02,312] [ERROR] [main] [mashup.context] cannot synchronize plugins: Connection refused (Connection refused)
[2019-10-09 09:12:02,361] [INFO ] [main] [plugins.deployment.local] Found 0 deployed plugins in /busapps/dpmu/gbl0/3DSpaceIndex/linux_a64/cv/data/bin/.. for instance 360-mashup-ui.mu0 of application default
[2019-10-09 09:12:02,364] [INFO ] [main] [mashup.loader] Discovering themes...
[2019-10-09 09:12:02,366] [INFO ] [main] [mashup.loader] Discovering widgets...
[2019-10-09 09:12:02,366] [INFO ] [main] [mashup.loader] Discovering layouts...
[2019-10-09 09:12:03,081] [INFO ] [main] [mashup.context] License - Users check is enabled
[2019-10-09 09:12:03,082] [INFO ] [main] [com.exalead.cv360.searchui.services.UserLicenseManager] Starting UsersChecking Thread for instance name: mu0
[2019-10-09 09:12:03,094] [INFO ] [main] [org.eclipse.jetty.server.handler.ContextHandler.mashup_ui] Initializing Spring root WebApplicationContext
[2019-10-09 09:12:04,643] [INFO ] [main] [mashup.loader] Discovering available triggers...
[2019-10-09 09:12:04,669] [INFO ] [main] [mashup.loader] Discovering security providers...
[2019-10-09 09:12:04,669] [INFO ] [main] [mashup.loader] Discovering controllers...
[2019-10-09 09:12:04,673] [INFO ] [main] [mashup.loader] Discovering JSP tags...
[2019-10-09 09:12:04,674] [INFO ] [main] [mel.loader] Discovering user defined MEL...
[2019-10-09 09:12:04,689] [INFO ] [main] [org.eclipse.jetty.server.handler.ContextHandler.mashup_ui] Initializing Spring FrameworkServlet '360-search-ui'
[2019-10-09 09:12:05,200] [INFO ] [main] [controller.isAlive] Starting isAlive service monitoring 0 urls
[2019-10-09 09:12:05,547] [INFO ] [main] [org.apache.tiles.access.TilesAccess] Publishing TilesContext for context: org.springframework.web.servlet.view.tiles3.SpringWildcardServletTilesApplicationContext
[2019-10-09 09:12:05,945] [INFO ] [main] [org.eclipse.jetty.server.handler.ContextHandler] Started o.e.j.w.WebAppContext@40f35e52{/mashup-ui,file:///busapps/dpmu/gbl0/3DSpaceIndex/linux_a64/cv/data/webapps/360-mashup-ui/,AVAILABLE,@16000}{/360-mashup-ui}
[2019-10-09 09:12:11,257] [INFO ] [shutdown-70] [org.eclipse.jetty.server.handler.ContextHandler.mashup_ui] Destroying Spring FrameworkServlet '360-search-ui'
[2019-10-09 09:12:11,259] [INFO ] [shutdown-70] [org.apache.tiles.access.TilesAccess] Removing TilesContext for context: org.springframework.web.servlet.view.tiles3.SpringWildcardServletTilesApplicationContext
[2019-10-09 09:12:11,260] [INFO ] [shutdown-70] [org.eclipse.jetty.server.handler.ContextHandler.mashup_ui] Closing Spring root WebApplicationContext
[2019-10-09 09:12:11,264] [INFO ] [shutdown-70] [com.exalead.cv360.searchui.services.UserLicenseManager] Stopping UsersChecking Thread for instance name: mu0
[2019-10-09 09:12:11,266] [INFO ] [shutdown-70] [org.eclipse.jetty.server.handler.ContextHandler] Stopped o.e.j.w.WebAppContext@40f35e52{/mashup-ui,null,UNAVAILABLE,@16000}{/360-mashup-ui}
[2019-10-09 09:12:47,162] [INFO ] [main] [org.eclipse.jetty.annotations.AnnotationConfiguration] Scanning elapsed time=1371ms
[2019-10-09 09:12:47,192] [INFO ] [main] [org.eclipse.jetty.server.handler.ContextHandler.mashup_ui] No Spring WebApplicationInitializer types detected on classpath
[2019-10-09 09:12:47,588] [WARN ] [main] [org.eclipse.jetty.security.SecurityHandler] ServletContext@o.e.j.w.WebAppContext@40f35e52{/mashup-ui,file:///busapps/dpmu/gbl0/3DSpaceIndex/linux_a64/cv/data/webapps/360-mashup-ui/,STARTING,@16000}{/360-mashup-ui} has uncovered http methods for path: /
[2019-10-09 09:12:47,597] [INFO ] [main] [com.exalead.cv360.searchui.config.MashupConfigurationProvider] Service name: 360-mashup-ui.mu0 application id: default
[2019-10-09 09:12:47,601] [INFO ] [main] [mashup.context] Checking master for missing plugins for instance 360-mashup-ui.mu0 of application default...
[2019-10-09 09:12:47,605] [ERROR] [main] [mashup.context] cannot synchronize plugins: Connection refused (Connection refused)
[2019-10-09 09:12:47,616] [INFO ] [main] [plugins.deployment.local] Found 0 deployed plugins in /busapps/dpmu/gbl0/3DSpaceIndex/linux_a64/cv/data/bin/.. for instance 360-mashup-ui.mu0 of application default
[2019-10-09 09:12:47,621] [INFO ] [main] [mashup.loader] Discovering themes...
[2019-10-09 09:12:47,625] [INFO ] [main] [mashup.loader] Discovering widgets...
[2019-10-09 09:12:47,625] [INFO ] [main] [mashup.loader] Discovering layouts...
[2019-10-09 09:12:48,171] [INFO ] [main] [mashup.context] License - Users check is enabled
[2019-10-09 09:12:48,173] [INFO ] [main] [com.exalead.cv360.searchui.services.UserLicenseManager] Starting UsersChecking Thread for instance name: mu0
[2019-10-09 09:12:48,184] [INFO ] [main] [org.eclipse.jetty.server.handler.ContextHandler.mashup_ui] Initializing Spring root WebApplicationContext
[2019-10-09 09:12:48,807] [INFO ] [main] [com.exalead.cv360.searchui.security.MashupSecurityManager] Master is down. Exception Error while initializing MAMI manager at http://mpllnx4032.mpl.michelin.com:16011/mami/master/getAppliedVersion
[2019-10-09 09:12:48,898] [INFO ] [main] [mashup.loader] Discovering available triggers...
[2019-10-09 09:12:48,959] [INFO ] [main] [mashup.loader] Discovering security providers...
[2019-10-09 09:12:48,960] [INFO ] [main] [mashup.loader] Discovering controllers...
[2019-10-09 09:12:48,963] [INFO ] [main] [mashup.loader] Discovering JSP tags...
[2019-10-09 09:12:48,980] [INFO ] [main] [mel.loader] Discovering user defined MEL...
[2019-10-09 09:12:48,998] [INFO ] [main] [org.eclipse.jetty.server.handler.ContextHandler.mashup_ui] Initializing Spring FrameworkServlet '360-search-ui'
[2019-10-09 09:12:49,773] [INFO ] [main] [controller.isAlive] Starting isAlive service monitoring 0 urls
[2019-10-09 09:12:50,126] [INFO ] [main] [org.apache.tiles.access.TilesAccess] Publishing TilesContext for context: org.springframework.web.servlet.view.tiles3.SpringWildcardServletTilesApplicationContext
[2019-10-09 09:12:50,616] [INFO ] [main] [org.eclipse.jetty.server.handler.ContextHandler] Started o.e.j.w.WebAppContext@40f35e52{/mashup-ui,file:///busapps/dpmu/gbl0/3DSpaceIndex/linux_a64/cv/data/webapps/360-mashup-ui/,AVAILABLE,@16000}{/360-mashup-ui}
[2019-10-09 09:12:59,264] [INFO ] [shutdown-70] [org.eclipse.jetty.server.handler.ContextHandler.mashup_ui] Destroying Spring FrameworkServlet '360-search-ui'
[2019-10-09 09:12:59,266] [INFO ] [shutdown-70] [org.apache.tiles.access.TilesAccess] Removing TilesContext for context: org.springframework.web.servlet.view.tiles3.SpringWildcardServletTilesApplicationContext
[2019-10-09 09:12:59,268] [INFO ] [shutdown-70] [org.eclipse.jetty.server.handler.ContextHandler.mashup_ui] Closing Spring root WebApplicationContext
[2019-10-09 09:12:59,269] [INFO ] [shutdown-70] [com.exalead.cv360.searchui.services.UserLicenseManager] Stopping UsersChecking Thread for instance name: mu0
[2019-10-09 09:12:59,271] [INFO ] [shutdown-70] [org.eclipse.jetty.server.handler.ContextHandler] Stopped o.e.j.w.WebAppContext@40f35e52{/mashup-ui,null,UNAVAILABLE,@16000}{/360-mashup-ui}
[2019-10-09 09:13:35,508] [INFO ] [main] [org.eclipse.jetty.annotations.AnnotationConfiguration] Scanning elapsed time=786ms
[2019-10-09 09:13:35,908] [INFO ] [main] [org.eclipse.jetty.server.handler.ContextHandler.mashup_ui] No Spring WebApplicationInitializer types detected on classpath
[2019-10-09 09:13:35,912] [WARN ] [main] [org.eclipse.jetty.security.SecurityHandler] ServletContext@o.e.j.w.WebAppContext@480b57e2{/mashup-ui,file:///busapps/dpmu/gbl0/3DSpaceIndex/linux_a64/cv/data/webapps/360-mashup-ui/,STARTING,@16000}{/360-mashup-ui} has uncovered http methods for path: /
[2019-10-09 09:13:35,915] [INFO ] [main] [com.exalead.cv360.searchui.config.MashupConfigurationProvider] Service name: 360-mashup-ui.mu0 application id: default
[2019-10-09 09:13:35,917] [INFO ] [main] [mashup.context] Checking master for missing plugins for instance 360-mashup-ui.mu0 of application default...
[2019-10-09 09:13:35,982] [ERROR] [main] [mashup.context] cannot synchronize plugins: Connection refused (Connection refused)
[2019-10-09 09:13:35,989] [INFO ] [main] [plugins.deployment.local] Found 0 deployed plugins in /busapps/dpmu/gbl0/3DSpaceIndex/linux_a64/cv/data/bin/.. for instance 360-mashup-ui.mu0 of application default
[2019-10-09 09:13:35,991] [INFO ] [main] [mashup.loader] Discovering themes...
[2019-10-09 09:13:35,993] [INFO ] [main] [mashup.loader] Discovering widgets...
[2019-10-09 09:13:36,014] [INFO ] [main] [mashup.loader] Discovering layouts...
[2019-10-09 09:13:37,128] [INFO ] [main] [mashup.context] License - Users check is enabled
[2019-10-09 09:13:37,129] [INFO ] [main] [com.exalead.cv360.searchui.services.UserLicenseManager] Starting UsersChecking Thread for instance name: mu0
[2019-10-09 09:13:37,139] [INFO ] [main] [org.eclipse.jetty.server.handler.ContextHandler.mashup_ui] Initializing Spring root WebApplicationContext
[2019-10-09 09:13:39,249] [INFO ] [main] [mashup.loader] Discovering available triggers...
[2019-10-09 09:13:39,303] [INFO ] [main] [mashup.loader] Discovering security providers...
[2019-10-09 09:13:39,303] [INFO ] [main] [mashup.loader] Discovering controllers...
[2019-10-09 09:13:39,306] [INFO ] [main] [mashup.loader] Discovering JSP tags...
[2019-10-09 09:13:39,307] [INFO ] [main] [mel.loader] Discovering user defined MEL...
[2019-10-09 09:13:39,325] [INFO ] [main] [org.eclipse.jetty.server.handler.ContextHandler.mashup_ui] Initializing Spring FrameworkServlet '360-search-ui'
[2019-10-09 09:13:40,131] [INFO ] [main] [controller.isAlive] Starting isAlive service monitoring 0 urls
[2019-10-09 09:13:40,709] [INFO ] [main] [org.apache.tiles.access.TilesAccess] Publishing TilesContext for context: org.springframework.web.servlet.view.tiles3.SpringWildcardServletTilesApplicationContext
[2019-10-09 09:13:41,169] [INFO ] [main] [org.eclipse.jetty.server.handler.ContextHandler] Started o.e.j.w.WebAppContext@480b57e2{/mashup-ui,file:///busapps/dpmu/gbl0/3DSpaceIndex/linux_a64/cv/data/webapps/360-mashup-ui/,AVAILABLE,@16000}{/360-mashup-ui}
[2019-10-09 10:04:52,768] [INFO ] [shutdown-198] [org.eclipse.jetty.server.handler.ContextHandler.mashup_ui] Destroying Spring FrameworkServlet '360-search-ui'
[2019-10-09 10:04:52,777] [INFO ] [shutdown-198] [org.apache.tiles.access.TilesAccess] Removing TilesContext for context: org.springframework.web.servlet.view.tiles3.SpringWildcardServletTilesApplicationContext
[2019-10-09 10:04:52,778] [INFO ] [shutdown-198] [org.eclipse.jetty.server.handler.ContextHandler.mashup_ui] Closing Spring root WebApplicationContext
[2019-10-09 10:04:52,779] [INFO ] [shutdown-198] [com.exalead.cv360.searchui.services.UserLicenseManager] Stopping UsersChecking Thread for instance name: mu0
[2019-10-09 10:04:52,780] [INFO ] [shutdown-198] [org.eclipse.jetty.server.handler.ContextHandler] Stopped o.e.j.w.WebAppContext@480b57e2{/mashup-ui,null,UNAVAILABLE,@16000}{/360-mashup-ui}
[2019-10-09 10:07:25,579] [INFO ] [main] [org.eclipse.jetty.annotations.AnnotationConfiguration] Scanning elapsed time=693ms
[2019-10-09 10:07:25,983] [INFO ] [main] [org.eclipse.jetty.server.handler.ContextHandler.mashup_ui] No Spring WebApplicationInitializer types detected on classpath
[2019-10-09 10:07:25,990] [WARN ] [main] [org.eclipse.jetty.security.SecurityHandler] ServletContext@o.e.j.w.WebAppContext@480b57e2{/mashup-ui,file:///busdata/dpmu/gbl0/data/cv/webapps/360-mashup-ui/,STARTING,@16000}{/360-mashup-ui} has uncovered http methods for path: /
[2019-10-09 10:07:25,995] [INFO ] [main] [com.exalead.cv360.searchui.config.MashupConfigurationProvider] Service name: 360-mashup-ui.mu0 application id: default
[2019-10-09 10:07:25,997] [INFO ] [main] [mashup.context] Checking master for missing plugins for instance 360-mashup-ui.mu0 of application default...
[2019-10-09 10:07:26,003] [ERROR] [main] [mashup.context] cannot synchronize plugins: Connection refused (Connection refused)
[2019-10-09 10:07:26,014] [INFO ] [main] [plugins.deployment.local] Found 0 deployed plugins in /busdata/dpmu/gbl0/data/cv/bin/.. for instance 360-mashup-ui.mu0 of application default
[2019-10-09 10:07:26,015] [INFO ] [main] [mashup.loader] Discovering themes...
[2019-10-09 10:07:26,017] [INFO ] [main] [mashup.loader] Discovering widgets...
[2019-10-09 10:07:26,017] [INFO ] [main] [mashup.loader] Discovering layouts...
[2019-10-09 10:07:26,408] [INFO ] [main] [mashup.context] License - Users check is enabled
[2019-10-09 10:07:26,409] [INFO ] [main] [com.exalead.cv360.searchui.services.UserLicenseManager] Starting UsersChecking Thread for instance name: mu0
[2019-10-09 10:07:26,417] [INFO ] [main] [org.eclipse.jetty.server.handler.ContextHandler.mashup_ui] Initializing Spring root WebApplicationContext
[2019-10-09 10:07:27,424] [INFO ] [main] [com.exalead.cv360.searchui.security.MashupSecurityManager] Master is down. Exception Error while initializing MAMI manager at http://mpllnx4032.mpl.michelin.com:16011/mami/master/getAppliedVersion
[2019-10-09 10:07:27,452] [INFO ] [main] [mashup.loader] Discovering available triggers...
[2019-10-09 10:07:27,504] [INFO ] [main] [mashup.loader] Discovering security providers...
[2019-10-09 10:07:27,504] [INFO ] [main] [mashup.loader] Discovering controllers...
[2019-10-09 10:07:27,507] [INFO ] [main] [mashup.loader] Discovering JSP tags...
[2019-10-09 10:07:27,509] [INFO ] [main] [mel.loader] Discovering user defined MEL...
[2019-10-09 10:07:27,522] [INFO ] [main] [org.eclipse.jetty.server.handler.ContextHandler.mashup_ui] Initializing Spring FrameworkServlet '360-search-ui'
[2019-10-09 10:07:28,156] [INFO ] [main] [controller.isAlive] Starting isAlive service monitoring 0 urls
[2019-10-09 10:07:28,639] [INFO ] [main] [org.apache.tiles.access.TilesAccess] Publishing TilesContext for context: org.springframework.web.servlet.view.tiles3.SpringWildcardServletTilesApplicationContext
[2019-10-09 10:07:29,038] [INFO ] [main] [org.eclipse.jetty.server.handler.ContextHandler] Started o.e.j.w.WebAppContext@480b57e2{/mashup-ui,file:///busdata/dpmu/gbl0/data/cv/webapps/360-mashup-ui/,AVAILABLE,@16000}{/360-mashup-ui}
[2019-10-09 11:26:13,111] [INFO ] [163015520@jtp-searchui-0] [access.loader] Discovering available feeds...
[2019-10-09 11:26:13,119] [INFO ] [163015520@jtp-searchui-0] [access.loader] Discovering available triggers...
[2019-10-09 11:26:13,120] [INFO ] [163015520@jtp-searchui-0] [mel.loader] Discovering user defined MEL...
[2019-10-09 11:26:13,125] [INFO ] [163015520@jtp-searchui-0] [access.loader] Discovering available serializers...
[2019-10-09 11:26:13,134] [INFO ] [163015520@jtp-searchui-0] [mashup.loader] Discovering available triggers...
[2019-10-09 11:26:13,135] [INFO ] [163015520@jtp-searchui-0] [mashup.loader] Discovering security providers...
[2019-10-09 11:26:13,135] [INFO ] [163015520@jtp-searchui-0] [mashup.loader] Discovering controllers...
[2019-10-09 11:26:13,135] [INFO ] [163015520@jtp-searchui-0] [mashup.loader] Discovering JSP tags...
[2019-10-09 11:26:13,135] [INFO ] [163015520@jtp-searchui-0] [mel.loader] Discovering user defined MEL...
[2019-10-09 11:26:13,135] [INFO ] [163015520@jtp-searchui-0] [controller.isAlive] Received config update notification, restarting isAlive service
[2019-10-09 11:26:13,136] [INFO ] [163015520@jtp-searchui-0] [controller.isAlive] Stopping previous isAlive service
[2019-10-09 11:26:13,139] [INFO ] [163015520@jtp-searchui-0] [controller.isAlive] Starting isAlive service monitoring 0 urls
[2019-10-09 11:27:37,038] [INFO ] [1732005742@jtp-searchui-4] [access.loader] Discovering available feeds...
[2019-10-09 11:27:37,047] [INFO ] [1732005742@jtp-searchui-4] [access.loader] Discovering available triggers...
[2019-10-09 11:27:37,049] [INFO ] [1732005742@jtp-searchui-4] [mel.loader] Discovering user defined MEL...
[2019-10-09 11:27:37,056] [INFO ] [1732005742@jtp-searchui-4] [access.loader] Discovering available serializers...
[2019-10-09 11:27:37,064] [INFO ] [1732005742@jtp-searchui-4] [mashup.loader] Discovering available triggers...
[2019-10-09 11:27:37,064] [INFO ] [1732005742@jtp-searchui-4] [mashup.loader] Discovering security providers...
[2019-10-09 11:27:37,064] [INFO ] [1732005742@jtp-searchui-4] [mashup.loader] Discovering controllers...
[2019-10-09 11:27:37,064] [INFO ] [1732005742@jtp-searchui-4] [mashup.loader] Discovering JSP tags...
[2019-10-09 11:27:37,065] [INFO ] [1732005742@jtp-searchui-4] [mel.loader] Discovering user defined MEL...
[2019-10-09 11:27:37,065] [INFO ] [1732005742@jtp-searchui-4] [controller.isAlive] Received config update notification, restarting isAlive service
[2019-10-09 11:27:37,065] [INFO ] [1732005742@jtp-searchui-4] [controller.isAlive] Stopping previous isAlive service
[2019-10-09 11:27:37,068] [INFO ] [1732005742@jtp-searchui-4] [controller.isAlive] Starting isAlive service monitoring 0 urls
