[2019-10-08 16:54:40,971] [INFO ] [main] [org.eclipse.jetty.annotations.AnnotationConfiguration] Scanning elapsed time=802ms
[2019-10-08 16:54:41,047] [INFO ] [main] [org.eclipse.jetty.server.handler.ContextHandler.mashup_ui] No Spring WebApplicationInitializer types detected on classpath
[2019-10-08 16:54:41,438] [WARN ] [main] [org.eclipse.jetty.security.SecurityHandler] ServletContext@o.e.j.w.WebAppContext@4beabeec{/mashup-ui,file:///busapps/dpmu/gbl0/3DSpaceIndex/linux_a64/cv/data/webapps/360-mashup-ui/,STARTING,@16000}{/360-mashup-ui} has uncovered http methods for path: /
[2019-10-08 16:54:41,441] [INFO ] [main] [com.exalead.cv360.searchui.config.MashupConfigurationProvider] Service name: 360-mashup-ui.mu0 application id: default
[2019-10-08 16:54:41,445] [INFO ] [main] [mashup.context] Checking master for missing plugins for instance 360-mashup-ui.mu0 of application default...
[2019-10-08 16:54:41,447] [ERROR] [main] [mashup.context] cannot synchronize plugins: Connection refused (Connection refused)
[2019-10-08 16:54:41,449] [INFO ] [main] [plugins.deployment.local] Found 0 deployed plugins in /busapps/dpmu/gbl0/3DSpaceIndex/linux_a64/cv/data/bin/.. for instance 360-mashup-ui.mu0 of application default
[2019-10-08 16:54:41,450] [INFO ] [main] [mashup.loader] Discovering themes...
[2019-10-08 16:54:41,452] [INFO ] [main] [mashup.loader] Discovering widgets...
[2019-10-08 16:54:41,452] [INFO ] [main] [mashup.loader] Discovering layouts...
[2019-10-08 16:54:42,440] [INFO ] [main] [mashup.context] License - Users check is enabled
[2019-10-08 16:54:42,441] [INFO ] [main] [com.exalead.cv360.searchui.services.UserLicenseManager] Starting UsersChecking Thread for instance name: mu0
[2019-10-08 16:54:42,502] [INFO ] [main] [org.eclipse.jetty.server.handler.ContextHandler.mashup_ui] Initializing Spring root WebApplicationContext
[2019-10-08 16:54:42,963] [INFO ] [main] [mashup.loader] Discovering available triggers...
[2019-10-08 16:54:42,997] [INFO ] [main] [mashup.loader] Discovering security providers...
[2019-10-08 16:54:42,997] [INFO ] [main] [mashup.loader] Discovering controllers...
[2019-10-08 16:54:43,000] [INFO ] [main] [mashup.loader] Discovering JSP tags...
[2019-10-08 16:54:43,003] [INFO ] [main] [mel.loader] Discovering user defined MEL...
[2019-10-08 16:54:43,017] [INFO ] [main] [org.eclipse.jetty.server.handler.ContextHandler.mashup_ui] Initializing Spring FrameworkServlet '360-search-ui'
[2019-10-08 16:54:43,913] [INFO ] [main] [controller.isAlive] Starting isAlive service monitoring 0 urls
[2019-10-08 16:54:44,507] [INFO ] [main] [org.apache.tiles.access.TilesAccess] Publishing TilesContext for context: org.springframework.web.servlet.view.tiles3.SpringWildcardServletTilesApplicationContext
[2019-10-08 16:54:44,909] [INFO ] [main] [org.eclipse.jetty.server.handler.ContextHandler] Started o.e.j.w.WebAppContext@4beabeec{/mashup-ui,file:///busapps/dpmu/gbl0/3DSpaceIndex/linux_a64/cv/data/webapps/360-mashup-ui/,AVAILABLE,@16000}{/360-mashup-ui}
[2019-10-08 16:54:59,239] [INFO ] [shutdown-68] [org.eclipse.jetty.server.handler.ContextHandler.mashup_ui] Destroying Spring FrameworkServlet '360-search-ui'
[2019-10-08 16:54:59,264] [INFO ] [shutdown-68] [org.apache.tiles.access.TilesAccess] Removing TilesContext for context: org.springframework.web.servlet.view.tiles3.SpringWildcardServletTilesApplicationContext
[2019-10-08 16:54:59,266] [INFO ] [shutdown-68] [org.eclipse.jetty.server.handler.ContextHandler.mashup_ui] Closing Spring root WebApplicationContext
[2019-10-08 16:54:59,267] [INFO ] [shutdown-68] [com.exalead.cv360.searchui.services.UserLicenseManager] Stopping UsersChecking Thread for instance name: mu0
[2019-10-08 16:54:59,268] [INFO ] [shutdown-68] [org.eclipse.jetty.server.handler.ContextHandler] Stopped o.e.j.w.WebAppContext@4beabeec{/mashup-ui,null,UNAVAILABLE,@16000}{/360-mashup-ui}
[2019-10-08 16:55:23,035] [INFO ] [main] [org.eclipse.jetty.annotations.AnnotationConfiguration] Scanning elapsed time=754ms
[2019-10-08 16:55:23,097] [INFO ] [main] [org.eclipse.jetty.server.handler.ContextHandler.mashup_ui] No Spring WebApplicationInitializer types detected on classpath
[2019-10-08 16:55:23,537] [WARN ] [main] [org.eclipse.jetty.security.SecurityHandler] ServletContext@o.e.j.w.WebAppContext@65a48602{/mashup-ui,file:///busapps/dpmu/gbl0/3DSpaceIndex/linux_a64/cv/data/webapps/360-mashup-ui/,STARTING,@16000}{/360-mashup-ui} has uncovered http methods for path: /
[2019-10-08 16:55:23,541] [INFO ] [main] [com.exalead.cv360.searchui.config.MashupConfigurationProvider] Service name: 360-mashup-ui.mu0 application id: default
[2019-10-08 16:55:23,542] [INFO ] [main] [mashup.context] Checking master for missing plugins for instance 360-mashup-ui.mu0 of application default...
[2019-10-08 16:55:23,548] [ERROR] [main] [mashup.context] cannot synchronize plugins: Connection refused (Connection refused)
[2019-10-08 16:55:23,555] [INFO ] [main] [plugins.deployment.local] Found 0 deployed plugins in /busapps/dpmu/gbl0/3DSpaceIndex/linux_a64/cv/data/bin/.. for instance 360-mashup-ui.mu0 of application default
[2019-10-08 16:55:23,557] [INFO ] [main] [mashup.loader] Discovering themes...
[2019-10-08 16:55:23,577] [INFO ] [main] [mashup.loader] Discovering widgets...
[2019-10-08 16:55:23,578] [INFO ] [main] [mashup.loader] Discovering layouts...
[2019-10-08 16:55:24,606] [INFO ] [main] [mashup.context] License - Users check is enabled
[2019-10-08 16:55:24,607] [INFO ] [main] [com.exalead.cv360.searchui.services.UserLicenseManager] Starting UsersChecking Thread for instance name: mu0
[2019-10-08 16:55:24,662] [INFO ] [main] [org.eclipse.jetty.server.handler.ContextHandler.mashup_ui] Initializing Spring root WebApplicationContext
[2019-10-08 16:55:25,067] [INFO ] [main] [mashup.loader] Discovering available triggers...
[2019-10-08 16:55:25,093] [INFO ] [main] [mashup.loader] Discovering security providers...
[2019-10-08 16:55:25,093] [INFO ] [main] [mashup.loader] Discovering controllers...
[2019-10-08 16:55:25,096] [INFO ] [main] [mashup.loader] Discovering JSP tags...
[2019-10-08 16:55:25,097] [INFO ] [main] [mel.loader] Discovering user defined MEL...
[2019-10-08 16:55:25,110] [INFO ] [main] [org.eclipse.jetty.server.handler.ContextHandler.mashup_ui] Initializing Spring FrameworkServlet '360-search-ui'
[2019-10-08 16:55:25,672] [INFO ] [main] [controller.isAlive] Starting isAlive service monitoring 0 urls
[2019-10-08 16:55:26,143] [INFO ] [main] [org.apache.tiles.access.TilesAccess] Publishing TilesContext for context: org.springframework.web.servlet.view.tiles3.SpringWildcardServletTilesApplicationContext
[2019-10-08 16:55:26,735] [INFO ] [main] [org.eclipse.jetty.server.handler.ContextHandler] Started o.e.j.w.WebAppContext@65a48602{/mashup-ui,file:///busapps/dpmu/gbl0/3DSpaceIndex/linux_a64/cv/data/webapps/360-mashup-ui/,AVAILABLE,@16000}{/360-mashup-ui}
[2019-10-08 16:55:34,015] [INFO ] [shutdown-64] [org.eclipse.jetty.server.handler.ContextHandler.mashup_ui] Destroying Spring FrameworkServlet '360-search-ui'
[2019-10-08 16:55:34,018] [INFO ] [shutdown-64] [org.apache.tiles.access.TilesAccess] Removing TilesContext for context: org.springframework.web.servlet.view.tiles3.SpringWildcardServletTilesApplicationContext
[2019-10-08 16:55:34,020] [INFO ] [shutdown-64] [org.eclipse.jetty.server.handler.ContextHandler.mashup_ui] Closing Spring root WebApplicationContext
[2019-10-08 16:55:34,021] [INFO ] [shutdown-64] [com.exalead.cv360.searchui.services.UserLicenseManager] Stopping UsersChecking Thread for instance name: mu0
[2019-10-08 16:55:34,023] [INFO ] [shutdown-64] [org.eclipse.jetty.server.handler.ContextHandler] Stopped o.e.j.w.WebAppContext@65a48602{/mashup-ui,null,UNAVAILABLE,@16000}{/360-mashup-ui}
[2019-10-08 16:55:57,958] [INFO ] [main] [org.eclipse.jetty.annotations.AnnotationConfiguration] Scanning elapsed time=1181ms
[2019-10-08 16:55:58,000] [INFO ] [main] [org.eclipse.jetty.server.handler.ContextHandler.mashup_ui] No Spring WebApplicationInitializer types detected on classpath
[2019-10-08 16:55:58,470] [WARN ] [main] [org.eclipse.jetty.security.SecurityHandler] ServletContext@o.e.j.w.WebAppContext@336206d8{/mashup-ui,file:///busapps/dpmu/gbl0/3DSpaceIndex/linux_a64/cv/data/webapps/360-mashup-ui/,STARTING,@16000}{/360-mashup-ui} has uncovered http methods for path: /
[2019-10-08 16:55:58,473] [INFO ] [main] [com.exalead.cv360.searchui.config.MashupConfigurationProvider] Service name: 360-mashup-ui.mu0 application id: default
[2019-10-08 16:55:58,475] [INFO ] [main] [mashup.context] Checking master for missing plugins for instance 360-mashup-ui.mu0 of application default...
[2019-10-08 16:55:58,499] [ERROR] [main] [mashup.context] cannot synchronize plugins: Connection refused (Connection refused)
[2019-10-08 16:55:58,505] [INFO ] [main] [plugins.deployment.local] Found 0 deployed plugins in /busapps/dpmu/gbl0/3DSpaceIndex/linux_a64/cv/data/bin/.. for instance 360-mashup-ui.mu0 of application default
[2019-10-08 16:55:58,507] [INFO ] [main] [mashup.loader] Discovering themes...
[2019-10-08 16:55:58,508] [INFO ] [main] [mashup.loader] Discovering widgets...
[2019-10-08 16:55:58,508] [INFO ] [main] [mashup.loader] Discovering layouts...
[2019-10-08 16:55:59,194] [INFO ] [main] [mashup.context] License - Users check is enabled
[2019-10-08 16:55:59,195] [INFO ] [main] [com.exalead.cv360.searchui.services.UserLicenseManager] Starting UsersChecking Thread for instance name: mu0
[2019-10-08 16:55:59,239] [INFO ] [main] [org.eclipse.jetty.server.handler.ContextHandler.mashup_ui] Initializing Spring root WebApplicationContext
[2019-10-08 16:55:59,853] [INFO ] [main] [mashup.loader] Discovering available triggers...
[2019-10-08 16:55:59,875] [INFO ] [main] [mashup.loader] Discovering security providers...
[2019-10-08 16:55:59,875] [INFO ] [main] [mashup.loader] Discovering controllers...
[2019-10-08 16:55:59,878] [INFO ] [main] [mashup.loader] Discovering JSP tags...
[2019-10-08 16:55:59,879] [INFO ] [main] [mel.loader] Discovering user defined MEL...
[2019-10-08 16:55:59,892] [INFO ] [main] [org.eclipse.jetty.server.handler.ContextHandler.mashup_ui] Initializing Spring FrameworkServlet '360-search-ui'
[2019-10-08 16:56:00,492] [INFO ] [main] [controller.isAlive] Starting isAlive service monitoring 0 urls
[2019-10-08 16:56:00,890] [INFO ] [main] [org.apache.tiles.access.TilesAccess] Publishing TilesContext for context: org.springframework.web.servlet.view.tiles3.SpringWildcardServletTilesApplicationContext
[2019-10-08 16:56:01,307] [INFO ] [main] [org.eclipse.jetty.server.handler.ContextHandler] Started o.e.j.w.WebAppContext@336206d8{/mashup-ui,file:///busapps/dpmu/gbl0/3DSpaceIndex/linux_a64/cv/data/webapps/360-mashup-ui/,AVAILABLE,@16000}{/360-mashup-ui}
[2019-10-08 16:56:55,316] [INFO ] [shutdown-73] [org.eclipse.jetty.server.handler.ContextHandler.mashup_ui] Destroying Spring FrameworkServlet '360-search-ui'
[2019-10-08 16:56:55,323] [INFO ] [shutdown-73] [org.apache.tiles.access.TilesAccess] Removing TilesContext for context: org.springframework.web.servlet.view.tiles3.SpringWildcardServletTilesApplicationContext
[2019-10-08 16:56:55,324] [INFO ] [shutdown-73] [org.eclipse.jetty.server.handler.ContextHandler.mashup_ui] Closing Spring root WebApplicationContext
[2019-10-08 16:56:55,334] [INFO ] [shutdown-73] [com.exalead.cv360.searchui.services.UserLicenseManager] Stopping UsersChecking Thread for instance name: mu0
[2019-10-08 16:56:55,335] [INFO ] [shutdown-73] [org.eclipse.jetty.server.handler.ContextHandler] Stopped o.e.j.w.WebAppContext@336206d8{/mashup-ui,null,UNAVAILABLE,@16000}{/360-mashup-ui}
[2019-10-08 16:57:19,763] [INFO ] [main] [org.eclipse.jetty.annotations.AnnotationConfiguration] Scanning elapsed time=1617ms
[2019-10-08 16:57:20,246] [INFO ] [main] [org.eclipse.jetty.server.handler.ContextHandler.mashup_ui] No Spring WebApplicationInitializer types detected on classpath
[2019-10-08 16:57:20,250] [WARN ] [main] [org.eclipse.jetty.security.SecurityHandler] ServletContext@o.e.j.w.WebAppContext@302edb74{/mashup-ui,file:///busapps/dpmu/gbl0/3DSpaceIndex/linux_a64/cv/data/webapps/360-mashup-ui/,STARTING,@16000}{/360-mashup-ui} has uncovered http methods for path: /
[2019-10-08 16:57:20,254] [INFO ] [main] [com.exalead.cv360.searchui.config.MashupConfigurationProvider] Service name: 360-mashup-ui.mu0 application id: default
[2019-10-08 16:57:20,256] [INFO ] [main] [mashup.context] Checking master for missing plugins for instance 360-mashup-ui.mu0 of application default...
[2019-10-08 16:57:20,269] [ERROR] [main] [mashup.context] cannot synchronize plugins: Connection refused (Connection refused)
[2019-10-08 16:57:20,279] [INFO ] [main] [plugins.deployment.local] Found 0 deployed plugins in /busapps/dpmu/gbl0/3DSpaceIndex/linux_a64/cv/data/bin/.. for instance 360-mashup-ui.mu0 of application default
[2019-10-08 16:57:20,292] [INFO ] [main] [mashup.loader] Discovering themes...
[2019-10-08 16:57:20,294] [INFO ] [main] [mashup.loader] Discovering widgets...
[2019-10-08 16:57:20,294] [INFO ] [main] [mashup.loader] Discovering layouts...
[2019-10-08 16:57:20,930] [INFO ] [main] [mashup.context] License - Users check is enabled
[2019-10-08 16:57:20,932] [INFO ] [main] [com.exalead.cv360.searchui.services.UserLicenseManager] Starting UsersChecking Thread for instance name: mu0
[2019-10-08 16:57:21,005] [INFO ] [main] [org.eclipse.jetty.server.handler.ContextHandler.mashup_ui] Initializing Spring root WebApplicationContext
[2019-10-08 16:57:21,527] [INFO ] [main] [mashup.loader] Discovering available triggers...
[2019-10-08 16:57:21,552] [INFO ] [main] [mashup.loader] Discovering security providers...
[2019-10-08 16:57:21,552] [INFO ] [main] [mashup.loader] Discovering controllers...
[2019-10-08 16:57:21,555] [INFO ] [main] [mashup.loader] Discovering JSP tags...
[2019-10-08 16:57:21,557] [INFO ] [main] [mel.loader] Discovering user defined MEL...
[2019-10-08 16:57:21,573] [INFO ] [main] [org.eclipse.jetty.server.handler.ContextHandler.mashup_ui] Initializing Spring FrameworkServlet '360-search-ui'
[2019-10-08 16:57:22,452] [INFO ] [main] [controller.isAlive] Starting isAlive service monitoring 0 urls
[2019-10-08 16:57:22,813] [INFO ] [main] [org.apache.tiles.access.TilesAccess] Publishing TilesContext for context: org.springframework.web.servlet.view.tiles3.SpringWildcardServletTilesApplicationContext
[2019-10-08 16:57:23,341] [INFO ] [main] [org.eclipse.jetty.server.handler.ContextHandler] Started o.e.j.w.WebAppContext@302edb74{/mashup-ui,file:///busapps/dpmu/gbl0/3DSpaceIndex/linux_a64/cv/data/webapps/360-mashup-ui/,AVAILABLE,@16000}{/360-mashup-ui}
[2019-10-08 16:57:27,228] [INFO ] [shutdown-63] [org.eclipse.jetty.server.handler.ContextHandler.mashup_ui] Destroying Spring FrameworkServlet '360-search-ui'
[2019-10-08 16:57:27,232] [INFO ] [shutdown-63] [org.apache.tiles.access.TilesAccess] Removing TilesContext for context: org.springframework.web.servlet.view.tiles3.SpringWildcardServletTilesApplicationContext
[2019-10-08 16:57:27,233] [INFO ] [shutdown-63] [org.eclipse.jetty.server.handler.ContextHandler.mashup_ui] Closing Spring root WebApplicationContext
[2019-10-08 16:57:27,236] [INFO ] [shutdown-63] [com.exalead.cv360.searchui.services.UserLicenseManager] Stopping UsersChecking Thread for instance name: mu0
[2019-10-08 16:57:27,238] [INFO ] [shutdown-63] [org.eclipse.jetty.server.handler.ContextHandler] Stopped o.e.j.w.WebAppContext@302edb74{/mashup-ui,null,UNAVAILABLE,@16000}{/360-mashup-ui}
[2019-10-08 16:58:24,666] [INFO ] [main] [org.eclipse.jetty.annotations.AnnotationConfiguration] Scanning elapsed time=1328ms
[2019-10-08 16:58:24,725] [INFO ] [main] [org.eclipse.jetty.server.handler.ContextHandler.mashup_ui] No Spring WebApplicationInitializer types detected on classpath
[2019-10-08 16:58:25,101] [WARN ] [main] [org.eclipse.jetty.security.SecurityHandler] ServletContext@o.e.j.w.WebAppContext@336206d8{/mashup-ui,file:///busapps/dpmu/gbl0/3DSpaceIndex/linux_a64/cv/data/webapps/360-mashup-ui/,STARTING,@16000}{/360-mashup-ui} has uncovered http methods for path: /
[2019-10-08 16:58:25,105] [INFO ] [main] [com.exalead.cv360.searchui.config.MashupConfigurationProvider] Service name: 360-mashup-ui.mu0 application id: default
[2019-10-08 16:58:25,118] [INFO ] [main] [mashup.context] Checking master for missing plugins for instance 360-mashup-ui.mu0 of application default...
[2019-10-08 16:58:25,122] [ERROR] [main] [mashup.context] cannot synchronize plugins: Connection refused (Connection refused)
[2019-10-08 16:58:25,129] [INFO ] [main] [plugins.deployment.local] Found 0 deployed plugins in /busapps/dpmu/gbl0/3DSpaceIndex/linux_a64/cv/data/bin/.. for instance 360-mashup-ui.mu0 of application default
[2019-10-08 16:58:25,130] [INFO ] [main] [mashup.loader] Discovering themes...
[2019-10-08 16:58:25,131] [INFO ] [main] [mashup.loader] Discovering widgets...
[2019-10-08 16:58:25,132] [INFO ] [main] [mashup.loader] Discovering layouts...
[2019-10-08 16:58:25,756] [INFO ] [main] [mashup.context] License - Users check is enabled
[2019-10-08 16:58:25,759] [INFO ] [main] [com.exalead.cv360.searchui.services.UserLicenseManager] Starting UsersChecking Thread for instance name: mu0
[2019-10-08 16:58:25,768] [INFO ] [main] [org.eclipse.jetty.server.handler.ContextHandler.mashup_ui] Initializing Spring root WebApplicationContext
[2019-10-08 16:58:26,372] [INFO ] [main] [mashup.loader] Discovering available triggers...
[2019-10-08 16:58:26,410] [INFO ] [main] [mashup.loader] Discovering security providers...
[2019-10-08 16:58:26,410] [INFO ] [main] [mashup.loader] Discovering controllers...
[2019-10-08 16:58:26,413] [INFO ] [main] [mashup.loader] Discovering JSP tags...
[2019-10-08 16:58:26,415] [INFO ] [main] [mel.loader] Discovering user defined MEL...
[2019-10-08 16:58:26,441] [INFO ] [main] [org.eclipse.jetty.server.handler.ContextHandler.mashup_ui] Initializing Spring FrameworkServlet '360-search-ui'
[2019-10-08 16:58:27,300] [INFO ] [main] [controller.isAlive] Starting isAlive service monitoring 0 urls
[2019-10-08 16:58:27,839] [INFO ] [main] [org.apache.tiles.access.TilesAccess] Publishing TilesContext for context: org.springframework.web.servlet.view.tiles3.SpringWildcardServletTilesApplicationContext
[2019-10-08 16:58:28,454] [INFO ] [main] [org.eclipse.jetty.server.handler.ContextHandler] Started o.e.j.w.WebAppContext@336206d8{/mashup-ui,file:///busapps/dpmu/gbl0/3DSpaceIndex/linux_a64/cv/data/webapps/360-mashup-ui/,AVAILABLE,@16000}{/360-mashup-ui}
[2019-10-08 16:58:34,926] [INFO ] [shutdown-66] [org.eclipse.jetty.server.handler.ContextHandler.mashup_ui] Destroying Spring FrameworkServlet '360-search-ui'
[2019-10-08 16:58:34,928] [INFO ] [shutdown-66] [org.apache.tiles.access.TilesAccess] Removing TilesContext for context: org.springframework.web.servlet.view.tiles3.SpringWildcardServletTilesApplicationContext
[2019-10-08 16:58:34,929] [INFO ] [shutdown-66] [org.eclipse.jetty.server.handler.ContextHandler.mashup_ui] Closing Spring root WebApplicationContext
[2019-10-08 16:58:34,931] [INFO ] [shutdown-66] [com.exalead.cv360.searchui.services.UserLicenseManager] Stopping UsersChecking Thread for instance name: mu0
[2019-10-08 16:58:34,932] [INFO ] [shutdown-66] [org.eclipse.jetty.server.handler.ContextHandler] Stopped o.e.j.w.WebAppContext@336206d8{/mashup-ui,null,UNAVAILABLE,@16000}{/360-mashup-ui}
[2019-10-08 16:59:09,511] [INFO ] [main] [org.eclipse.jetty.annotations.AnnotationConfiguration] Scanning elapsed time=919ms
[2019-10-08 16:59:10,101] [INFO ] [main] [org.eclipse.jetty.server.handler.ContextHandler.mashup_ui] No Spring WebApplicationInitializer types detected on classpath
[2019-10-08 16:59:10,139] [WARN ] [main] [org.eclipse.jetty.security.SecurityHandler] ServletContext@o.e.j.w.WebAppContext@5ec4ff02{/mashup-ui,file:///busapps/dpmu/gbl0/3DSpaceIndex/linux_a64/cv/data/webapps/360-mashup-ui/,STARTING,@16000}{/360-mashup-ui} has uncovered http methods for path: /
[2019-10-08 16:59:10,142] [INFO ] [main] [com.exalead.cv360.searchui.config.MashupConfigurationProvider] Service name: 360-mashup-ui.mu0 application id: default
[2019-10-08 16:59:10,144] [INFO ] [main] [mashup.context] Checking master for missing plugins for instance 360-mashup-ui.mu0 of application default...
[2019-10-08 16:59:10,159] [ERROR] [main] [mashup.context] cannot synchronize plugins: Connection refused (Connection refused)
[2019-10-08 16:59:10,166] [INFO ] [main] [plugins.deployment.local] Found 0 deployed plugins in /busapps/dpmu/gbl0/3DSpaceIndex/linux_a64/cv/data/bin/.. for instance 360-mashup-ui.mu0 of application default
[2019-10-08 16:59:10,167] [INFO ] [main] [mashup.loader] Discovering themes...
[2019-10-08 16:59:10,168] [INFO ] [main] [mashup.loader] Discovering widgets...
[2019-10-08 16:59:10,168] [INFO ] [main] [mashup.loader] Discovering layouts...
[2019-10-08 16:59:10,544] [INFO ] [main] [mashup.context] License - Users check is enabled
[2019-10-08 16:59:10,545] [INFO ] [main] [com.exalead.cv360.searchui.services.UserLicenseManager] Starting UsersChecking Thread for instance name: mu0
[2019-10-08 16:59:10,560] [INFO ] [main] [org.eclipse.jetty.server.handler.ContextHandler.mashup_ui] Initializing Spring root WebApplicationContext
[2019-10-08 16:59:11,169] [INFO ] [main] [mashup.loader] Discovering available triggers...
[2019-10-08 16:59:11,195] [INFO ] [main] [mashup.loader] Discovering security providers...
[2019-10-08 16:59:11,195] [INFO ] [main] [mashup.loader] Discovering controllers...
[2019-10-08 16:59:11,198] [INFO ] [main] [mashup.loader] Discovering JSP tags...
[2019-10-08 16:59:11,200] [INFO ] [main] [mel.loader] Discovering user defined MEL...
[2019-10-08 16:59:11,237] [INFO ] [main] [org.eclipse.jetty.server.handler.ContextHandler.mashup_ui] Initializing Spring FrameworkServlet '360-search-ui'
[2019-10-08 16:59:12,305] [INFO ] [main] [controller.isAlive] Starting isAlive service monitoring 0 urls
[2019-10-08 16:59:13,103] [INFO ] [main] [org.apache.tiles.access.TilesAccess] Publishing TilesContext for context: org.springframework.web.servlet.view.tiles3.SpringWildcardServletTilesApplicationContext
[2019-10-08 16:59:13,661] [INFO ] [main] [org.eclipse.jetty.server.handler.ContextHandler] Started o.e.j.w.WebAppContext@5ec4ff02{/mashup-ui,file:///busapps/dpmu/gbl0/3DSpaceIndex/linux_a64/cv/data/webapps/360-mashup-ui/,AVAILABLE,@16000}{/360-mashup-ui}
[2019-10-08 16:59:22,664] [INFO ] [shutdown-67] [org.eclipse.jetty.server.handler.ContextHandler.mashup_ui] Destroying Spring FrameworkServlet '360-search-ui'
[2019-10-08 16:59:22,669] [INFO ] [shutdown-67] [org.apache.tiles.access.TilesAccess] Removing TilesContext for context: org.springframework.web.servlet.view.tiles3.SpringWildcardServletTilesApplicationContext
[2019-10-08 16:59:22,670] [INFO ] [shutdown-67] [org.eclipse.jetty.server.handler.ContextHandler.mashup_ui] Closing Spring root WebApplicationContext
[2019-10-08 16:59:22,672] [INFO ] [shutdown-67] [com.exalead.cv360.searchui.services.UserLicenseManager] Stopping UsersChecking Thread for instance name: mu0
[2019-10-08 16:59:22,673] [INFO ] [shutdown-67] [org.eclipse.jetty.server.handler.ContextHandler] Stopped o.e.j.w.WebAppContext@5ec4ff02{/mashup-ui,null,UNAVAILABLE,@16000}{/360-mashup-ui}
[2019-10-08 16:59:54,381] [INFO ] [main] [org.eclipse.jetty.annotations.AnnotationConfiguration] Scanning elapsed time=1349ms
[2019-10-08 16:59:54,821] [INFO ] [main] [org.eclipse.jetty.server.handler.ContextHandler.mashup_ui] No Spring WebApplicationInitializer types detected on classpath
[2019-10-08 16:59:54,825] [WARN ] [main] [org.eclipse.jetty.security.SecurityHandler] ServletContext@o.e.j.w.WebAppContext@5ec4ff02{/mashup-ui,file:///busapps/dpmu/gbl0/3DSpaceIndex/linux_a64/cv/data/webapps/360-mashup-ui/,STARTING,@16000}{/360-mashup-ui} has uncovered http methods for path: /
[2019-10-08 16:59:54,835] [INFO ] [main] [com.exalead.cv360.searchui.config.MashupConfigurationProvider] Service name: 360-mashup-ui.mu0 application id: default
[2019-10-08 16:59:54,836] [INFO ] [main] [mashup.context] Checking master for missing plugins for instance 360-mashup-ui.mu0 of application default...
[2019-10-08 16:59:54,840] [ERROR] [main] [mashup.context] cannot synchronize plugins: Connection refused (Connection refused)
[2019-10-08 16:59:54,846] [INFO ] [main] [plugins.deployment.local] Found 0 deployed plugins in /busapps/dpmu/gbl0/3DSpaceIndex/linux_a64/cv/data/bin/.. for instance 360-mashup-ui.mu0 of application default
[2019-10-08 16:59:54,848] [INFO ] [main] [mashup.loader] Discovering themes...
[2019-10-08 16:59:54,849] [INFO ] [main] [mashup.loader] Discovering widgets...
[2019-10-08 16:59:54,849] [INFO ] [main] [mashup.loader] Discovering layouts...
[2019-10-08 16:59:55,349] [INFO ] [main] [mashup.context] License - Users check is enabled
[2019-10-08 16:59:55,351] [INFO ] [main] [com.exalead.cv360.searchui.services.UserLicenseManager] Starting UsersChecking Thread for instance name: mu0
[2019-10-08 16:59:55,403] [INFO ] [main] [org.eclipse.jetty.server.handler.ContextHandler.mashup_ui] Initializing Spring root WebApplicationContext
[2019-10-08 16:59:55,860] [INFO ] [main] [mashup.loader] Discovering available triggers...
[2019-10-08 16:59:55,882] [INFO ] [main] [mashup.loader] Discovering security providers...
[2019-10-08 16:59:55,882] [INFO ] [main] [mashup.loader] Discovering controllers...
[2019-10-08 16:59:55,885] [INFO ] [main] [mashup.loader] Discovering JSP tags...
[2019-10-08 16:59:55,886] [INFO ] [main] [mel.loader] Discovering user defined MEL...
[2019-10-08 16:59:55,900] [INFO ] [main] [org.eclipse.jetty.server.handler.ContextHandler.mashup_ui] Initializing Spring FrameworkServlet '360-search-ui'
[2019-10-08 16:59:56,405] [INFO ] [main] [controller.isAlive] Starting isAlive service monitoring 0 urls
[2019-10-08 16:59:56,747] [INFO ] [main] [org.apache.tiles.access.TilesAccess] Publishing TilesContext for context: org.springframework.web.servlet.view.tiles3.SpringWildcardServletTilesApplicationContext
[2019-10-08 16:59:57,588] [INFO ] [main] [org.eclipse.jetty.server.handler.ContextHandler] Started o.e.j.w.WebAppContext@5ec4ff02{/mashup-ui,file:///busapps/dpmu/gbl0/3DSpaceIndex/linux_a64/cv/data/webapps/360-mashup-ui/,AVAILABLE,@16000}{/360-mashup-ui}
