[2019-11-04 10:27:47,359] [INFO ] [main] [org.eclipse.jetty.annotations.AnnotationConfiguration] Scanning elapsed time=1352ms
[2019-11-04 10:27:47,411] [INFO ] [main] [org.eclipse.jetty.server.handler.ContextHandler.mashup_ui] No Spring WebApplicationInitializer types detected on classpath
[2019-11-04 10:27:48,052] [WARN ] [main] [org.eclipse.jetty.security.SecurityHandler] ServletContext@o.e.j.w.WebAppContext@75b6dd5b{/mashup-ui,file:///busdata/dpmu/gbl0/data/cv/webapps/360-mashup-ui/,STARTING,@16000}{/360-mashup-ui} has uncovered http methods for path: /
[2019-11-04 10:27:48,058] [INFO ] [main] [com.exalead.cv360.searchui.config.MashupConfigurationProvider] Service name: 360-mashup-ui.mu0 application id: default
[2019-11-04 10:27:48,060] [INFO ] [main] [mashup.context] Checking master for missing plugins for instance 360-mashup-ui.mu0 of application default...
[2019-11-04 10:27:48,255] [INFO ] [main] [plugins.deployment.local] Found 0 deployed plugins in /busdata/dpmu/gbl0/data/cv/bin/.. for instance 360-mashup-ui.mu0 of application default
[2019-11-04 10:27:48,271] [INFO ] [main] [plugins.deployment.local] Found 0 deployed plugins in /busdata/dpmu/gbl0/data/cv/bin/.. for instance 360-mashup-ui.mu0 of application default
[2019-11-04 10:27:48,275] [INFO ] [main] [mashup.loader] Discovering themes...
[2019-11-04 10:27:48,279] [INFO ] [main] [mashup.loader] Discovering widgets...
[2019-11-04 10:27:48,279] [INFO ] [main] [mashup.loader] Discovering layouts...
[2019-11-04 10:27:49,408] [INFO ] [main] [mashup.context] License - Users check is enabled
[2019-11-04 10:27:49,410] [INFO ] [main] [com.exalead.cv360.searchui.services.UserLicenseManager] Starting UsersChecking Thread for instance name: mu0
[2019-11-04 10:27:49,478] [INFO ] [main] [org.eclipse.jetty.server.handler.ContextHandler.mashup_ui] Initializing Spring root WebApplicationContext
[2019-11-04 10:27:51,029] [INFO ] [main] [mashup.loader] Discovering available triggers...
[2019-11-04 10:27:51,067] [INFO ] [main] [mashup.loader] Discovering security providers...
[2019-11-04 10:27:51,067] [INFO ] [main] [mashup.loader] Discovering controllers...
[2019-11-04 10:27:51,074] [INFO ] [main] [mashup.loader] Discovering JSP tags...
[2019-11-04 10:27:51,076] [INFO ] [main] [mel.loader] Discovering user defined MEL...
[2019-11-04 10:27:51,098] [INFO ] [main] [org.eclipse.jetty.server.handler.ContextHandler.mashup_ui] Initializing Spring FrameworkServlet '360-search-ui'
[2019-11-04 10:27:52,002] [INFO ] [main] [controller.isAlive] Starting isAlive service monitoring 0 urls
[2019-11-04 10:27:53,422] [INFO ] [main] [org.apache.tiles.access.TilesAccess] Publishing TilesContext for context: org.springframework.web.servlet.view.tiles3.SpringWildcardServletTilesApplicationContext
[2019-11-04 10:27:54,101] [INFO ] [main] [org.eclipse.jetty.server.handler.ContextHandler] Started o.e.j.w.WebAppContext@75b6dd5b{/mashup-ui,file:///busdata/dpmu/gbl0/data/cv/webapps/360-mashup-ui/,AVAILABLE,@16000}{/360-mashup-ui}
